[0.436s] Invoking command in '/home/sycamore/Syca_ws/src/central_pc': PYTHONPATH=/home/sycamore/Syca_ws/install/lib/python3.8/site-packages:${PYTHONPATH} /usr/bin/python3 setup.py egg_info --egg-base ../../build/central_pc build --build-base /home/sycamore/Syca_ws/build/central_pc/build install --prefix /home/sycamore/Syca_ws/install --record /home/sycamore/Syca_ws/build/central_pc/install.log --single-version-externally-managed
[0.581s] running egg_info
[0.581s] writing ../../build/central_pc/central_pc.egg-info/PKG-INFO
[0.582s] writing dependency_links to ../../build/central_pc/central_pc.egg-info/dependency_links.txt
[0.582s] writing entry points to ../../build/central_pc/central_pc.egg-info/entry_points.txt
[0.582s] writing requirements to ../../build/central_pc/central_pc.egg-info/requires.txt
[0.582s] writing top-level names to ../../build/central_pc/central_pc.egg-info/top_level.txt
[0.603s] reading manifest file '../../build/central_pc/central_pc.egg-info/SOURCES.txt'
[0.603s] writing manifest file '../../build/central_pc/central_pc.egg-info/SOURCES.txt'
[0.603s] running build
[0.603s] running build_py
[0.604s] copying central_pc/utils.py -> /home/sycamore/Syca_ws/build/central_pc/build/lib/central_pc
[0.604s] copying central_pc/centralPC.py -> /home/sycamore/Syca_ws/build/central_pc/build/lib/central_pc
[0.604s] running install
[0.604s] running install_lib
[0.605s] copying /home/sycamore/Syca_ws/build/central_pc/build/lib/central_pc/utils.py -> /home/sycamore/Syca_ws/install/lib/python3.8/site-packages/central_pc
[0.605s] copying /home/sycamore/Syca_ws/build/central_pc/build/lib/central_pc/centralPC.py -> /home/sycamore/Syca_ws/install/lib/python3.8/site-packages/central_pc
[0.605s] byte-compiling /home/sycamore/Syca_ws/install/lib/python3.8/site-packages/central_pc/utils.py to utils.cpython-38.pyc
[0.606s] byte-compiling /home/sycamore/Syca_ws/install/lib/python3.8/site-packages/central_pc/centralPC.py to centralPC.cpython-38.pyc
[0.607s] running install_data
[0.607s] running install_egg_info
[0.608s] removing '/home/sycamore/Syca_ws/install/lib/python3.8/site-packages/central_pc-0.0.0-py3.8.egg-info' (and everything under it)
[0.608s] Copying ../../build/central_pc/central_pc.egg-info to /home/sycamore/Syca_ws/install/lib/python3.8/site-packages/central_pc-0.0.0-py3.8.egg-info
[0.609s] running install_scripts
[0.619s] Installing centralPC script to /home/sycamore/Syca_ws/install/lib/central_pc
[0.619s] writing list of installed files to '/home/sycamore/Syca_ws/build/central_pc/install.log'
[0.629s] Invoked command in '/home/sycamore/Syca_ws/src/central_pc' returned '0': PYTHONPATH=/home/sycamore/Syca_ws/install/lib/python3.8/site-packages:${PYTHONPATH} /usr/bin/python3 setup.py egg_info --egg-base ../../build/central_pc build --build-base /home/sycamore/Syca_ws/build/central_pc/build install --prefix /home/sycamore/Syca_ws/install --record /home/sycamore/Syca_ws/build/central_pc/install.log --single-version-externally-managed
