[0.413s] Invoking command in '/home/sycamore/Syca_ws/src/opti_track': PYTHONPATH=/home/sycamore/Syca_ws/install/lib/python3.8/site-packages:${PYTHONPATH} /usr/bin/python3 setup.py egg_info --egg-base ../../build/opti_track build --build-base /home/sycamore/Syca_ws/build/opti_track/build install --prefix /home/sycamore/Syca_ws/install --record /home/sycamore/Syca_ws/build/opti_track/install.log --single-version-externally-managed
[0.559s] running egg_info
[0.559s] writing ../../build/opti_track/opti_track.egg-info/PKG-INFO
[0.560s] writing dependency_links to ../../build/opti_track/opti_track.egg-info/dependency_links.txt
[0.560s] writing entry points to ../../build/opti_track/opti_track.egg-info/entry_points.txt
[0.560s] writing requirements to ../../build/opti_track/opti_track.egg-info/requires.txt
[0.560s] writing top-level names to ../../build/opti_track/opti_track.egg-info/top_level.txt
[0.581s] reading manifest file '../../build/opti_track/opti_track.egg-info/SOURCES.txt'
[0.582s] writing manifest file '../../build/opti_track/opti_track.egg-info/SOURCES.txt'
[0.582s] running build
[0.582s] running build_py
[0.582s] running install
[0.582s] running install_lib
[0.583s] running install_data
[0.583s] copying package.xml -> /home/sycamore/Syca_ws/install/share/opti_track
[0.583s] running install_egg_info
[0.584s] removing '/home/sycamore/Syca_ws/install/lib/python3.8/site-packages/opti_track-0.0.0-py3.8.egg-info' (and everything under it)
[0.584s] Copying ../../build/opti_track/opti_track.egg-info to /home/sycamore/Syca_ws/install/lib/python3.8/site-packages/opti_track-0.0.0-py3.8.egg-info
[0.585s] running install_scripts
[0.595s] Installing opti_link script to /home/sycamore/Syca_ws/install/lib/opti_track
[0.595s] writing list of installed files to '/home/sycamore/Syca_ws/build/opti_track/install.log'
[0.605s] Invoked command in '/home/sycamore/Syca_ws/src/opti_track' returned '0': PYTHONPATH=/home/sycamore/Syca_ws/install/lib/python3.8/site-packages:${PYTHONPATH} /usr/bin/python3 setup.py egg_info --egg-base ../../build/opti_track build --build-base /home/sycamore/Syca_ws/build/opti_track/build install --prefix /home/sycamore/Syca_ws/install --record /home/sycamore/Syca_ws/build/opti_track/install.log --single-version-externally-managed
