[0.000000] (-) TimerEvent: {}
[0.000075] (-) JobUnselected: {'identifier': 'basic_pub'}
[0.000095] (-) JobUnselected: {'identifier': 'jetbot_actions'}
[0.000110] (-) JobUnselected: {'identifier': 'jetbot_ros2'}
[0.000122] (-) JobUnselected: {'identifier': 'opti_track'}
[0.000133] (-) JobUnselected: {'identifier': 'py_basicsub'}
[0.000144] (-) JobUnselected: {'identifier': 'teleop'}
[0.000158] (central_pc) JobQueued: {'identifier': 'central_pc', 'dependencies': OrderedDict()}
[0.000198] (interfaces) JobQueued: {'identifier': 'interfaces', 'dependencies': OrderedDict()}
[0.000214] (central_pc) JobStarted: {'identifier': 'central_pc'}
[0.009424] (interfaces) JobStarted: {'identifier': 'interfaces'}
[0.099566] (-) TimerEvent: {}
[0.173452] (interfaces) JobProgress: {'identifier': 'interfaces', 'progress': 'cmake'}
[0.174612] (interfaces) JobProgress: {'identifier': 'interfaces', 'progress': 'build'}
[0.174646] (interfaces) Command: {'cmd': ['/usr/bin/cmake', '--build', '/home/sycamore/Syca_ws/build/interfaces', '--', '-j20', '-l20'], 'cwd': '/home/sycamore/Syca_ws/build/interfaces', 'env': OrderedDict([('GJS_DEBUG_TOPICS', 'JS ERROR;JS LOG'), ('LANGUAGE', 'en_GB:en'), ('USER', 'sycamore'), ('LC_TIME', 'en_GB.UTF-8'), ('SSH_AGENT_PID', '1922'), ('XDG_SESSION_TYPE', 'x11'), ('SHLVL', '1'), ('LD_LIBRARY_PATH', '/home/sycamore/ros2_galactic/ros2-linux/opt/yaml_cpp_vendor/lib:/home/sycamore/ros2_galactic/ros2-linux/opt/rviz_ogre_vendor/lib:/home/sycamore/ros2_galactic/ros2-linux/lib'), ('HOME', '/home/sycamore'), ('OLDPWD', '/home/sycamore'), ('DESKTOP_SESSION', 'ubuntu'), ('ROS_PYTHON_VERSION', '3'), ('GNOME_SHELL_SESSION_MODE', 'ubuntu'), ('GTK_MODULES', 'gail:atk-bridge'), ('LC_MONETARY', 'en_GB.UTF-8'), ('MANAGERPID', '1745'), ('DBUS_SESSION_BUS_ADDRESS', 'unix:path=/run/user/1000/bus'), ('COLORTERM', 'truecolor'), ('IM_CONFIG_PHASE', '1'), ('COLCON_PREFIX_PATH', '/home/sycamore/ros2_galactic/ros2-linux'), ('ROS_DISTRO', 'galactic'), ('LOGNAME', 'sycamore'), ('JOURNAL_STREAM', '8:50103'), ('_', '/usr/bin/colcon'), ('ROS_VERSION', '2'), ('PKG_CONFIG_PATH', '/home/sycamore/ros2_galactic/ros2-linux/lib/x86_64-linux-gnu/pkgconfig:/home/sycamore/ros2_galactic/ros2-linux/lib/pkgconfig'), ('XDG_SESSION_CLASS', 'user'), ('USERNAME', 'sycamore'), ('TERM', 'xterm-256color'), ('GNOME_DESKTOP_SESSION_ID', 'this-is-deprecated'), ('ROS_LOCALHOST_ONLY', '0'), ('WINDOWPATH', '2'), ('PATH', '/home/sycamore/ros2_galactic/ros2-linux/bin:/home/sycamore/.local/bin:/usr/local/sbin:/usr/local/bin:/usr/sbin:/usr/bin:/sbin:/bin:/usr/games:/usr/local/games:/snap/bin'), ('SESSION_MANAGER', 'local/Sycamore-CentralPC:@/tmp/.ICE-unix/1960,unix/Sycamore-CentralPC:/tmp/.ICE-unix/1960'), ('INVOCATION_ID', '2a1e31ba07f5401f85243b277c242c83'), ('PAPERSIZE', 'a4'), ('XDG_MENU_PREFIX', 'gnome-'), ('LC_ADDRESS', 'en_GB.UTF-8'), ('GNOME_TERMINAL_SCREEN', '/org/gnome/Terminal/screen/ad1d4262_6e0c_41e9_9108_683733cd4987'), ('XDG_RUNTIME_DIR', '/run/user/1000'), ('DISPLAY', ':0'), ('LANG', 'en_GB.UTF-8'), ('XDG_CURRENT_DESKTOP', 'ubuntu:GNOME'), ('LC_TELEPHONE', 'en_GB.UTF-8'), ('XMODIFIERS', '@im=ibus'), ('XDG_SESSION_DESKTOP', 'ubuntu'), ('XAUTHORITY', '/run/user/1000/gdm/Xauthority'), ('GNOME_TERMINAL_SERVICE', ':1.2499'), ('SSH_AUTH_SOCK', '/run/user/1000/keyring/ssh'), ('AMENT_PREFIX_PATH', '/home/sycamore/ros2_galactic/ros2-linux'), ('SHELL', '/bin/bash'), ('LC_NAME', 'en_GB.UTF-8'), ('QT_ACCESSIBILITY', '1'), ('GDMSESSION', 'ubuntu'), ('LC_MEASUREMENT', 'en_GB.UTF-8'), ('GPG_AGENT_INFO', '/run/user/1000/gnupg/S.gpg-agent:0:1'), ('GJS_DEBUG_OUTPUT', 'stderr'), ('LC_IDENTIFICATION', 'en_GB.UTF-8'), ('QT_IM_MODULE', 'ibus'), ('PWD', '/home/sycamore/Syca_ws/build/interfaces'), ('XDG_CONFIG_DIRS', '/etc/xdg/xdg-ubuntu:/etc/xdg'), ('XDG_DATA_DIRS', '/usr/share/ubuntu:/usr/local/share/:/usr/share/:/var/lib/snapd/desktop'), ('PYTHONPATH', '/home/sycamore/ros2_galactic/ros2-linux/lib/python3.8/site-packages'), ('LC_NUMERIC', 'en_GB.UTF-8'), ('LC_PAPER', 'en_GB.UTF-8'), ('COLCON', '1'), ('VTE_VERSION', '6003'), ('CMAKE_PREFIX_PATH', '/home/sycamore/ros2_galactic/ros2-linux')]), 'shell': False}
[0.191869] (interfaces) StdoutLine: {'line': b'-- Found ament_cmake: 1.1.4 (/home/sycamore/ros2_galactic/ros2-linux/share/ament_cmake/cmake)\n'}
[0.199653] (-) TimerEvent: {}
[0.205498] (interfaces) StdoutLine: {'line': b'-- Found PythonInterp: /usr/bin/python3 (found suitable version "3.8.10", minimum required is "3") \n'}
[0.205601] (interfaces) StdoutLine: {'line': b'-- Using PYTHON_EXECUTABLE: /usr/bin/python3\n'}
[0.244334] (interfaces) StdoutLine: {'line': b'-- Found rosidl_default_generators: 1.1.1 (/home/sycamore/ros2_galactic/ros2-linux/share/rosidl_default_generators/cmake)\n'}
[0.245562] (interfaces) StdoutLine: {'line': b'-- Using all available rosidl_typesupport_c: rosidl_typesupport_fastrtps_c;rosidl_typesupport_introspection_c\n'}
[0.247904] (interfaces) StdoutLine: {'line': b'-- Found rosidl_adapter: 2.2.1 (/home/sycamore/ros2_galactic/ros2-linux/share/rosidl_adapter/cmake)\n'}
[0.299750] (-) TimerEvent: {}
[0.331979] (interfaces) StdoutLine: {'line': b'-- Using all available rosidl_typesupport_cpp: rosidl_typesupport_fastrtps_cpp;rosidl_typesupport_introspection_cpp\n'}
[0.347334] (interfaces) StdoutLine: {'line': b'-- Found geometry_msgs: 2.2.3 (/home/sycamore/ros2_galactic/ros2-linux/share/geometry_msgs/cmake)\n'}
[0.399867] (-) TimerEvent: {}
[0.408482] (interfaces) StdoutLine: {'line': b'-- Found PythonInterp: /usr/bin/python3 (found version "3.8.10") \n'}
[0.441726] (central_pc) Command: {'cmd': ['/usr/bin/python3', 'setup.py', 'egg_info', '--egg-base', '../../build/central_pc', 'build', '--build-base', '/home/sycamore/Syca_ws/build/central_pc/build', 'install', '--prefix', '/home/sycamore/Syca_ws/install', '--record', '/home/sycamore/Syca_ws/build/central_pc/install.log', '--single-version-externally-managed'], 'cwd': '/home/sycamore/Syca_ws/src/central_pc', 'env': {'GJS_DEBUG_TOPICS': 'JS ERROR;JS LOG', 'LANGUAGE': 'en_GB:en', 'USER': 'sycamore', 'LC_TIME': 'en_GB.UTF-8', 'SSH_AGENT_PID': '1922', 'XDG_SESSION_TYPE': 'x11', 'SHLVL': '1', 'LD_LIBRARY_PATH': '/home/sycamore/ros2_galactic/ros2-linux/opt/yaml_cpp_vendor/lib:/home/sycamore/ros2_galactic/ros2-linux/opt/rviz_ogre_vendor/lib:/home/sycamore/ros2_galactic/ros2-linux/lib', 'HOME': '/home/sycamore', 'OLDPWD': '/home/sycamore', 'DESKTOP_SESSION': 'ubuntu', 'ROS_PYTHON_VERSION': '3', 'GNOME_SHELL_SESSION_MODE': 'ubuntu', 'GTK_MODULES': 'gail:atk-bridge', 'LC_MONETARY': 'en_GB.UTF-8', 'MANAGERPID': '1745', 'DBUS_SESSION_BUS_ADDRESS': 'unix:path=/run/user/1000/bus', 'COLORTERM': 'truecolor', 'IM_CONFIG_PHASE': '1', 'COLCON_PREFIX_PATH': '/home/sycamore/ros2_galactic/ros2-linux', 'ROS_DISTRO': 'galactic', 'LOGNAME': 'sycamore', 'JOURNAL_STREAM': '8:50103', '_': '/usr/bin/colcon', 'ROS_VERSION': '2', 'PKG_CONFIG_PATH': '/home/sycamore/ros2_galactic/ros2-linux/lib/x86_64-linux-gnu/pkgconfig:/home/sycamore/ros2_galactic/ros2-linux/lib/pkgconfig', 'XDG_SESSION_CLASS': 'user', 'USERNAME': 'sycamore', 'TERM': 'xterm-256color', 'GNOME_DESKTOP_SESSION_ID': 'this-is-deprecated', 'ROS_LOCALHOST_ONLY': '0', 'WINDOWPATH': '2', 'PATH': '/home/sycamore/ros2_galactic/ros2-linux/bin:/home/sycamore/.local/bin:/usr/local/sbin:/usr/local/bin:/usr/sbin:/usr/bin:/sbin:/bin:/usr/games:/usr/local/games:/snap/bin', 'SESSION_MANAGER': 'local/Sycamore-CentralPC:@/tmp/.ICE-unix/1960,unix/Sycamore-CentralPC:/tmp/.ICE-unix/1960', 'INVOCATION_ID': '2a1e31ba07f5401f85243b277c242c83', 'PAPERSIZE': 'a4', 'XDG_MENU_PREFIX': 'gnome-', 'LC_ADDRESS': 'en_GB.UTF-8', 'GNOME_TERMINAL_SCREEN': '/org/gnome/Terminal/screen/ad1d4262_6e0c_41e9_9108_683733cd4987', 'XDG_RUNTIME_DIR': '/run/user/1000', 'DISPLAY': ':0', 'LANG': 'en_GB.UTF-8', 'XDG_CURRENT_DESKTOP': 'ubuntu:GNOME', 'LC_TELEPHONE': 'en_GB.UTF-8', 'XMODIFIERS': '@im=ibus', 'XDG_SESSION_DESKTOP': 'ubuntu', 'XAUTHORITY': '/run/user/1000/gdm/Xauthority', 'GNOME_TERMINAL_SERVICE': ':1.2499', 'SSH_AUTH_SOCK': '/run/user/1000/keyring/ssh', 'AMENT_PREFIX_PATH': '/home/sycamore/ros2_galactic/ros2-linux', 'SHELL': '/bin/bash', 'LC_NAME': 'en_GB.UTF-8', 'QT_ACCESSIBILITY': '1', 'GDMSESSION': 'ubuntu', 'LC_MEASUREMENT': 'en_GB.UTF-8', 'GPG_AGENT_INFO': '/run/user/1000/gnupg/S.gpg-agent:0:1', 'GJS_DEBUG_OUTPUT': 'stderr', 'LC_IDENTIFICATION': 'en_GB.UTF-8', 'QT_IM_MODULE': 'ibus', 'PWD': '/home/sycamore/Syca_ws/build/central_pc', 'XDG_CONFIG_DIRS': '/etc/xdg/xdg-ubuntu:/etc/xdg', 'XDG_DATA_DIRS': '/usr/share/ubuntu:/usr/local/share/:/usr/share/:/var/lib/snapd/desktop', 'PYTHONPATH': '/home/sycamore/Syca_ws/install/lib/python3.8/site-packages:/home/sycamore/ros2_galactic/ros2-linux/lib/python3.8/site-packages', 'LC_NUMERIC': 'en_GB.UTF-8', 'LC_PAPER': 'en_GB.UTF-8', 'COLCON': '1', 'VTE_VERSION': '6003', 'CMAKE_PREFIX_PATH': '/home/sycamore/ros2_galactic/ros2-linux'}, 'shell': False}
[0.499979] (-) TimerEvent: {}
[0.513908] (interfaces) StdoutLine: {'line': b'-- Found ament_cmake_ros: 0.9.2 (/home/sycamore/ros2_galactic/ros2-linux/share/ament_cmake_ros/cmake)\n'}
[0.588252] (central_pc) StdoutLine: {'line': b'running egg_info\n'}
[0.588696] (central_pc) StdoutLine: {'line': b'writing ../../build/central_pc/central_pc.egg-info/PKG-INFO\n'}
[0.588855] (central_pc) StdoutLine: {'line': b'writing dependency_links to ../../build/central_pc/central_pc.egg-info/dependency_links.txt\n'}
[0.589027] (central_pc) StdoutLine: {'line': b'writing entry points to ../../build/central_pc/central_pc.egg-info/entry_points.txt\n'}
[0.589099] (central_pc) StdoutLine: {'line': b'writing requirements to ../../build/central_pc/central_pc.egg-info/requires.txt\n'}
[0.589150] (central_pc) StdoutLine: {'line': b'writing top-level names to ../../build/central_pc/central_pc.egg-info/top_level.txt\n'}
[0.600071] (-) TimerEvent: {}
[0.610458] (central_pc) StdoutLine: {'line': b"reading manifest file '../../build/central_pc/central_pc.egg-info/SOURCES.txt'\n"}
[0.610972] (central_pc) StdoutLine: {'line': b"writing manifest file '../../build/central_pc/central_pc.egg-info/SOURCES.txt'\n"}
[0.611118] (central_pc) StdoutLine: {'line': b'running build\n'}
[0.611181] (central_pc) StdoutLine: {'line': b'running build_py\n'}
[0.611301] (central_pc) StdoutLine: {'line': b'running install\n'}
[0.611688] (central_pc) StdoutLine: {'line': b'running install_lib\n'}
[0.612563] (central_pc) StdoutLine: {'line': b'running install_data\n'}
[0.612836] (central_pc) StdoutLine: {'line': b'running install_egg_info\n'}
[0.613765] (central_pc) StdoutLine: {'line': b"removing '/home/sycamore/Syca_ws/install/lib/python3.8/site-packages/central_pc-0.0.0-py3.8.egg-info' (and everything under it)\n"}
[0.613861] (central_pc) StdoutLine: {'line': b'Copying ../../build/central_pc/central_pc.egg-info to /home/sycamore/Syca_ws/install/lib/python3.8/site-packages/central_pc-0.0.0-py3.8.egg-info\n'}
[0.614414] (central_pc) StdoutLine: {'line': b'running install_scripts\n'}
[0.624546] (central_pc) StdoutLine: {'line': b'Installing centralPC script to /home/sycamore/Syca_ws/install/lib/central_pc\n'}
[0.624749] (central_pc) StdoutLine: {'line': b"writing list of installed files to '/home/sycamore/Syca_ws/build/central_pc/install.log'\n"}
[0.636047] (central_pc) CommandEnded: {'returncode': 0}
[0.645886] (central_pc) JobEnded: {'identifier': 'central_pc', 'rc': 0}
[0.673688] (interfaces) StdoutLine: {'line': b'-- Using all available rosidl_typesupport_c: rosidl_typesupport_fastrtps_c;rosidl_typesupport_introspection_c\n'}
[0.700169] (-) TimerEvent: {}
[0.751262] (interfaces) StdoutLine: {'line': b'-- Using all available rosidl_typesupport_cpp: rosidl_typesupport_fastrtps_cpp;rosidl_typesupport_introspection_cpp\n'}
[0.767276] (interfaces) StdoutLine: {'line': b'-- Found PythonInterp: /usr/bin/python3 (found suitable version "3.8.10", minimum required is "3.5") \n'}
[0.767467] (interfaces) StdoutLine: {'line': b'-- Found python_cmake_module: 0.8.1 (/home/sycamore/ros2_galactic/ros2-linux/share/python_cmake_module/cmake)\n'}
[0.781328] (interfaces) StdoutLine: {'line': b'-- Using PYTHON_EXECUTABLE: /usr/bin/python3\n'}
[0.781403] (interfaces) StdoutLine: {'line': b'-- Using PYTHON_INCLUDE_DIRS: /usr/include/python3.8\n'}
[0.781454] (interfaces) StdoutLine: {'line': b'-- Using PYTHON_LIBRARIES: /usr/lib/x86_64-linux-gnu/libpython3.8.so\n'}
[0.800263] (-) TimerEvent: {}
[0.816462] (interfaces) StdoutLine: {'line': b'-- Found ament_lint_auto: 0.10.6 (/home/sycamore/ros2_galactic/ros2-linux/share/ament_lint_auto/cmake)\n'}
[0.822871] (interfaces) StdoutLine: {'line': b"-- Added test 'copyright' to check source files copyright and LICENSE\n"}
[0.823781] (interfaces) StdoutLine: {'line': b"-- Added test 'lint_cmake' to check CMake code style\n"}
[0.824333] (interfaces) StdoutLine: {'line': b"-- Added test 'xmllint' to check XML markup files\n"}
[0.826532] (interfaces) StdoutLine: {'line': b'-- Configuring done\n'}
[0.856174] (interfaces) StdoutLine: {'line': b'-- Generating done\n'}
[0.858043] (interfaces) StdoutLine: {'line': b'-- Build files have been written to: /home/sycamore/Syca_ws/build/interfaces\n'}
[0.873193] (interfaces) StdoutLine: {'line': b'[  3%] \x1b[34m\x1b[1mGenerating C code for ROS interfaces\x1b[0m\n'}
[0.878984] (interfaces) StdoutLine: {'line': b'[  6%] \x1b[34m\x1b[1mGenerating C++ code for ROS interfaces\x1b[0m\n'}
[0.900367] (-) TimerEvent: {}
[1.000584] (-) TimerEvent: {}
[1.019449] (interfaces) StdoutLine: {'line': b'\x1b[35m\x1b[1mScanning dependencies of target interfaces__rosidl_generator_c\x1b[0m\n'}
[1.024036] (interfaces) StdoutLine: {'line': b'[  6%] Built target interfaces__cpp\n'}
[1.025761] (interfaces) StdoutLine: {'line': b'[  9%] \x1b[32mBuilding C object CMakeFiles/interfaces__rosidl_generator_c.dir/rosidl_generator_c/interfaces/srv/detail/task__functions.c.o\x1b[0m\n'}
[1.030834] (interfaces) StdoutLine: {'line': b'[ 19%] \x1b[34m\x1b[1mGenerating C++ type support dispatch for ROS interfaces\x1b[0m\n'}
[1.030961] (interfaces) StdoutLine: {'line': b'[ 19%] \x1b[34m\x1b[1mGenerating C++ introspection for ROS interfaces\x1b[0m\n'}
[1.031018] (interfaces) StdoutLine: {'line': b'[ 19%] \x1b[34m\x1b[1mGenerating C++ type support for eProsima Fast-RTPS\x1b[0m\n'}
[1.033588] (interfaces) StderrLine: {'line': b'In file included from \x1b[01m\x1b[K/home/sycamore/Syca_ws/build/interfaces/rosidl_generator_c/interfaces/srv/detail/task__functions.h:19\x1b[m\x1b[K,\n'}
[1.033682] (interfaces) StderrLine: {'line': b'                 from \x1b[01m\x1b[K/home/sycamore/Syca_ws/build/interfaces/rosidl_generator_c/interfaces/srv/detail/task__functions.c:4\x1b[m\x1b[K:\n'}
[1.033732] (interfaces) StderrLine: {'line': b'\x1b[01m\x1b[K/home/sycamore/Syca_ws/build/interfaces/rosidl_generator_c/interfaces/srv/detail/task__struct.h:41:10:\x1b[m\x1b[K \x1b[01;31m\x1b[Kfatal error: \x1b[m\x1b[Kinterfaces/msg/detail/point__struct.h: No such file or directory\n'}
[1.033788] (interfaces) StderrLine: {'line': b'   41 | #include \x1b[01;31m\x1b[K"interfaces/msg/detail/point__struct.h"\x1b[m\x1b[K\n'}
[1.033847] (interfaces) StderrLine: {'line': b'      |          \x1b[01;31m\x1b[K^~~~~~~~~~~~~~~~~~~~~~~~~~~~~~~~~~~~~~~\x1b[m\x1b[K\n'}
[1.033891] (interfaces) StderrLine: {'line': b'compilation terminated.\n'}
[1.034370] (interfaces) StderrLine: {'line': b'make[2]: *** [CMakeFiles/interfaces__rosidl_generator_c.dir/build.make:153: CMakeFiles/interfaces__rosidl_generator_c.dir/rosidl_generator_c/interfaces/srv/detail/task__functions.c.o] Error 1\n'}
[1.034630] (interfaces) StderrLine: {'line': b'make[1]: *** [CMakeFiles/Makefile2:299: CMakeFiles/interfaces__rosidl_generator_c.dir/all] Error 2\n'}
[1.034697] (interfaces) StderrLine: {'line': b'make[1]: *** Waiting for unfinished jobs....\n'}
[1.100692] (-) TimerEvent: {}
[1.154253] (interfaces) StdoutLine: {'line': b'\x1b[35m\x1b[1mScanning dependencies of target interfaces__rosidl_typesupport_cpp\x1b[0m\n'}
[1.161778] (interfaces) StdoutLine: {'line': b'[ 22%] \x1b[32mBuilding CXX object CMakeFiles/interfaces__rosidl_typesupport_cpp.dir/rosidl_typesupport_cpp/interfaces/srv/task__type_support.cpp.o\x1b[0m\n'}
[1.168736] (interfaces) StdoutLine: {'line': b'\x1b[35m\x1b[1mScanning dependencies of target interfaces__rosidl_typesupport_introspection_cpp\x1b[0m\n'}
[1.175676] (interfaces) StdoutLine: {'line': b'\x1b[35m\x1b[1mScanning dependencies of target interfaces__rosidl_typesupport_fastrtps_cpp\x1b[0m\n'}
[1.175888] (interfaces) StdoutLine: {'line': b'[ 25%] \x1b[32mBuilding CXX object CMakeFiles/interfaces__rosidl_typesupport_introspection_cpp.dir/rosidl_typesupport_introspection_cpp/interfaces/srv/detail/task__type_support.cpp.o\x1b[0m\n'}
[1.184127] (interfaces) StdoutLine: {'line': b'[ 29%] \x1b[32mBuilding CXX object CMakeFiles/interfaces__rosidl_typesupport_fastrtps_cpp.dir/rosidl_typesupport_fastrtps_cpp/interfaces/srv/detail/dds_fastrtps/task__type_support.cpp.o\x1b[0m\n'}
[1.188266] (interfaces) StderrLine: {'line': b'In file included from \x1b[01m\x1b[K/home/sycamore/Syca_ws/build/interfaces/rosidl_typesupport_cpp/interfaces/srv/task__type_support.cpp:7\x1b[m\x1b[K:\n'}
[1.188394] (interfaces) StderrLine: {'line': b'\x1b[01m\x1b[K/home/sycamore/Syca_ws/build/interfaces/rosidl_generator_cpp/interfaces/srv/detail/task__struct.hpp:133:10:\x1b[m\x1b[K \x1b[01;31m\x1b[Kfatal error: \x1b[m\x1b[Kinterfaces/msg/detail/point__struct.hpp: No such file or directory\n'}
[1.188474] (interfaces) StderrLine: {'line': b'  133 | #include \x1b[01;31m\x1b[K"interfaces/msg/detail/point__struct.hpp"\x1b[m\x1b[K\n'}
[1.188550] (interfaces) StderrLine: {'line': b'      |          \x1b[01;31m\x1b[K^~~~~~~~~~~~~~~~~~~~~~~~~~~~~~~~~~~~~~~~~\x1b[m\x1b[K\n'}
[1.188622] (interfaces) StderrLine: {'line': b'compilation terminated.\n'}
[1.189183] (interfaces) StderrLine: {'line': b'make[2]: *** [CMakeFiles/interfaces__rosidl_typesupport_cpp.dir/build.make:134: CMakeFiles/interfaces__rosidl_typesupport_cpp.dir/rosidl_typesupport_cpp/interfaces/srv/task__type_support.cpp.o] Error 1\n'}
[1.189311] (interfaces) StderrLine: {'line': b'make[1]: *** [CMakeFiles/Makefile2:415: CMakeFiles/interfaces__rosidl_typesupport_cpp.dir/all] Error 2\n'}
[1.200760] (-) TimerEvent: {}
[1.202097] (interfaces) StderrLine: {'line': b'In file included from \x1b[01m\x1b[K/home/sycamore/Syca_ws/build/interfaces/rosidl_typesupport_introspection_cpp/interfaces/srv/detail/task__type_support.cpp:12\x1b[m\x1b[K:\n'}
[1.202197] (interfaces) StderrLine: {'line': b'\x1b[01m\x1b[K/home/sycamore/Syca_ws/build/interfaces/rosidl_generator_cpp/interfaces/srv/detail/task__struct.hpp:133:10:\x1b[m\x1b[K \x1b[01;31m\x1b[Kfatal error: \x1b[m\x1b[Kinterfaces/msg/detail/point__struct.hpp: No such file or directory\n'}
[1.202265] (interfaces) StderrLine: {'line': b'  133 | #include \x1b[01;31m\x1b[K"interfaces/msg/detail/point__struct.hpp"\x1b[m\x1b[K\n'}
[1.202328] (interfaces) StderrLine: {'line': b'      |          \x1b[01;31m\x1b[K^~~~~~~~~~~~~~~~~~~~~~~~~~~~~~~~~~~~~~~~~\x1b[m\x1b[K\n'}
[1.202387] (interfaces) StderrLine: {'line': b'compilation terminated.\n'}
[1.203051] (interfaces) StderrLine: {'line': b'make[2]: *** [CMakeFiles/interfaces__rosidl_typesupport_introspection_cpp.dir/build.make:139: CMakeFiles/interfaces__rosidl_typesupport_introspection_cpp.dir/rosidl_typesupport_introspection_cpp/interfaces/srv/detail/task__type_support.cpp.o] Error 1\n'}
[1.203180] (interfaces) StderrLine: {'line': b'make[1]: *** [CMakeFiles/Makefile2:496: CMakeFiles/interfaces__rosidl_typesupport_introspection_cpp.dir/all] Error 2\n'}
[1.211602] (interfaces) StderrLine: {'line': b'In file included from \x1b[01m\x1b[K/home/sycamore/Syca_ws/build/interfaces/rosidl_typesupport_fastrtps_cpp/interfaces/srv/detail/task__rosidl_typesupport_fastrtps_cpp.hpp:11\x1b[m\x1b[K,\n'}
[1.211673] (interfaces) StderrLine: {'line': b'                 from \x1b[01m\x1b[K/home/sycamore/Syca_ws/build/interfaces/rosidl_typesupport_fastrtps_cpp/interfaces/srv/detail/dds_fastrtps/task__type_support.cpp:4\x1b[m\x1b[K:\n'}
[1.211721] (interfaces) StderrLine: {'line': b'\x1b[01m\x1b[K/home/sycamore/Syca_ws/build/interfaces/rosidl_generator_cpp/interfaces/srv/detail/task__struct.hpp:133:10:\x1b[m\x1b[K \x1b[01;31m\x1b[Kfatal error: \x1b[m\x1b[Kinterfaces/msg/detail/point__struct.hpp: No such file or directory\n'}
[1.211768] (interfaces) StderrLine: {'line': b'  133 | #include \x1b[01;31m\x1b[K"interfaces/msg/detail/point__struct.hpp"\x1b[m\x1b[K\n'}
[1.211810] (interfaces) StderrLine: {'line': b'      |          \x1b[01;31m\x1b[K^~~~~~~~~~~~~~~~~~~~~~~~~~~~~~~~~~~~~~~~~\x1b[m\x1b[K\n'}
[1.211857] (interfaces) StderrLine: {'line': b'compilation terminated.\n'}
[1.212390] (interfaces) StderrLine: {'line': b'make[2]: *** [CMakeFiles/interfaces__rosidl_typesupport_fastrtps_cpp.dir/build.make:139: CMakeFiles/interfaces__rosidl_typesupport_fastrtps_cpp.dir/rosidl_typesupport_fastrtps_cpp/interfaces/srv/detail/dds_fastrtps/task__type_support.cpp.o] Error 1\n'}
[1.212542] (interfaces) StderrLine: {'line': b'make[1]: *** [CMakeFiles/Makefile2:442: CMakeFiles/interfaces__rosidl_typesupport_fastrtps_cpp.dir/all] Error 2\n'}
[1.212701] (interfaces) StderrLine: {'line': b'make: *** [Makefile:141: all] Error 2\n'}
[1.213995] (interfaces) CommandEnded: {'returncode': 2}
[1.247915] (interfaces) JobEnded: {'identifier': 'interfaces', 'rc': 2}
[1.259132] (-) EventReactorShutdown: {}
