running egg_info
creating ../../build/jetbot_ros2/jetbot_ros2.egg-info
writing ../../build/jetbot_ros2/jetbot_ros2.egg-info/PKG-INFO
writing dependency_links to ../../build/jetbot_ros2/jetbot_ros2.egg-info/dependency_links.txt
writing entry points to ../../build/jetbot_ros2/jetbot_ros2.egg-info/entry_points.txt
writing requirements to ../../build/jetbot_ros2/jetbot_ros2.egg-info/requires.txt
writing top-level names to ../../build/jetbot_ros2/jetbot_ros2.egg-info/top_level.txt
writing manifest file '../../build/jetbot_ros2/jetbot_ros2.egg-info/SOURCES.txt'
reading manifest file '../../build/jetbot_ros2/jetbot_ros2.egg-info/SOURCES.txt'
writing manifest file '../../build/jetbot_ros2/jetbot_ros2.egg-info/SOURCES.txt'
running build
running build_py
creating /home/sycamore/Syca_ws/build/jetbot_ros2/build
creating /home/sycamore/Syca_ws/build/jetbot_ros2/build/lib
creating /home/sycamore/Syca_ws/build/jetbot_ros2/build/lib/jetbot_ros2
copying jetbot_ros2/__init__.py -> /home/sycamore/Syca_ws/build/jetbot_ros2/build/lib/jetbot_ros2
copying jetbot_ros2/basic_action_server.py -> /home/sycamore/Syca_ws/build/jetbot_ros2/build/lib/jetbot_ros2
copying jetbot_ros2/basic_action_client.py -> /home/sycamore/Syca_ws/build/jetbot_ros2/build/lib/jetbot_ros2
running install
running install_lib
creating /home/sycamore/Syca_ws/install/lib/python3.8/site-packages/jetbot_ros2
copying /home/sycamore/Syca_ws/build/jetbot_ros2/build/lib/jetbot_ros2/__init__.py -> /home/sycamore/Syca_ws/install/lib/python3.8/site-packages/jetbot_ros2
copying /home/sycamore/Syca_ws/build/jetbot_ros2/build/lib/jetbot_ros2/basic_action_server.py -> /home/sycamore/Syca_ws/install/lib/python3.8/site-packages/jetbot_ros2
copying /home/sycamore/Syca_ws/build/jetbot_ros2/build/lib/jetbot_ros2/basic_action_client.py -> /home/sycamore/Syca_ws/install/lib/python3.8/site-packages/jetbot_ros2
byte-compiling /home/sycamore/Syca_ws/install/lib/python3.8/site-packages/jetbot_ros2/__init__.py to __init__.cpython-38.pyc
byte-compiling /home/sycamore/Syca_ws/install/lib/python3.8/site-packages/jetbot_ros2/basic_action_server.py to basic_action_server.cpython-38.pyc
byte-compiling /home/sycamore/Syca_ws/install/lib/python3.8/site-packages/jetbot_ros2/basic_action_client.py to basic_action_client.cpython-38.pyc
running install_data
copying resource/jetbot_ros2 -> /home/sycamore/Syca_ws/install/share/ament_index/resource_index/packages
copying package.xml -> /home/sycamore/Syca_ws/install/share/jetbot_ros2
running install_egg_info
Copying ../../build/jetbot_ros2/jetbot_ros2.egg-info to /home/sycamore/Syca_ws/install/lib/python3.8/site-packages/jetbot_ros2-0.0.0-py3.8.egg-info
running install_scripts
Installing jetbot_move_clt script to /home/sycamore/Syca_ws/install/lib/jetbot_ros2
Installing jetbot_move_srv script to /home/sycamore/Syca_ws/install/lib/jetbot_ros2
writing list of installed files to '/home/sycamore/Syca_ws/build/jetbot_ros2/install.log'
