[0.179s] Invoking command in '/home/sycamore/Syca_ws/build/interfaces': /usr/bin/cmake --build /home/sycamore/Syca_ws/build/interfaces -- -j20 -l20
[0.209s] [  3%] Built target interfaces__cpp
[0.210s] [ 12%] Built target interfaces__rosidl_generator_c
[0.224s] [ 51%] Built target interfaces__rosidl_typesupport_cpp
[0.224s] [ 51%] Built target interfaces__rosidl_typesupport_introspection_cpp
[0.224s] [ 51%] Built target interfaces__rosidl_typesupport_c
[0.224s] [ 51%] Built target interfaces__rosidl_typesupport_introspection_c
[0.226s] [ 61%] Built target interfaces__rosidl_typesupport_fastrtps_cpp
[0.242s] [ 70%] Built target interfaces__rosidl_typesupport_fastrtps_c
[0.254s] [ 70%] Built target interfaces
[0.266s] [ 74%] Built target interfaces__py
[0.280s] [ 80%] Built target interfaces__python
[0.296s] [100%] Built target interfaces__rosidl_typesupport_introspection_c__pyext
[0.296s] [100%] Built target interfaces__rosidl_typesupport_fastrtps_c__pyext
[0.296s] [100%] Built target interfaces__rosidl_typesupport_c__pyext
[0.348s] Invoked command in '/home/sycamore/Syca_ws/build/interfaces' returned '0': /usr/bin/cmake --build /home/sycamore/Syca_ws/build/interfaces -- -j20 -l20
[0.380s] Invoking command in '/home/sycamore/Syca_ws/build/interfaces': /usr/bin/cmake --install /home/sycamore/Syca_ws/build/interfaces
[0.386s] -- Install configuration: ""
[0.386s] -- Up-to-date: /home/sycamore/Syca_ws/install/share/ament_index/resource_index/rosidl_interfaces/interfaces
[0.386s] -- Up-to-date: /home/sycamore/Syca_ws/install/include/interfaces
[0.386s] -- Up-to-date: /home/sycamore/Syca_ws/install/include/interfaces/msg
[0.386s] -- Up-to-date: /home/sycamore/Syca_ws/install/include/interfaces/msg/rosidl_generator_c__visibility_control.h
[0.386s] -- Up-to-date: /home/sycamore/Syca_ws/install/include/interfaces/srv
[0.386s] -- Up-to-date: /home/sycamore/Syca_ws/install/include/interfaces/srv/task.h
[0.386s] -- Up-to-date: /home/sycamore/Syca_ws/install/include/interfaces/srv/detail
[0.386s] -- Up-to-date: /home/sycamore/Syca_ws/install/include/interfaces/srv/detail/task__type_support.h
[0.386s] -- Up-to-date: /home/sycamore/Syca_ws/install/include/interfaces/srv/detail/task__functions.h
[0.387s] -- Up-to-date: /home/sycamore/Syca_ws/install/include/interfaces/srv/detail/task__functions.c
[0.387s] -- Up-to-date: /home/sycamore/Syca_ws/install/include/interfaces/srv/detail/task__struct.h
[0.387s] -- Up-to-date: /home/sycamore/Syca_ws/install/share/interfaces/environment/library_path.sh
[0.387s] -- Up-to-date: /home/sycamore/Syca_ws/install/share/interfaces/environment/library_path.dsv
[0.387s] -- Up-to-date: /home/sycamore/Syca_ws/install/lib/libinterfaces__rosidl_generator_c.so
[0.387s] -- Up-to-date: /home/sycamore/Syca_ws/install/include/interfaces
[0.387s] -- Up-to-date: /home/sycamore/Syca_ws/install/include/interfaces/msg
[0.387s] -- Up-to-date: /home/sycamore/Syca_ws/install/include/interfaces/msg/rosidl_typesupport_fastrtps_c__visibility_control.h
[0.387s] -- Up-to-date: /home/sycamore/Syca_ws/install/include/interfaces/srv
[0.387s] -- Up-to-date: /home/sycamore/Syca_ws/install/include/interfaces/srv/detail
[0.387s] -- Up-to-date: /home/sycamore/Syca_ws/install/include/interfaces/srv/detail/task__rosidl_typesupport_fastrtps_c.h
[0.387s] -- Up-to-date: /home/sycamore/Syca_ws/install/lib/libinterfaces__rosidl_typesupport_fastrtps_c.so
[0.387s] -- Up-to-date: /home/sycamore/Syca_ws/install/include/interfaces
[0.387s] -- Up-to-date: /home/sycamore/Syca_ws/install/include/interfaces/msg
[0.387s] -- Up-to-date: /home/sycamore/Syca_ws/install/include/interfaces/msg/rosidl_typesupport_fastrtps_cpp__visibility_control.h
[0.387s] -- Up-to-date: /home/sycamore/Syca_ws/install/include/interfaces/srv
[0.387s] -- Up-to-date: /home/sycamore/Syca_ws/install/include/interfaces/srv/detail
[0.387s] -- Up-to-date: /home/sycamore/Syca_ws/install/include/interfaces/srv/detail/task__rosidl_typesupport_fastrtps_cpp.hpp
[0.387s] -- Up-to-date: /home/sycamore/Syca_ws/install/include/interfaces/srv/detail/dds_fastrtps
[0.387s] -- Up-to-date: /home/sycamore/Syca_ws/install/lib/libinterfaces__rosidl_typesupport_fastrtps_cpp.so
[0.388s] -- Up-to-date: /home/sycamore/Syca_ws/install/include/interfaces
[0.388s] -- Up-to-date: /home/sycamore/Syca_ws/install/include/interfaces/msg
[0.388s] -- Up-to-date: /home/sycamore/Syca_ws/install/include/interfaces/msg/rosidl_typesupport_introspection_c__visibility_control.h
[0.388s] -- Up-to-date: /home/sycamore/Syca_ws/install/include/interfaces/srv
[0.388s] -- Up-to-date: /home/sycamore/Syca_ws/install/include/interfaces/srv/detail
[0.388s] -- Up-to-date: /home/sycamore/Syca_ws/install/include/interfaces/srv/detail/task__rosidl_typesupport_introspection_c.h
[0.388s] -- Up-to-date: /home/sycamore/Syca_ws/install/include/interfaces/srv/detail/task__type_support.c
[0.388s] -- Up-to-date: /home/sycamore/Syca_ws/install/lib/libinterfaces__rosidl_typesupport_introspection_c.so
[0.388s] -- Up-to-date: /home/sycamore/Syca_ws/install/lib/libinterfaces__rosidl_typesupport_c.so
[0.388s] -- Up-to-date: /home/sycamore/Syca_ws/install/include/interfaces
[0.388s] -- Up-to-date: /home/sycamore/Syca_ws/install/include/interfaces/srv
[0.388s] -- Up-to-date: /home/sycamore/Syca_ws/install/include/interfaces/srv/task.hpp
[0.388s] -- Up-to-date: /home/sycamore/Syca_ws/install/include/interfaces/srv/detail
[0.388s] -- Up-to-date: /home/sycamore/Syca_ws/install/include/interfaces/srv/detail/task__builder.hpp
[0.388s] -- Up-to-date: /home/sycamore/Syca_ws/install/include/interfaces/srv/detail/task__traits.hpp
[0.388s] -- Up-to-date: /home/sycamore/Syca_ws/install/include/interfaces/srv/detail/task__struct.hpp
[0.388s] -- Up-to-date: /home/sycamore/Syca_ws/install/include/interfaces
[0.388s] -- Up-to-date: /home/sycamore/Syca_ws/install/include/interfaces/srv
[0.388s] -- Up-to-date: /home/sycamore/Syca_ws/install/include/interfaces/srv/detail
[0.388s] -- Up-to-date: /home/sycamore/Syca_ws/install/include/interfaces/srv/detail/task__type_support.cpp
[0.388s] -- Up-to-date: /home/sycamore/Syca_ws/install/include/interfaces/srv/detail/task__rosidl_typesupport_introspection_cpp.hpp
[0.388s] -- Up-to-date: /home/sycamore/Syca_ws/install/lib/libinterfaces__rosidl_typesupport_introspection_cpp.so
[0.389s] -- Up-to-date: /home/sycamore/Syca_ws/install/lib/libinterfaces__rosidl_typesupport_cpp.so
[0.389s] -- Up-to-date: /home/sycamore/Syca_ws/install/share/interfaces/environment/pythonpath.sh
[0.389s] -- Up-to-date: /home/sycamore/Syca_ws/install/share/interfaces/environment/pythonpath.dsv
[0.389s] -- Up-to-date: /home/sycamore/Syca_ws/install/lib/python3.8/site-packages/interfaces/__init__.py
[0.409s] -- Up-to-date: /home/sycamore/Syca_ws/install/lib/python3.8/site-packages/interfaces/srv
[0.409s] -- Up-to-date: /home/sycamore/Syca_ws/install/lib/python3.8/site-packages/interfaces/srv/__init__.py
[0.409s] -- Up-to-date: /home/sycamore/Syca_ws/install/lib/python3.8/site-packages/interfaces/srv/_task.py
[0.409s] -- Up-to-date: /home/sycamore/Syca_ws/install/lib/python3.8/site-packages/interfaces/srv/_task_s.c
[0.409s] -- Up-to-date: /home/sycamore/Syca_ws/install/lib/python3.8/site-packages/interfaces/interfaces_s__rosidl_typesupport_fastrtps_c.cpython-38-x86_64-linux-gnu.so
[0.410s] -- Up-to-date: /home/sycamore/Syca_ws/install/lib/python3.8/site-packages/interfaces/interfaces_s__rosidl_typesupport_introspection_c.cpython-38-x86_64-linux-gnu.so
[0.410s] -- Up-to-date: /home/sycamore/Syca_ws/install/lib/python3.8/site-packages/interfaces/interfaces_s__rosidl_typesupport_c.cpython-38-x86_64-linux-gnu.so
[0.410s] -- Up-to-date: /home/sycamore/Syca_ws/install/lib/libinterfaces__python.so
[0.410s] -- Up-to-date: /home/sycamore/Syca_ws/install/share/interfaces/srv/Task.idl
[0.410s] -- Up-to-date: /home/sycamore/Syca_ws/install/share/interfaces/srv/Task.srv
[0.410s] -- Up-to-date: /home/sycamore/Syca_ws/install/share/interfaces/srv/Task_Request.msg
[0.411s] -- Up-to-date: /home/sycamore/Syca_ws/install/share/interfaces/srv/Task_Response.msg
[0.411s] -- Up-to-date: /home/sycamore/Syca_ws/install/share/ament_index/resource_index/package_run_dependencies/interfaces
[0.411s] -- Up-to-date: /home/sycamore/Syca_ws/install/share/ament_index/resource_index/parent_prefix_path/interfaces
[0.411s] -- Up-to-date: /home/sycamore/Syca_ws/install/share/interfaces/environment/ament_prefix_path.sh
[0.411s] -- Up-to-date: /home/sycamore/Syca_ws/install/share/interfaces/environment/ament_prefix_path.dsv
[0.411s] -- Up-to-date: /home/sycamore/Syca_ws/install/share/interfaces/environment/path.sh
[0.411s] -- Up-to-date: /home/sycamore/Syca_ws/install/share/interfaces/environment/path.dsv
[0.411s] -- Up-to-date: /home/sycamore/Syca_ws/install/share/interfaces/local_setup.bash
[0.411s] -- Up-to-date: /home/sycamore/Syca_ws/install/share/interfaces/local_setup.sh
[0.411s] -- Up-to-date: /home/sycamore/Syca_ws/install/share/interfaces/local_setup.zsh
[0.411s] -- Up-to-date: /home/sycamore/Syca_ws/install/share/interfaces/local_setup.dsv
[0.411s] -- Installing: /home/sycamore/Syca_ws/install/share/interfaces/package.dsv
[0.411s] -- Up-to-date: /home/sycamore/Syca_ws/install/share/ament_index/resource_index/packages/interfaces
[0.411s] -- Up-to-date: /home/sycamore/Syca_ws/install/share/interfaces/cmake/interfaces__rosidl_generator_cExport.cmake
[0.411s] -- Up-to-date: /home/sycamore/Syca_ws/install/share/interfaces/cmake/interfaces__rosidl_generator_cExport-noconfig.cmake
[0.411s] -- Up-to-date: /home/sycamore/Syca_ws/install/share/interfaces/cmake/interfaces__rosidl_typesupport_introspection_cExport.cmake
[0.411s] -- Up-to-date: /home/sycamore/Syca_ws/install/share/interfaces/cmake/interfaces__rosidl_typesupport_introspection_cExport-noconfig.cmake
[0.411s] -- Up-to-date: /home/sycamore/Syca_ws/install/share/interfaces/cmake/interfaces__rosidl_typesupport_cExport.cmake
[0.411s] -- Up-to-date: /home/sycamore/Syca_ws/install/share/interfaces/cmake/interfaces__rosidl_typesupport_cExport-noconfig.cmake
[0.412s] -- Up-to-date: /home/sycamore/Syca_ws/install/share/interfaces/cmake/interfaces__rosidl_generator_cppExport.cmake
[0.412s] -- Up-to-date: /home/sycamore/Syca_ws/install/share/interfaces/cmake/interfaces__rosidl_typesupport_introspection_cppExport.cmake
[0.412s] -- Up-to-date: /home/sycamore/Syca_ws/install/share/interfaces/cmake/interfaces__rosidl_typesupport_introspection_cppExport-noconfig.cmake
[0.412s] -- Up-to-date: /home/sycamore/Syca_ws/install/share/interfaces/cmake/interfaces__rosidl_typesupport_cppExport.cmake
[0.412s] -- Up-to-date: /home/sycamore/Syca_ws/install/share/interfaces/cmake/interfaces__rosidl_typesupport_cppExport-noconfig.cmake
[0.412s] -- Up-to-date: /home/sycamore/Syca_ws/install/share/interfaces/cmake/rosidl_cmake-extras.cmake
[0.412s] -- Up-to-date: /home/sycamore/Syca_ws/install/share/interfaces/cmake/ament_cmake_export_dependencies-extras.cmake
[0.412s] -- Up-to-date: /home/sycamore/Syca_ws/install/share/interfaces/cmake/ament_cmake_export_libraries-extras.cmake
[0.412s] -- Up-to-date: /home/sycamore/Syca_ws/install/share/interfaces/cmake/ament_cmake_export_targets-extras.cmake
[0.412s] -- Up-to-date: /home/sycamore/Syca_ws/install/share/interfaces/cmake/ament_cmake_export_include_directories-extras.cmake
[0.412s] -- Up-to-date: /home/sycamore/Syca_ws/install/share/interfaces/cmake/rosidl_cmake_export_typesupport_libraries-extras.cmake
[0.412s] -- Up-to-date: /home/sycamore/Syca_ws/install/share/interfaces/cmake/rosidl_cmake_export_typesupport_targets-extras.cmake
[0.412s] -- Up-to-date: /home/sycamore/Syca_ws/install/share/interfaces/cmake/interfacesConfig.cmake
[0.412s] -- Up-to-date: /home/sycamore/Syca_ws/install/share/interfaces/cmake/interfacesConfig-version.cmake
[0.412s] -- Up-to-date: /home/sycamore/Syca_ws/install/share/interfaces/package.xml
[0.414s] Invoked command in '/home/sycamore/Syca_ws/build/interfaces' returned '0': /usr/bin/cmake --install /home/sycamore/Syca_ws/build/interfaces
