[0.000000] (-) TimerEvent: {}
[0.000073] (-) JobUnselected: {'identifier': 'basic_pub'}
[0.000092] (-) JobUnselected: {'identifier': 'central_pc'}
[0.000105] (-) JobUnselected: {'identifier': 'jetbot_actions'}
[0.000148] (-) JobUnselected: {'identifier': 'jetbot_ros2'}
[0.000168] (-) JobUnselected: {'identifier': 'opti_track'}
[0.000187] (-) JobUnselected: {'identifier': 'py_basicsub'}
[0.000205] (-) JobUnselected: {'identifier': 'teleop'}
[0.000482] (interfaces) JobQueued: {'identifier': 'interfaces', 'dependencies': OrderedDict()}
[0.000498] (interfaces) JobStarted: {'identifier': 'interfaces'}
[0.008975] (interfaces) JobProgress: {'identifier': 'interfaces', 'progress': 'cmake'}
[0.009480] (interfaces) JobProgress: {'identifier': 'interfaces', 'progress': 'build'}
[0.009908] (interfaces) Command: {'cmd': ['/usr/bin/cmake', '--build', '/home/sycamore/Syca_ws/build/interfaces', '--', '-j20', '-l20'], 'cwd': '/home/sycamore/Syca_ws/build/interfaces', 'env': OrderedDict([('GJS_DEBUG_TOPICS', 'JS ERROR;JS LOG'), ('LANGUAGE', 'en_GB:en'), ('USER', 'sycamore'), ('LC_TIME', 'en_GB.UTF-8'), ('SSH_AGENT_PID', '1922'), ('XDG_SESSION_TYPE', 'x11'), ('SHLVL', '1'), ('LD_LIBRARY_PATH', '/home/sycamore/Syca_ws/install/lib:/home/sycamore/ros2_galactic/ros2-linux/opt/yaml_cpp_vendor/lib:/home/sycamore/ros2_galactic/ros2-linux/opt/rviz_ogre_vendor/lib:/home/sycamore/ros2_galactic/ros2-linux/lib'), ('HOME', '/home/sycamore'), ('OLDPWD', '/home/sycamore'), ('DESKTOP_SESSION', 'ubuntu'), ('ROS_PYTHON_VERSION', '3'), ('GNOME_SHELL_SESSION_MODE', 'ubuntu'), ('GTK_MODULES', 'gail:atk-bridge'), ('LC_MONETARY', 'en_GB.UTF-8'), ('MANAGERPID', '1745'), ('DBUS_SESSION_BUS_ADDRESS', 'unix:path=/run/user/1000/bus'), ('COLORTERM', 'truecolor'), ('IM_CONFIG_PHASE', '1'), ('COLCON_PREFIX_PATH', '/home/sycamore/Syca_ws/install:/home/sycamore/ros2_galactic/ros2-linux'), ('ROS_DISTRO', 'galactic'), ('LOGNAME', 'sycamore'), ('JOURNAL_STREAM', '8:50103'), ('_', '/usr/bin/colcon'), ('ROS_VERSION', '2'), ('PKG_CONFIG_PATH', '/home/sycamore/ros2_galactic/ros2-linux/lib/x86_64-linux-gnu/pkgconfig:/home/sycamore/ros2_galactic/ros2-linux/lib/pkgconfig'), ('XDG_SESSION_CLASS', 'user'), ('USERNAME', 'sycamore'), ('TERM', 'xterm-256color'), ('GNOME_DESKTOP_SESSION_ID', 'this-is-deprecated'), ('ROS_LOCALHOST_ONLY', '0'), ('WINDOWPATH', '2'), ('PATH', '/home/sycamore/ros2_galactic/ros2-linux/bin:/home/sycamore/.local/bin:/usr/local/sbin:/usr/local/bin:/usr/sbin:/usr/bin:/sbin:/bin:/usr/games:/usr/local/games:/snap/bin'), ('SESSION_MANAGER', 'local/Sycamore-CentralPC:@/tmp/.ICE-unix/1960,unix/Sycamore-CentralPC:/tmp/.ICE-unix/1960'), ('INVOCATION_ID', '2a1e31ba07f5401f85243b277c242c83'), ('PAPERSIZE', 'a4'), ('XDG_MENU_PREFIX', 'gnome-'), ('LC_ADDRESS', 'en_GB.UTF-8'), ('GNOME_TERMINAL_SCREEN', '/org/gnome/Terminal/screen/e8861257_6980_4cae_91f3_0f8bd8ac739a'), ('XDG_RUNTIME_DIR', '/run/user/1000'), ('DISPLAY', ':0'), ('LANG', 'en_GB.UTF-8'), ('XDG_CURRENT_DESKTOP', 'ubuntu:GNOME'), ('LC_TELEPHONE', 'en_GB.UTF-8'), ('XMODIFIERS', '@im=ibus'), ('XDG_SESSION_DESKTOP', 'ubuntu'), ('XAUTHORITY', '/run/user/1000/gdm/Xauthority'), ('GNOME_TERMINAL_SERVICE', ':1.2499'), ('SSH_AUTH_SOCK', '/run/user/1000/keyring/ssh'), ('AMENT_PREFIX_PATH', '/home/sycamore/Syca_ws/install:/home/sycamore/ros2_galactic/ros2-linux'), ('SHELL', '/bin/bash'), ('LC_NAME', 'en_GB.UTF-8'), ('QT_ACCESSIBILITY', '1'), ('GDMSESSION', 'ubuntu'), ('LC_MEASUREMENT', 'en_GB.UTF-8'), ('GPG_AGENT_INFO', '/run/user/1000/gnupg/S.gpg-agent:0:1'), ('GJS_DEBUG_OUTPUT', 'stderr'), ('LC_IDENTIFICATION', 'en_GB.UTF-8'), ('QT_IM_MODULE', 'ibus'), ('PWD', '/home/sycamore/Syca_ws/build/interfaces'), ('XDG_CONFIG_DIRS', '/etc/xdg/xdg-ubuntu:/etc/xdg'), ('XDG_DATA_DIRS', '/usr/share/ubuntu:/usr/local/share/:/usr/share/:/var/lib/snapd/desktop'), ('PYTHONPATH', '/home/sycamore/Syca_ws/install/lib/python3.8/site-packages:/home/sycamore/ros2_galactic/ros2-linux/lib/python3.8/site-packages'), ('LC_NUMERIC', 'en_GB.UTF-8'), ('LC_PAPER', 'en_GB.UTF-8'), ('COLCON', '1'), ('VTE_VERSION', '6003'), ('CMAKE_PREFIX_PATH', '/home/sycamore/Syca_ws/install:/home/sycamore/ros2_galactic/ros2-linux')]), 'shell': False}
[0.027407] (interfaces) StdoutLine: {'line': b'-- Found ament_cmake: 1.1.4 (/home/sycamore/ros2_galactic/ros2-linux/share/ament_cmake/cmake)\n'}
[0.040872] (interfaces) StdoutLine: {'line': b'-- Found PythonInterp: /usr/bin/python3 (found suitable version "3.8.10", minimum required is "3") \n'}
[0.040950] (interfaces) StdoutLine: {'line': b'-- Using PYTHON_EXECUTABLE: /usr/bin/python3\n'}
[0.077938] (interfaces) StdoutLine: {'line': b'-- Found rosidl_default_generators: 1.1.1 (/home/sycamore/ros2_galactic/ros2-linux/share/rosidl_default_generators/cmake)\n'}
[0.079197] (interfaces) StdoutLine: {'line': b'-- Using all available rosidl_typesupport_c: rosidl_typesupport_fastrtps_c;rosidl_typesupport_introspection_c\n'}
[0.081479] (interfaces) StdoutLine: {'line': b'-- Found rosidl_adapter: 2.2.1 (/home/sycamore/ros2_galactic/ros2-linux/share/rosidl_adapter/cmake)\n'}
[0.099357] (-) TimerEvent: {}
[0.165713] (interfaces) StdoutLine: {'line': b'-- Using all available rosidl_typesupport_cpp: rosidl_typesupport_fastrtps_cpp;rosidl_typesupport_introspection_cpp\n'}
[0.184384] (interfaces) StdoutLine: {'line': b'-- Found geometry_msgs: 2.2.3 (/home/sycamore/ros2_galactic/ros2-linux/share/geometry_msgs/cmake)\n'}
[0.199450] (-) TimerEvent: {}
[0.253205] (interfaces) StdoutLine: {'line': b'-- Found PythonInterp: /usr/bin/python3 (found version "3.8.10") \n'}
[0.299556] (-) TimerEvent: {}
[0.357123] (interfaces) StdoutLine: {'line': b'-- Found ament_cmake_ros: 0.9.2 (/home/sycamore/ros2_galactic/ros2-linux/share/ament_cmake_ros/cmake)\n'}
[0.399654] (-) TimerEvent: {}
[0.499823] (-) TimerEvent: {}
[0.513310] (interfaces) StdoutLine: {'line': b'-- Using all available rosidl_typesupport_c: rosidl_typesupport_fastrtps_c;rosidl_typesupport_introspection_c\n'}
[0.588812] (interfaces) StdoutLine: {'line': b'-- Using all available rosidl_typesupport_cpp: rosidl_typesupport_fastrtps_cpp;rosidl_typesupport_introspection_cpp\n'}
[0.599917] (-) TimerEvent: {}
[0.604474] (interfaces) StdoutLine: {'line': b'-- Found PythonInterp: /usr/bin/python3 (found suitable version "3.8.10", minimum required is "3.5") \n'}
[0.604664] (interfaces) StdoutLine: {'line': b'-- Found python_cmake_module: 0.8.1 (/home/sycamore/ros2_galactic/ros2-linux/share/python_cmake_module/cmake)\n'}
[0.618379] (interfaces) StdoutLine: {'line': b'-- Using PYTHON_EXECUTABLE: /usr/bin/python3\n'}
[0.618448] (interfaces) StdoutLine: {'line': b'-- Using PYTHON_INCLUDE_DIRS: /usr/include/python3.8\n'}
[0.618496] (interfaces) StdoutLine: {'line': b'-- Using PYTHON_LIBRARIES: /usr/lib/x86_64-linux-gnu/libpython3.8.so\n'}
[0.653792] (interfaces) StdoutLine: {'line': b'-- Found ament_lint_auto: 0.10.6 (/home/sycamore/ros2_galactic/ros2-linux/share/ament_lint_auto/cmake)\n'}
[0.660251] (interfaces) StdoutLine: {'line': b"-- Added test 'copyright' to check source files copyright and LICENSE\n"}
[0.661196] (interfaces) StdoutLine: {'line': b"-- Added test 'lint_cmake' to check CMake code style\n"}
[0.661755] (interfaces) StdoutLine: {'line': b"-- Added test 'xmllint' to check XML markup files\n"}
[0.664007] (interfaces) StdoutLine: {'line': b'-- Configuring done\n'}
[0.696587] (interfaces) StdoutLine: {'line': b'-- Generating done\n'}
[0.698578] (interfaces) StdoutLine: {'line': b'-- Build files have been written to: /home/sycamore/Syca_ws/build/interfaces\n'}
[0.699974] (-) TimerEvent: {}
[0.719450] (interfaces) StdoutLine: {'line': b'[  3%] Built target interfaces__cpp\n'}
[0.720407] (interfaces) StdoutLine: {'line': b'[  6%] \x1b[32m\x1b[1mLinking C shared library libinterfaces__rosidl_generator_c.so\x1b[0m\n'}
[0.733339] (interfaces) StdoutLine: {'line': b'[ 12%] \x1b[32m\x1b[1mLinking CXX shared library libinterfaces__rosidl_typesupport_introspection_cpp.so\x1b[0m\n'}
[0.733489] (interfaces) StdoutLine: {'line': b'[ 12%] \x1b[32m\x1b[1mLinking CXX shared library libinterfaces__rosidl_typesupport_cpp.so\x1b[0m\n'}
[0.735569] (interfaces) StdoutLine: {'line': b'[ 16%] \x1b[32m\x1b[1mLinking CXX shared library libinterfaces__rosidl_typesupport_fastrtps_cpp.so\x1b[0m\n'}
[0.748885] (interfaces) StdoutLine: {'line': b'[ 22%] Built target interfaces__rosidl_generator_c\n'}
[0.760192] (interfaces) StdoutLine: {'line': b'[ 29%] Built target interfaces__rosidl_typesupport_cpp\n'}
[0.764680] (interfaces) StdoutLine: {'line': b'[ 35%] \x1b[32m\x1b[1mLinking C shared library libinterfaces__rosidl_typesupport_introspection_c.so\x1b[0m\n'}
[0.764825] (interfaces) StdoutLine: {'line': b'[ 35%] \x1b[32m\x1b[1mLinking CXX shared library libinterfaces__rosidl_typesupport_c.so\x1b[0m\n'}
[0.773134] (interfaces) StdoutLine: {'line': b'[ 41%] Built target interfaces__rosidl_typesupport_introspection_cpp\n'}
[0.785675] (interfaces) StdoutLine: {'line': b'[ 48%] Built target interfaces__rosidl_typesupport_introspection_c\n'}
[0.791290] (interfaces) StdoutLine: {'line': b'[ 54%] Built target interfaces__rosidl_typesupport_c\n'}
[0.792369] (interfaces) StdoutLine: {'line': b'[ 61%] Built target interfaces__rosidl_typesupport_fastrtps_cpp\n'}
[0.798873] (interfaces) StdoutLine: {'line': b'\x1b[35m\x1b[1mScanning dependencies of target interfaces__rosidl_typesupport_fastrtps_c\x1b[0m\n'}
[0.800069] (-) TimerEvent: {}
[0.806195] (interfaces) StdoutLine: {'line': b'[ 64%] \x1b[32mBuilding CXX object CMakeFiles/interfaces__rosidl_typesupport_fastrtps_c.dir/rosidl_typesupport_fastrtps_c/interfaces/srv/detail/task__type_support_c.cpp.o\x1b[0m\n'}
[0.900185] (-) TimerEvent: {}
[1.000409] (-) TimerEvent: {}
[1.030440] (interfaces) StdoutLine: {'line': b'[ 67%] \x1b[32m\x1b[1mLinking CXX shared library libinterfaces__rosidl_typesupport_fastrtps_c.so\x1b[0m\n'}
[1.082027] (interfaces) StdoutLine: {'line': b'[ 70%] Built target interfaces__rosidl_typesupport_fastrtps_c\n'}
[1.093280] (interfaces) StdoutLine: {'line': b'[ 70%] Built target interfaces\n'}
[1.100500] (-) TimerEvent: {}
[1.104742] (interfaces) StdoutLine: {'line': b'[ 74%] Built target interfaces__py\n'}
[1.119267] (interfaces) StdoutLine: {'line': b'[ 77%] \x1b[32m\x1b[1mLinking C shared library rosidl_generator_py/interfaces/libinterfaces__python.so\x1b[0m\n'}
[1.152230] (interfaces) StdoutLine: {'line': b'[ 80%] Built target interfaces__python\n'}
[1.159891] (interfaces) StdoutLine: {'line': b'\x1b[35m\x1b[1mScanning dependencies of target interfaces__rosidl_typesupport_fastrtps_c__pyext\x1b[0m\n'}
[1.167221] (interfaces) StdoutLine: {'line': b'[ 83%] \x1b[32mBuilding C object CMakeFiles/interfaces__rosidl_typesupport_fastrtps_c__pyext.dir/rosidl_generator_py/interfaces/_interfaces_s.ep.rosidl_typesupport_fastrtps_c.c.o\x1b[0m\n'}
[1.168974] (interfaces) StdoutLine: {'line': b'[ 87%] \x1b[32m\x1b[1mLinking C shared library rosidl_generator_py/interfaces/interfaces_s__rosidl_typesupport_c.cpython-38-x86_64-linux-gnu.so\x1b[0m\n'}
[1.169054] (interfaces) StdoutLine: {'line': b'[ 90%] \x1b[32m\x1b[1mLinking C shared library rosidl_generator_py/interfaces/interfaces_s__rosidl_typesupport_introspection_c.cpython-38-x86_64-linux-gnu.so\x1b[0m\n'}
[1.194740] (interfaces) StdoutLine: {'line': b'[ 96%] Built target interfaces__rosidl_typesupport_introspection_c__pyext\n'}
[1.194893] (interfaces) StdoutLine: {'line': b'[ 96%] Built target interfaces__rosidl_typesupport_c__pyext\n'}
[1.200595] (-) TimerEvent: {}
[1.221681] (interfaces) StdoutLine: {'line': b'[100%] \x1b[32m\x1b[1mLinking CXX shared library rosidl_generator_py/interfaces/interfaces_s__rosidl_typesupport_fastrtps_c.cpython-38-x86_64-linux-gnu.so\x1b[0m\n'}
[1.263469] (interfaces) StdoutLine: {'line': b'[100%] Built target interfaces__rosidl_typesupport_fastrtps_c__pyext\n'}
[1.270896] (interfaces) CommandEnded: {'returncode': 0}
[1.295413] (interfaces) JobProgress: {'identifier': 'interfaces', 'progress': 'install'}
[1.301259] (interfaces) Command: {'cmd': ['/usr/bin/cmake', '--install', '/home/sycamore/Syca_ws/build/interfaces'], 'cwd': '/home/sycamore/Syca_ws/build/interfaces', 'env': OrderedDict([('GJS_DEBUG_TOPICS', 'JS ERROR;JS LOG'), ('LANGUAGE', 'en_GB:en'), ('USER', 'sycamore'), ('LC_TIME', 'en_GB.UTF-8'), ('SSH_AGENT_PID', '1922'), ('XDG_SESSION_TYPE', 'x11'), ('SHLVL', '1'), ('LD_LIBRARY_PATH', '/home/sycamore/Syca_ws/install/lib:/home/sycamore/ros2_galactic/ros2-linux/opt/yaml_cpp_vendor/lib:/home/sycamore/ros2_galactic/ros2-linux/opt/rviz_ogre_vendor/lib:/home/sycamore/ros2_galactic/ros2-linux/lib'), ('HOME', '/home/sycamore'), ('OLDPWD', '/home/sycamore'), ('DESKTOP_SESSION', 'ubuntu'), ('ROS_PYTHON_VERSION', '3'), ('GNOME_SHELL_SESSION_MODE', 'ubuntu'), ('GTK_MODULES', 'gail:atk-bridge'), ('LC_MONETARY', 'en_GB.UTF-8'), ('MANAGERPID', '1745'), ('DBUS_SESSION_BUS_ADDRESS', 'unix:path=/run/user/1000/bus'), ('COLORTERM', 'truecolor'), ('IM_CONFIG_PHASE', '1'), ('COLCON_PREFIX_PATH', '/home/sycamore/Syca_ws/install:/home/sycamore/ros2_galactic/ros2-linux'), ('ROS_DISTRO', 'galactic'), ('LOGNAME', 'sycamore'), ('JOURNAL_STREAM', '8:50103'), ('_', '/usr/bin/colcon'), ('ROS_VERSION', '2'), ('PKG_CONFIG_PATH', '/home/sycamore/ros2_galactic/ros2-linux/lib/x86_64-linux-gnu/pkgconfig:/home/sycamore/ros2_galactic/ros2-linux/lib/pkgconfig'), ('XDG_SESSION_CLASS', 'user'), ('USERNAME', 'sycamore'), ('TERM', 'xterm-256color'), ('GNOME_DESKTOP_SESSION_ID', 'this-is-deprecated'), ('ROS_LOCALHOST_ONLY', '0'), ('WINDOWPATH', '2'), ('PATH', '/home/sycamore/ros2_galactic/ros2-linux/bin:/home/sycamore/.local/bin:/usr/local/sbin:/usr/local/bin:/usr/sbin:/usr/bin:/sbin:/bin:/usr/games:/usr/local/games:/snap/bin'), ('SESSION_MANAGER', 'local/Sycamore-CentralPC:@/tmp/.ICE-unix/1960,unix/Sycamore-CentralPC:/tmp/.ICE-unix/1960'), ('INVOCATION_ID', '2a1e31ba07f5401f85243b277c242c83'), ('PAPERSIZE', 'a4'), ('XDG_MENU_PREFIX', 'gnome-'), ('LC_ADDRESS', 'en_GB.UTF-8'), ('GNOME_TERMINAL_SCREEN', '/org/gnome/Terminal/screen/e8861257_6980_4cae_91f3_0f8bd8ac739a'), ('XDG_RUNTIME_DIR', '/run/user/1000'), ('DISPLAY', ':0'), ('LANG', 'en_GB.UTF-8'), ('XDG_CURRENT_DESKTOP', 'ubuntu:GNOME'), ('LC_TELEPHONE', 'en_GB.UTF-8'), ('XMODIFIERS', '@im=ibus'), ('XDG_SESSION_DESKTOP', 'ubuntu'), ('XAUTHORITY', '/run/user/1000/gdm/Xauthority'), ('GNOME_TERMINAL_SERVICE', ':1.2499'), ('SSH_AUTH_SOCK', '/run/user/1000/keyring/ssh'), ('AMENT_PREFIX_PATH', '/home/sycamore/Syca_ws/install:/home/sycamore/ros2_galactic/ros2-linux'), ('SHELL', '/bin/bash'), ('LC_NAME', 'en_GB.UTF-8'), ('QT_ACCESSIBILITY', '1'), ('GDMSESSION', 'ubuntu'), ('LC_MEASUREMENT', 'en_GB.UTF-8'), ('GPG_AGENT_INFO', '/run/user/1000/gnupg/S.gpg-agent:0:1'), ('GJS_DEBUG_OUTPUT', 'stderr'), ('LC_IDENTIFICATION', 'en_GB.UTF-8'), ('QT_IM_MODULE', 'ibus'), ('PWD', '/home/sycamore/Syca_ws/build/interfaces'), ('XDG_CONFIG_DIRS', '/etc/xdg/xdg-ubuntu:/etc/xdg'), ('XDG_DATA_DIRS', '/usr/share/ubuntu:/usr/local/share/:/usr/share/:/var/lib/snapd/desktop'), ('PYTHONPATH', '/home/sycamore/Syca_ws/install/lib/python3.8/site-packages:/home/sycamore/ros2_galactic/ros2-linux/lib/python3.8/site-packages'), ('LC_NUMERIC', 'en_GB.UTF-8'), ('LC_PAPER', 'en_GB.UTF-8'), ('COLCON', '1'), ('VTE_VERSION', '6003'), ('CMAKE_PREFIX_PATH', '/home/sycamore/Syca_ws/install:/home/sycamore/ros2_galactic/ros2-linux')]), 'shell': False}
[1.301789] (-) TimerEvent: {}
[1.306263] (interfaces) StdoutLine: {'line': b'-- Install configuration: ""\n'}
[1.306347] (interfaces) StdoutLine: {'line': b'-- Up-to-date: /home/sycamore/Syca_ws/install/share/ament_index/resource_index/rosidl_interfaces/interfaces\n'}
[1.306504] (interfaces) StdoutLine: {'line': b'-- Up-to-date: /home/sycamore/Syca_ws/install/include/interfaces\n'}
[1.306573] (interfaces) StdoutLine: {'line': b'-- Up-to-date: /home/sycamore/Syca_ws/install/include/interfaces/msg\n'}
[1.306621] (interfaces) StdoutLine: {'line': b'-- Up-to-date: /home/sycamore/Syca_ws/install/include/interfaces/msg/rosidl_generator_c__visibility_control.h\n'}
[1.306665] (interfaces) StdoutLine: {'line': b'-- Up-to-date: /home/sycamore/Syca_ws/install/include/interfaces/srv\n'}
[1.306711] (interfaces) StdoutLine: {'line': b'-- Up-to-date: /home/sycamore/Syca_ws/install/include/interfaces/srv/task.h\n'}
[1.306759] (interfaces) StdoutLine: {'line': b'-- Up-to-date: /home/sycamore/Syca_ws/install/include/interfaces/srv/detail\n'}
[1.306969] (interfaces) StdoutLine: {'line': b'-- Up-to-date: /home/sycamore/Syca_ws/install/include/interfaces/srv/detail/task__type_support.h\n'}
[1.307030] (interfaces) StdoutLine: {'line': b'-- Up-to-date: /home/sycamore/Syca_ws/install/include/interfaces/srv/detail/task__functions.h\n'}
[1.307099] (interfaces) StdoutLine: {'line': b'-- Up-to-date: /home/sycamore/Syca_ws/install/include/interfaces/srv/detail/task__functions.c\n'}
[1.307145] (interfaces) StdoutLine: {'line': b'-- Up-to-date: /home/sycamore/Syca_ws/install/include/interfaces/srv/detail/task__struct.h\n'}
[1.307188] (interfaces) StdoutLine: {'line': b'-- Up-to-date: /home/sycamore/Syca_ws/install/share/interfaces/environment/library_path.sh\n'}
[1.307233] (interfaces) StdoutLine: {'line': b'-- Installing: /home/sycamore/Syca_ws/install/share/interfaces/environment/library_path.dsv\n'}
[1.307287] (interfaces) StdoutLine: {'line': b'-- Installing: /home/sycamore/Syca_ws/install/lib/libinterfaces__rosidl_generator_c.so\n'}
[1.307354] (interfaces) StdoutLine: {'line': b'-- Set runtime path of "/home/sycamore/Syca_ws/install/lib/libinterfaces__rosidl_generator_c.so" to ""\n'}
[1.307396] (interfaces) StdoutLine: {'line': b'-- Up-to-date: /home/sycamore/Syca_ws/install/include/interfaces\n'}
[1.307443] (interfaces) StdoutLine: {'line': b'-- Up-to-date: /home/sycamore/Syca_ws/install/include/interfaces/msg\n'}
[1.307497] (interfaces) StdoutLine: {'line': b'-- Up-to-date: /home/sycamore/Syca_ws/install/include/interfaces/msg/rosidl_typesupport_fastrtps_c__visibility_control.h\n'}
[1.307538] (interfaces) StdoutLine: {'line': b'-- Up-to-date: /home/sycamore/Syca_ws/install/include/interfaces/srv\n'}
[1.307578] (interfaces) StdoutLine: {'line': b'-- Up-to-date: /home/sycamore/Syca_ws/install/include/interfaces/srv/detail\n'}
[1.307620] (interfaces) StdoutLine: {'line': b'-- Up-to-date: /home/sycamore/Syca_ws/install/include/interfaces/srv/detail/task__rosidl_typesupport_fastrtps_c.h\n'}
[1.307666] (interfaces) StdoutLine: {'line': b'-- Installing: /home/sycamore/Syca_ws/install/lib/libinterfaces__rosidl_typesupport_fastrtps_c.so\n'}
[1.307747] (interfaces) StdoutLine: {'line': b'-- Set runtime path of "/home/sycamore/Syca_ws/install/lib/libinterfaces__rosidl_typesupport_fastrtps_c.so" to ""\n'}
[1.307787] (interfaces) StdoutLine: {'line': b'-- Up-to-date: /home/sycamore/Syca_ws/install/include/interfaces\n'}
[1.307828] (interfaces) StdoutLine: {'line': b'-- Up-to-date: /home/sycamore/Syca_ws/install/include/interfaces/msg\n'}
[1.307873] (interfaces) StdoutLine: {'line': b'-- Up-to-date: /home/sycamore/Syca_ws/install/include/interfaces/msg/rosidl_typesupport_fastrtps_cpp__visibility_control.h\n'}
[1.307919] (interfaces) StdoutLine: {'line': b'-- Up-to-date: /home/sycamore/Syca_ws/install/include/interfaces/srv\n'}
[1.307965] (interfaces) StdoutLine: {'line': b'-- Up-to-date: /home/sycamore/Syca_ws/install/include/interfaces/srv/detail\n'}
[1.308010] (interfaces) StdoutLine: {'line': b'-- Up-to-date: /home/sycamore/Syca_ws/install/include/interfaces/srv/detail/task__rosidl_typesupport_fastrtps_cpp.hpp\n'}
[1.308071] (interfaces) StdoutLine: {'line': b'-- Up-to-date: /home/sycamore/Syca_ws/install/include/interfaces/srv/detail/dds_fastrtps\n'}
[1.308115] (interfaces) StdoutLine: {'line': b'-- Installing: /home/sycamore/Syca_ws/install/lib/libinterfaces__rosidl_typesupport_fastrtps_cpp.so\n'}
[1.308169] (interfaces) StdoutLine: {'line': b'-- Set runtime path of "/home/sycamore/Syca_ws/install/lib/libinterfaces__rosidl_typesupport_fastrtps_cpp.so" to ""\n'}
[1.308210] (interfaces) StdoutLine: {'line': b'-- Up-to-date: /home/sycamore/Syca_ws/install/include/interfaces\n'}
[1.308251] (interfaces) StdoutLine: {'line': b'-- Up-to-date: /home/sycamore/Syca_ws/install/include/interfaces/msg\n'}
[1.308293] (interfaces) StdoutLine: {'line': b'-- Up-to-date: /home/sycamore/Syca_ws/install/include/interfaces/msg/rosidl_typesupport_introspection_c__visibility_control.h\n'}
[1.308352] (interfaces) StdoutLine: {'line': b'-- Up-to-date: /home/sycamore/Syca_ws/install/include/interfaces/srv\n'}
[1.308425] (interfaces) StdoutLine: {'line': b'-- Up-to-date: /home/sycamore/Syca_ws/install/include/interfaces/srv/detail\n'}
[1.308467] (interfaces) StdoutLine: {'line': b'-- Up-to-date: /home/sycamore/Syca_ws/install/include/interfaces/srv/detail/task__rosidl_typesupport_introspection_c.h\n'}
[1.308513] (interfaces) StdoutLine: {'line': b'-- Up-to-date: /home/sycamore/Syca_ws/install/include/interfaces/srv/detail/task__type_support.c\n'}
[1.308560] (interfaces) StdoutLine: {'line': b'-- Installing: /home/sycamore/Syca_ws/install/lib/libinterfaces__rosidl_typesupport_introspection_c.so\n'}
[1.308606] (interfaces) StdoutLine: {'line': b'-- Set runtime path of "/home/sycamore/Syca_ws/install/lib/libinterfaces__rosidl_typesupport_introspection_c.so" to ""\n'}
[1.308677] (interfaces) StdoutLine: {'line': b'-- Installing: /home/sycamore/Syca_ws/install/lib/libinterfaces__rosidl_typesupport_c.so\n'}
[1.308719] (interfaces) StdoutLine: {'line': b'-- Set runtime path of "/home/sycamore/Syca_ws/install/lib/libinterfaces__rosidl_typesupport_c.so" to ""\n'}
[1.308759] (interfaces) StdoutLine: {'line': b'-- Up-to-date: /home/sycamore/Syca_ws/install/include/interfaces\n'}
[1.308803] (interfaces) StdoutLine: {'line': b'-- Up-to-date: /home/sycamore/Syca_ws/install/include/interfaces/srv\n'}
[1.308855] (interfaces) StdoutLine: {'line': b'-- Up-to-date: /home/sycamore/Syca_ws/install/include/interfaces/srv/task.hpp\n'}
[1.308896] (interfaces) StdoutLine: {'line': b'-- Up-to-date: /home/sycamore/Syca_ws/install/include/interfaces/srv/detail\n'}
[1.308950] (interfaces) StdoutLine: {'line': b'-- Up-to-date: /home/sycamore/Syca_ws/install/include/interfaces/srv/detail/task__builder.hpp\n'}
[1.308991] (interfaces) StdoutLine: {'line': b'-- Up-to-date: /home/sycamore/Syca_ws/install/include/interfaces/srv/detail/task__traits.hpp\n'}
[1.309031] (interfaces) StdoutLine: {'line': b'-- Up-to-date: /home/sycamore/Syca_ws/install/include/interfaces/srv/detail/task__struct.hpp\n'}
[1.309072] (interfaces) StdoutLine: {'line': b'-- Up-to-date: /home/sycamore/Syca_ws/install/include/interfaces\n'}
[1.309119] (interfaces) StdoutLine: {'line': b'-- Up-to-date: /home/sycamore/Syca_ws/install/include/interfaces/srv\n'}
[1.309177] (interfaces) StdoutLine: {'line': b'-- Up-to-date: /home/sycamore/Syca_ws/install/include/interfaces/srv/detail\n'}
[1.309217] (interfaces) StdoutLine: {'line': b'-- Up-to-date: /home/sycamore/Syca_ws/install/include/interfaces/srv/detail/task__type_support.cpp\n'}
[1.309264] (interfaces) StdoutLine: {'line': b'-- Up-to-date: /home/sycamore/Syca_ws/install/include/interfaces/srv/detail/task__rosidl_typesupport_introspection_cpp.hpp\n'}
[1.309310] (interfaces) StdoutLine: {'line': b'-- Installing: /home/sycamore/Syca_ws/install/lib/libinterfaces__rosidl_typesupport_introspection_cpp.so\n'}
[1.309421] (interfaces) StdoutLine: {'line': b'-- Set runtime path of "/home/sycamore/Syca_ws/install/lib/libinterfaces__rosidl_typesupport_introspection_cpp.so" to ""\n'}
[1.309463] (interfaces) StdoutLine: {'line': b'-- Installing: /home/sycamore/Syca_ws/install/lib/libinterfaces__rosidl_typesupport_cpp.so\n'}
[1.309546] (interfaces) StdoutLine: {'line': b'-- Set runtime path of "/home/sycamore/Syca_ws/install/lib/libinterfaces__rosidl_typesupport_cpp.so" to ""\n'}
[1.309655] (interfaces) StdoutLine: {'line': b'-- Up-to-date: /home/sycamore/Syca_ws/install/share/interfaces/environment/pythonpath.sh\n'}
[1.309696] (interfaces) StdoutLine: {'line': b'-- Installing: /home/sycamore/Syca_ws/install/share/interfaces/environment/pythonpath.dsv\n'}
[1.309736] (interfaces) StdoutLine: {'line': b'-- Installing: /home/sycamore/Syca_ws/install/lib/python3.8/site-packages/interfaces/__init__.py\n'}
[1.328266] (interfaces) StdoutLine: {'line': b"Compiling '/home/sycamore/Syca_ws/install/lib/python3.8/site-packages/interfaces/__init__.py'...\n"}
[1.330594] (interfaces) StdoutLine: {'line': b'-- Up-to-date: /home/sycamore/Syca_ws/install/lib/python3.8/site-packages/interfaces/srv\n'}
[1.330667] (interfaces) StdoutLine: {'line': b'-- Up-to-date: /home/sycamore/Syca_ws/install/lib/python3.8/site-packages/interfaces/srv/__init__.py\n'}
[1.330721] (interfaces) StdoutLine: {'line': b'-- Up-to-date: /home/sycamore/Syca_ws/install/lib/python3.8/site-packages/interfaces/srv/_task.py\n'}
[1.330844] (interfaces) StdoutLine: {'line': b'-- Up-to-date: /home/sycamore/Syca_ws/install/lib/python3.8/site-packages/interfaces/srv/_task_s.c\n'}
[1.330900] (interfaces) StdoutLine: {'line': b'-- Installing: /home/sycamore/Syca_ws/install/lib/python3.8/site-packages/interfaces/interfaces_s__rosidl_typesupport_fastrtps_c.cpython-38-x86_64-linux-gnu.so\n'}
[1.331032] (interfaces) StdoutLine: {'line': b'-- Set runtime path of "/home/sycamore/Syca_ws/install/lib/python3.8/site-packages/interfaces/interfaces_s__rosidl_typesupport_fastrtps_c.cpython-38-x86_64-linux-gnu.so" to ""\n'}
[1.331233] (interfaces) StdoutLine: {'line': b'-- Installing: /home/sycamore/Syca_ws/install/lib/python3.8/site-packages/interfaces/interfaces_s__rosidl_typesupport_introspection_c.cpython-38-x86_64-linux-gnu.so\n'}
[1.331504] (interfaces) StdoutLine: {'line': b'-- Set runtime path of "/home/sycamore/Syca_ws/install/lib/python3.8/site-packages/interfaces/interfaces_s__rosidl_typesupport_introspection_c.cpython-38-x86_64-linux-gnu.so" to ""\n'}
[1.331715] (interfaces) StdoutLine: {'line': b'-- Installing: /home/sycamore/Syca_ws/install/lib/python3.8/site-packages/interfaces/interfaces_s__rosidl_typesupport_c.cpython-38-x86_64-linux-gnu.so\n'}
[1.331932] (interfaces) StdoutLine: {'line': b'-- Set runtime path of "/home/sycamore/Syca_ws/install/lib/python3.8/site-packages/interfaces/interfaces_s__rosidl_typesupport_c.cpython-38-x86_64-linux-gnu.so" to ""\n'}
[1.332002] (interfaces) StdoutLine: {'line': b'-- Installing: /home/sycamore/Syca_ws/install/lib/libinterfaces__python.so\n'}
[1.332169] (interfaces) StdoutLine: {'line': b'-- Set runtime path of "/home/sycamore/Syca_ws/install/lib/libinterfaces__python.so" to ""\n'}
[1.332231] (interfaces) StdoutLine: {'line': b'-- Up-to-date: /home/sycamore/Syca_ws/install/share/interfaces/srv/Task.idl\n'}
[1.332299] (interfaces) StdoutLine: {'line': b'-- Up-to-date: /home/sycamore/Syca_ws/install/share/interfaces/srv/Task.srv\n'}
[1.332361] (interfaces) StdoutLine: {'line': b'-- Up-to-date: /home/sycamore/Syca_ws/install/share/interfaces/srv/Task_Request.msg\n'}
[1.332407] (interfaces) StdoutLine: {'line': b'-- Up-to-date: /home/sycamore/Syca_ws/install/share/interfaces/srv/Task_Response.msg\n'}
[1.332489] (interfaces) StdoutLine: {'line': b'-- Up-to-date: /home/sycamore/Syca_ws/install/share/ament_index/resource_index/package_run_dependencies/interfaces\n'}
[1.332560] (interfaces) StdoutLine: {'line': b'-- Installing: /home/sycamore/Syca_ws/install/share/ament_index/resource_index/parent_prefix_path/interfaces\n'}
[1.332604] (interfaces) StdoutLine: {'line': b'-- Up-to-date: /home/sycamore/Syca_ws/install/share/interfaces/environment/ament_prefix_path.sh\n'}
[1.332670] (interfaces) StdoutLine: {'line': b'-- Installing: /home/sycamore/Syca_ws/install/share/interfaces/environment/ament_prefix_path.dsv\n'}
[1.332713] (interfaces) StdoutLine: {'line': b'-- Up-to-date: /home/sycamore/Syca_ws/install/share/interfaces/environment/path.sh\n'}
[1.332771] (interfaces) StdoutLine: {'line': b'-- Installing: /home/sycamore/Syca_ws/install/share/interfaces/environment/path.dsv\n'}
[1.332827] (interfaces) StdoutLine: {'line': b'-- Up-to-date: /home/sycamore/Syca_ws/install/share/interfaces/local_setup.bash\n'}
[1.332879] (interfaces) StdoutLine: {'line': b'-- Up-to-date: /home/sycamore/Syca_ws/install/share/interfaces/local_setup.sh\n'}
[1.332932] (interfaces) StdoutLine: {'line': b'-- Up-to-date: /home/sycamore/Syca_ws/install/share/interfaces/local_setup.zsh\n'}
[1.332974] (interfaces) StdoutLine: {'line': b'-- Installing: /home/sycamore/Syca_ws/install/share/interfaces/local_setup.dsv\n'}
[1.333022] (interfaces) StdoutLine: {'line': b'-- Installing: /home/sycamore/Syca_ws/install/share/interfaces/package.dsv\n'}
[1.333085] (interfaces) StdoutLine: {'line': b'-- Up-to-date: /home/sycamore/Syca_ws/install/share/ament_index/resource_index/packages/interfaces\n'}
[1.333144] (interfaces) StdoutLine: {'line': b'-- Old export file "/home/sycamore/Syca_ws/install/share/interfaces/cmake/interfaces__rosidl_generator_cExport.cmake" will be replaced.  Removing files [/home/sycamore/Syca_ws/install/share/interfaces/cmake/interfaces__rosidl_generator_cExport-noconfig.cmake].\n'}
[1.333199] (interfaces) StdoutLine: {'line': b'-- Installing: /home/sycamore/Syca_ws/install/share/interfaces/cmake/interfaces__rosidl_generator_cExport.cmake\n'}
[1.333257] (interfaces) StdoutLine: {'line': b'-- Installing: /home/sycamore/Syca_ws/install/share/interfaces/cmake/interfaces__rosidl_generator_cExport-noconfig.cmake\n'}
[1.333486] (interfaces) StdoutLine: {'line': b'-- Old export file "/home/sycamore/Syca_ws/install/share/interfaces/cmake/interfaces__rosidl_typesupport_introspection_cExport.cmake" will be replaced.  Removing files [/home/sycamore/Syca_ws/install/share/interfaces/cmake/interfaces__rosidl_typesupport_introspection_cExport-noconfig.cmake].\n'}
[1.333565] (interfaces) StdoutLine: {'line': b'-- Installing: /home/sycamore/Syca_ws/install/share/interfaces/cmake/interfaces__rosidl_typesupport_introspection_cExport.cmake\n'}
[1.333651] (interfaces) StdoutLine: {'line': b'-- Installing: /home/sycamore/Syca_ws/install/share/interfaces/cmake/interfaces__rosidl_typesupport_introspection_cExport-noconfig.cmake\n'}
[1.333821] (interfaces) StdoutLine: {'line': b'-- Old export file "/home/sycamore/Syca_ws/install/share/interfaces/cmake/interfaces__rosidl_typesupport_cExport.cmake" will be replaced.  Removing files [/home/sycamore/Syca_ws/install/share/interfaces/cmake/interfaces__rosidl_typesupport_cExport-noconfig.cmake].\n'}
[1.333893] (interfaces) StdoutLine: {'line': b'-- Installing: /home/sycamore/Syca_ws/install/share/interfaces/cmake/interfaces__rosidl_typesupport_cExport.cmake\n'}
[1.334005] (interfaces) StdoutLine: {'line': b'-- Installing: /home/sycamore/Syca_ws/install/share/interfaces/cmake/interfaces__rosidl_typesupport_cExport-noconfig.cmake\n'}
[1.334078] (interfaces) StdoutLine: {'line': b'-- Installing: /home/sycamore/Syca_ws/install/share/interfaces/cmake/interfaces__rosidl_generator_cppExport.cmake\n'}
[1.334284] (interfaces) StdoutLine: {'line': b'-- Old export file "/home/sycamore/Syca_ws/install/share/interfaces/cmake/interfaces__rosidl_typesupport_introspection_cppExport.cmake" will be replaced.  Removing files [/home/sycamore/Syca_ws/install/share/interfaces/cmake/interfaces__rosidl_typesupport_introspection_cppExport-noconfig.cmake].\n'}
[1.334345] (interfaces) StdoutLine: {'line': b'-- Installing: /home/sycamore/Syca_ws/install/share/interfaces/cmake/interfaces__rosidl_typesupport_introspection_cppExport.cmake\n'}
[1.334411] (interfaces) StdoutLine: {'line': b'-- Installing: /home/sycamore/Syca_ws/install/share/interfaces/cmake/interfaces__rosidl_typesupport_introspection_cppExport-noconfig.cmake\n'}
[1.334584] (interfaces) StdoutLine: {'line': b'-- Old export file "/home/sycamore/Syca_ws/install/share/interfaces/cmake/interfaces__rosidl_typesupport_cppExport.cmake" will be replaced.  Removing files [/home/sycamore/Syca_ws/install/share/interfaces/cmake/interfaces__rosidl_typesupport_cppExport-noconfig.cmake].\n'}
[1.334666] (interfaces) StdoutLine: {'line': b'-- Installing: /home/sycamore/Syca_ws/install/share/interfaces/cmake/interfaces__rosidl_typesupport_cppExport.cmake\n'}
[1.334756] (interfaces) StdoutLine: {'line': b'-- Installing: /home/sycamore/Syca_ws/install/share/interfaces/cmake/interfaces__rosidl_typesupport_cppExport-noconfig.cmake\n'}
[1.334819] (interfaces) StdoutLine: {'line': b'-- Up-to-date: /home/sycamore/Syca_ws/install/share/interfaces/cmake/rosidl_cmake-extras.cmake\n'}
[1.334874] (interfaces) StdoutLine: {'line': b'-- Installing: /home/sycamore/Syca_ws/install/share/interfaces/cmake/ament_cmake_export_dependencies-extras.cmake\n'}
[1.334927] (interfaces) StdoutLine: {'line': b'-- Up-to-date: /home/sycamore/Syca_ws/install/share/interfaces/cmake/ament_cmake_export_libraries-extras.cmake\n'}
[1.334992] (interfaces) StdoutLine: {'line': b'-- Up-to-date: /home/sycamore/Syca_ws/install/share/interfaces/cmake/ament_cmake_export_targets-extras.cmake\n'}
[1.335052] (interfaces) StdoutLine: {'line': b'-- Up-to-date: /home/sycamore/Syca_ws/install/share/interfaces/cmake/ament_cmake_export_include_directories-extras.cmake\n'}
[1.335119] (interfaces) StdoutLine: {'line': b'-- Up-to-date: /home/sycamore/Syca_ws/install/share/interfaces/cmake/rosidl_cmake_export_typesupport_libraries-extras.cmake\n'}
[1.335161] (interfaces) StdoutLine: {'line': b'-- Up-to-date: /home/sycamore/Syca_ws/install/share/interfaces/cmake/rosidl_cmake_export_typesupport_targets-extras.cmake\n'}
[1.335201] (interfaces) StdoutLine: {'line': b'-- Up-to-date: /home/sycamore/Syca_ws/install/share/interfaces/cmake/interfacesConfig.cmake\n'}
[1.335242] (interfaces) StdoutLine: {'line': b'-- Up-to-date: /home/sycamore/Syca_ws/install/share/interfaces/cmake/interfacesConfig-version.cmake\n'}
[1.335283] (interfaces) StdoutLine: {'line': b'-- Installing: /home/sycamore/Syca_ws/install/share/interfaces/package.xml\n'}
[1.336391] (interfaces) CommandEnded: {'returncode': 0}
[1.380394] (interfaces) JobEnded: {'identifier': 'interfaces', 'rc': 0}
[1.380891] (-) EventReactorShutdown: {}
