[0.093s] DEBUG:colcon:Command line arguments: ['/usr/bin/colcon', 'build', '--merge-install', '--packages-select', 'interfaces']
[0.094s] DEBUG:colcon:Parsed command line arguments: Namespace(allow_overriding=[], ament_cmake_args=None, base_paths=['.'], build_base='build', catkin_cmake_args=None, catkin_skip_building_tests=False, cmake_args=None, cmake_clean_cache=False, cmake_clean_first=False, cmake_force_configure=False, cmake_target=None, cmake_target_skip_unavailable=False, continue_on_error=False, event_handlers=None, executor='parallel', ignore_user_meta=False, install_base='install', log_base=None, log_level=None, main=<bound method BuildVerb.main of <colcon_core.verb.build.BuildVerb object at 0x7f149396ce20>>, merge_install=True, metas=['./colcon.meta'], packages_above=None, packages_above_and_dependencies=None, packages_above_depth=None, packages_end=None, packages_ignore=None, packages_ignore_regex=None, packages_select=['interfaces'], packages_select_build_failed=False, packages_select_by_dep=None, packages_select_regex=None, packages_select_test_failures=False, packages_skip=None, packages_skip_build_finished=False, packages_skip_by_dep=None, packages_skip_regex=None, packages_skip_test_passed=False, packages_skip_up_to=None, packages_start=None, packages_up_to=None, packages_up_to_regex=None, parallel_workers=20, paths=None, symlink_install=False, test_result_base=None, verb_extension=<colcon_core.verb.build.BuildVerb object at 0x7f149396ce20>, verb_name='build', verb_parser=<colcon_defaults.argument_parser.defaults.DefaultArgumentsDecorator object at 0x7f14939793d0>)
[0.122s] Level 1:colcon.colcon_core.package_discovery:discover_packages(colcon_meta) check parameters
[0.123s] Level 1:colcon.colcon_core.package_discovery:discover_packages(recursive) check parameters
[0.123s] Level 1:colcon.colcon_core.package_discovery:discover_packages(ignore) check parameters
[0.123s] Level 1:colcon.colcon_core.package_discovery:discover_packages(path) check parameters
[0.123s] Level 1:colcon.colcon_core.package_discovery:discover_packages(colcon_meta) discover
[0.123s] Level 1:colcon.colcon_core.package_discovery:discover_packages(recursive) discover
[0.123s] INFO:colcon.colcon_core.package_discovery:Crawling recursively for packages in '/home/sycamore/Syca_ws'
[0.123s] Level 1:colcon.colcon_core.package_identification:_identify(.) by extensions ['ignore', 'ignore_ament_install']
[0.123s] Level 1:colcon.colcon_core.package_identification:_identify(.) by extension 'ignore'
[0.123s] Level 1:colcon.colcon_core.package_identification:_identify(.) by extension 'ignore_ament_install'
[0.123s] Level 1:colcon.colcon_core.package_identification:_identify(.) by extensions ['colcon_pkg']
[0.123s] Level 1:colcon.colcon_core.package_identification:_identify(.) by extension 'colcon_pkg'
[0.123s] Level 1:colcon.colcon_core.package_identification:_identify(.) by extensions ['colcon_meta']
[0.123s] Level 1:colcon.colcon_core.package_identification:_identify(.) by extension 'colcon_meta'
[0.123s] Level 1:colcon.colcon_core.package_identification:_identify(.) by extensions ['ros']
[0.123s] Level 1:colcon.colcon_core.package_identification:_identify(.) by extension 'ros'
[0.132s] Level 1:colcon.colcon_core.package_identification:_identify(.) by extensions ['cmake', 'python']
[0.132s] Level 1:colcon.colcon_core.package_identification:_identify(.) by extension 'cmake'
[0.132s] Level 1:colcon.colcon_core.package_identification:_identify(.) by extension 'python'
[0.132s] Level 1:colcon.colcon_core.package_identification:_identify(.) by extensions ['python_setup_py']
[0.132s] Level 1:colcon.colcon_core.package_identification:_identify(.) by extension 'python_setup_py'
[0.132s] Level 1:colcon.colcon_core.package_identification:_identify(build) by extensions ['ignore', 'ignore_ament_install']
[0.132s] Level 1:colcon.colcon_core.package_identification:_identify(build) by extension 'ignore'
[0.132s] Level 1:colcon.colcon_core.package_identification:_identify(build) ignored
[0.132s] Level 1:colcon.colcon_core.package_identification:_identify(install) by extensions ['ignore', 'ignore_ament_install']
[0.132s] Level 1:colcon.colcon_core.package_identification:_identify(install) by extension 'ignore'
[0.132s] Level 1:colcon.colcon_core.package_identification:_identify(install) ignored
[0.133s] Level 1:colcon.colcon_core.package_identification:_identify(log) by extensions ['ignore', 'ignore_ament_install']
[0.133s] Level 1:colcon.colcon_core.package_identification:_identify(log) by extension 'ignore'
[0.133s] Level 1:colcon.colcon_core.package_identification:_identify(log) ignored
[0.133s] Level 1:colcon.colcon_core.package_identification:_identify(src) by extensions ['ignore', 'ignore_ament_install']
[0.133s] Level 1:colcon.colcon_core.package_identification:_identify(src) by extension 'ignore'
[0.133s] Level 1:colcon.colcon_core.package_identification:_identify(src) by extension 'ignore_ament_install'
[0.133s] Level 1:colcon.colcon_core.package_identification:_identify(src) by extensions ['colcon_pkg']
[0.133s] Level 1:colcon.colcon_core.package_identification:_identify(src) by extension 'colcon_pkg'
[0.133s] Level 1:colcon.colcon_core.package_identification:_identify(src) by extensions ['colcon_meta']
[0.133s] Level 1:colcon.colcon_core.package_identification:_identify(src) by extension 'colcon_meta'
[0.133s] Level 1:colcon.colcon_core.package_identification:_identify(src) by extensions ['ros']
[0.133s] Level 1:colcon.colcon_core.package_identification:_identify(src) by extension 'ros'
[0.133s] Level 1:colcon.colcon_core.package_identification:_identify(src) by extensions ['cmake', 'python']
[0.133s] Level 1:colcon.colcon_core.package_identification:_identify(src) by extension 'cmake'
[0.133s] Level 1:colcon.colcon_core.package_identification:_identify(src) by extension 'python'
[0.133s] Level 1:colcon.colcon_core.package_identification:_identify(src) by extensions ['python_setup_py']
[0.133s] Level 1:colcon.colcon_core.package_identification:_identify(src) by extension 'python_setup_py'
[0.133s] Level 1:colcon.colcon_core.package_identification:_identify(src/basic_pub) by extensions ['ignore', 'ignore_ament_install']
[0.133s] Level 1:colcon.colcon_core.package_identification:_identify(src/basic_pub) by extension 'ignore'
[0.133s] Level 1:colcon.colcon_core.package_identification:_identify(src/basic_pub) by extension 'ignore_ament_install'
[0.133s] Level 1:colcon.colcon_core.package_identification:_identify(src/basic_pub) by extensions ['colcon_pkg']
[0.133s] Level 1:colcon.colcon_core.package_identification:_identify(src/basic_pub) by extension 'colcon_pkg'
[0.133s] Level 1:colcon.colcon_core.package_identification:_identify(src/basic_pub) by extensions ['colcon_meta']
[0.133s] Level 1:colcon.colcon_core.package_identification:_identify(src/basic_pub) by extension 'colcon_meta'
[0.134s] Level 1:colcon.colcon_core.package_identification:_identify(src/basic_pub) by extensions ['ros']
[0.134s] Level 1:colcon.colcon_core.package_identification:_identify(src/basic_pub) by extension 'ros'
[0.135s] DEBUG:colcon.colcon_core.package_identification:Package 'src/basic_pub' with type 'ros.ament_python' and name 'basic_pub'
[0.135s] Level 1:colcon.colcon_core.package_identification:_identify(src/central_pc) by extensions ['ignore', 'ignore_ament_install']
[0.135s] Level 1:colcon.colcon_core.package_identification:_identify(src/central_pc) by extension 'ignore'
[0.135s] Level 1:colcon.colcon_core.package_identification:_identify(src/central_pc) by extension 'ignore_ament_install'
[0.135s] Level 1:colcon.colcon_core.package_identification:_identify(src/central_pc) by extensions ['colcon_pkg']
[0.135s] Level 1:colcon.colcon_core.package_identification:_identify(src/central_pc) by extension 'colcon_pkg'
[0.135s] Level 1:colcon.colcon_core.package_identification:_identify(src/central_pc) by extensions ['colcon_meta']
[0.135s] Level 1:colcon.colcon_core.package_identification:_identify(src/central_pc) by extension 'colcon_meta'
[0.135s] Level 1:colcon.colcon_core.package_identification:_identify(src/central_pc) by extensions ['ros']
[0.136s] Level 1:colcon.colcon_core.package_identification:_identify(src/central_pc) by extension 'ros'
[0.136s] DEBUG:colcon.colcon_core.package_identification:Package 'src/central_pc' with type 'ros.ament_python' and name 'central_pc'
[0.136s] Level 1:colcon.colcon_core.package_identification:_identify(src/interfaces) by extensions ['ignore', 'ignore_ament_install']
[0.136s] Level 1:colcon.colcon_core.package_identification:_identify(src/interfaces) by extension 'ignore'
[0.136s] Level 1:colcon.colcon_core.package_identification:_identify(src/interfaces) by extension 'ignore_ament_install'
[0.136s] Level 1:colcon.colcon_core.package_identification:_identify(src/interfaces) by extensions ['colcon_pkg']
[0.136s] Level 1:colcon.colcon_core.package_identification:_identify(src/interfaces) by extension 'colcon_pkg'
[0.136s] Level 1:colcon.colcon_core.package_identification:_identify(src/interfaces) by extensions ['colcon_meta']
[0.136s] Level 1:colcon.colcon_core.package_identification:_identify(src/interfaces) by extension 'colcon_meta'
[0.136s] Level 1:colcon.colcon_core.package_identification:_identify(src/interfaces) by extensions ['ros']
[0.136s] Level 1:colcon.colcon_core.package_identification:_identify(src/interfaces) by extension 'ros'
[0.137s] DEBUG:colcon.colcon_core.package_identification:Package 'src/interfaces' with type 'ros.ament_cmake' and name 'interfaces'
[0.137s] Level 1:colcon.colcon_core.package_identification:_identify(src/jetbot_actions) by extensions ['ignore', 'ignore_ament_install']
[0.137s] Level 1:colcon.colcon_core.package_identification:_identify(src/jetbot_actions) by extension 'ignore'
[0.137s] Level 1:colcon.colcon_core.package_identification:_identify(src/jetbot_actions) by extension 'ignore_ament_install'
[0.137s] Level 1:colcon.colcon_core.package_identification:_identify(src/jetbot_actions) by extensions ['colcon_pkg']
[0.137s] Level 1:colcon.colcon_core.package_identification:_identify(src/jetbot_actions) by extension 'colcon_pkg'
[0.137s] Level 1:colcon.colcon_core.package_identification:_identify(src/jetbot_actions) by extensions ['colcon_meta']
[0.137s] Level 1:colcon.colcon_core.package_identification:_identify(src/jetbot_actions) by extension 'colcon_meta'
[0.137s] Level 1:colcon.colcon_core.package_identification:_identify(src/jetbot_actions) by extensions ['ros']
[0.137s] Level 1:colcon.colcon_core.package_identification:_identify(src/jetbot_actions) by extension 'ros'
[0.137s] DEBUG:colcon.colcon_core.package_identification:Package 'src/jetbot_actions' with type 'ros.ament_cmake' and name 'jetbot_actions'
[0.137s] Level 1:colcon.colcon_core.package_identification:_identify(src/jetbot_ros2) by extensions ['ignore', 'ignore_ament_install']
[0.138s] Level 1:colcon.colcon_core.package_identification:_identify(src/jetbot_ros2) by extension 'ignore'
[0.138s] Level 1:colcon.colcon_core.package_identification:_identify(src/jetbot_ros2) by extension 'ignore_ament_install'
[0.138s] Level 1:colcon.colcon_core.package_identification:_identify(src/jetbot_ros2) by extensions ['colcon_pkg']
[0.138s] Level 1:colcon.colcon_core.package_identification:_identify(src/jetbot_ros2) by extension 'colcon_pkg'
[0.138s] Level 1:colcon.colcon_core.package_identification:_identify(src/jetbot_ros2) by extensions ['colcon_meta']
[0.138s] Level 1:colcon.colcon_core.package_identification:_identify(src/jetbot_ros2) by extension 'colcon_meta'
[0.138s] Level 1:colcon.colcon_core.package_identification:_identify(src/jetbot_ros2) by extensions ['ros']
[0.138s] Level 1:colcon.colcon_core.package_identification:_identify(src/jetbot_ros2) by extension 'ros'
[0.138s] DEBUG:colcon.colcon_core.package_identification:Package 'src/jetbot_ros2' with type 'ros.ament_python' and name 'jetbot_ros2'
[0.138s] Level 1:colcon.colcon_core.package_identification:_identify(src/opti_track) by extensions ['ignore', 'ignore_ament_install']
[0.138s] Level 1:colcon.colcon_core.package_identification:_identify(src/opti_track) by extension 'ignore'
[0.138s] Level 1:colcon.colcon_core.package_identification:_identify(src/opti_track) by extension 'ignore_ament_install'
[0.138s] Level 1:colcon.colcon_core.package_identification:_identify(src/opti_track) by extensions ['colcon_pkg']
[0.138s] Level 1:colcon.colcon_core.package_identification:_identify(src/opti_track) by extension 'colcon_pkg'
[0.139s] Level 1:colcon.colcon_core.package_identification:_identify(src/opti_track) by extensions ['colcon_meta']
[0.139s] Level 1:colcon.colcon_core.package_identification:_identify(src/opti_track) by extension 'colcon_meta'
[0.139s] Level 1:colcon.colcon_core.package_identification:_identify(src/opti_track) by extensions ['ros']
[0.139s] Level 1:colcon.colcon_core.package_identification:_identify(src/opti_track) by extension 'ros'
[0.139s] DEBUG:colcon.colcon_core.package_identification:Package 'src/opti_track' with type 'ros.ament_python' and name 'opti_track'
[0.139s] Level 1:colcon.colcon_core.package_identification:_identify(src/py_basicsub) by extensions ['ignore', 'ignore_ament_install']
[0.139s] Level 1:colcon.colcon_core.package_identification:_identify(src/py_basicsub) by extension 'ignore'
[0.139s] Level 1:colcon.colcon_core.package_identification:_identify(src/py_basicsub) by extension 'ignore_ament_install'
[0.139s] Level 1:colcon.colcon_core.package_identification:_identify(src/py_basicsub) by extensions ['colcon_pkg']
[0.139s] Level 1:colcon.colcon_core.package_identification:_identify(src/py_basicsub) by extension 'colcon_pkg'
[0.139s] Level 1:colcon.colcon_core.package_identification:_identify(src/py_basicsub) by extensions ['colcon_meta']
[0.139s] Level 1:colcon.colcon_core.package_identification:_identify(src/py_basicsub) by extension 'colcon_meta'
[0.139s] Level 1:colcon.colcon_core.package_identification:_identify(src/py_basicsub) by extensions ['ros']
[0.139s] Level 1:colcon.colcon_core.package_identification:_identify(src/py_basicsub) by extension 'ros'
[0.140s] DEBUG:colcon.colcon_core.package_identification:Package 'src/py_basicsub' with type 'ros.ament_python' and name 'py_basicsub'
[0.140s] Level 1:colcon.colcon_core.package_identification:_identify(src/teleop) by extensions ['ignore', 'ignore_ament_install']
[0.140s] Level 1:colcon.colcon_core.package_identification:_identify(src/teleop) by extension 'ignore'
[0.140s] Level 1:colcon.colcon_core.package_identification:_identify(src/teleop) by extension 'ignore_ament_install'
[0.140s] Level 1:colcon.colcon_core.package_identification:_identify(src/teleop) by extensions ['colcon_pkg']
[0.140s] Level 1:colcon.colcon_core.package_identification:_identify(src/teleop) by extension 'colcon_pkg'
[0.140s] Level 1:colcon.colcon_core.package_identification:_identify(src/teleop) by extensions ['colcon_meta']
[0.140s] Level 1:colcon.colcon_core.package_identification:_identify(src/teleop) by extension 'colcon_meta'
[0.140s] Level 1:colcon.colcon_core.package_identification:_identify(src/teleop) by extensions ['ros']
[0.140s] Level 1:colcon.colcon_core.package_identification:_identify(src/teleop) by extension 'ros'
[0.140s] DEBUG:colcon.colcon_core.package_identification:Package 'src/teleop' with type 'ros.ament_python' and name 'teleop'
[0.141s] Level 1:colcon.colcon_core.package_discovery:discover_packages(recursive) using defaults
[0.141s] Level 1:colcon.colcon_core.package_discovery:discover_packages(ignore) discover
[0.141s] Level 1:colcon.colcon_core.package_discovery:discover_packages(ignore) using defaults
[0.141s] Level 1:colcon.colcon_core.package_discovery:discover_packages(path) discover
[0.141s] Level 1:colcon.colcon_core.package_discovery:discover_packages(path) using defaults
[0.151s] INFO:colcon.colcon_core.package_selection:Skipping not selected package 'basic_pub' in 'src/basic_pub'
[0.151s] INFO:colcon.colcon_core.package_selection:Skipping not selected package 'central_pc' in 'src/central_pc'
[0.151s] INFO:colcon.colcon_core.package_selection:Skipping not selected package 'jetbot_actions' in 'src/jetbot_actions'
[0.152s] INFO:colcon.colcon_core.package_selection:Skipping not selected package 'opti_track' in 'src/opti_track'
[0.152s] INFO:colcon.colcon_core.package_selection:Skipping not selected package 'py_basicsub' in 'src/py_basicsub'
[0.152s] INFO:colcon.colcon_core.package_selection:Skipping not selected package 'teleop' in 'src/teleop'
[0.152s] INFO:colcon.colcon_core.package_selection:Skipping not selected package 'jetbot_ros2' in 'src/jetbot_ros2'
[0.152s] Level 1:colcon.colcon_core.package_discovery:discover_packages(prefix_path) check parameters
[0.152s] Level 1:colcon.colcon_core.package_discovery:discover_packages(prefix_path) discover
[0.153s] DEBUG:colcon.colcon_installed_package_information.package_discovery:Found 9 installed packages in /home/sycamore/Syca_ws/install
[0.157s] DEBUG:colcon.colcon_installed_package_information.package_discovery:Found 330 installed packages in /home/sycamore/ros2_galactic/ros2-linux
[0.163s] Level 1:colcon.colcon_core.package_discovery:discover_packages(prefix_path) using defaults
[0.178s] Level 5:colcon.colcon_core.verb:set package 'interfaces' build argument 'cmake_args' from command line to 'None'
[0.178s] Level 5:colcon.colcon_core.verb:set package 'interfaces' build argument 'cmake_target' from command line to 'None'
[0.178s] Level 5:colcon.colcon_core.verb:set package 'interfaces' build argument 'cmake_target_skip_unavailable' from command line to 'False'
[0.178s] Level 5:colcon.colcon_core.verb:set package 'interfaces' build argument 'cmake_clean_cache' from command line to 'False'
[0.178s] Level 5:colcon.colcon_core.verb:set package 'interfaces' build argument 'cmake_clean_first' from command line to 'False'
[0.178s] Level 5:colcon.colcon_core.verb:set package 'interfaces' build argument 'cmake_force_configure' from command line to 'False'
[0.178s] Level 5:colcon.colcon_core.verb:set package 'interfaces' build argument 'ament_cmake_args' from command line to 'None'
[0.178s] Level 5:colcon.colcon_core.verb:set package 'interfaces' build argument 'catkin_cmake_args' from command line to 'None'
[0.178s] Level 5:colcon.colcon_core.verb:set package 'interfaces' build argument 'catkin_skip_building_tests' from command line to 'False'
[0.178s] DEBUG:colcon.colcon_core.verb:Building package 'interfaces' with the following arguments: {'ament_cmake_args': None, 'build_base': '/home/sycamore/Syca_ws/build/interfaces', 'catkin_cmake_args': None, 'catkin_skip_building_tests': False, 'cmake_args': None, 'cmake_clean_cache': False, 'cmake_clean_first': False, 'cmake_force_configure': False, 'cmake_target': None, 'cmake_target_skip_unavailable': False, 'install_base': '/home/sycamore/Syca_ws/install', 'merge_install': True, 'path': '/home/sycamore/Syca_ws/src/interfaces', 'symlink_install': False, 'test_result_base': None}
[0.178s] INFO:colcon.colcon_core.executor:Executing jobs using 'parallel' executor
[0.180s] DEBUG:colcon.colcon_parallel_executor.executor.parallel:run_until_complete
[0.180s] INFO:colcon.colcon_ros.task.ament_cmake.build:Building ROS package in '/home/sycamore/Syca_ws/src/interfaces' with build type 'ament_cmake'
[0.180s] INFO:colcon.colcon_cmake.task.cmake.build:Building CMake package in '/home/sycamore/Syca_ws/src/interfaces'
[0.182s] INFO:colcon.colcon_core.plugin_system:Skipping extension 'colcon_core.shell.bat': Not used on non-Windows systems
[0.182s] INFO:colcon.colcon_core.shell:Skip shell extension 'powershell' for command environment: Not usable outside of PowerShell
[0.182s] DEBUG:colcon.colcon_core.shell:Skip shell extension 'dsv' for command environment
[0.192s] DEBUG:colcon.colcon_core.event_handler.log_command:Invoking command in '/home/sycamore/Syca_ws/build/interfaces': /usr/bin/cmake --build /home/sycamore/Syca_ws/build/interfaces -- -j20 -l20
[1.451s] DEBUG:colcon.colcon_core.event_handler.log_command:Invoked command in '/home/sycamore/Syca_ws/build/interfaces' returned '0': /usr/bin/cmake --build /home/sycamore/Syca_ws/build/interfaces -- -j20 -l20
[1.482s] DEBUG:colcon.colcon_core.event_handler.log_command:Invoking command in '/home/sycamore/Syca_ws/build/interfaces': /usr/bin/cmake --install /home/sycamore/Syca_ws/build/interfaces
[1.516s] Level 1:colcon.colcon_core.environment:create_environment_scripts_only(interfaces)
[1.517s] DEBUG:colcon.colcon_core.event_handler.log_command:Invoked command in '/home/sycamore/Syca_ws/build/interfaces' returned '0': /usr/bin/cmake --install /home/sycamore/Syca_ws/build/interfaces
[1.519s] Level 1:colcon.colcon_core.environment:checking '/home/sycamore/Syca_ws/install' for CMake module files
[1.520s] Level 1:colcon.colcon_core.environment:checking '/home/sycamore/Syca_ws/install' for CMake config files
[1.520s] Level 1:colcon.colcon_core.shell:create_environment_hook('interfaces', 'cmake_prefix_path')
[1.521s] INFO:colcon.colcon_core.shell:Creating environment hook '/home/sycamore/Syca_ws/install/share/interfaces/hook/cmake_prefix_path.ps1'
[1.521s] INFO:colcon.colcon_core.shell:Creating environment descriptor '/home/sycamore/Syca_ws/install/share/interfaces/hook/cmake_prefix_path.dsv'
[1.521s] INFO:colcon.colcon_core.shell:Creating environment hook '/home/sycamore/Syca_ws/install/share/interfaces/hook/cmake_prefix_path.sh'
[1.522s] Level 1:colcon.colcon_core.environment:checking '/home/sycamore/Syca_ws/install/lib'
[1.522s] Level 1:colcon.colcon_core.shell:create_environment_hook('interfaces', 'ld_library_path_lib')
[1.522s] INFO:colcon.colcon_core.shell:Creating environment hook '/home/sycamore/Syca_ws/install/share/interfaces/hook/ld_library_path_lib.ps1'
[1.523s] INFO:colcon.colcon_core.shell:Creating environment descriptor '/home/sycamore/Syca_ws/install/share/interfaces/hook/ld_library_path_lib.dsv'
[1.523s] INFO:colcon.colcon_core.shell:Creating environment hook '/home/sycamore/Syca_ws/install/share/interfaces/hook/ld_library_path_lib.sh'
[1.523s] Level 1:colcon.colcon_core.environment:checking '/home/sycamore/Syca_ws/install/bin'
[1.523s] Level 1:colcon.colcon_core.environment:checking '/home/sycamore/Syca_ws/install/lib/pkgconfig/interfaces.pc'
[1.524s] Level 1:colcon.colcon_core.environment:checking '/home/sycamore/Syca_ws/install/lib/python3.8/site-packages'
[1.524s] Level 1:colcon.colcon_core.shell:create_environment_hook('interfaces', 'pythonpath')
[1.524s] INFO:colcon.colcon_core.shell:Creating environment hook '/home/sycamore/Syca_ws/install/share/interfaces/hook/pythonpath.ps1'
[1.524s] INFO:colcon.colcon_core.shell:Creating environment descriptor '/home/sycamore/Syca_ws/install/share/interfaces/hook/pythonpath.dsv'
[1.524s] INFO:colcon.colcon_core.shell:Creating environment hook '/home/sycamore/Syca_ws/install/share/interfaces/hook/pythonpath.sh'
[1.525s] INFO:colcon.colcon_core.shell:Creating package script '/home/sycamore/Syca_ws/install/share/interfaces/package.ps1'
[1.525s] INFO:colcon.colcon_core.shell:Creating package descriptor '/home/sycamore/Syca_ws/install/share/interfaces/package.dsv'
[1.526s] INFO:colcon.colcon_core.shell:Creating package script '/home/sycamore/Syca_ws/install/share/interfaces/package.sh'
[1.526s] INFO:colcon.colcon_core.shell:Creating package script '/home/sycamore/Syca_ws/install/share/interfaces/package.bash'
[1.527s] INFO:colcon.colcon_core.shell:Creating package script '/home/sycamore/Syca_ws/install/share/interfaces/package.zsh'
[1.527s] Level 1:colcon.colcon_core.environment:create_file_with_runtime_dependencies(/home/sycamore/Syca_ws/install/share/colcon-core/packages/interfaces)
[1.553s] Level 1:colcon.colcon_core.environment:create_environment_scripts_only(interfaces)
[1.554s] Level 1:colcon.colcon_core.environment:checking '/home/sycamore/Syca_ws/install' for CMake module files
[1.554s] Level 1:colcon.colcon_core.environment:checking '/home/sycamore/Syca_ws/install' for CMake config files
[1.555s] Level 1:colcon.colcon_core.shell:create_environment_hook('interfaces', 'cmake_prefix_path')
[1.555s] INFO:colcon.colcon_core.shell:Creating environment hook '/home/sycamore/Syca_ws/install/share/interfaces/hook/cmake_prefix_path.ps1'
[1.556s] INFO:colcon.colcon_core.shell:Creating environment descriptor '/home/sycamore/Syca_ws/install/share/interfaces/hook/cmake_prefix_path.dsv'
[1.556s] INFO:colcon.colcon_core.shell:Creating environment hook '/home/sycamore/Syca_ws/install/share/interfaces/hook/cmake_prefix_path.sh'
[1.556s] Level 1:colcon.colcon_core.environment:checking '/home/sycamore/Syca_ws/install/lib'
[1.556s] Level 1:colcon.colcon_core.shell:create_environment_hook('interfaces', 'ld_library_path_lib')
[1.557s] INFO:colcon.colcon_core.shell:Creating environment hook '/home/sycamore/Syca_ws/install/share/interfaces/hook/ld_library_path_lib.ps1'
[1.557s] INFO:colcon.colcon_core.shell:Creating environment descriptor '/home/sycamore/Syca_ws/install/share/interfaces/hook/ld_library_path_lib.dsv'
[1.557s] INFO:colcon.colcon_core.shell:Creating environment hook '/home/sycamore/Syca_ws/install/share/interfaces/hook/ld_library_path_lib.sh'
[1.557s] Level 1:colcon.colcon_core.environment:checking '/home/sycamore/Syca_ws/install/bin'
[1.557s] Level 1:colcon.colcon_core.environment:checking '/home/sycamore/Syca_ws/install/lib/pkgconfig/interfaces.pc'
[1.557s] Level 1:colcon.colcon_core.environment:checking '/home/sycamore/Syca_ws/install/lib/python3.8/site-packages'
[1.557s] Level 1:colcon.colcon_core.shell:create_environment_hook('interfaces', 'pythonpath')
[1.558s] INFO:colcon.colcon_core.shell:Creating environment hook '/home/sycamore/Syca_ws/install/share/interfaces/hook/pythonpath.ps1'
[1.558s] INFO:colcon.colcon_core.shell:Creating environment descriptor '/home/sycamore/Syca_ws/install/share/interfaces/hook/pythonpath.dsv'
[1.558s] INFO:colcon.colcon_core.shell:Creating environment hook '/home/sycamore/Syca_ws/install/share/interfaces/hook/pythonpath.sh'
[1.559s] INFO:colcon.colcon_core.shell:Creating package script '/home/sycamore/Syca_ws/install/share/interfaces/package.ps1'
[1.559s] INFO:colcon.colcon_core.shell:Creating package descriptor '/home/sycamore/Syca_ws/install/share/interfaces/package.dsv'
[1.559s] INFO:colcon.colcon_core.shell:Creating package script '/home/sycamore/Syca_ws/install/share/interfaces/package.sh'
[1.560s] INFO:colcon.colcon_core.shell:Creating package script '/home/sycamore/Syca_ws/install/share/interfaces/package.bash'
[1.560s] INFO:colcon.colcon_core.shell:Creating package script '/home/sycamore/Syca_ws/install/share/interfaces/package.zsh'
[1.560s] Level 1:colcon.colcon_core.environment:create_file_with_runtime_dependencies(/home/sycamore/Syca_ws/install/share/colcon-core/packages/interfaces)
[1.560s] DEBUG:colcon.colcon_parallel_executor.executor.parallel:closing loop
[1.561s] DEBUG:colcon.colcon_parallel_executor.executor.parallel:loop closed
[1.561s] DEBUG:colcon.colcon_parallel_executor.executor.parallel:run_until_complete finished with '0'
[1.561s] DEBUG:colcon.colcon_core.event_reactor:joining thread
[1.564s] INFO:colcon.colcon_core.plugin_system:Skipping extension 'colcon_notification.desktop_notification.terminal_notifier': Not used on non-Darwin systems
[1.564s] INFO:colcon.colcon_core.plugin_system:Skipping extension 'colcon_notification.desktop_notification.win32': Not used on non-Windows systems
[1.564s] INFO:colcon.colcon_notification.desktop_notification:Sending desktop notification using 'notify2'
[1.575s] DEBUG:colcon.colcon_core.event_reactor:joined thread
[1.575s] INFO:colcon.colcon_core.shell:Creating prefix script '/home/sycamore/Syca_ws/install/local_setup.ps1'
[1.576s] INFO:colcon.colcon_core.shell:Creating prefix util module '/home/sycamore/Syca_ws/install/_local_setup_util_ps1.py'
[1.577s] INFO:colcon.colcon_core.shell:Creating prefix chain script '/home/sycamore/Syca_ws/install/setup.ps1'
[1.578s] INFO:colcon.colcon_core.shell:Creating prefix script '/home/sycamore/Syca_ws/install/local_setup.sh'
[1.578s] INFO:colcon.colcon_core.shell:Creating prefix util module '/home/sycamore/Syca_ws/install/_local_setup_util_sh.py'
[1.578s] INFO:colcon.colcon_core.shell:Creating prefix chain script '/home/sycamore/Syca_ws/install/setup.sh'
[1.579s] INFO:colcon.colcon_core.shell:Creating prefix script '/home/sycamore/Syca_ws/install/local_setup.bash'
[1.580s] INFO:colcon.colcon_core.shell:Creating prefix chain script '/home/sycamore/Syca_ws/install/setup.bash'
[1.580s] INFO:colcon.colcon_core.shell:Creating prefix script '/home/sycamore/Syca_ws/install/local_setup.zsh'
[1.581s] INFO:colcon.colcon_core.shell:Creating prefix chain script '/home/sycamore/Syca_ws/install/setup.zsh'
