[0.660s] Invoking command in '/home/sycamore/Syca_ws/src/central_pc': PYTHONPATH=/home/sycamore/Syca_ws/install/lib/python3.8/site-packages:${PYTHONPATH} /usr/bin/python3 setup.py egg_info --egg-base ../../build/central_pc build --build-base /home/sycamore/Syca_ws/build/central_pc/build install --prefix /home/sycamore/Syca_ws/install --record /home/sycamore/Syca_ws/build/central_pc/install.log --single-version-externally-managed
[0.811s] running egg_info
[0.812s] writing ../../build/central_pc/central_pc.egg-info/PKG-INFO
[0.812s] writing dependency_links to ../../build/central_pc/central_pc.egg-info/dependency_links.txt
[0.812s] writing entry points to ../../build/central_pc/central_pc.egg-info/entry_points.txt
[0.812s] writing requirements to ../../build/central_pc/central_pc.egg-info/requires.txt
[0.812s] writing top-level names to ../../build/central_pc/central_pc.egg-info/top_level.txt
[0.835s] reading manifest file '../../build/central_pc/central_pc.egg-info/SOURCES.txt'
[0.835s] writing manifest file '../../build/central_pc/central_pc.egg-info/SOURCES.txt'
[0.835s] running build
[0.836s] running build_py
[0.836s] copying central_pc/centralPC.py -> /home/sycamore/Syca_ws/build/central_pc/build/lib/central_pc
[0.836s] running install
[0.836s] running install_lib
[0.837s] copying /home/sycamore/Syca_ws/build/central_pc/build/lib/central_pc/centralPC.py -> /home/sycamore/Syca_ws/install/lib/python3.8/site-packages/central_pc
[0.837s] byte-compiling /home/sycamore/Syca_ws/install/lib/python3.8/site-packages/central_pc/centralPC.py to centralPC.cpython-38.pyc
[0.839s] running install_data
[0.839s] running install_egg_info
[0.840s] removing '/home/sycamore/Syca_ws/install/lib/python3.8/site-packages/central_pc-0.0.0-py3.8.egg-info' (and everything under it)
[0.840s] Copying ../../build/central_pc/central_pc.egg-info to /home/sycamore/Syca_ws/install/lib/python3.8/site-packages/central_pc-0.0.0-py3.8.egg-info
[0.841s] running install_scripts
[0.851s] Installing centralPC script to /home/sycamore/Syca_ws/install/lib/central_pc
[0.852s] writing list of installed files to '/home/sycamore/Syca_ws/build/central_pc/install.log'
[0.867s] Invoked command in '/home/sycamore/Syca_ws/src/central_pc' returned '0': PYTHONPATH=/home/sycamore/Syca_ws/install/lib/python3.8/site-packages:${PYTHONPATH} /usr/bin/python3 setup.py egg_info --egg-base ../../build/central_pc build --build-base /home/sycamore/Syca_ws/build/central_pc/build install --prefix /home/sycamore/Syca_ws/install --record /home/sycamore/Syca_ws/build/central_pc/install.log --single-version-externally-managed
