[0.426s] Invoking command in '/home/sycamore/Syca_ws/src/jetbot': PYTHONPATH=/home/sycamore/Syca_ws/install/lib/python3.8/site-packages:${PYTHONPATH} /usr/bin/python3 setup.py egg_info --egg-base ../../build/jetbot build --build-base /home/sycamore/Syca_ws/build/jetbot/build install --prefix /home/sycamore/Syca_ws/install --record /home/sycamore/Syca_ws/build/jetbot/install.log --single-version-externally-managed
[0.572s] running egg_info
[0.572s] writing ../../build/jetbot/jetbot.egg-info/PKG-INFO
[0.573s] writing dependency_links to ../../build/jetbot/jetbot.egg-info/dependency_links.txt
[0.573s] writing entry points to ../../build/jetbot/jetbot.egg-info/entry_points.txt
[0.573s] writing requirements to ../../build/jetbot/jetbot.egg-info/requires.txt
[0.573s] writing top-level names to ../../build/jetbot/jetbot.egg-info/top_level.txt
[0.594s] reading manifest file '../../build/jetbot/jetbot.egg-info/SOURCES.txt'
[0.594s] writing manifest file '../../build/jetbot/jetbot.egg-info/SOURCES.txt'
[0.594s] running build
[0.595s] running build_py
[0.595s] copying jetbot/jb_control.py -> /home/sycamore/Syca_ws/build/jetbot/build/lib/jetbot
[0.595s] copying jetbot/jb_start.py -> /home/sycamore/Syca_ws/build/jetbot/build/lib/jetbot
[0.595s] copying jetbot/motors_waveshare.py -> /home/sycamore/Syca_ws/build/jetbot/build/lib/jetbot
[0.595s] copying jetbot/motors.py -> /home/sycamore/Syca_ws/build/jetbot/build/lib/jetbot
[0.595s] running install
[0.595s] running install_lib
[0.596s] copying /home/sycamore/Syca_ws/build/jetbot/build/lib/jetbot/jb_control.py -> /home/sycamore/Syca_ws/install/lib/python3.8/site-packages/jetbot
[0.596s] copying /home/sycamore/Syca_ws/build/jetbot/build/lib/jetbot/jb_start.py -> /home/sycamore/Syca_ws/install/lib/python3.8/site-packages/jetbot
[0.596s] copying /home/sycamore/Syca_ws/build/jetbot/build/lib/jetbot/motors_waveshare.py -> /home/sycamore/Syca_ws/install/lib/python3.8/site-packages/jetbot
[0.596s] copying /home/sycamore/Syca_ws/build/jetbot/build/lib/jetbot/motors.py -> /home/sycamore/Syca_ws/install/lib/python3.8/site-packages/jetbot
[0.596s] byte-compiling /home/sycamore/Syca_ws/install/lib/python3.8/site-packages/jetbot/jb_control.py to jb_control.cpython-38.pyc
[0.597s] byte-compiling /home/sycamore/Syca_ws/install/lib/python3.8/site-packages/jetbot/jb_start.py to jb_start.cpython-38.pyc
[0.598s] byte-compiling /home/sycamore/Syca_ws/install/lib/python3.8/site-packages/jetbot/motors_waveshare.py to motors_waveshare.cpython-38.pyc
[0.598s] byte-compiling /home/sycamore/Syca_ws/install/lib/python3.8/site-packages/jetbot/motors.py to motors.cpython-38.pyc
[0.598s] running install_data
[0.599s] running install_egg_info
[0.600s] removing '/home/sycamore/Syca_ws/install/lib/python3.8/site-packages/jetbot-0.0.0-py3.8.egg-info' (and everything under it)
[0.600s] Copying ../../build/jetbot/jetbot.egg-info to /home/sycamore/Syca_ws/install/lib/python3.8/site-packages/jetbot-0.0.0-py3.8.egg-info
[0.600s] running install_scripts
[0.610s] Installing start script to /home/sycamore/Syca_ws/install/lib/jetbot
[0.610s] writing list of installed files to '/home/sycamore/Syca_ws/build/jetbot/install.log'
[0.621s] Invoked command in '/home/sycamore/Syca_ws/src/jetbot' returned '0': PYTHONPATH=/home/sycamore/Syca_ws/install/lib/python3.8/site-packages:${PYTHONPATH} /usr/bin/python3 setup.py egg_info --egg-base ../../build/jetbot build --build-base /home/sycamore/Syca_ws/build/jetbot/build install --prefix /home/sycamore/Syca_ws/install --record /home/sycamore/Syca_ws/build/jetbot/install.log --single-version-externally-managed
