[0.088s] DEBUG:colcon:Command line arguments: ['/usr/bin/colcon', 'build', '--merge-install', '--packages-select', 'interfaces', 'central_pc', 'jetbot']
[0.088s] DEBUG:colcon:Parsed command line arguments: Namespace(allow_overriding=[], ament_cmake_args=None, base_paths=['.'], build_base='build', catkin_cmake_args=None, catkin_skip_building_tests=False, cmake_args=None, cmake_clean_cache=False, cmake_clean_first=False, cmake_force_configure=False, cmake_target=None, cmake_target_skip_unavailable=False, continue_on_error=False, event_handlers=None, executor='parallel', ignore_user_meta=False, install_base='install', log_base=None, log_level=None, main=<bound method BuildVerb.main of <colcon_core.verb.build.BuildVerb object at 0x7fa7b33a9fd0>>, merge_install=True, metas=['./colcon.meta'], packages_above=None, packages_above_and_dependencies=None, packages_above_depth=None, packages_end=None, packages_ignore=None, packages_ignore_regex=None, packages_select=['interfaces', 'central_pc', 'jetbot'], packages_select_build_failed=False, packages_select_by_dep=None, packages_select_regex=None, packages_select_test_failures=False, packages_skip=None, packages_skip_build_finished=False, packages_skip_by_dep=None, packages_skip_regex=None, packages_skip_test_passed=False, packages_skip_up_to=None, packages_start=None, packages_up_to=None, packages_up_to_regex=None, parallel_workers=20, paths=None, symlink_install=False, test_result_base=None, verb_extension=<colcon_core.verb.build.BuildVerb object at 0x7fa7b33a9fd0>, verb_name='build', verb_parser=<colcon_defaults.argument_parser.defaults.DefaultArgumentsDecorator object at 0x7fa7b33b6490>)
[0.103s] Level 1:colcon.colcon_core.package_discovery:discover_packages(colcon_meta) check parameters
[0.104s] Level 1:colcon.colcon_core.package_discovery:discover_packages(recursive) check parameters
[0.104s] Level 1:colcon.colcon_core.package_discovery:discover_packages(ignore) check parameters
[0.104s] Level 1:colcon.colcon_core.package_discovery:discover_packages(path) check parameters
[0.104s] Level 1:colcon.colcon_core.package_discovery:discover_packages(colcon_meta) discover
[0.104s] Level 1:colcon.colcon_core.package_discovery:discover_packages(recursive) discover
[0.104s] INFO:colcon.colcon_core.package_discovery:Crawling recursively for packages in '/home/sycamore/Syca_ws'
[0.104s] Level 1:colcon.colcon_core.package_identification:_identify(.) by extensions ['ignore', 'ignore_ament_install']
[0.104s] Level 1:colcon.colcon_core.package_identification:_identify(.) by extension 'ignore'
[0.104s] Level 1:colcon.colcon_core.package_identification:_identify(.) by extension 'ignore_ament_install'
[0.104s] Level 1:colcon.colcon_core.package_identification:_identify(.) by extensions ['colcon_pkg']
[0.104s] Level 1:colcon.colcon_core.package_identification:_identify(.) by extension 'colcon_pkg'
[0.104s] Level 1:colcon.colcon_core.package_identification:_identify(.) by extensions ['colcon_meta']
[0.104s] Level 1:colcon.colcon_core.package_identification:_identify(.) by extension 'colcon_meta'
[0.104s] Level 1:colcon.colcon_core.package_identification:_identify(.) by extensions ['ros']
[0.104s] Level 1:colcon.colcon_core.package_identification:_identify(.) by extension 'ros'
[0.112s] Level 1:colcon.colcon_core.package_identification:_identify(.) by extensions ['cmake', 'python']
[0.113s] Level 1:colcon.colcon_core.package_identification:_identify(.) by extension 'cmake'
[0.113s] Level 1:colcon.colcon_core.package_identification:_identify(.) by extension 'python'
[0.113s] Level 1:colcon.colcon_core.package_identification:_identify(.) by extensions ['python_setup_py']
[0.113s] Level 1:colcon.colcon_core.package_identification:_identify(.) by extension 'python_setup_py'
[0.113s] Level 1:colcon.colcon_core.package_identification:_identify(build) by extensions ['ignore', 'ignore_ament_install']
[0.113s] Level 1:colcon.colcon_core.package_identification:_identify(build) by extension 'ignore'
[0.113s] Level 1:colcon.colcon_core.package_identification:_identify(build) ignored
[0.113s] Level 1:colcon.colcon_core.package_identification:_identify(install) by extensions ['ignore', 'ignore_ament_install']
[0.113s] Level 1:colcon.colcon_core.package_identification:_identify(install) by extension 'ignore'
[0.113s] Level 1:colcon.colcon_core.package_identification:_identify(install) ignored
[0.113s] Level 1:colcon.colcon_core.package_identification:_identify(log) by extensions ['ignore', 'ignore_ament_install']
[0.113s] Level 1:colcon.colcon_core.package_identification:_identify(log) by extension 'ignore'
[0.113s] Level 1:colcon.colcon_core.package_identification:_identify(log) ignored
[0.113s] Level 1:colcon.colcon_core.package_identification:_identify(src) by extensions ['ignore', 'ignore_ament_install']
[0.113s] Level 1:colcon.colcon_core.package_identification:_identify(src) by extension 'ignore'
[0.114s] Level 1:colcon.colcon_core.package_identification:_identify(src) by extension 'ignore_ament_install'
[0.114s] Level 1:colcon.colcon_core.package_identification:_identify(src) by extensions ['colcon_pkg']
[0.114s] Level 1:colcon.colcon_core.package_identification:_identify(src) by extension 'colcon_pkg'
[0.114s] Level 1:colcon.colcon_core.package_identification:_identify(src) by extensions ['colcon_meta']
[0.114s] Level 1:colcon.colcon_core.package_identification:_identify(src) by extension 'colcon_meta'
[0.114s] Level 1:colcon.colcon_core.package_identification:_identify(src) by extensions ['ros']
[0.114s] Level 1:colcon.colcon_core.package_identification:_identify(src) by extension 'ros'
[0.114s] Level 1:colcon.colcon_core.package_identification:_identify(src) by extensions ['cmake', 'python']
[0.114s] Level 1:colcon.colcon_core.package_identification:_identify(src) by extension 'cmake'
[0.114s] Level 1:colcon.colcon_core.package_identification:_identify(src) by extension 'python'
[0.114s] Level 1:colcon.colcon_core.package_identification:_identify(src) by extensions ['python_setup_py']
[0.114s] Level 1:colcon.colcon_core.package_identification:_identify(src) by extension 'python_setup_py'
[0.114s] Level 1:colcon.colcon_core.package_identification:_identify(src/basic_pub) by extensions ['ignore', 'ignore_ament_install']
[0.114s] Level 1:colcon.colcon_core.package_identification:_identify(src/basic_pub) by extension 'ignore'
[0.114s] Level 1:colcon.colcon_core.package_identification:_identify(src/basic_pub) by extension 'ignore_ament_install'
[0.114s] Level 1:colcon.colcon_core.package_identification:_identify(src/basic_pub) by extensions ['colcon_pkg']
[0.114s] Level 1:colcon.colcon_core.package_identification:_identify(src/basic_pub) by extension 'colcon_pkg'
[0.114s] Level 1:colcon.colcon_core.package_identification:_identify(src/basic_pub) by extensions ['colcon_meta']
[0.114s] Level 1:colcon.colcon_core.package_identification:_identify(src/basic_pub) by extension 'colcon_meta'
[0.114s] Level 1:colcon.colcon_core.package_identification:_identify(src/basic_pub) by extensions ['ros']
[0.114s] Level 1:colcon.colcon_core.package_identification:_identify(src/basic_pub) by extension 'ros'
[0.116s] DEBUG:colcon.colcon_core.package_identification:Package 'src/basic_pub' with type 'ros.ament_python' and name 'basic_pub'
[0.116s] Level 1:colcon.colcon_core.package_identification:_identify(src/central_pc) by extensions ['ignore', 'ignore_ament_install']
[0.116s] Level 1:colcon.colcon_core.package_identification:_identify(src/central_pc) by extension 'ignore'
[0.116s] Level 1:colcon.colcon_core.package_identification:_identify(src/central_pc) by extension 'ignore_ament_install'
[0.117s] Level 1:colcon.colcon_core.package_identification:_identify(src/central_pc) by extensions ['colcon_pkg']
[0.117s] Level 1:colcon.colcon_core.package_identification:_identify(src/central_pc) by extension 'colcon_pkg'
[0.117s] Level 1:colcon.colcon_core.package_identification:_identify(src/central_pc) by extensions ['colcon_meta']
[0.117s] Level 1:colcon.colcon_core.package_identification:_identify(src/central_pc) by extension 'colcon_meta'
[0.117s] Level 1:colcon.colcon_core.package_identification:_identify(src/central_pc) by extensions ['ros']
[0.117s] Level 1:colcon.colcon_core.package_identification:_identify(src/central_pc) by extension 'ros'
[0.117s] DEBUG:colcon.colcon_core.package_identification:Package 'src/central_pc' with type 'ros.ament_python' and name 'central_pc'
[0.117s] Level 1:colcon.colcon_core.package_identification:_identify(src/interfaces) by extensions ['ignore', 'ignore_ament_install']
[0.117s] Level 1:colcon.colcon_core.package_identification:_identify(src/interfaces) by extension 'ignore'
[0.117s] Level 1:colcon.colcon_core.package_identification:_identify(src/interfaces) by extension 'ignore_ament_install'
[0.117s] Level 1:colcon.colcon_core.package_identification:_identify(src/interfaces) by extensions ['colcon_pkg']
[0.117s] Level 1:colcon.colcon_core.package_identification:_identify(src/interfaces) by extension 'colcon_pkg'
[0.117s] Level 1:colcon.colcon_core.package_identification:_identify(src/interfaces) by extensions ['colcon_meta']
[0.117s] Level 1:colcon.colcon_core.package_identification:_identify(src/interfaces) by extension 'colcon_meta'
[0.118s] Level 1:colcon.colcon_core.package_identification:_identify(src/interfaces) by extensions ['ros']
[0.118s] Level 1:colcon.colcon_core.package_identification:_identify(src/interfaces) by extension 'ros'
[0.118s] DEBUG:colcon.colcon_core.package_identification:Package 'src/interfaces' with type 'ros.ament_cmake' and name 'interfaces'
[0.118s] Level 1:colcon.colcon_core.package_identification:_identify(src/jetbot) by extensions ['ignore', 'ignore_ament_install']
[0.118s] Level 1:colcon.colcon_core.package_identification:_identify(src/jetbot) by extension 'ignore'
[0.118s] Level 1:colcon.colcon_core.package_identification:_identify(src/jetbot) by extension 'ignore_ament_install'
[0.118s] Level 1:colcon.colcon_core.package_identification:_identify(src/jetbot) by extensions ['colcon_pkg']
[0.118s] Level 1:colcon.colcon_core.package_identification:_identify(src/jetbot) by extension 'colcon_pkg'
[0.118s] Level 1:colcon.colcon_core.package_identification:_identify(src/jetbot) by extensions ['colcon_meta']
[0.118s] Level 1:colcon.colcon_core.package_identification:_identify(src/jetbot) by extension 'colcon_meta'
[0.118s] Level 1:colcon.colcon_core.package_identification:_identify(src/jetbot) by extensions ['ros']
[0.118s] Level 1:colcon.colcon_core.package_identification:_identify(src/jetbot) by extension 'ros'
[0.119s] DEBUG:colcon.colcon_core.package_identification:Package 'src/jetbot' with type 'ros.ament_python' and name 'jetbot'
[0.119s] Level 1:colcon.colcon_core.package_identification:_identify(src/opti_track) by extensions ['ignore', 'ignore_ament_install']
[0.119s] Level 1:colcon.colcon_core.package_identification:_identify(src/opti_track) by extension 'ignore'
[0.119s] Level 1:colcon.colcon_core.package_identification:_identify(src/opti_track) by extension 'ignore_ament_install'
[0.119s] Level 1:colcon.colcon_core.package_identification:_identify(src/opti_track) by extensions ['colcon_pkg']
[0.119s] Level 1:colcon.colcon_core.package_identification:_identify(src/opti_track) by extension 'colcon_pkg'
[0.119s] Level 1:colcon.colcon_core.package_identification:_identify(src/opti_track) by extensions ['colcon_meta']
[0.119s] Level 1:colcon.colcon_core.package_identification:_identify(src/opti_track) by extension 'colcon_meta'
[0.119s] Level 1:colcon.colcon_core.package_identification:_identify(src/opti_track) by extensions ['ros']
[0.119s] Level 1:colcon.colcon_core.package_identification:_identify(src/opti_track) by extension 'ros'
[0.120s] DEBUG:colcon.colcon_core.package_identification:Package 'src/opti_track' with type 'ros.ament_python' and name 'opti_track'
[0.120s] Level 1:colcon.colcon_core.package_identification:_identify(src/py_basicsub) by extensions ['ignore', 'ignore_ament_install']
[0.120s] Level 1:colcon.colcon_core.package_identification:_identify(src/py_basicsub) by extension 'ignore'
[0.120s] Level 1:colcon.colcon_core.package_identification:_identify(src/py_basicsub) by extension 'ignore_ament_install'
[0.120s] Level 1:colcon.colcon_core.package_identification:_identify(src/py_basicsub) by extensions ['colcon_pkg']
[0.120s] Level 1:colcon.colcon_core.package_identification:_identify(src/py_basicsub) by extension 'colcon_pkg'
[0.120s] Level 1:colcon.colcon_core.package_identification:_identify(src/py_basicsub) by extensions ['colcon_meta']
[0.120s] Level 1:colcon.colcon_core.package_identification:_identify(src/py_basicsub) by extension 'colcon_meta'
[0.120s] Level 1:colcon.colcon_core.package_identification:_identify(src/py_basicsub) by extensions ['ros']
[0.120s] Level 1:colcon.colcon_core.package_identification:_identify(src/py_basicsub) by extension 'ros'
[0.121s] DEBUG:colcon.colcon_core.package_identification:Package 'src/py_basicsub' with type 'ros.ament_python' and name 'py_basicsub'
[0.121s] Level 1:colcon.colcon_core.package_identification:_identify(src/teleop) by extensions ['ignore', 'ignore_ament_install']
[0.121s] Level 1:colcon.colcon_core.package_identification:_identify(src/teleop) by extension 'ignore'
[0.121s] Level 1:colcon.colcon_core.package_identification:_identify(src/teleop) by extension 'ignore_ament_install'
[0.121s] Level 1:colcon.colcon_core.package_identification:_identify(src/teleop) by extensions ['colcon_pkg']
[0.121s] Level 1:colcon.colcon_core.package_identification:_identify(src/teleop) by extension 'colcon_pkg'
[0.121s] Level 1:colcon.colcon_core.package_identification:_identify(src/teleop) by extensions ['colcon_meta']
[0.121s] Level 1:colcon.colcon_core.package_identification:_identify(src/teleop) by extension 'colcon_meta'
[0.121s] Level 1:colcon.colcon_core.package_identification:_identify(src/teleop) by extensions ['ros']
[0.121s] Level 1:colcon.colcon_core.package_identification:_identify(src/teleop) by extension 'ros'
[0.121s] DEBUG:colcon.colcon_core.package_identification:Package 'src/teleop' with type 'ros.ament_python' and name 'teleop'
[0.122s] Level 1:colcon.colcon_core.package_discovery:discover_packages(recursive) using defaults
[0.122s] Level 1:colcon.colcon_core.package_discovery:discover_packages(ignore) discover
[0.122s] Level 1:colcon.colcon_core.package_discovery:discover_packages(ignore) using defaults
[0.122s] Level 1:colcon.colcon_core.package_discovery:discover_packages(path) discover
[0.122s] Level 1:colcon.colcon_core.package_discovery:discover_packages(path) using defaults
[0.140s] INFO:colcon.colcon_core.package_selection:Skipping not selected package 'basic_pub' in 'src/basic_pub'
[0.140s] INFO:colcon.colcon_core.package_selection:Skipping not selected package 'opti_track' in 'src/opti_track'
[0.140s] INFO:colcon.colcon_core.package_selection:Skipping not selected package 'py_basicsub' in 'src/py_basicsub'
[0.140s] INFO:colcon.colcon_core.package_selection:Skipping not selected package 'teleop' in 'src/teleop'
[0.141s] Level 1:colcon.colcon_core.package_discovery:discover_packages(prefix_path) check parameters
[0.141s] Level 1:colcon.colcon_core.package_discovery:discover_packages(prefix_path) discover
[0.144s] DEBUG:colcon.colcon_installed_package_information.package_discovery:Found 10 installed packages in /home/sycamore/Syca_ws/install
[0.150s] DEBUG:colcon.colcon_installed_package_information.package_discovery:Found 330 installed packages in /home/sycamore/ros2_galactic/ros2-linux
[0.169s] Level 1:colcon.colcon_core.package_discovery:discover_packages(prefix_path) using defaults
[0.193s] Level 5:colcon.colcon_core.verb:set package 'central_pc' build argument 'cmake_args' from command line to 'None'
[0.193s] Level 5:colcon.colcon_core.verb:set package 'central_pc' build argument 'cmake_target' from command line to 'None'
[0.193s] Level 5:colcon.colcon_core.verb:set package 'central_pc' build argument 'cmake_target_skip_unavailable' from command line to 'False'
[0.193s] Level 5:colcon.colcon_core.verb:set package 'central_pc' build argument 'cmake_clean_cache' from command line to 'False'
[0.193s] Level 5:colcon.colcon_core.verb:set package 'central_pc' build argument 'cmake_clean_first' from command line to 'False'
[0.193s] Level 5:colcon.colcon_core.verb:set package 'central_pc' build argument 'cmake_force_configure' from command line to 'False'
[0.193s] Level 5:colcon.colcon_core.verb:set package 'central_pc' build argument 'ament_cmake_args' from command line to 'None'
[0.193s] Level 5:colcon.colcon_core.verb:set package 'central_pc' build argument 'catkin_cmake_args' from command line to 'None'
[0.193s] Level 5:colcon.colcon_core.verb:set package 'central_pc' build argument 'catkin_skip_building_tests' from command line to 'False'
[0.193s] DEBUG:colcon.colcon_core.verb:Building package 'central_pc' with the following arguments: {'ament_cmake_args': None, 'build_base': '/home/sycamore/Syca_ws/build/central_pc', 'catkin_cmake_args': None, 'catkin_skip_building_tests': False, 'cmake_args': None, 'cmake_clean_cache': False, 'cmake_clean_first': False, 'cmake_force_configure': False, 'cmake_target': None, 'cmake_target_skip_unavailable': False, 'install_base': '/home/sycamore/Syca_ws/install', 'merge_install': True, 'path': '/home/sycamore/Syca_ws/src/central_pc', 'symlink_install': False, 'test_result_base': None}
[0.194s] Level 5:colcon.colcon_core.verb:set package 'interfaces' build argument 'cmake_args' from command line to 'None'
[0.194s] Level 5:colcon.colcon_core.verb:set package 'interfaces' build argument 'cmake_target' from command line to 'None'
[0.194s] Level 5:colcon.colcon_core.verb:set package 'interfaces' build argument 'cmake_target_skip_unavailable' from command line to 'False'
[0.194s] Level 5:colcon.colcon_core.verb:set package 'interfaces' build argument 'cmake_clean_cache' from command line to 'False'
[0.194s] Level 5:colcon.colcon_core.verb:set package 'interfaces' build argument 'cmake_clean_first' from command line to 'False'
[0.194s] Level 5:colcon.colcon_core.verb:set package 'interfaces' build argument 'cmake_force_configure' from command line to 'False'
[0.194s] Level 5:colcon.colcon_core.verb:set package 'interfaces' build argument 'ament_cmake_args' from command line to 'None'
[0.194s] Level 5:colcon.colcon_core.verb:set package 'interfaces' build argument 'catkin_cmake_args' from command line to 'None'
[0.194s] Level 5:colcon.colcon_core.verb:set package 'interfaces' build argument 'catkin_skip_building_tests' from command line to 'False'
[0.194s] DEBUG:colcon.colcon_core.verb:Building package 'interfaces' with the following arguments: {'ament_cmake_args': None, 'build_base': '/home/sycamore/Syca_ws/build/interfaces', 'catkin_cmake_args': None, 'catkin_skip_building_tests': False, 'cmake_args': None, 'cmake_clean_cache': False, 'cmake_clean_first': False, 'cmake_force_configure': False, 'cmake_target': None, 'cmake_target_skip_unavailable': False, 'install_base': '/home/sycamore/Syca_ws/install', 'merge_install': True, 'path': '/home/sycamore/Syca_ws/src/interfaces', 'symlink_install': False, 'test_result_base': None}
[0.194s] Level 5:colcon.colcon_core.verb:set package 'jetbot' build argument 'cmake_args' from command line to 'None'
[0.194s] Level 5:colcon.colcon_core.verb:set package 'jetbot' build argument 'cmake_target' from command line to 'None'
[0.194s] Level 5:colcon.colcon_core.verb:set package 'jetbot' build argument 'cmake_target_skip_unavailable' from command line to 'False'
[0.194s] Level 5:colcon.colcon_core.verb:set package 'jetbot' build argument 'cmake_clean_cache' from command line to 'False'
[0.194s] Level 5:colcon.colcon_core.verb:set package 'jetbot' build argument 'cmake_clean_first' from command line to 'False'
[0.194s] Level 5:colcon.colcon_core.verb:set package 'jetbot' build argument 'cmake_force_configure' from command line to 'False'
[0.194s] Level 5:colcon.colcon_core.verb:set package 'jetbot' build argument 'ament_cmake_args' from command line to 'None'
[0.194s] Level 5:colcon.colcon_core.verb:set package 'jetbot' build argument 'catkin_cmake_args' from command line to 'None'
[0.194s] Level 5:colcon.colcon_core.verb:set package 'jetbot' build argument 'catkin_skip_building_tests' from command line to 'False'
[0.195s] DEBUG:colcon.colcon_core.verb:Building package 'jetbot' with the following arguments: {'ament_cmake_args': None, 'build_base': '/home/sycamore/Syca_ws/build/jetbot', 'catkin_cmake_args': None, 'catkin_skip_building_tests': False, 'cmake_args': None, 'cmake_clean_cache': False, 'cmake_clean_first': False, 'cmake_force_configure': False, 'cmake_target': None, 'cmake_target_skip_unavailable': False, 'install_base': '/home/sycamore/Syca_ws/install', 'merge_install': True, 'path': '/home/sycamore/Syca_ws/src/jetbot', 'symlink_install': False, 'test_result_base': None}
[0.195s] INFO:colcon.colcon_core.executor:Executing jobs using 'parallel' executor
[0.196s] DEBUG:colcon.colcon_parallel_executor.executor.parallel:run_until_complete
[0.197s] INFO:colcon.colcon_ros.task.ament_python.build:Building ROS package in '/home/sycamore/Syca_ws/src/central_pc' with build type 'ament_python'
[0.197s] Level 1:colcon.colcon_core.shell:create_environment_hook('central_pc', 'ament_prefix_path')
[0.200s] INFO:colcon.colcon_core.plugin_system:Skipping extension 'colcon_core.shell.bat': Not used on non-Windows systems
[0.201s] INFO:colcon.colcon_core.shell:Creating environment hook '/home/sycamore/Syca_ws/install/share/central_pc/hook/ament_prefix_path.ps1'
[0.201s] INFO:colcon.colcon_core.shell:Creating environment descriptor '/home/sycamore/Syca_ws/install/share/central_pc/hook/ament_prefix_path.dsv'
[0.201s] INFO:colcon.colcon_core.shell:Creating environment hook '/home/sycamore/Syca_ws/install/share/central_pc/hook/ament_prefix_path.sh'
[0.202s] INFO:colcon.colcon_core.shell:Skip shell extension 'powershell' for command environment: Not usable outside of PowerShell
[0.202s] DEBUG:colcon.colcon_core.shell:Skip shell extension 'dsv' for command environment
[0.211s] INFO:colcon.colcon_ros.task.ament_cmake.build:Building ROS package in '/home/sycamore/Syca_ws/src/interfaces' with build type 'ament_cmake'
[0.211s] INFO:colcon.colcon_cmake.task.cmake.build:Building CMake package in '/home/sycamore/Syca_ws/src/interfaces'
[0.212s] INFO:colcon.colcon_core.shell:Skip shell extension 'powershell' for command environment: Not usable outside of PowerShell
[0.212s] DEBUG:colcon.colcon_core.shell:Skip shell extension 'dsv' for command environment
[0.222s] INFO:colcon.colcon_ros.task.ament_python.build:Building ROS package in '/home/sycamore/Syca_ws/src/jetbot' with build type 'ament_python'
[0.222s] Level 1:colcon.colcon_core.shell:create_environment_hook('jetbot', 'ament_prefix_path')
[0.223s] INFO:colcon.colcon_core.shell:Creating environment hook '/home/sycamore/Syca_ws/install/share/jetbot/hook/ament_prefix_path.ps1'
[0.223s] INFO:colcon.colcon_core.shell:Creating environment descriptor '/home/sycamore/Syca_ws/install/share/jetbot/hook/ament_prefix_path.dsv'
[0.224s] INFO:colcon.colcon_core.shell:Creating environment hook '/home/sycamore/Syca_ws/install/share/jetbot/hook/ament_prefix_path.sh'
[0.224s] INFO:colcon.colcon_core.shell:Skip shell extension 'powershell' for command environment: Not usable outside of PowerShell
[0.225s] DEBUG:colcon.colcon_core.shell:Skip shell extension 'dsv' for command environment
[0.434s] INFO:colcon.colcon_core.task.python.build:Building Python package in '/home/sycamore/Syca_ws/src/central_pc'
[0.435s] INFO:colcon.colcon_core.shell:Skip shell extension 'powershell' for command environment: Not usable outside of PowerShell
[0.435s] DEBUG:colcon.colcon_core.shell:Skip shell extension 'dsv' for command environment
[0.446s] DEBUG:colcon.colcon_core.event_handler.log_command:Invoking command in '/home/sycamore/Syca_ws/build/interfaces': /usr/bin/cmake --build /home/sycamore/Syca_ws/build/interfaces -- -j20 -l20
[0.628s] INFO:colcon.colcon_core.task.python.build:Building Python package in '/home/sycamore/Syca_ws/src/jetbot'
[0.629s] INFO:colcon.colcon_core.shell:Skip shell extension 'powershell' for command environment: Not usable outside of PowerShell
[0.629s] DEBUG:colcon.colcon_core.shell:Skip shell extension 'dsv' for command environment
[0.639s] DEBUG:colcon.colcon_core.event_handler.log_command:Invoked command in '/home/sycamore/Syca_ws/build/interfaces' returned '0': /usr/bin/cmake --build /home/sycamore/Syca_ws/build/interfaces -- -j20 -l20
[0.674s] DEBUG:colcon.colcon_core.event_handler.log_command:Invoking command in '/home/sycamore/Syca_ws/build/interfaces': /usr/bin/cmake --install /home/sycamore/Syca_ws/build/interfaces
[0.709s] Level 1:colcon.colcon_core.environment:create_environment_scripts_only(interfaces)
[0.710s] DEBUG:colcon.colcon_core.event_handler.log_command:Invoked command in '/home/sycamore/Syca_ws/build/interfaces' returned '0': /usr/bin/cmake --install /home/sycamore/Syca_ws/build/interfaces
[0.712s] Level 1:colcon.colcon_core.environment:checking '/home/sycamore/Syca_ws/install' for CMake module files
[0.713s] Level 1:colcon.colcon_core.environment:checking '/home/sycamore/Syca_ws/install' for CMake config files
[0.714s] Level 1:colcon.colcon_core.shell:create_environment_hook('interfaces', 'cmake_prefix_path')
[0.714s] INFO:colcon.colcon_core.shell:Creating environment hook '/home/sycamore/Syca_ws/install/share/interfaces/hook/cmake_prefix_path.ps1'
[0.714s] INFO:colcon.colcon_core.shell:Creating environment descriptor '/home/sycamore/Syca_ws/install/share/interfaces/hook/cmake_prefix_path.dsv'
[0.714s] INFO:colcon.colcon_core.shell:Creating environment hook '/home/sycamore/Syca_ws/install/share/interfaces/hook/cmake_prefix_path.sh'
[0.715s] Level 1:colcon.colcon_core.environment:checking '/home/sycamore/Syca_ws/install/lib'
[0.715s] Level 1:colcon.colcon_core.shell:create_environment_hook('interfaces', 'ld_library_path_lib')
[0.715s] INFO:colcon.colcon_core.shell:Creating environment hook '/home/sycamore/Syca_ws/install/share/interfaces/hook/ld_library_path_lib.ps1'
[0.716s] INFO:colcon.colcon_core.shell:Creating environment descriptor '/home/sycamore/Syca_ws/install/share/interfaces/hook/ld_library_path_lib.dsv'
[0.716s] INFO:colcon.colcon_core.shell:Creating environment hook '/home/sycamore/Syca_ws/install/share/interfaces/hook/ld_library_path_lib.sh'
[0.716s] Level 1:colcon.colcon_core.environment:checking '/home/sycamore/Syca_ws/install/bin'
[0.716s] Level 1:colcon.colcon_core.environment:checking '/home/sycamore/Syca_ws/install/lib/pkgconfig/interfaces.pc'
[0.716s] Level 1:colcon.colcon_core.environment:checking '/home/sycamore/Syca_ws/install/lib/python3.8/site-packages'
[0.716s] Level 1:colcon.colcon_core.shell:create_environment_hook('interfaces', 'pythonpath')
[0.717s] INFO:colcon.colcon_core.shell:Creating environment hook '/home/sycamore/Syca_ws/install/share/interfaces/hook/pythonpath.ps1'
[0.717s] INFO:colcon.colcon_core.shell:Creating environment descriptor '/home/sycamore/Syca_ws/install/share/interfaces/hook/pythonpath.dsv'
[0.717s] INFO:colcon.colcon_core.shell:Creating environment hook '/home/sycamore/Syca_ws/install/share/interfaces/hook/pythonpath.sh'
[0.718s] INFO:colcon.colcon_core.shell:Creating package script '/home/sycamore/Syca_ws/install/share/interfaces/package.ps1'
[0.718s] INFO:colcon.colcon_core.shell:Creating package descriptor '/home/sycamore/Syca_ws/install/share/interfaces/package.dsv'
[0.719s] INFO:colcon.colcon_core.shell:Creating package script '/home/sycamore/Syca_ws/install/share/interfaces/package.sh'
[0.719s] INFO:colcon.colcon_core.shell:Creating package script '/home/sycamore/Syca_ws/install/share/interfaces/package.bash'
[0.720s] INFO:colcon.colcon_core.shell:Creating package script '/home/sycamore/Syca_ws/install/share/interfaces/package.zsh'
[0.720s] Level 1:colcon.colcon_core.environment:create_file_with_runtime_dependencies(/home/sycamore/Syca_ws/install/share/colcon-core/packages/interfaces)
[0.747s] Level 1:colcon.colcon_core.environment:create_environment_scripts_only(interfaces)
[0.747s] Level 1:colcon.colcon_core.environment:checking '/home/sycamore/Syca_ws/install' for CMake module files
[0.748s] Level 1:colcon.colcon_core.environment:checking '/home/sycamore/Syca_ws/install' for CMake config files
[0.749s] Level 1:colcon.colcon_core.shell:create_environment_hook('interfaces', 'cmake_prefix_path')
[0.749s] INFO:colcon.colcon_core.shell:Creating environment hook '/home/sycamore/Syca_ws/install/share/interfaces/hook/cmake_prefix_path.ps1'
[0.749s] INFO:colcon.colcon_core.shell:Creating environment descriptor '/home/sycamore/Syca_ws/install/share/interfaces/hook/cmake_prefix_path.dsv'
[0.749s] INFO:colcon.colcon_core.shell:Creating environment hook '/home/sycamore/Syca_ws/install/share/interfaces/hook/cmake_prefix_path.sh'
[0.750s] Level 1:colcon.colcon_core.environment:checking '/home/sycamore/Syca_ws/install/lib'
[0.750s] Level 1:colcon.colcon_core.shell:create_environment_hook('interfaces', 'ld_library_path_lib')
[0.750s] INFO:colcon.colcon_core.shell:Creating environment hook '/home/sycamore/Syca_ws/install/share/interfaces/hook/ld_library_path_lib.ps1'
[0.750s] INFO:colcon.colcon_core.shell:Creating environment descriptor '/home/sycamore/Syca_ws/install/share/interfaces/hook/ld_library_path_lib.dsv'
[0.751s] INFO:colcon.colcon_core.shell:Creating environment hook '/home/sycamore/Syca_ws/install/share/interfaces/hook/ld_library_path_lib.sh'
[0.751s] Level 1:colcon.colcon_core.environment:checking '/home/sycamore/Syca_ws/install/bin'
[0.751s] Level 1:colcon.colcon_core.environment:checking '/home/sycamore/Syca_ws/install/lib/pkgconfig/interfaces.pc'
[0.751s] Level 1:colcon.colcon_core.environment:checking '/home/sycamore/Syca_ws/install/lib/python3.8/site-packages'
[0.751s] Level 1:colcon.colcon_core.shell:create_environment_hook('interfaces', 'pythonpath')
[0.751s] INFO:colcon.colcon_core.shell:Creating environment hook '/home/sycamore/Syca_ws/install/share/interfaces/hook/pythonpath.ps1'
[0.752s] INFO:colcon.colcon_core.shell:Creating environment descriptor '/home/sycamore/Syca_ws/install/share/interfaces/hook/pythonpath.dsv'
[0.752s] INFO:colcon.colcon_core.shell:Creating environment hook '/home/sycamore/Syca_ws/install/share/interfaces/hook/pythonpath.sh'
[0.752s] INFO:colcon.colcon_core.shell:Creating package script '/home/sycamore/Syca_ws/install/share/interfaces/package.ps1'
[0.753s] INFO:colcon.colcon_core.shell:Creating package descriptor '/home/sycamore/Syca_ws/install/share/interfaces/package.dsv'
[0.753s] INFO:colcon.colcon_core.shell:Creating package script '/home/sycamore/Syca_ws/install/share/interfaces/package.sh'
[0.754s] INFO:colcon.colcon_core.shell:Creating package script '/home/sycamore/Syca_ws/install/share/interfaces/package.bash'
[0.754s] INFO:colcon.colcon_core.shell:Creating package script '/home/sycamore/Syca_ws/install/share/interfaces/package.zsh'
[0.754s] Level 1:colcon.colcon_core.environment:create_file_with_runtime_dependencies(/home/sycamore/Syca_ws/install/share/colcon-core/packages/interfaces)
[0.919s] DEBUG:colcon.colcon_core.event_handler.log_command:Invoking command in '/home/sycamore/Syca_ws/src/central_pc': PYTHONPATH=/home/sycamore/Syca_ws/install/lib/python3.8/site-packages:${PYTHONPATH} /usr/bin/python3 setup.py egg_info --egg-base ../../build/central_pc build --build-base /home/sycamore/Syca_ws/build/central_pc/build install --prefix /home/sycamore/Syca_ws/install --record /home/sycamore/Syca_ws/build/central_pc/install.log --single-version-externally-managed
[0.926s] DEBUG:colcon.colcon_core.event_handler.log_command:Invoking command in '/home/sycamore/Syca_ws/src/jetbot': PYTHONPATH=/home/sycamore/Syca_ws/install/lib/python3.8/site-packages:${PYTHONPATH} /usr/bin/python3 setup.py egg_info --egg-base ../../build/jetbot build --build-base /home/sycamore/Syca_ws/build/jetbot/build install --prefix /home/sycamore/Syca_ws/install --record /home/sycamore/Syca_ws/build/jetbot/install.log --single-version-externally-managed
[1.125s] Level 1:colcon.colcon_core.environment:checking '/home/sycamore/Syca_ws/install' for CMake module files
[1.126s] DEBUG:colcon.colcon_core.event_handler.log_command:Invoked command in '/home/sycamore/Syca_ws/src/jetbot' returned '0': PYTHONPATH=/home/sycamore/Syca_ws/install/lib/python3.8/site-packages:${PYTHONPATH} /usr/bin/python3 setup.py egg_info --egg-base ../../build/jetbot build --build-base /home/sycamore/Syca_ws/build/jetbot/build install --prefix /home/sycamore/Syca_ws/install --record /home/sycamore/Syca_ws/build/jetbot/install.log --single-version-externally-managed
[1.126s] Level 1:colcon.colcon_core.environment:checking '/home/sycamore/Syca_ws/install' for CMake config files
[1.127s] Level 1:colcon.colcon_core.shell:create_environment_hook('jetbot', 'cmake_prefix_path')
[1.128s] INFO:colcon.colcon_core.shell:Creating environment hook '/home/sycamore/Syca_ws/install/share/jetbot/hook/cmake_prefix_path.ps1'
[1.128s] INFO:colcon.colcon_core.shell:Creating environment descriptor '/home/sycamore/Syca_ws/install/share/jetbot/hook/cmake_prefix_path.dsv'
[1.128s] INFO:colcon.colcon_core.shell:Creating environment hook '/home/sycamore/Syca_ws/install/share/jetbot/hook/cmake_prefix_path.sh'
[1.129s] Level 1:colcon.colcon_core.environment:checking '/home/sycamore/Syca_ws/install/lib'
[1.129s] Level 1:colcon.colcon_core.shell:create_environment_hook('jetbot', 'ld_library_path_lib')
[1.129s] INFO:colcon.colcon_core.shell:Creating environment hook '/home/sycamore/Syca_ws/install/share/jetbot/hook/ld_library_path_lib.ps1'
[1.129s] INFO:colcon.colcon_core.shell:Creating environment descriptor '/home/sycamore/Syca_ws/install/share/jetbot/hook/ld_library_path_lib.dsv'
[1.129s] INFO:colcon.colcon_core.shell:Creating environment hook '/home/sycamore/Syca_ws/install/share/jetbot/hook/ld_library_path_lib.sh'
[1.130s] Level 1:colcon.colcon_core.environment:checking '/home/sycamore/Syca_ws/install/bin'
[1.130s] Level 1:colcon.colcon_core.environment:checking '/home/sycamore/Syca_ws/install/lib/pkgconfig/jetbot.pc'
[1.130s] Level 1:colcon.colcon_core.environment:checking '/home/sycamore/Syca_ws/install/lib/python3.8/site-packages'
[1.130s] Level 1:colcon.colcon_core.shell:create_environment_hook('jetbot', 'pythonpath')
[1.130s] INFO:colcon.colcon_core.shell:Creating environment hook '/home/sycamore/Syca_ws/install/share/jetbot/hook/pythonpath.ps1'
[1.130s] INFO:colcon.colcon_core.shell:Creating environment descriptor '/home/sycamore/Syca_ws/install/share/jetbot/hook/pythonpath.dsv'
[1.131s] INFO:colcon.colcon_core.shell:Creating environment hook '/home/sycamore/Syca_ws/install/share/jetbot/hook/pythonpath.sh'
[1.131s] Level 1:colcon.colcon_core.environment:create_environment_scripts_only(jetbot)
[1.131s] INFO:colcon.colcon_core.shell:Creating package script '/home/sycamore/Syca_ws/install/share/jetbot/package.ps1'
[1.132s] INFO:colcon.colcon_core.shell:Creating package descriptor '/home/sycamore/Syca_ws/install/share/jetbot/package.dsv'
[1.132s] INFO:colcon.colcon_core.shell:Creating package script '/home/sycamore/Syca_ws/install/share/jetbot/package.sh'
[1.132s] INFO:colcon.colcon_core.shell:Creating package script '/home/sycamore/Syca_ws/install/share/jetbot/package.bash'
[1.133s] INFO:colcon.colcon_core.shell:Creating package script '/home/sycamore/Syca_ws/install/share/jetbot/package.zsh'
[1.133s] Level 1:colcon.colcon_core.environment:create_file_with_runtime_dependencies(/home/sycamore/Syca_ws/install/share/colcon-core/packages/jetbot)
[1.134s] Level 1:colcon.colcon_core.environment:checking '/home/sycamore/Syca_ws/install' for CMake module files
[1.134s] Level 1:colcon.colcon_core.environment:checking '/home/sycamore/Syca_ws/install' for CMake config files
[1.135s] DEBUG:colcon.colcon_core.event_handler.log_command:Invoked command in '/home/sycamore/Syca_ws/src/central_pc' returned '0': PYTHONPATH=/home/sycamore/Syca_ws/install/lib/python3.8/site-packages:${PYTHONPATH} /usr/bin/python3 setup.py egg_info --egg-base ../../build/central_pc build --build-base /home/sycamore/Syca_ws/build/central_pc/build install --prefix /home/sycamore/Syca_ws/install --record /home/sycamore/Syca_ws/build/central_pc/install.log --single-version-externally-managed
[1.135s] Level 1:colcon.colcon_core.shell:create_environment_hook('central_pc', 'cmake_prefix_path')
[1.136s] INFO:colcon.colcon_core.shell:Creating environment hook '/home/sycamore/Syca_ws/install/share/central_pc/hook/cmake_prefix_path.ps1'
[1.136s] INFO:colcon.colcon_core.shell:Creating environment descriptor '/home/sycamore/Syca_ws/install/share/central_pc/hook/cmake_prefix_path.dsv'
[1.136s] INFO:colcon.colcon_core.shell:Creating environment hook '/home/sycamore/Syca_ws/install/share/central_pc/hook/cmake_prefix_path.sh'
[1.137s] Level 1:colcon.colcon_core.environment:checking '/home/sycamore/Syca_ws/install/lib'
[1.137s] Level 1:colcon.colcon_core.shell:create_environment_hook('central_pc', 'ld_library_path_lib')
[1.137s] INFO:colcon.colcon_core.shell:Creating environment hook '/home/sycamore/Syca_ws/install/share/central_pc/hook/ld_library_path_lib.ps1'
[1.137s] INFO:colcon.colcon_core.shell:Creating environment descriptor '/home/sycamore/Syca_ws/install/share/central_pc/hook/ld_library_path_lib.dsv'
[1.137s] INFO:colcon.colcon_core.shell:Creating environment hook '/home/sycamore/Syca_ws/install/share/central_pc/hook/ld_library_path_lib.sh'
[1.138s] Level 1:colcon.colcon_core.environment:checking '/home/sycamore/Syca_ws/install/bin'
[1.138s] Level 1:colcon.colcon_core.environment:checking '/home/sycamore/Syca_ws/install/lib/pkgconfig/central_pc.pc'
[1.138s] Level 1:colcon.colcon_core.environment:checking '/home/sycamore/Syca_ws/install/lib/python3.8/site-packages'
[1.138s] Level 1:colcon.colcon_core.shell:create_environment_hook('central_pc', 'pythonpath')
[1.138s] INFO:colcon.colcon_core.shell:Creating environment hook '/home/sycamore/Syca_ws/install/share/central_pc/hook/pythonpath.ps1'
[1.138s] INFO:colcon.colcon_core.shell:Creating environment descriptor '/home/sycamore/Syca_ws/install/share/central_pc/hook/pythonpath.dsv'
[1.139s] INFO:colcon.colcon_core.shell:Creating environment hook '/home/sycamore/Syca_ws/install/share/central_pc/hook/pythonpath.sh'
[1.139s] Level 1:colcon.colcon_core.environment:create_environment_scripts_only(central_pc)
[1.139s] INFO:colcon.colcon_core.shell:Creating package script '/home/sycamore/Syca_ws/install/share/central_pc/package.ps1'
[1.140s] INFO:colcon.colcon_core.shell:Creating package descriptor '/home/sycamore/Syca_ws/install/share/central_pc/package.dsv'
[1.140s] INFO:colcon.colcon_core.shell:Creating package script '/home/sycamore/Syca_ws/install/share/central_pc/package.sh'
[1.140s] INFO:colcon.colcon_core.shell:Creating package script '/home/sycamore/Syca_ws/install/share/central_pc/package.bash'
[1.140s] INFO:colcon.colcon_core.shell:Creating package script '/home/sycamore/Syca_ws/install/share/central_pc/package.zsh'
[1.141s] Level 1:colcon.colcon_core.environment:create_file_with_runtime_dependencies(/home/sycamore/Syca_ws/install/share/colcon-core/packages/central_pc)
[1.141s] DEBUG:colcon.colcon_parallel_executor.executor.parallel:closing loop
[1.141s] DEBUG:colcon.colcon_parallel_executor.executor.parallel:loop closed
[1.141s] DEBUG:colcon.colcon_parallel_executor.executor.parallel:run_until_complete finished with '0'
[1.141s] DEBUG:colcon.colcon_core.event_reactor:joining thread
[1.145s] INFO:colcon.colcon_core.plugin_system:Skipping extension 'colcon_notification.desktop_notification.terminal_notifier': Not used on non-Darwin systems
[1.145s] INFO:colcon.colcon_core.plugin_system:Skipping extension 'colcon_notification.desktop_notification.win32': Not used on non-Windows systems
[1.145s] INFO:colcon.colcon_notification.desktop_notification:Sending desktop notification using 'notify2'
[1.154s] DEBUG:colcon.colcon_core.event_reactor:joined thread
[1.155s] INFO:colcon.colcon_core.shell:Creating prefix script '/home/sycamore/Syca_ws/install/local_setup.ps1'
[1.155s] INFO:colcon.colcon_core.shell:Creating prefix util module '/home/sycamore/Syca_ws/install/_local_setup_util_ps1.py'
[1.156s] INFO:colcon.colcon_core.shell:Creating prefix chain script '/home/sycamore/Syca_ws/install/setup.ps1'
[1.157s] INFO:colcon.colcon_core.shell:Creating prefix script '/home/sycamore/Syca_ws/install/local_setup.sh'
[1.157s] INFO:colcon.colcon_core.shell:Creating prefix util module '/home/sycamore/Syca_ws/install/_local_setup_util_sh.py'
[1.158s] INFO:colcon.colcon_core.shell:Creating prefix chain script '/home/sycamore/Syca_ws/install/setup.sh'
[1.158s] INFO:colcon.colcon_core.shell:Creating prefix script '/home/sycamore/Syca_ws/install/local_setup.bash'
[1.159s] INFO:colcon.colcon_core.shell:Creating prefix chain script '/home/sycamore/Syca_ws/install/setup.bash'
[1.159s] INFO:colcon.colcon_core.shell:Creating prefix script '/home/sycamore/Syca_ws/install/local_setup.zsh'
[1.160s] INFO:colcon.colcon_core.shell:Creating prefix chain script '/home/sycamore/Syca_ws/install/setup.zsh'
