[0.428s] Invoking command in '/home/sycamore/Syca_ws/src/jetbot': PYTHONPATH=/home/sycamore/Syca_ws/install/lib/python3.8/site-packages:${PYTHONPATH} /usr/bin/python3 setup.py egg_info --egg-base ../../build/jetbot build --build-base /home/sycamore/Syca_ws/build/jetbot/build install --prefix /home/sycamore/Syca_ws/install --record /home/sycamore/Syca_ws/build/jetbot/install.log --single-version-externally-managed
[0.575s] running egg_info
[0.575s] writing ../../build/jetbot/jetbot.egg-info/PKG-INFO
[0.576s] writing dependency_links to ../../build/jetbot/jetbot.egg-info/dependency_links.txt
[0.576s] writing entry points to ../../build/jetbot/jetbot.egg-info/entry_points.txt
[0.576s] writing requirements to ../../build/jetbot/jetbot.egg-info/requires.txt
[0.576s] writing top-level names to ../../build/jetbot/jetbot.egg-info/top_level.txt
[0.597s] reading manifest file '../../build/jetbot/jetbot.egg-info/SOURCES.txt'
[0.597s] writing manifest file '../../build/jetbot/jetbot.egg-info/SOURCES.txt'
[0.597s] running build
[0.597s] running build_py
[0.598s] copying jetbot/jb_main.py -> /home/sycamore/Syca_ws/build/jetbot/build/lib/jetbot
[0.598s] copying jetbot/jb_utils.py -> /home/sycamore/Syca_ws/build/jetbot/build/lib/jetbot
[0.598s] copying jetbot/motors_waveshare.py -> /home/sycamore/Syca_ws/build/jetbot/build/lib/jetbot
[0.598s] copying jetbot/motors.py -> /home/sycamore/Syca_ws/build/jetbot/build/lib/jetbot
[0.598s] running install
[0.598s] running install_lib
[0.599s] copying /home/sycamore/Syca_ws/build/jetbot/build/lib/jetbot/jb_main.py -> /home/sycamore/Syca_ws/install/lib/python3.8/site-packages/jetbot
[0.599s] copying /home/sycamore/Syca_ws/build/jetbot/build/lib/jetbot/jb_utils.py -> /home/sycamore/Syca_ws/install/lib/python3.8/site-packages/jetbot
[0.599s] copying /home/sycamore/Syca_ws/build/jetbot/build/lib/jetbot/motors_waveshare.py -> /home/sycamore/Syca_ws/install/lib/python3.8/site-packages/jetbot
[0.599s] copying /home/sycamore/Syca_ws/build/jetbot/build/lib/jetbot/motors.py -> /home/sycamore/Syca_ws/install/lib/python3.8/site-packages/jetbot
[0.600s] byte-compiling /home/sycamore/Syca_ws/install/lib/python3.8/site-packages/jetbot/jb_main.py to jb_main.cpython-38.pyc
[0.601s] byte-compiling /home/sycamore/Syca_ws/install/lib/python3.8/site-packages/jetbot/jb_utils.py to jb_utils.cpython-38.pyc
[0.601s] byte-compiling /home/sycamore/Syca_ws/install/lib/python3.8/site-packages/jetbot/motors_waveshare.py to motors_waveshare.cpython-38.pyc
[0.601s] byte-compiling /home/sycamore/Syca_ws/install/lib/python3.8/site-packages/jetbot/motors.py to motors.cpython-38.pyc
[0.602s] running install_data
[0.602s] copying package.xml -> /home/sycamore/Syca_ws/install/share/jetbot
[0.602s] copying launch/init.launch.py -> /home/sycamore/Syca_ws/install/share/jetbot
[0.602s] running install_egg_info
[0.603s] removing '/home/sycamore/Syca_ws/install/lib/python3.8/site-packages/jetbot-0.0.0-py3.8.egg-info' (and everything under it)
[0.603s] Copying ../../build/jetbot/jetbot.egg-info to /home/sycamore/Syca_ws/install/lib/python3.8/site-packages/jetbot-0.0.0-py3.8.egg-info
[0.604s] running install_scripts
[0.614s] Installing start script to /home/sycamore/Syca_ws/install/lib/jetbot
[0.614s] writing list of installed files to '/home/sycamore/Syca_ws/build/jetbot/install.log'
[0.625s] Invoked command in '/home/sycamore/Syca_ws/src/jetbot' returned '0': PYTHONPATH=/home/sycamore/Syca_ws/install/lib/python3.8/site-packages:${PYTHONPATH} /usr/bin/python3 setup.py egg_info --egg-base ../../build/jetbot build --build-base /home/sycamore/Syca_ws/build/jetbot/build install --prefix /home/sycamore/Syca_ws/install --record /home/sycamore/Syca_ws/build/jetbot/install.log --single-version-externally-managed
