[0.000000] (-) TimerEvent: {}
[0.000068] (-) JobUnselected: {'identifier': 'basic_pub'}
[0.000087] (-) JobUnselected: {'identifier': 'jetbot_actions'}
[0.000101] (-) JobUnselected: {'identifier': 'jetbot_ros2'}
[0.000113] (-) JobUnselected: {'identifier': 'py_basicsub'}
[0.000123] (-) JobUnselected: {'identifier': 'teleop'}
[0.000135] (central_pc) JobQueued: {'identifier': 'central_pc', 'dependencies': OrderedDict()}
[0.000150] (central_pc) JobStarted: {'identifier': 'central_pc'}
[0.099583] (-) TimerEvent: {}
[0.199844] (-) TimerEvent: {}
[0.300065] (-) TimerEvent: {}
[0.400257] (-) TimerEvent: {}
[0.491064] (central_pc) Command: {'cmd': ['/usr/bin/python3', 'setup.py', 'egg_info', '--egg-base', '../../build/central_pc', 'build', '--build-base', '/home/sycamore/Syca_ws/build/central_pc/build', 'install', '--prefix', '/home/sycamore/Syca_ws/install', '--record', '/home/sycamore/Syca_ws/build/central_pc/install.log', '--single-version-externally-managed'], 'cwd': '/home/sycamore/Syca_ws/src/central_pc', 'env': {'GJS_DEBUG_TOPICS': 'JS ERROR;JS LOG', 'LANGUAGE': 'en_GB:en', 'USER': 'sycamore', 'LC_TIME': 'en_GB.UTF-8', 'SSH_AGENT_PID': '1902', 'XDG_SESSION_TYPE': 'x11', 'SHLVL': '1', 'LD_LIBRARY_PATH': '/home/sycamore/ros2_galactic/ros2-linux/opt/yaml_cpp_vendor/lib:/home/sycamore/ros2_galactic/ros2-linux/opt/rviz_ogre_vendor/lib:/home/sycamore/ros2_galactic/ros2-linux/lib', 'HOME': '/home/sycamore', 'OLDPWD': '/home/sycamore', 'DESKTOP_SESSION': 'ubuntu', 'ROS_PYTHON_VERSION': '3', 'GNOME_SHELL_SESSION_MODE': 'ubuntu', 'GTK_MODULES': 'gail:atk-bridge', 'LC_MONETARY': 'en_GB.UTF-8', 'MANAGERPID': '1718', 'DBUS_SESSION_BUS_ADDRESS': 'unix:path=/run/user/1000/bus', 'COLORTERM': 'truecolor', 'IM_CONFIG_PHASE': '1', 'COLCON_PREFIX_PATH': '/home/sycamore/ros2_galactic/ros2-linux', 'ROS_DISTRO': 'galactic', 'LOGNAME': 'sycamore', 'JOURNAL_STREAM': '8:59420', '_': '/usr/bin/colcon', 'ROS_VERSION': '2', 'PKG_CONFIG_PATH': '/home/sycamore/ros2_galactic/ros2-linux/lib/x86_64-linux-gnu/pkgconfig:/home/sycamore/ros2_galactic/ros2-linux/lib/pkgconfig', 'XDG_SESSION_CLASS': 'user', 'USERNAME': 'sycamore', 'TERM': 'xterm-256color', 'GNOME_DESKTOP_SESSION_ID': 'this-is-deprecated', 'ROS_LOCALHOST_ONLY': '0', 'WINDOWPATH': '2', 'PATH': '/home/sycamore/ros2_galactic/ros2-linux/bin:/home/sycamore/.local/bin:/usr/local/sbin:/usr/local/bin:/usr/sbin:/usr/bin:/sbin:/bin:/usr/games:/usr/local/games:/snap/bin', 'SESSION_MANAGER': 'local/Sycamore-CentralPC:@/tmp/.ICE-unix/1940,unix/Sycamore-CentralPC:/tmp/.ICE-unix/1940', 'INVOCATION_ID': '8bf3ef82faee48288e6ec5cc9da8f3b6', 'PAPERSIZE': 'a4', 'XDG_MENU_PREFIX': 'gnome-', 'LC_ADDRESS': 'en_GB.UTF-8', 'GNOME_TERMINAL_SCREEN': '/org/gnome/Terminal/screen/4a1ee55a_30b1_4322_8a1d_5f6acd6a1e95', 'XDG_RUNTIME_DIR': '/run/user/1000', 'DISPLAY': ':0', 'LANG': 'en_GB.UTF-8', 'XDG_CURRENT_DESKTOP': 'ubuntu:GNOME', 'LC_TELEPHONE': 'en_GB.UTF-8', 'XMODIFIERS': '@im=ibus', 'XDG_SESSION_DESKTOP': 'ubuntu', 'XAUTHORITY': '/run/user/1000/gdm/Xauthority', 'GNOME_TERMINAL_SERVICE': ':1.478', 'SSH_AUTH_SOCK': '/run/user/1000/keyring/ssh', 'AMENT_PREFIX_PATH': '/home/sycamore/ros2_galactic/ros2-linux', 'SHELL': '/bin/bash', 'LC_NAME': 'en_GB.UTF-8', 'QT_ACCESSIBILITY': '1', 'GDMSESSION': 'ubuntu', 'LC_MEASUREMENT': 'en_GB.UTF-8', 'GPG_AGENT_INFO': '/run/user/1000/gnupg/S.gpg-agent:0:1', 'GJS_DEBUG_OUTPUT': 'stderr', 'LC_IDENTIFICATION': 'en_GB.UTF-8', 'QT_IM_MODULE': 'ibus', 'PWD': '/home/sycamore/Syca_ws/build/central_pc', 'XDG_CONFIG_DIRS': '/etc/xdg/xdg-ubuntu:/etc/xdg', 'XDG_DATA_DIRS': '/usr/share/ubuntu:/usr/local/share/:/usr/share/:/var/lib/snapd/desktop', 'PYTHONPATH': '/home/sycamore/Syca_ws/install/lib/python3.8/site-packages:/home/sycamore/ros2_galactic/ros2-linux/lib/python3.8/site-packages', 'LC_NUMERIC': 'en_GB.UTF-8', 'LC_PAPER': 'en_GB.UTF-8', 'COLCON': '1', 'VTE_VERSION': '6003', 'CMAKE_PREFIX_PATH': '/home/sycamore/ros2_galactic/ros2-linux'}, 'shell': False}
[0.500368] (-) TimerEvent: {}
[0.600594] (-) TimerEvent: {}
[0.635655] (central_pc) StdoutLine: {'line': b'running egg_info\n'}
[0.636052] (central_pc) StdoutLine: {'line': b'creating ../../build/central_pc/central_pc.egg-info\n'}
[0.636150] (central_pc) StdoutLine: {'line': b'writing ../../build/central_pc/central_pc.egg-info/PKG-INFO\n'}
[0.636282] (central_pc) StdoutLine: {'line': b'writing dependency_links to ../../build/central_pc/central_pc.egg-info/dependency_links.txt\n'}
[0.636518] (central_pc) StdoutLine: {'line': b'writing entry points to ../../build/central_pc/central_pc.egg-info/entry_points.txt\n'}
[0.636653] (central_pc) StdoutLine: {'line': b'writing requirements to ../../build/central_pc/central_pc.egg-info/requires.txt\n'}
[0.636701] (central_pc) StdoutLine: {'line': b'writing top-level names to ../../build/central_pc/central_pc.egg-info/top_level.txt\n'}
[0.643365] (central_pc) StdoutLine: {'line': b"writing manifest file '../../build/central_pc/central_pc.egg-info/SOURCES.txt'\n"}
[0.679582] (central_pc) StdoutLine: {'line': b"reading manifest file '../../build/central_pc/central_pc.egg-info/SOURCES.txt'\n"}
[0.680066] (central_pc) StdoutLine: {'line': b"writing manifest file '../../build/central_pc/central_pc.egg-info/SOURCES.txt'\n"}
[0.680214] (central_pc) StdoutLine: {'line': b'running build\n'}
[0.680291] (central_pc) StdoutLine: {'line': b'running build_py\n'}
[0.680465] (central_pc) StdoutLine: {'line': b'creating /home/sycamore/Syca_ws/build/central_pc/build\n'}
[0.680548] (central_pc) StdoutLine: {'line': b'creating /home/sycamore/Syca_ws/build/central_pc/build/lib\n'}
[0.680622] (central_pc) StdoutLine: {'line': b'creating /home/sycamore/Syca_ws/build/central_pc/build/lib/central_pc\n'}
[0.680672] (central_pc) StdoutLine: {'line': b'copying central_pc/task_service.py -> /home/sycamore/Syca_ws/build/central_pc/build/lib/central_pc\n'}
[0.680725] (central_pc) StdoutLine: {'line': b'copying central_pc/__init__.py -> /home/sycamore/Syca_ws/build/central_pc/build/lib/central_pc\n'}
[0.680787] (central_pc) StdoutLine: {'line': b'copying central_pc/initialise.py -> /home/sycamore/Syca_ws/build/central_pc/build/lib/central_pc\n'}
[0.680834] (central_pc) StdoutLine: {'line': b'copying central_pc/util.py -> /home/sycamore/Syca_ws/build/central_pc/build/lib/central_pc\n'}
[0.680880] (central_pc) StdoutLine: {'line': b'copying central_pc/centralPC.py -> /home/sycamore/Syca_ws/build/central_pc/build/lib/central_pc\n'}
[0.680925] (central_pc) StdoutLine: {'line': b'copying central_pc/OptiTrack_sub.py -> /home/sycamore/Syca_ws/build/central_pc/build/lib/central_pc\n'}
[0.680970] (central_pc) StdoutLine: {'line': b'running install\n'}
[0.681174] (central_pc) StdoutLine: {'line': b'running install_lib\n'}
[0.681744] (central_pc) StdoutLine: {'line': b'creating /home/sycamore/Syca_ws/install/lib/python3.8/site-packages/central_pc\n'}
[0.681875] (central_pc) StdoutLine: {'line': b'copying /home/sycamore/Syca_ws/build/central_pc/build/lib/central_pc/task_service.py -> /home/sycamore/Syca_ws/install/lib/python3.8/site-packages/central_pc\n'}
[0.681993] (central_pc) StdoutLine: {'line': b'copying /home/sycamore/Syca_ws/build/central_pc/build/lib/central_pc/__init__.py -> /home/sycamore/Syca_ws/install/lib/python3.8/site-packages/central_pc\n'}
[0.682088] (central_pc) StdoutLine: {'line': b'copying /home/sycamore/Syca_ws/build/central_pc/build/lib/central_pc/initialise.py -> /home/sycamore/Syca_ws/install/lib/python3.8/site-packages/central_pc\n'}
[0.682156] (central_pc) StdoutLine: {'line': b'copying /home/sycamore/Syca_ws/build/central_pc/build/lib/central_pc/util.py -> /home/sycamore/Syca_ws/install/lib/python3.8/site-packages/central_pc\n'}
[0.682206] (central_pc) StdoutLine: {'line': b'copying /home/sycamore/Syca_ws/build/central_pc/build/lib/central_pc/centralPC.py -> /home/sycamore/Syca_ws/install/lib/python3.8/site-packages/central_pc\n'}
[0.682254] (central_pc) StdoutLine: {'line': b'copying /home/sycamore/Syca_ws/build/central_pc/build/lib/central_pc/OptiTrack_sub.py -> /home/sycamore/Syca_ws/install/lib/python3.8/site-packages/central_pc\n'}
[0.682466] (central_pc) StdoutLine: {'line': b'byte-compiling /home/sycamore/Syca_ws/install/lib/python3.8/site-packages/central_pc/task_service.py to task_service.cpython-38.pyc\n'}
[0.683258] (central_pc) StdoutLine: {'line': b'byte-compiling /home/sycamore/Syca_ws/install/lib/python3.8/site-packages/central_pc/__init__.py to __init__.cpython-38.pyc\n'}
[0.683428] (central_pc) StdoutLine: {'line': b'byte-compiling /home/sycamore/Syca_ws/install/lib/python3.8/site-packages/central_pc/initialise.py to initialise.cpython-38.pyc\n'}
[0.683527] (central_pc) StdoutLine: {'line': b'byte-compiling /home/sycamore/Syca_ws/install/lib/python3.8/site-packages/central_pc/util.py to util.cpython-38.pyc\n'}
[0.683607] (central_pc) StdoutLine: {'line': b'byte-compiling /home/sycamore/Syca_ws/install/lib/python3.8/site-packages/central_pc/centralPC.py to centralPC.cpython-38.pyc\n'}
[0.683796] (central_pc) StdoutLine: {'line': b'byte-compiling /home/sycamore/Syca_ws/install/lib/python3.8/site-packages/central_pc/OptiTrack_sub.py to OptiTrack_sub.cpython-38.pyc\n'}
[0.683931] (central_pc) StdoutLine: {'line': b'running install_data\n'}
[0.684046] (central_pc) StderrLine: {'line': b'  File "/home/sycamore/Syca_ws/install/lib/python3.8/site-packages/central_pc/OptiTrack_sub.py", line 12\n'}
[0.684113] (central_pc) StderrLine: {'line': b"    if jbType == 'waveshare'\n"}
[0.684158] (central_pc) StderrLine: {'line': b'                           ^\n'}
[0.684227] (central_pc) StderrLine: {'line': b'SyntaxError: invalid syntax\n'}
[0.684287] (central_pc) StderrLine: {'line': b'\n'}
[0.684355] (central_pc) StdoutLine: {'line': b'copying resource/central_pc -> /home/sycamore/Syca_ws/install/share/ament_index/resource_index/packages\n'}
[0.684397] (central_pc) StdoutLine: {'line': b'copying package.xml -> /home/sycamore/Syca_ws/install/share/central_pc\n'}
[0.684438] (central_pc) StdoutLine: {'line': b'running install_egg_info\n'}
[0.685402] (central_pc) StdoutLine: {'line': b'Copying ../../build/central_pc/central_pc.egg-info to /home/sycamore/Syca_ws/install/lib/python3.8/site-packages/central_pc-0.0.0-py3.8.egg-info\n'}
[0.685866] (central_pc) StdoutLine: {'line': b'running install_scripts\n'}
[0.695678] (central_pc) StdoutLine: {'line': b'Installing centralPC script to /home/sycamore/Syca_ws/install/lib/central_pc\n'}
[0.695850] (central_pc) StdoutLine: {'line': b'Installing get_optiPos script to /home/sycamore/Syca_ws/install/lib/central_pc\n'}
[0.696064] (central_pc) StdoutLine: {'line': b"writing list of installed files to '/home/sycamore/Syca_ws/build/central_pc/install.log'\n"}
[0.700652] (-) TimerEvent: {}
[0.706402] (central_pc) CommandEnded: {'returncode': 0}
[0.721386] (central_pc) JobEnded: {'identifier': 'central_pc', 'rc': 0}
[0.721861] (-) EventReactorShutdown: {}
