running egg_info
creating ../../build/jetbot/jetbot.egg-info
writing ../../build/jetbot/jetbot.egg-info/PKG-INFO
writing dependency_links to ../../build/jetbot/jetbot.egg-info/dependency_links.txt
writing entry points to ../../build/jetbot/jetbot.egg-info/entry_points.txt
writing requirements to ../../build/jetbot/jetbot.egg-info/requires.txt
writing top-level names to ../../build/jetbot/jetbot.egg-info/top_level.txt
writing manifest file '../../build/jetbot/jetbot.egg-info/SOURCES.txt'
reading manifest file '../../build/jetbot/jetbot.egg-info/SOURCES.txt'
writing manifest file '../../build/jetbot/jetbot.egg-info/SOURCES.txt'
running build
running build_py
creating /home/sycamore/Syca_ws/build/jetbot/build
creating /home/sycamore/Syca_ws/build/jetbot/build/lib
creating /home/sycamore/Syca_ws/build/jetbot/build/lib/jetbot
copying jetbot/utils.py -> /home/sycamore/Syca_ws/build/jetbot/build/lib/jetbot
copying jetbot/jb_start.py -> /home/sycamore/Syca_ws/build/jetbot/build/lib/jetbot
copying jetbot/__init__.py -> /home/sycamore/Syca_ws/build/jetbot/build/lib/jetbot
running install
running install_lib
creating /home/sycamore/Syca_ws/install/lib/python3.8/site-packages/jetbot
copying /home/sycamore/Syca_ws/build/jetbot/build/lib/jetbot/utils.py -> /home/sycamore/Syca_ws/install/lib/python3.8/site-packages/jetbot
copying /home/sycamore/Syca_ws/build/jetbot/build/lib/jetbot/jb_start.py -> /home/sycamore/Syca_ws/install/lib/python3.8/site-packages/jetbot
copying /home/sycamore/Syca_ws/build/jetbot/build/lib/jetbot/__init__.py -> /home/sycamore/Syca_ws/install/lib/python3.8/site-packages/jetbot
byte-compiling /home/sycamore/Syca_ws/install/lib/python3.8/site-packages/jetbot/utils.py to utils.cpython-38.pyc
byte-compiling /home/sycamore/Syca_ws/install/lib/python3.8/site-packages/jetbot/jb_start.py to jb_start.cpython-38.pyc
byte-compiling /home/sycamore/Syca_ws/install/lib/python3.8/site-packages/jetbot/__init__.py to __init__.cpython-38.pyc
running install_data
copying resource/jetbot -> /home/sycamore/Syca_ws/install/share/ament_index/resource_index/packages
copying package.xml -> /home/sycamore/Syca_ws/install/share/jetbot
running install_egg_info
Copying ../../build/jetbot/jetbot.egg-info to /home/sycamore/Syca_ws/install/lib/python3.8/site-packages/jetbot-0.0.0-py3.8.egg-info
running install_scripts
writing list of installed files to '/home/sycamore/Syca_ws/build/jetbot/install.log'
