[0.610s] Invoking command in '/home/sycamore/Syca_ws/src/jetbot': PYTHONPATH=/home/sycamore/Syca_ws/install/lib/python3.8/site-packages:${PYTHONPATH} /usr/bin/python3 setup.py egg_info --egg-base ../../build/jetbot build --build-base /home/sycamore/Syca_ws/build/jetbot/build install --prefix /home/sycamore/Syca_ws/install --record /home/sycamore/Syca_ws/build/jetbot/install.log --single-version-externally-managed
[0.761s] running egg_info
[0.761s] creating ../../build/jetbot/jetbot.egg-info
[0.761s] writing ../../build/jetbot/jetbot.egg-info/PKG-INFO
[0.761s] writing dependency_links to ../../build/jetbot/jetbot.egg-info/dependency_links.txt
[0.761s] writing entry points to ../../build/jetbot/jetbot.egg-info/entry_points.txt
[0.761s] writing requirements to ../../build/jetbot/jetbot.egg-info/requires.txt
[0.761s] writing top-level names to ../../build/jetbot/jetbot.egg-info/top_level.txt
[0.762s] writing manifest file '../../build/jetbot/jetbot.egg-info/SOURCES.txt'
[0.783s] reading manifest file '../../build/jetbot/jetbot.egg-info/SOURCES.txt'
[0.784s] writing manifest file '../../build/jetbot/jetbot.egg-info/SOURCES.txt'
[0.784s] running build
[0.784s] running build_py
[0.784s] creating /home/sycamore/Syca_ws/build/jetbot/build
[0.784s] creating /home/sycamore/Syca_ws/build/jetbot/build/lib
[0.784s] creating /home/sycamore/Syca_ws/build/jetbot/build/lib/jetbot
[0.784s] copying jetbot/utils.py -> /home/sycamore/Syca_ws/build/jetbot/build/lib/jetbot
[0.784s] copying jetbot/jb_start.py -> /home/sycamore/Syca_ws/build/jetbot/build/lib/jetbot
[0.784s] copying jetbot/__init__.py -> /home/sycamore/Syca_ws/build/jetbot/build/lib/jetbot
[0.784s] running install
[0.785s] running install_lib
[0.785s] creating /home/sycamore/Syca_ws/install/lib/python3.8/site-packages/jetbot
[0.785s] copying /home/sycamore/Syca_ws/build/jetbot/build/lib/jetbot/utils.py -> /home/sycamore/Syca_ws/install/lib/python3.8/site-packages/jetbot
[0.785s] copying /home/sycamore/Syca_ws/build/jetbot/build/lib/jetbot/jb_start.py -> /home/sycamore/Syca_ws/install/lib/python3.8/site-packages/jetbot
[0.785s] copying /home/sycamore/Syca_ws/build/jetbot/build/lib/jetbot/__init__.py -> /home/sycamore/Syca_ws/install/lib/python3.8/site-packages/jetbot
[0.786s] byte-compiling /home/sycamore/Syca_ws/install/lib/python3.8/site-packages/jetbot/utils.py to utils.cpython-38.pyc
[0.786s] Sorry: IndentationError: unindent does not match any outer indentation level (utils.py, line 14)
[0.786s] byte-compiling /home/sycamore/Syca_ws/install/lib/python3.8/site-packages/jetbot/jb_start.py to jb_start.cpython-38.pyc
[0.787s] byte-compiling /home/sycamore/Syca_ws/install/lib/python3.8/site-packages/jetbot/__init__.py to __init__.cpython-38.pyc
[0.787s] running install_data
[0.787s] copying resource/jetbot -> /home/sycamore/Syca_ws/install/share/ament_index/resource_index/packages
[0.787s] copying package.xml -> /home/sycamore/Syca_ws/install/share/jetbot
[0.787s] running install_egg_info
[0.788s] Copying ../../build/jetbot/jetbot.egg-info to /home/sycamore/Syca_ws/install/lib/python3.8/site-packages/jetbot-0.0.0-py3.8.egg-info
[0.789s] running install_scripts
[0.799s] writing list of installed files to '/home/sycamore/Syca_ws/build/jetbot/install.log'
[0.813s] Invoked command in '/home/sycamore/Syca_ws/src/jetbot' returned '0': PYTHONPATH=/home/sycamore/Syca_ws/install/lib/python3.8/site-packages:${PYTHONPATH} /usr/bin/python3 setup.py egg_info --egg-base ../../build/jetbot build --build-base /home/sycamore/Syca_ws/build/jetbot/build install --prefix /home/sycamore/Syca_ws/install --record /home/sycamore/Syca_ws/build/jetbot/install.log --single-version-externally-managed
