[0.000000] (-) TimerEvent: {}
[0.000153] (-) JobUnselected: {'identifier': 'basic_pub'}
[0.000192] (-) JobUnselected: {'identifier': 'jetbot_actions'}
[0.000221] (-) JobUnselected: {'identifier': 'jetbot_ros2'}
[0.000233] (-) JobUnselected: {'identifier': 'py_basicsub'}
[0.000245] (-) JobUnselected: {'identifier': 'teleop'}
[0.000259] (central_pc) JobQueued: {'identifier': 'central_pc', 'dependencies': OrderedDict()}
[0.000557] (central_pc) JobStarted: {'identifier': 'central_pc'}
[0.099932] (-) TimerEvent: {}
[0.200218] (-) TimerEvent: {}
[0.300415] (-) TimerEvent: {}
[0.400584] (-) TimerEvent: {}
[0.423633] (central_pc) Command: {'cmd': ['/usr/bin/python3', 'setup.py', 'egg_info', '--egg-base', '../../build/central_pc', 'build', '--build-base', '/home/sycamore/Syca_ws/build/central_pc/build', 'install', '--prefix', '/home/sycamore/Syca_ws/install', '--record', '/home/sycamore/Syca_ws/build/central_pc/install.log', '--single-version-externally-managed'], 'cwd': '/home/sycamore/Syca_ws/src/central_pc', 'env': {'GJS_DEBUG_TOPICS': 'JS ERROR;JS LOG', 'LANGUAGE': 'en_GB:en', 'USER': 'sycamore', 'LC_TIME': 'en_GB.UTF-8', 'SSH_AGENT_PID': '1902', 'XDG_SESSION_TYPE': 'x11', 'SHLVL': '1', 'LD_LIBRARY_PATH': '/home/sycamore/ros2_galactic/ros2-linux/opt/yaml_cpp_vendor/lib:/home/sycamore/ros2_galactic/ros2-linux/opt/rviz_ogre_vendor/lib:/home/sycamore/ros2_galactic/ros2-linux/lib', 'HOME': '/home/sycamore', 'OLDPWD': '/home/sycamore', 'DESKTOP_SESSION': 'ubuntu', 'ROS_PYTHON_VERSION': '3', 'GNOME_SHELL_SESSION_MODE': 'ubuntu', 'GTK_MODULES': 'gail:atk-bridge', 'LC_MONETARY': 'en_GB.UTF-8', 'MANAGERPID': '1718', 'DBUS_SESSION_BUS_ADDRESS': 'unix:path=/run/user/1000/bus', 'COLORTERM': 'truecolor', 'IM_CONFIG_PHASE': '1', 'COLCON_PREFIX_PATH': '/home/sycamore/ros2_galactic/ros2-linux', 'ROS_DISTRO': 'galactic', 'LOGNAME': 'sycamore', 'JOURNAL_STREAM': '8:59420', '_': '/usr/bin/colcon', 'ROS_VERSION': '2', 'PKG_CONFIG_PATH': '/home/sycamore/ros2_galactic/ros2-linux/lib/x86_64-linux-gnu/pkgconfig:/home/sycamore/ros2_galactic/ros2-linux/lib/pkgconfig', 'XDG_SESSION_CLASS': 'user', 'USERNAME': 'sycamore', 'TERM': 'xterm-256color', 'GNOME_DESKTOP_SESSION_ID': 'this-is-deprecated', 'ROS_LOCALHOST_ONLY': '0', 'WINDOWPATH': '2', 'PATH': '/home/sycamore/ros2_galactic/ros2-linux/bin:/home/sycamore/.local/bin:/usr/local/sbin:/usr/local/bin:/usr/sbin:/usr/bin:/sbin:/bin:/usr/games:/usr/local/games:/snap/bin', 'SESSION_MANAGER': 'local/Sycamore-CentralPC:@/tmp/.ICE-unix/1940,unix/Sycamore-CentralPC:/tmp/.ICE-unix/1940', 'INVOCATION_ID': '8bf3ef82faee48288e6ec5cc9da8f3b6', 'PAPERSIZE': 'a4', 'XDG_MENU_PREFIX': 'gnome-', 'LC_ADDRESS': 'en_GB.UTF-8', 'GNOME_TERMINAL_SCREEN': '/org/gnome/Terminal/screen/ad6f2464_a4ca_4998_a8f0_46ecb954452f', 'XDG_RUNTIME_DIR': '/run/user/1000', 'DISPLAY': ':0', 'LANG': 'en_GB.UTF-8', 'XDG_CURRENT_DESKTOP': 'ubuntu:GNOME', 'LC_TELEPHONE': 'en_GB.UTF-8', 'XMODIFIERS': '@im=ibus', 'XDG_SESSION_DESKTOP': 'ubuntu', 'XAUTHORITY': '/run/user/1000/gdm/Xauthority', 'GNOME_TERMINAL_SERVICE': ':1.478', 'SSH_AUTH_SOCK': '/run/user/1000/keyring/ssh', 'AMENT_PREFIX_PATH': '/home/sycamore/ros2_galactic/ros2-linux', 'SHELL': '/bin/bash', 'LC_NAME': 'en_GB.UTF-8', 'QT_ACCESSIBILITY': '1', 'GDMSESSION': 'ubuntu', 'LC_MEASUREMENT': 'en_GB.UTF-8', 'GPG_AGENT_INFO': '/run/user/1000/gnupg/S.gpg-agent:0:1', 'GJS_DEBUG_OUTPUT': 'stderr', 'LC_IDENTIFICATION': 'en_GB.UTF-8', 'QT_IM_MODULE': 'ibus', 'PWD': '/home/sycamore/Syca_ws/build/central_pc', 'XDG_CONFIG_DIRS': '/etc/xdg/xdg-ubuntu:/etc/xdg', 'XDG_DATA_DIRS': '/usr/share/ubuntu:/usr/local/share/:/usr/share/:/var/lib/snapd/desktop', 'PYTHONPATH': '/home/sycamore/Syca_ws/install/lib/python3.8/site-packages:/home/sycamore/ros2_galactic/ros2-linux/lib/python3.8/site-packages', 'LC_NUMERIC': 'en_GB.UTF-8', 'LC_PAPER': 'en_GB.UTF-8', 'COLCON': '1', 'VTE_VERSION': '6003', 'CMAKE_PREFIX_PATH': '/home/sycamore/ros2_galactic/ros2-linux'}, 'shell': False}
[0.500689] (-) TimerEvent: {}
[0.573880] (central_pc) StdoutLine: {'line': b'running egg_info\n'}
[0.574302] (central_pc) StdoutLine: {'line': b'writing ../../build/central_pc/central_pc.egg-info/PKG-INFO\n'}
[0.574471] (central_pc) StdoutLine: {'line': b'writing dependency_links to ../../build/central_pc/central_pc.egg-info/dependency_links.txt\n'}
[0.574656] (central_pc) StdoutLine: {'line': b'writing entry points to ../../build/central_pc/central_pc.egg-info/entry_points.txt\n'}
[0.574727] (central_pc) StdoutLine: {'line': b'writing requirements to ../../build/central_pc/central_pc.egg-info/requires.txt\n'}
[0.574778] (central_pc) StdoutLine: {'line': b'writing top-level names to ../../build/central_pc/central_pc.egg-info/top_level.txt\n'}
[0.596745] (central_pc) StdoutLine: {'line': b"reading manifest file '../../build/central_pc/central_pc.egg-info/SOURCES.txt'\n"}
[0.597244] (central_pc) StdoutLine: {'line': b"writing manifest file '../../build/central_pc/central_pc.egg-info/SOURCES.txt'\n"}
[0.597384] (central_pc) StdoutLine: {'line': b'running build\n'}
[0.597455] (central_pc) StdoutLine: {'line': b'running build_py\n'}
[0.597577] (central_pc) StdoutLine: {'line': b'copying central_pc/OptiTrack_sub.py -> /home/sycamore/Syca_ws/build/central_pc/build/lib/central_pc\n'}
[0.597736] (central_pc) StdoutLine: {'line': b'running install\n'}
[0.598065] (central_pc) StdoutLine: {'line': b'running install_lib\n'}
[0.598682] (central_pc) StdoutLine: {'line': b'copying /home/sycamore/Syca_ws/build/central_pc/build/lib/central_pc/OptiTrack_sub.py -> /home/sycamore/Syca_ws/install/lib/python3.8/site-packages/central_pc\n'}
[0.599052] (central_pc) StdoutLine: {'line': b'byte-compiling /home/sycamore/Syca_ws/install/lib/python3.8/site-packages/central_pc/OptiTrack_sub.py to OptiTrack_sub.cpython-38.pyc\n'}
[0.599817] (central_pc) StdoutLine: {'line': b'running install_data\n'}
[0.600224] (central_pc) StdoutLine: {'line': b'running install_egg_info\n'}
[0.600732] (-) TimerEvent: {}
[0.601366] (central_pc) StdoutLine: {'line': b"removing '/home/sycamore/Syca_ws/install/lib/python3.8/site-packages/central_pc-0.0.0-py3.8.egg-info' (and everything under it)\n"}
[0.601512] (central_pc) StdoutLine: {'line': b'Copying ../../build/central_pc/central_pc.egg-info to /home/sycamore/Syca_ws/install/lib/python3.8/site-packages/central_pc-0.0.0-py3.8.egg-info\n'}
[0.601967] (central_pc) StdoutLine: {'line': b'running install_scripts\n'}
[0.612235] (central_pc) StdoutLine: {'line': b'Installing centralPC script to /home/sycamore/Syca_ws/install/lib/central_pc\n'}
[0.612411] (central_pc) StdoutLine: {'line': b'Installing get_optiPos script to /home/sycamore/Syca_ws/install/lib/central_pc\n'}
[0.612555] (central_pc) StdoutLine: {'line': b"writing list of installed files to '/home/sycamore/Syca_ws/build/central_pc/install.log'\n"}
[0.623622] (central_pc) CommandEnded: {'returncode': 0}
[0.633869] (central_pc) JobEnded: {'identifier': 'central_pc', 'rc': 0}
[0.634405] (-) EventReactorShutdown: {}
