[0.167s] Invoking command in '/home/sycamore/Syca_ws/build/interfaces': /usr/bin/cmake --build /home/sycamore/Syca_ws/build/interfaces -- -j20 -l20
[0.183s] -- Found ament_cmake: 1.1.4 (/home/sycamore/ros2_galactic/ros2-linux/share/ament_cmake/cmake)
[0.196s] -- Found PythonInterp: /usr/bin/python3 (found suitable version "3.8.10", minimum required is "3") 
[0.196s] -- Using PYTHON_EXECUTABLE: /usr/bin/python3
[0.235s] -- Found rosidl_default_generators: 1.1.1 (/home/sycamore/ros2_galactic/ros2-linux/share/rosidl_default_generators/cmake)
[0.236s] -- Using all available rosidl_typesupport_c: rosidl_typesupport_fastrtps_c;rosidl_typesupport_introspection_c
[0.239s] -- Found rosidl_adapter: 2.2.1 (/home/sycamore/ros2_galactic/ros2-linux/share/rosidl_adapter/cmake)
[0.323s] -- Using all available rosidl_typesupport_cpp: rosidl_typesupport_fastrtps_cpp;rosidl_typesupport_introspection_cpp
[0.338s] -- Found geometry_msgs: 2.2.3 (/home/sycamore/ros2_galactic/ros2-linux/share/geometry_msgs/cmake)
[0.399s] -- Found PythonInterp: /usr/bin/python3 (found version "3.8.10") 
[0.505s] -- Found ament_cmake_ros: 0.9.2 (/home/sycamore/ros2_galactic/ros2-linux/share/ament_cmake_ros/cmake)
[0.664s] -- Using all available rosidl_typesupport_c: rosidl_typesupport_fastrtps_c;rosidl_typesupport_introspection_c
[0.742s] -- Using all available rosidl_typesupport_cpp: rosidl_typesupport_fastrtps_cpp;rosidl_typesupport_introspection_cpp
[0.758s] -- Found PythonInterp: /usr/bin/python3 (found suitable version "3.8.10", minimum required is "3.5") 
[0.758s] -- Found python_cmake_module: 0.8.1 (/home/sycamore/ros2_galactic/ros2-linux/share/python_cmake_module/cmake)
[0.772s] -- Using PYTHON_EXECUTABLE: /usr/bin/python3
[0.772s] -- Using PYTHON_INCLUDE_DIRS: /usr/include/python3.8
[0.772s] -- Using PYTHON_LIBRARIES: /usr/lib/x86_64-linux-gnu/libpython3.8.so
[0.807s] -- Found ament_lint_auto: 0.10.6 (/home/sycamore/ros2_galactic/ros2-linux/share/ament_lint_auto/cmake)
[0.813s] -- Added test 'copyright' to check source files copyright and LICENSE
[0.814s] -- Added test 'lint_cmake' to check CMake code style
[0.815s] -- Added test 'xmllint' to check XML markup files
[0.817s] -- Configuring done
[0.847s] -- Generating done
[0.849s] -- Build files have been written to: /home/sycamore/Syca_ws/build/interfaces
[0.864s] [  3%] [34m[1mGenerating C code for ROS interfaces[0m
[0.870s] [  6%] [34m[1mGenerating C++ code for ROS interfaces[0m
[1.010s] [35m[1mScanning dependencies of target interfaces__rosidl_generator_c[0m
[1.015s] [  6%] Built target interfaces__cpp
[1.016s] [  9%] [32mBuilding C object CMakeFiles/interfaces__rosidl_generator_c.dir/rosidl_generator_c/interfaces/srv/detail/task__functions.c.o[0m
[1.021s] [ 19%] [34m[1mGenerating C++ type support dispatch for ROS interfaces[0m
[1.022s] [ 19%] [34m[1mGenerating C++ introspection for ROS interfaces[0m
[1.022s] [ 19%] [34m[1mGenerating C++ type support for eProsima Fast-RTPS[0m
[1.024s] In file included from [01m[K/home/sycamore/Syca_ws/build/interfaces/rosidl_generator_c/interfaces/srv/detail/task__functions.h:19[m[K,
[1.024s]                  from [01m[K/home/sycamore/Syca_ws/build/interfaces/rosidl_generator_c/interfaces/srv/detail/task__functions.c:4[m[K:
[1.024s] [01m[K/home/sycamore/Syca_ws/build/interfaces/rosidl_generator_c/interfaces/srv/detail/task__struct.h:41:10:[m[K [01;31m[Kfatal error: [m[Kinterfaces/msg/detail/point__struct.h: No such file or directory
[1.024s]    41 | #include [01;31m[K"interfaces/msg/detail/point__struct.h"[m[K
[1.024s]       |          [01;31m[K^~~~~~~~~~~~~~~~~~~~~~~~~~~~~~~~~~~~~~~[m[K
[1.024s] compilation terminated.
[1.025s] make[2]: *** [CMakeFiles/interfaces__rosidl_generator_c.dir/build.make:153: CMakeFiles/interfaces__rosidl_generator_c.dir/rosidl_generator_c/interfaces/srv/detail/task__functions.c.o] Error 1
[1.025s] make[1]: *** [CMakeFiles/Makefile2:299: CMakeFiles/interfaces__rosidl_generator_c.dir/all] Error 2
[1.025s] make[1]: *** Waiting for unfinished jobs....
[1.145s] [35m[1mScanning dependencies of target interfaces__rosidl_typesupport_cpp[0m
[1.152s] [ 22%] [32mBuilding CXX object CMakeFiles/interfaces__rosidl_typesupport_cpp.dir/rosidl_typesupport_cpp/interfaces/srv/task__type_support.cpp.o[0m
[1.159s] [35m[1mScanning dependencies of target interfaces__rosidl_typesupport_introspection_cpp[0m
[1.166s] [35m[1mScanning dependencies of target interfaces__rosidl_typesupport_fastrtps_cpp[0m
[1.167s] [ 25%] [32mBuilding CXX object CMakeFiles/interfaces__rosidl_typesupport_introspection_cpp.dir/rosidl_typesupport_introspection_cpp/interfaces/srv/detail/task__type_support.cpp.o[0m
[1.175s] [ 29%] [32mBuilding CXX object CMakeFiles/interfaces__rosidl_typesupport_fastrtps_cpp.dir/rosidl_typesupport_fastrtps_cpp/interfaces/srv/detail/dds_fastrtps/task__type_support.cpp.o[0m
[1.179s] In file included from [01m[K/home/sycamore/Syca_ws/build/interfaces/rosidl_typesupport_cpp/interfaces/srv/task__type_support.cpp:7[m[K:
[1.179s] [01m[K/home/sycamore/Syca_ws/build/interfaces/rosidl_generator_cpp/interfaces/srv/detail/task__struct.hpp:133:10:[m[K [01;31m[Kfatal error: [m[Kinterfaces/msg/detail/point__struct.hpp: No such file or directory
[1.179s]   133 | #include [01;31m[K"interfaces/msg/detail/point__struct.hpp"[m[K
[1.179s]       |          [01;31m[K^~~~~~~~~~~~~~~~~~~~~~~~~~~~~~~~~~~~~~~~~[m[K
[1.179s] compilation terminated.
[1.180s] make[2]: *** [CMakeFiles/interfaces__rosidl_typesupport_cpp.dir/build.make:134: CMakeFiles/interfaces__rosidl_typesupport_cpp.dir/rosidl_typesupport_cpp/interfaces/srv/task__type_support.cpp.o] Error 1
[1.180s] make[1]: *** [CMakeFiles/Makefile2:415: CMakeFiles/interfaces__rosidl_typesupport_cpp.dir/all] Error 2
[1.193s] In file included from [01m[K/home/sycamore/Syca_ws/build/interfaces/rosidl_typesupport_introspection_cpp/interfaces/srv/detail/task__type_support.cpp:12[m[K:
[1.193s] [01m[K/home/sycamore/Syca_ws/build/interfaces/rosidl_generator_cpp/interfaces/srv/detail/task__struct.hpp:133:10:[m[K [01;31m[Kfatal error: [m[Kinterfaces/msg/detail/point__struct.hpp: No such file or directory
[1.193s]   133 | #include [01;31m[K"interfaces/msg/detail/point__struct.hpp"[m[K
[1.193s]       |          [01;31m[K^~~~~~~~~~~~~~~~~~~~~~~~~~~~~~~~~~~~~~~~~[m[K
[1.193s] compilation terminated.
[1.194s] make[2]: *** [CMakeFiles/interfaces__rosidl_typesupport_introspection_cpp.dir/build.make:139: CMakeFiles/interfaces__rosidl_typesupport_introspection_cpp.dir/rosidl_typesupport_introspection_cpp/interfaces/srv/detail/task__type_support.cpp.o] Error 1
[1.194s] make[1]: *** [CMakeFiles/Makefile2:496: CMakeFiles/interfaces__rosidl_typesupport_introspection_cpp.dir/all] Error 2
[1.202s] In file included from [01m[K/home/sycamore/Syca_ws/build/interfaces/rosidl_typesupport_fastrtps_cpp/interfaces/srv/detail/task__rosidl_typesupport_fastrtps_cpp.hpp:11[m[K,
[1.202s]                  from [01m[K/home/sycamore/Syca_ws/build/interfaces/rosidl_typesupport_fastrtps_cpp/interfaces/srv/detail/dds_fastrtps/task__type_support.cpp:4[m[K:
[1.202s] [01m[K/home/sycamore/Syca_ws/build/interfaces/rosidl_generator_cpp/interfaces/srv/detail/task__struct.hpp:133:10:[m[K [01;31m[Kfatal error: [m[Kinterfaces/msg/detail/point__struct.hpp: No such file or directory
[1.202s]   133 | #include [01;31m[K"interfaces/msg/detail/point__struct.hpp"[m[K
[1.202s]       |          [01;31m[K^~~~~~~~~~~~~~~~~~~~~~~~~~~~~~~~~~~~~~~~~[m[K
[1.202s] compilation terminated.
[1.203s] make[2]: *** [CMakeFiles/interfaces__rosidl_typesupport_fastrtps_cpp.dir/build.make:139: CMakeFiles/interfaces__rosidl_typesupport_fastrtps_cpp.dir/rosidl_typesupport_fastrtps_cpp/interfaces/srv/detail/dds_fastrtps/task__type_support.cpp.o] Error 1
[1.203s] make[1]: *** [CMakeFiles/Makefile2:442: CMakeFiles/interfaces__rosidl_typesupport_fastrtps_cpp.dir/all] Error 2
[1.203s] make: *** [Makefile:141: all] Error 2
[1.205s] Invoked command in '/home/sycamore/Syca_ws/build/interfaces' returned '2': /usr/bin/cmake --build /home/sycamore/Syca_ws/build/interfaces -- -j20 -l20
