[0.456s] Invoking command in '/home/sycamore/Syca_ws/src/opti_track': PYTHONPATH=/home/sycamore/Syca_ws/install/lib/python3.8/site-packages:${PYTHONPATH} /usr/bin/python3 setup.py egg_info --egg-base ../../build/opti_track build --build-base /home/sycamore/Syca_ws/build/opti_track/build install --prefix /home/sycamore/Syca_ws/install --record /home/sycamore/Syca_ws/build/opti_track/install.log --single-version-externally-managed
[0.602s] running egg_info
[0.603s] writing ../../build/opti_track/opti_track.egg-info/PKG-INFO
[0.606s] writing dependency_links to ../../build/opti_track/opti_track.egg-info/dependency_links.txt
[0.607s] writing entry points to ../../build/opti_track/opti_track.egg-info/entry_points.txt
[0.607s] writing requirements to ../../build/opti_track/opti_track.egg-info/requires.txt
[0.607s] writing top-level names to ../../build/opti_track/opti_track.egg-info/top_level.txt
[0.646s] reading manifest file '../../build/opti_track/opti_track.egg-info/SOURCES.txt'
[0.647s] writing manifest file '../../build/opti_track/opti_track.egg-info/SOURCES.txt'
[0.647s] running build
[0.647s] running build_py
[0.647s] running install
[0.648s] running install_lib
[0.649s] running install_data
[0.649s] copying launch/establish_link.launch.py -> /home/sycamore/Syca_ws/install/share/opti_track
[0.649s] running install_egg_info
[0.650s] removing '/home/sycamore/Syca_ws/install/lib/python3.8/site-packages/opti_track-0.0.0-py3.8.egg-info' (and everything under it)
[0.650s] Copying ../../build/opti_track/opti_track.egg-info to /home/sycamore/Syca_ws/install/lib/python3.8/site-packages/opti_track-0.0.0-py3.8.egg-info
[0.651s] running install_scripts
[0.661s] Installing opti_link script to /home/sycamore/Syca_ws/install/lib/opti_track
[0.661s] writing list of installed files to '/home/sycamore/Syca_ws/build/opti_track/install.log'
[0.672s] Invoked command in '/home/sycamore/Syca_ws/src/opti_track' returned '0': PYTHONPATH=/home/sycamore/Syca_ws/install/lib/python3.8/site-packages:${PYTHONPATH} /usr/bin/python3 setup.py egg_info --egg-base ../../build/opti_track build --build-base /home/sycamore/Syca_ws/build/opti_track/build install --prefix /home/sycamore/Syca_ws/install --record /home/sycamore/Syca_ws/build/opti_track/install.log --single-version-externally-managed
