[0.000000] (-) TimerEvent: {}
[0.000076] (-) JobUnselected: {'identifier': 'basic_pub'}
[0.000095] (-) JobUnselected: {'identifier': 'opti_track'}
[0.000109] (-) JobUnselected: {'identifier': 'py_basicsub'}
[0.000129] (-) JobUnselected: {'identifier': 'teleop'}
[0.000148] (central_pc) JobQueued: {'identifier': 'central_pc', 'dependencies': OrderedDict()}
[0.000167] (interfaces) JobQueued: {'identifier': 'interfaces', 'dependencies': OrderedDict()}
[0.000207] (jetbot) JobQueued: {'identifier': 'jetbot', 'dependencies': OrderedDict()}
[0.000223] (central_pc) JobStarted: {'identifier': 'central_pc'}
[0.010133] (interfaces) JobStarted: {'identifier': 'interfaces'}
[0.016695] (jetbot) JobStarted: {'identifier': 'jetbot'}
[0.099526] (-) TimerEvent: {}
[0.188454] (interfaces) JobProgress: {'identifier': 'interfaces', 'progress': 'cmake'}
[0.188894] (interfaces) JobProgress: {'identifier': 'interfaces', 'progress': 'build'}
[0.189544] (interfaces) Command: {'cmd': ['/usr/bin/cmake', '--build', '/home/sycamore/Syca_ws/build/interfaces', '--', '-j20', '-l20'], 'cwd': '/home/sycamore/Syca_ws/build/interfaces', 'env': OrderedDict([('GJS_DEBUG_TOPICS', 'JS ERROR;JS LOG'), ('LANGUAGE', 'en_GB:en'), ('USER', 'sycamore'), ('LC_TIME', 'en_GB.UTF-8'), ('SSH_AGENT_PID', '1922'), ('XDG_SESSION_TYPE', 'x11'), ('SHLVL', '1'), ('LD_LIBRARY_PATH', '/home/sycamore/Syca_ws/install/lib:/home/sycamore/ros2_galactic/ros2-linux/opt/yaml_cpp_vendor/lib:/home/sycamore/ros2_galactic/ros2-linux/opt/rviz_ogre_vendor/lib:/home/sycamore/ros2_galactic/ros2-linux/lib'), ('HOME', '/home/sycamore'), ('OLDPWD', '/home/sycamore'), ('DESKTOP_SESSION', 'ubuntu'), ('ROS_PYTHON_VERSION', '3'), ('GNOME_SHELL_SESSION_MODE', 'ubuntu'), ('GTK_MODULES', 'gail:atk-bridge'), ('LC_MONETARY', 'en_GB.UTF-8'), ('MANAGERPID', '1745'), ('DBUS_SESSION_BUS_ADDRESS', 'unix:path=/run/user/1000/bus'), ('COLORTERM', 'truecolor'), ('IM_CONFIG_PHASE', '1'), ('COLCON_PREFIX_PATH', '/home/sycamore/Syca_ws/install:/home/sycamore/ros2_galactic/ros2-linux'), ('ROS_DISTRO', 'galactic'), ('LOGNAME', 'sycamore'), ('JOURNAL_STREAM', '8:50103'), ('_', '/usr/bin/colcon'), ('ROS_VERSION', '2'), ('PKG_CONFIG_PATH', '/home/sycamore/ros2_galactic/ros2-linux/lib/x86_64-linux-gnu/pkgconfig:/home/sycamore/ros2_galactic/ros2-linux/lib/pkgconfig'), ('XDG_SESSION_CLASS', 'user'), ('USERNAME', 'sycamore'), ('TERM', 'xterm-256color'), ('GNOME_DESKTOP_SESSION_ID', 'this-is-deprecated'), ('ROS_LOCALHOST_ONLY', '0'), ('WINDOWPATH', '2'), ('PATH', '/home/sycamore/ros2_galactic/ros2-linux/bin:/home/sycamore/.local/bin:/usr/local/sbin:/usr/local/bin:/usr/sbin:/usr/bin:/sbin:/bin:/usr/games:/usr/local/games:/snap/bin'), ('SESSION_MANAGER', 'local/Sycamore-CentralPC:@/tmp/.ICE-unix/1960,unix/Sycamore-CentralPC:/tmp/.ICE-unix/1960'), ('INVOCATION_ID', '2a1e31ba07f5401f85243b277c242c83'), ('PAPERSIZE', 'a4'), ('XDG_MENU_PREFIX', 'gnome-'), ('LC_ADDRESS', 'en_GB.UTF-8'), ('GNOME_TERMINAL_SCREEN', '/org/gnome/Terminal/screen/abc859f7_9b39_4442_a831_9375ca414ae6'), ('XDG_RUNTIME_DIR', '/run/user/1000'), ('DISPLAY', ':0'), ('LANG', 'en_GB.UTF-8'), ('XDG_CURRENT_DESKTOP', 'ubuntu:GNOME'), ('LC_TELEPHONE', 'en_GB.UTF-8'), ('XMODIFIERS', '@im=ibus'), ('XDG_SESSION_DESKTOP', 'ubuntu'), ('XAUTHORITY', '/run/user/1000/gdm/Xauthority'), ('GNOME_TERMINAL_SERVICE', ':1.4157'), ('SSH_AUTH_SOCK', '/run/user/1000/keyring/ssh'), ('AMENT_PREFIX_PATH', '/home/sycamore/Syca_ws/install:/home/sycamore/ros2_galactic/ros2-linux'), ('SHELL', '/bin/bash'), ('LC_NAME', 'en_GB.UTF-8'), ('QT_ACCESSIBILITY', '1'), ('GDMSESSION', 'ubuntu'), ('LC_MEASUREMENT', 'en_GB.UTF-8'), ('GPG_AGENT_INFO', '/run/user/1000/gnupg/S.gpg-agent:0:1'), ('GJS_DEBUG_OUTPUT', 'stderr'), ('LC_IDENTIFICATION', 'en_GB.UTF-8'), ('QT_IM_MODULE', 'ibus'), ('PWD', '/home/sycamore/Syca_ws/build/interfaces'), ('XDG_CONFIG_DIRS', '/etc/xdg/xdg-ubuntu:/etc/xdg'), ('XDG_DATA_DIRS', '/usr/share/ubuntu:/usr/local/share/:/usr/share/:/var/lib/snapd/desktop'), ('PYTHONPATH', '/home/sycamore/Syca_ws/install/lib/python3.8/site-packages:/home/sycamore/ros2_galactic/ros2-linux/lib/python3.8/site-packages'), ('LC_NUMERIC', 'en_GB.UTF-8'), ('LC_PAPER', 'en_GB.UTF-8'), ('COLCON', '1'), ('VTE_VERSION', '6003'), ('CMAKE_PREFIX_PATH', '/home/sycamore/Syca_ws/install:/home/sycamore/ros2_galactic/ros2-linux')]), 'shell': False}
[0.199639] (-) TimerEvent: {}
[0.221234] (interfaces) StdoutLine: {'line': b'[  3%] Built target interfaces__cpp\n'}
[0.222369] (interfaces) StdoutLine: {'line': b'[ 12%] Built target interfaces__rosidl_generator_c\n'}
[0.236220] (interfaces) StdoutLine: {'line': b'[ 51%] Built target interfaces__rosidl_typesupport_introspection_c\n'}
[0.236347] (interfaces) StdoutLine: {'line': b'[ 51%] Built target interfaces__rosidl_typesupport_introspection_cpp\n'}
[0.236401] (interfaces) StdoutLine: {'line': b'[ 51%] Built target interfaces__rosidl_typesupport_c\n'}
[0.236450] (interfaces) StdoutLine: {'line': b'[ 51%] Built target interfaces__rosidl_typesupport_cpp\n'}
[0.238057] (interfaces) StdoutLine: {'line': b'[ 61%] Built target interfaces__rosidl_typesupport_fastrtps_cpp\n'}
[0.254592] (interfaces) StdoutLine: {'line': b'[ 70%] Built target interfaces__rosidl_typesupport_fastrtps_c\n'}
[0.266143] (interfaces) StdoutLine: {'line': b'[ 70%] Built target interfaces\n'}
[0.277755] (interfaces) StdoutLine: {'line': b'[ 74%] Built target interfaces__py\n'}
[0.292289] (interfaces) StdoutLine: {'line': b'[ 80%] Built target interfaces__python\n'}
[0.299702] (-) TimerEvent: {}
[0.307763] (interfaces) StdoutLine: {'line': b'[100%] Built target interfaces__rosidl_typesupport_fastrtps_c__pyext\n'}
[0.307884] (interfaces) StdoutLine: {'line': b'[100%] Built target interfaces__rosidl_typesupport_introspection_c__pyext\n'}
[0.307936] (interfaces) StdoutLine: {'line': b'[100%] Built target interfaces__rosidl_typesupport_c__pyext\n'}
[0.365736] (interfaces) CommandEnded: {'returncode': 0}
[0.391040] (interfaces) JobProgress: {'identifier': 'interfaces', 'progress': 'install'}
[0.398513] (interfaces) Command: {'cmd': ['/usr/bin/cmake', '--install', '/home/sycamore/Syca_ws/build/interfaces'], 'cwd': '/home/sycamore/Syca_ws/build/interfaces', 'env': OrderedDict([('GJS_DEBUG_TOPICS', 'JS ERROR;JS LOG'), ('LANGUAGE', 'en_GB:en'), ('USER', 'sycamore'), ('LC_TIME', 'en_GB.UTF-8'), ('SSH_AGENT_PID', '1922'), ('XDG_SESSION_TYPE', 'x11'), ('SHLVL', '1'), ('LD_LIBRARY_PATH', '/home/sycamore/Syca_ws/install/lib:/home/sycamore/ros2_galactic/ros2-linux/opt/yaml_cpp_vendor/lib:/home/sycamore/ros2_galactic/ros2-linux/opt/rviz_ogre_vendor/lib:/home/sycamore/ros2_galactic/ros2-linux/lib'), ('HOME', '/home/sycamore'), ('OLDPWD', '/home/sycamore'), ('DESKTOP_SESSION', 'ubuntu'), ('ROS_PYTHON_VERSION', '3'), ('GNOME_SHELL_SESSION_MODE', 'ubuntu'), ('GTK_MODULES', 'gail:atk-bridge'), ('LC_MONETARY', 'en_GB.UTF-8'), ('MANAGERPID', '1745'), ('DBUS_SESSION_BUS_ADDRESS', 'unix:path=/run/user/1000/bus'), ('COLORTERM', 'truecolor'), ('IM_CONFIG_PHASE', '1'), ('COLCON_PREFIX_PATH', '/home/sycamore/Syca_ws/install:/home/sycamore/ros2_galactic/ros2-linux'), ('ROS_DISTRO', 'galactic'), ('LOGNAME', 'sycamore'), ('JOURNAL_STREAM', '8:50103'), ('_', '/usr/bin/colcon'), ('ROS_VERSION', '2'), ('PKG_CONFIG_PATH', '/home/sycamore/ros2_galactic/ros2-linux/lib/x86_64-linux-gnu/pkgconfig:/home/sycamore/ros2_galactic/ros2-linux/lib/pkgconfig'), ('XDG_SESSION_CLASS', 'user'), ('USERNAME', 'sycamore'), ('TERM', 'xterm-256color'), ('GNOME_DESKTOP_SESSION_ID', 'this-is-deprecated'), ('ROS_LOCALHOST_ONLY', '0'), ('WINDOWPATH', '2'), ('PATH', '/home/sycamore/ros2_galactic/ros2-linux/bin:/home/sycamore/.local/bin:/usr/local/sbin:/usr/local/bin:/usr/sbin:/usr/bin:/sbin:/bin:/usr/games:/usr/local/games:/snap/bin'), ('SESSION_MANAGER', 'local/Sycamore-CentralPC:@/tmp/.ICE-unix/1960,unix/Sycamore-CentralPC:/tmp/.ICE-unix/1960'), ('INVOCATION_ID', '2a1e31ba07f5401f85243b277c242c83'), ('PAPERSIZE', 'a4'), ('XDG_MENU_PREFIX', 'gnome-'), ('LC_ADDRESS', 'en_GB.UTF-8'), ('GNOME_TERMINAL_SCREEN', '/org/gnome/Terminal/screen/abc859f7_9b39_4442_a831_9375ca414ae6'), ('XDG_RUNTIME_DIR', '/run/user/1000'), ('DISPLAY', ':0'), ('LANG', 'en_GB.UTF-8'), ('XDG_CURRENT_DESKTOP', 'ubuntu:GNOME'), ('LC_TELEPHONE', 'en_GB.UTF-8'), ('XMODIFIERS', '@im=ibus'), ('XDG_SESSION_DESKTOP', 'ubuntu'), ('XAUTHORITY', '/run/user/1000/gdm/Xauthority'), ('GNOME_TERMINAL_SERVICE', ':1.4157'), ('SSH_AUTH_SOCK', '/run/user/1000/keyring/ssh'), ('AMENT_PREFIX_PATH', '/home/sycamore/Syca_ws/install:/home/sycamore/ros2_galactic/ros2-linux'), ('SHELL', '/bin/bash'), ('LC_NAME', 'en_GB.UTF-8'), ('QT_ACCESSIBILITY', '1'), ('GDMSESSION', 'ubuntu'), ('LC_MEASUREMENT', 'en_GB.UTF-8'), ('GPG_AGENT_INFO', '/run/user/1000/gnupg/S.gpg-agent:0:1'), ('GJS_DEBUG_OUTPUT', 'stderr'), ('LC_IDENTIFICATION', 'en_GB.UTF-8'), ('QT_IM_MODULE', 'ibus'), ('PWD', '/home/sycamore/Syca_ws/build/interfaces'), ('XDG_CONFIG_DIRS', '/etc/xdg/xdg-ubuntu:/etc/xdg'), ('XDG_DATA_DIRS', '/usr/share/ubuntu:/usr/local/share/:/usr/share/:/var/lib/snapd/desktop'), ('PYTHONPATH', '/home/sycamore/Syca_ws/install/lib/python3.8/site-packages:/home/sycamore/ros2_galactic/ros2-linux/lib/python3.8/site-packages'), ('LC_NUMERIC', 'en_GB.UTF-8'), ('LC_PAPER', 'en_GB.UTF-8'), ('COLCON', '1'), ('VTE_VERSION', '6003'), ('CMAKE_PREFIX_PATH', '/home/sycamore/Syca_ws/install:/home/sycamore/ros2_galactic/ros2-linux')]), 'shell': False}
[0.399768] (-) TimerEvent: {}
[0.404349] (interfaces) StdoutLine: {'line': b'-- Install configuration: ""\n'}
[0.404518] (interfaces) StdoutLine: {'line': b'-- Up-to-date: /home/sycamore/Syca_ws/install/share/ament_index/resource_index/rosidl_interfaces/interfaces\n'}
[0.404600] (interfaces) StdoutLine: {'line': b'-- Up-to-date: /home/sycamore/Syca_ws/install/include/interfaces\n'}
[0.404650] (interfaces) StdoutLine: {'line': b'-- Up-to-date: /home/sycamore/Syca_ws/install/include/interfaces/msg\n'}
[0.404696] (interfaces) StdoutLine: {'line': b'-- Up-to-date: /home/sycamore/Syca_ws/install/include/interfaces/msg/rosidl_generator_c__visibility_control.h\n'}
[0.404746] (interfaces) StdoutLine: {'line': b'-- Up-to-date: /home/sycamore/Syca_ws/install/include/interfaces/srv\n'}
[0.404796] (interfaces) StdoutLine: {'line': b'-- Up-to-date: /home/sycamore/Syca_ws/install/include/interfaces/srv/task.h\n'}
[0.404846] (interfaces) StdoutLine: {'line': b'-- Up-to-date: /home/sycamore/Syca_ws/install/include/interfaces/srv/detail\n'}
[0.404896] (interfaces) StdoutLine: {'line': b'-- Up-to-date: /home/sycamore/Syca_ws/install/include/interfaces/srv/detail/task__type_support.h\n'}
[0.404978] (interfaces) StdoutLine: {'line': b'-- Up-to-date: /home/sycamore/Syca_ws/install/include/interfaces/srv/detail/task__functions.h\n'}
[0.405024] (interfaces) StdoutLine: {'line': b'-- Up-to-date: /home/sycamore/Syca_ws/install/include/interfaces/srv/detail/task__functions.c\n'}
[0.405083] (interfaces) StdoutLine: {'line': b'-- Up-to-date: /home/sycamore/Syca_ws/install/include/interfaces/srv/detail/task__struct.h\n'}
[0.405128] (interfaces) StdoutLine: {'line': b'-- Up-to-date: /home/sycamore/Syca_ws/install/share/interfaces/environment/library_path.sh\n'}
[0.405191] (interfaces) StdoutLine: {'line': b'-- Up-to-date: /home/sycamore/Syca_ws/install/share/interfaces/environment/library_path.dsv\n'}
[0.405273] (interfaces) StdoutLine: {'line': b'-- Up-to-date: /home/sycamore/Syca_ws/install/lib/libinterfaces__rosidl_generator_c.so\n'}
[0.405318] (interfaces) StdoutLine: {'line': b'-- Up-to-date: /home/sycamore/Syca_ws/install/include/interfaces\n'}
[0.405361] (interfaces) StdoutLine: {'line': b'-- Up-to-date: /home/sycamore/Syca_ws/install/include/interfaces/msg\n'}
[0.405417] (interfaces) StdoutLine: {'line': b'-- Up-to-date: /home/sycamore/Syca_ws/install/include/interfaces/msg/rosidl_typesupport_fastrtps_c__visibility_control.h\n'}
[0.405462] (interfaces) StdoutLine: {'line': b'-- Up-to-date: /home/sycamore/Syca_ws/install/include/interfaces/srv\n'}
[0.405508] (interfaces) StdoutLine: {'line': b'-- Up-to-date: /home/sycamore/Syca_ws/install/include/interfaces/srv/detail\n'}
[0.405584] (interfaces) StdoutLine: {'line': b'-- Up-to-date: /home/sycamore/Syca_ws/install/include/interfaces/srv/detail/task__rosidl_typesupport_fastrtps_c.h\n'}
[0.405641] (interfaces) StdoutLine: {'line': b'-- Up-to-date: /home/sycamore/Syca_ws/install/lib/libinterfaces__rosidl_typesupport_fastrtps_c.so\n'}
[0.405691] (interfaces) StdoutLine: {'line': b'-- Up-to-date: /home/sycamore/Syca_ws/install/include/interfaces\n'}
[0.405737] (interfaces) StdoutLine: {'line': b'-- Up-to-date: /home/sycamore/Syca_ws/install/include/interfaces/msg\n'}
[0.405792] (interfaces) StdoutLine: {'line': b'-- Up-to-date: /home/sycamore/Syca_ws/install/include/interfaces/msg/rosidl_typesupport_fastrtps_cpp__visibility_control.h\n'}
[0.405836] (interfaces) StdoutLine: {'line': b'-- Up-to-date: /home/sycamore/Syca_ws/install/include/interfaces/srv\n'}
[0.405879] (interfaces) StdoutLine: {'line': b'-- Up-to-date: /home/sycamore/Syca_ws/install/include/interfaces/srv/detail\n'}
[0.405924] (interfaces) StdoutLine: {'line': b'-- Up-to-date: /home/sycamore/Syca_ws/install/include/interfaces/srv/detail/task__rosidl_typesupport_fastrtps_cpp.hpp\n'}
[0.405978] (interfaces) StdoutLine: {'line': b'-- Up-to-date: /home/sycamore/Syca_ws/install/include/interfaces/srv/detail/dds_fastrtps\n'}
[0.406022] (interfaces) StdoutLine: {'line': b'-- Up-to-date: /home/sycamore/Syca_ws/install/lib/libinterfaces__rosidl_typesupport_fastrtps_cpp.so\n'}
[0.406097] (interfaces) StdoutLine: {'line': b'-- Up-to-date: /home/sycamore/Syca_ws/install/include/interfaces\n'}
[0.406146] (interfaces) StdoutLine: {'line': b'-- Up-to-date: /home/sycamore/Syca_ws/install/include/interfaces/msg\n'}
[0.406210] (interfaces) StdoutLine: {'line': b'-- Up-to-date: /home/sycamore/Syca_ws/install/include/interfaces/msg/rosidl_typesupport_introspection_c__visibility_control.h\n'}
[0.406255] (interfaces) StdoutLine: {'line': b'-- Up-to-date: /home/sycamore/Syca_ws/install/include/interfaces/srv\n'}
[0.406311] (interfaces) StdoutLine: {'line': b'-- Up-to-date: /home/sycamore/Syca_ws/install/include/interfaces/srv/detail\n'}
[0.406355] (interfaces) StdoutLine: {'line': b'-- Up-to-date: /home/sycamore/Syca_ws/install/include/interfaces/srv/detail/task__rosidl_typesupport_introspection_c.h\n'}
[0.406399] (interfaces) StdoutLine: {'line': b'-- Up-to-date: /home/sycamore/Syca_ws/install/include/interfaces/srv/detail/task__type_support.c\n'}
[0.406443] (interfaces) StdoutLine: {'line': b'-- Up-to-date: /home/sycamore/Syca_ws/install/lib/libinterfaces__rosidl_typesupport_introspection_c.so\n'}
[0.406498] (interfaces) StdoutLine: {'line': b'-- Up-to-date: /home/sycamore/Syca_ws/install/lib/libinterfaces__rosidl_typesupport_c.so\n'}
[0.406548] (interfaces) StdoutLine: {'line': b'-- Up-to-date: /home/sycamore/Syca_ws/install/include/interfaces\n'}
[0.406596] (interfaces) StdoutLine: {'line': b'-- Up-to-date: /home/sycamore/Syca_ws/install/include/interfaces/srv\n'}
[0.406658] (interfaces) StdoutLine: {'line': b'-- Up-to-date: /home/sycamore/Syca_ws/install/include/interfaces/srv/task.hpp\n'}
[0.406713] (interfaces) StdoutLine: {'line': b'-- Up-to-date: /home/sycamore/Syca_ws/install/include/interfaces/srv/detail\n'}
[0.406757] (interfaces) StdoutLine: {'line': b'-- Up-to-date: /home/sycamore/Syca_ws/install/include/interfaces/srv/detail/task__builder.hpp\n'}
[0.406800] (interfaces) StdoutLine: {'line': b'-- Up-to-date: /home/sycamore/Syca_ws/install/include/interfaces/srv/detail/task__traits.hpp\n'}
[0.406843] (interfaces) StdoutLine: {'line': b'-- Up-to-date: /home/sycamore/Syca_ws/install/include/interfaces/srv/detail/task__struct.hpp\n'}
[0.406886] (interfaces) StdoutLine: {'line': b'-- Up-to-date: /home/sycamore/Syca_ws/install/include/interfaces\n'}
[0.406929] (interfaces) StdoutLine: {'line': b'-- Up-to-date: /home/sycamore/Syca_ws/install/include/interfaces/srv\n'}
[0.406972] (interfaces) StdoutLine: {'line': b'-- Up-to-date: /home/sycamore/Syca_ws/install/include/interfaces/srv/detail\n'}
[0.407015] (interfaces) StdoutLine: {'line': b'-- Up-to-date: /home/sycamore/Syca_ws/install/include/interfaces/srv/detail/task__type_support.cpp\n'}
[0.407058] (interfaces) StdoutLine: {'line': b'-- Up-to-date: /home/sycamore/Syca_ws/install/include/interfaces/srv/detail/task__rosidl_typesupport_introspection_cpp.hpp\n'}
[0.407105] (interfaces) StdoutLine: {'line': b'-- Up-to-date: /home/sycamore/Syca_ws/install/lib/libinterfaces__rosidl_typesupport_introspection_cpp.so\n'}
[0.407149] (interfaces) StdoutLine: {'line': b'-- Up-to-date: /home/sycamore/Syca_ws/install/lib/libinterfaces__rosidl_typesupport_cpp.so\n'}
[0.407192] (interfaces) StdoutLine: {'line': b'-- Up-to-date: /home/sycamore/Syca_ws/install/share/interfaces/environment/pythonpath.sh\n'}
[0.407235] (interfaces) StdoutLine: {'line': b'-- Up-to-date: /home/sycamore/Syca_ws/install/share/interfaces/environment/pythonpath.dsv\n'}
[0.407278] (interfaces) StdoutLine: {'line': b'-- Up-to-date: /home/sycamore/Syca_ws/install/lib/python3.8/site-packages/interfaces/__init__.py\n'}
[0.428304] (interfaces) StdoutLine: {'line': b'-- Up-to-date: /home/sycamore/Syca_ws/install/lib/python3.8/site-packages/interfaces/srv\n'}
[0.428501] (interfaces) StdoutLine: {'line': b'-- Up-to-date: /home/sycamore/Syca_ws/install/lib/python3.8/site-packages/interfaces/srv/__init__.py\n'}
[0.428579] (interfaces) StdoutLine: {'line': b'-- Up-to-date: /home/sycamore/Syca_ws/install/lib/python3.8/site-packages/interfaces/srv/_task.py\n'}
[0.428640] (interfaces) StdoutLine: {'line': b'-- Up-to-date: /home/sycamore/Syca_ws/install/lib/python3.8/site-packages/interfaces/srv/_task_s.c\n'}
[0.428702] (interfaces) StdoutLine: {'line': b'-- Up-to-date: /home/sycamore/Syca_ws/install/lib/python3.8/site-packages/interfaces/interfaces_s__rosidl_typesupport_fastrtps_c.cpython-38-x86_64-linux-gnu.so\n'}
[0.428873] (interfaces) StdoutLine: {'line': b'-- Up-to-date: /home/sycamore/Syca_ws/install/lib/python3.8/site-packages/interfaces/interfaces_s__rosidl_typesupport_introspection_c.cpython-38-x86_64-linux-gnu.so\n'}
[0.429230] (interfaces) StdoutLine: {'line': b'-- Up-to-date: /home/sycamore/Syca_ws/install/lib/python3.8/site-packages/interfaces/interfaces_s__rosidl_typesupport_c.cpython-38-x86_64-linux-gnu.so\n'}
[0.429500] (interfaces) StdoutLine: {'line': b'-- Up-to-date: /home/sycamore/Syca_ws/install/lib/libinterfaces__python.so\n'}
[0.429616] (interfaces) StdoutLine: {'line': b'-- Up-to-date: /home/sycamore/Syca_ws/install/share/interfaces/srv/Task.idl\n'}
[0.429665] (interfaces) StdoutLine: {'line': b'-- Up-to-date: /home/sycamore/Syca_ws/install/share/interfaces/srv/Task.srv\n'}
[0.429725] (interfaces) StdoutLine: {'line': b'-- Up-to-date: /home/sycamore/Syca_ws/install/share/interfaces/srv/Task_Request.msg\n'}
[0.429782] (interfaces) StdoutLine: {'line': b'-- Up-to-date: /home/sycamore/Syca_ws/install/share/interfaces/srv/Task_Response.msg\n'}
[0.429843] (interfaces) StdoutLine: {'line': b'-- Up-to-date: /home/sycamore/Syca_ws/install/share/ament_index/resource_index/package_run_dependencies/interfaces\n'}
[0.429920] (interfaces) StdoutLine: {'line': b'-- Up-to-date: /home/sycamore/Syca_ws/install/share/ament_index/resource_index/parent_prefix_path/interfaces\n'}
[0.430000] (interfaces) StdoutLine: {'line': b'-- Up-to-date: /home/sycamore/Syca_ws/install/share/interfaces/environment/ament_prefix_path.sh\n'}
[0.430058] (interfaces) StdoutLine: {'line': b'-- Up-to-date: /home/sycamore/Syca_ws/install/share/interfaces/environment/ament_prefix_path.dsv\n'}
[0.430104] (interfaces) StdoutLine: {'line': b'-- Up-to-date: /home/sycamore/Syca_ws/install/share/interfaces/environment/path.sh\n'}
[0.430152] (interfaces) StdoutLine: {'line': b'-- Up-to-date: /home/sycamore/Syca_ws/install/share/interfaces/environment/path.dsv\n'}
[0.430208] (interfaces) StdoutLine: {'line': b'-- Up-to-date: /home/sycamore/Syca_ws/install/share/interfaces/local_setup.bash\n'}
[0.430265] (interfaces) StdoutLine: {'line': b'-- Up-to-date: /home/sycamore/Syca_ws/install/share/interfaces/local_setup.sh\n'}
[0.430323] (interfaces) StdoutLine: {'line': b'-- Up-to-date: /home/sycamore/Syca_ws/install/share/interfaces/local_setup.zsh\n'}
[0.430368] (interfaces) StdoutLine: {'line': b'-- Up-to-date: /home/sycamore/Syca_ws/install/share/interfaces/local_setup.dsv\n'}
[0.430435] (interfaces) StdoutLine: {'line': b'-- Installing: /home/sycamore/Syca_ws/install/share/interfaces/package.dsv\n'}
[0.430485] (interfaces) StdoutLine: {'line': b'-- Up-to-date: /home/sycamore/Syca_ws/install/share/ament_index/resource_index/packages/interfaces\n'}
[0.430553] (interfaces) StdoutLine: {'line': b'-- Up-to-date: /home/sycamore/Syca_ws/install/share/interfaces/cmake/interfaces__rosidl_generator_cExport.cmake\n'}
[0.430601] (interfaces) StdoutLine: {'line': b'-- Up-to-date: /home/sycamore/Syca_ws/install/share/interfaces/cmake/interfaces__rosidl_generator_cExport-noconfig.cmake\n'}
[0.430658] (interfaces) StdoutLine: {'line': b'-- Up-to-date: /home/sycamore/Syca_ws/install/share/interfaces/cmake/interfaces__rosidl_typesupport_introspection_cExport.cmake\n'}
[0.430709] (interfaces) StdoutLine: {'line': b'-- Up-to-date: /home/sycamore/Syca_ws/install/share/interfaces/cmake/interfaces__rosidl_typesupport_introspection_cExport-noconfig.cmake\n'}
[0.430767] (interfaces) StdoutLine: {'line': b'-- Up-to-date: /home/sycamore/Syca_ws/install/share/interfaces/cmake/interfaces__rosidl_typesupport_cExport.cmake\n'}
[0.430824] (interfaces) StdoutLine: {'line': b'-- Up-to-date: /home/sycamore/Syca_ws/install/share/interfaces/cmake/interfaces__rosidl_typesupport_cExport-noconfig.cmake\n'}
[0.430882] (interfaces) StdoutLine: {'line': b'-- Up-to-date: /home/sycamore/Syca_ws/install/share/interfaces/cmake/interfaces__rosidl_generator_cppExport.cmake\n'}
[0.430945] (interfaces) StdoutLine: {'line': b'-- Up-to-date: /home/sycamore/Syca_ws/install/share/interfaces/cmake/interfaces__rosidl_typesupport_introspection_cppExport.cmake\n'}
[0.431011] (interfaces) StdoutLine: {'line': b'-- Up-to-date: /home/sycamore/Syca_ws/install/share/interfaces/cmake/interfaces__rosidl_typesupport_introspection_cppExport-noconfig.cmake\n'}
[0.431082] (interfaces) StdoutLine: {'line': b'-- Up-to-date: /home/sycamore/Syca_ws/install/share/interfaces/cmake/interfaces__rosidl_typesupport_cppExport.cmake\n'}
[0.431149] (interfaces) StdoutLine: {'line': b'-- Up-to-date: /home/sycamore/Syca_ws/install/share/interfaces/cmake/interfaces__rosidl_typesupport_cppExport-noconfig.cmake\n'}
[0.431220] (interfaces) StdoutLine: {'line': b'-- Up-to-date: /home/sycamore/Syca_ws/install/share/interfaces/cmake/rosidl_cmake-extras.cmake\n'}
[0.431266] (interfaces) StdoutLine: {'line': b'-- Up-to-date: /home/sycamore/Syca_ws/install/share/interfaces/cmake/ament_cmake_export_dependencies-extras.cmake\n'}
[0.431310] (interfaces) StdoutLine: {'line': b'-- Up-to-date: /home/sycamore/Syca_ws/install/share/interfaces/cmake/ament_cmake_export_libraries-extras.cmake\n'}
[0.431355] (interfaces) StdoutLine: {'line': b'-- Up-to-date: /home/sycamore/Syca_ws/install/share/interfaces/cmake/ament_cmake_export_targets-extras.cmake\n'}
[0.431398] (interfaces) StdoutLine: {'line': b'-- Up-to-date: /home/sycamore/Syca_ws/install/share/interfaces/cmake/ament_cmake_export_include_directories-extras.cmake\n'}
[0.431442] (interfaces) StdoutLine: {'line': b'-- Up-to-date: /home/sycamore/Syca_ws/install/share/interfaces/cmake/rosidl_cmake_export_typesupport_libraries-extras.cmake\n'}
[0.431487] (interfaces) StdoutLine: {'line': b'-- Up-to-date: /home/sycamore/Syca_ws/install/share/interfaces/cmake/rosidl_cmake_export_typesupport_targets-extras.cmake\n'}
[0.431554] (interfaces) StdoutLine: {'line': b'-- Up-to-date: /home/sycamore/Syca_ws/install/share/interfaces/cmake/interfacesConfig.cmake\n'}
[0.431620] (interfaces) StdoutLine: {'line': b'-- Up-to-date: /home/sycamore/Syca_ws/install/share/interfaces/cmake/interfacesConfig-version.cmake\n'}
[0.431684] (interfaces) StdoutLine: {'line': b'-- Up-to-date: /home/sycamore/Syca_ws/install/share/interfaces/package.xml\n'}
[0.433909] (interfaces) CommandEnded: {'returncode': 0}
[0.482129] (interfaces) JobEnded: {'identifier': 'interfaces', 'rc': 0}
[0.499895] (-) TimerEvent: {}
[0.600217] (-) TimerEvent: {}
[0.659132] (central_pc) Command: {'cmd': ['/usr/bin/python3', 'setup.py', 'egg_info', '--egg-base', '../../build/central_pc', 'build', '--build-base', '/home/sycamore/Syca_ws/build/central_pc/build', 'install', '--prefix', '/home/sycamore/Syca_ws/install', '--record', '/home/sycamore/Syca_ws/build/central_pc/install.log', '--single-version-externally-managed'], 'cwd': '/home/sycamore/Syca_ws/src/central_pc', 'env': {'GJS_DEBUG_TOPICS': 'JS ERROR;JS LOG', 'LANGUAGE': 'en_GB:en', 'USER': 'sycamore', 'LC_TIME': 'en_GB.UTF-8', 'SSH_AGENT_PID': '1922', 'XDG_SESSION_TYPE': 'x11', 'SHLVL': '1', 'LD_LIBRARY_PATH': '/home/sycamore/Syca_ws/install/lib:/home/sycamore/ros2_galactic/ros2-linux/opt/yaml_cpp_vendor/lib:/home/sycamore/ros2_galactic/ros2-linux/opt/rviz_ogre_vendor/lib:/home/sycamore/ros2_galactic/ros2-linux/lib', 'HOME': '/home/sycamore', 'OLDPWD': '/home/sycamore', 'DESKTOP_SESSION': 'ubuntu', 'ROS_PYTHON_VERSION': '3', 'GNOME_SHELL_SESSION_MODE': 'ubuntu', 'GTK_MODULES': 'gail:atk-bridge', 'LC_MONETARY': 'en_GB.UTF-8', 'MANAGERPID': '1745', 'DBUS_SESSION_BUS_ADDRESS': 'unix:path=/run/user/1000/bus', 'COLORTERM': 'truecolor', 'IM_CONFIG_PHASE': '1', 'COLCON_PREFIX_PATH': '/home/sycamore/Syca_ws/install:/home/sycamore/ros2_galactic/ros2-linux', 'ROS_DISTRO': 'galactic', 'LOGNAME': 'sycamore', 'JOURNAL_STREAM': '8:50103', '_': '/usr/bin/colcon', 'ROS_VERSION': '2', 'PKG_CONFIG_PATH': '/home/sycamore/ros2_galactic/ros2-linux/lib/x86_64-linux-gnu/pkgconfig:/home/sycamore/ros2_galactic/ros2-linux/lib/pkgconfig', 'XDG_SESSION_CLASS': 'user', 'USERNAME': 'sycamore', 'TERM': 'xterm-256color', 'GNOME_DESKTOP_SESSION_ID': 'this-is-deprecated', 'ROS_LOCALHOST_ONLY': '0', 'WINDOWPATH': '2', 'PATH': '/home/sycamore/ros2_galactic/ros2-linux/bin:/home/sycamore/.local/bin:/usr/local/sbin:/usr/local/bin:/usr/sbin:/usr/bin:/sbin:/bin:/usr/games:/usr/local/games:/snap/bin', 'SESSION_MANAGER': 'local/Sycamore-CentralPC:@/tmp/.ICE-unix/1960,unix/Sycamore-CentralPC:/tmp/.ICE-unix/1960', 'INVOCATION_ID': '2a1e31ba07f5401f85243b277c242c83', 'PAPERSIZE': 'a4', 'XDG_MENU_PREFIX': 'gnome-', 'LC_ADDRESS': 'en_GB.UTF-8', 'GNOME_TERMINAL_SCREEN': '/org/gnome/Terminal/screen/abc859f7_9b39_4442_a831_9375ca414ae6', 'XDG_RUNTIME_DIR': '/run/user/1000', 'DISPLAY': ':0', 'LANG': 'en_GB.UTF-8', 'XDG_CURRENT_DESKTOP': 'ubuntu:GNOME', 'LC_TELEPHONE': 'en_GB.UTF-8', 'XMODIFIERS': '@im=ibus', 'XDG_SESSION_DESKTOP': 'ubuntu', 'XAUTHORITY': '/run/user/1000/gdm/Xauthority', 'GNOME_TERMINAL_SERVICE': ':1.4157', 'SSH_AUTH_SOCK': '/run/user/1000/keyring/ssh', 'AMENT_PREFIX_PATH': '/home/sycamore/Syca_ws/install:/home/sycamore/ros2_galactic/ros2-linux', 'SHELL': '/bin/bash', 'LC_NAME': 'en_GB.UTF-8', 'QT_ACCESSIBILITY': '1', 'GDMSESSION': 'ubuntu', 'LC_MEASUREMENT': 'en_GB.UTF-8', 'GPG_AGENT_INFO': '/run/user/1000/gnupg/S.gpg-agent:0:1', 'GJS_DEBUG_OUTPUT': 'stderr', 'LC_IDENTIFICATION': 'en_GB.UTF-8', 'QT_IM_MODULE': 'ibus', 'PWD': '/home/sycamore/Syca_ws/build/central_pc', 'XDG_CONFIG_DIRS': '/etc/xdg/xdg-ubuntu:/etc/xdg', 'XDG_DATA_DIRS': '/usr/share/ubuntu:/usr/local/share/:/usr/share/:/var/lib/snapd/desktop', 'PYTHONPATH': '/home/sycamore/Syca_ws/install/lib/python3.8/site-packages:/home/sycamore/Syca_ws/install/lib/python3.8/site-packages:/home/sycamore/ros2_galactic/ros2-linux/lib/python3.8/site-packages', 'LC_NUMERIC': 'en_GB.UTF-8', 'LC_PAPER': 'en_GB.UTF-8', 'COLCON': '1', 'VTE_VERSION': '6003', 'CMAKE_PREFIX_PATH': '/home/sycamore/Syca_ws/install:/home/sycamore/ros2_galactic/ros2-linux'}, 'shell': False}
[0.660928] (jetbot) Command: {'cmd': ['/usr/bin/python3', 'setup.py', 'egg_info', '--egg-base', '../../build/jetbot', 'build', '--build-base', '/home/sycamore/Syca_ws/build/jetbot/build', 'install', '--prefix', '/home/sycamore/Syca_ws/install', '--record', '/home/sycamore/Syca_ws/build/jetbot/install.log', '--single-version-externally-managed'], 'cwd': '/home/sycamore/Syca_ws/src/jetbot', 'env': {'GJS_DEBUG_TOPICS': 'JS ERROR;JS LOG', 'LANGUAGE': 'en_GB:en', 'USER': 'sycamore', 'LC_TIME': 'en_GB.UTF-8', 'SSH_AGENT_PID': '1922', 'XDG_SESSION_TYPE': 'x11', 'SHLVL': '1', 'LD_LIBRARY_PATH': '/home/sycamore/Syca_ws/install/lib:/home/sycamore/ros2_galactic/ros2-linux/opt/yaml_cpp_vendor/lib:/home/sycamore/ros2_galactic/ros2-linux/opt/rviz_ogre_vendor/lib:/home/sycamore/ros2_galactic/ros2-linux/lib', 'HOME': '/home/sycamore', 'OLDPWD': '/home/sycamore', 'DESKTOP_SESSION': 'ubuntu', 'ROS_PYTHON_VERSION': '3', 'GNOME_SHELL_SESSION_MODE': 'ubuntu', 'GTK_MODULES': 'gail:atk-bridge', 'LC_MONETARY': 'en_GB.UTF-8', 'MANAGERPID': '1745', 'DBUS_SESSION_BUS_ADDRESS': 'unix:path=/run/user/1000/bus', 'COLORTERM': 'truecolor', 'IM_CONFIG_PHASE': '1', 'COLCON_PREFIX_PATH': '/home/sycamore/Syca_ws/install:/home/sycamore/ros2_galactic/ros2-linux', 'ROS_DISTRO': 'galactic', 'LOGNAME': 'sycamore', 'JOURNAL_STREAM': '8:50103', '_': '/usr/bin/colcon', 'ROS_VERSION': '2', 'PKG_CONFIG_PATH': '/home/sycamore/ros2_galactic/ros2-linux/lib/x86_64-linux-gnu/pkgconfig:/home/sycamore/ros2_galactic/ros2-linux/lib/pkgconfig', 'XDG_SESSION_CLASS': 'user', 'USERNAME': 'sycamore', 'TERM': 'xterm-256color', 'GNOME_DESKTOP_SESSION_ID': 'this-is-deprecated', 'ROS_LOCALHOST_ONLY': '0', 'WINDOWPATH': '2', 'PATH': '/home/sycamore/ros2_galactic/ros2-linux/bin:/home/sycamore/.local/bin:/usr/local/sbin:/usr/local/bin:/usr/sbin:/usr/bin:/sbin:/bin:/usr/games:/usr/local/games:/snap/bin', 'SESSION_MANAGER': 'local/Sycamore-CentralPC:@/tmp/.ICE-unix/1960,unix/Sycamore-CentralPC:/tmp/.ICE-unix/1960', 'INVOCATION_ID': '2a1e31ba07f5401f85243b277c242c83', 'PAPERSIZE': 'a4', 'XDG_MENU_PREFIX': 'gnome-', 'LC_ADDRESS': 'en_GB.UTF-8', 'GNOME_TERMINAL_SCREEN': '/org/gnome/Terminal/screen/abc859f7_9b39_4442_a831_9375ca414ae6', 'XDG_RUNTIME_DIR': '/run/user/1000', 'DISPLAY': ':0', 'LANG': 'en_GB.UTF-8', 'XDG_CURRENT_DESKTOP': 'ubuntu:GNOME', 'LC_TELEPHONE': 'en_GB.UTF-8', 'XMODIFIERS': '@im=ibus', 'XDG_SESSION_DESKTOP': 'ubuntu', 'XAUTHORITY': '/run/user/1000/gdm/Xauthority', 'GNOME_TERMINAL_SERVICE': ':1.4157', 'SSH_AUTH_SOCK': '/run/user/1000/keyring/ssh', 'AMENT_PREFIX_PATH': '/home/sycamore/Syca_ws/install:/home/sycamore/ros2_galactic/ros2-linux', 'SHELL': '/bin/bash', 'LC_NAME': 'en_GB.UTF-8', 'QT_ACCESSIBILITY': '1', 'GDMSESSION': 'ubuntu', 'LC_MEASUREMENT': 'en_GB.UTF-8', 'GPG_AGENT_INFO': '/run/user/1000/gnupg/S.gpg-agent:0:1', 'GJS_DEBUG_OUTPUT': 'stderr', 'LC_IDENTIFICATION': 'en_GB.UTF-8', 'QT_IM_MODULE': 'ibus', 'PWD': '/home/sycamore/Syca_ws/build/jetbot', 'XDG_CONFIG_DIRS': '/etc/xdg/xdg-ubuntu:/etc/xdg', 'XDG_DATA_DIRS': '/usr/share/ubuntu:/usr/local/share/:/usr/share/:/var/lib/snapd/desktop', 'PYTHONPATH': '/home/sycamore/Syca_ws/install/lib/python3.8/site-packages:/home/sycamore/Syca_ws/install/lib/python3.8/site-packages:/home/sycamore/ros2_galactic/ros2-linux/lib/python3.8/site-packages', 'LC_NUMERIC': 'en_GB.UTF-8', 'LC_PAPER': 'en_GB.UTF-8', 'COLCON': '1', 'VTE_VERSION': '6003', 'CMAKE_PREFIX_PATH': '/home/sycamore/Syca_ws/install:/home/sycamore/ros2_galactic/ros2-linux'}, 'shell': False}
[0.700332] (-) TimerEvent: {}
[0.800603] (-) TimerEvent: {}
[0.811460] (central_pc) StdoutLine: {'line': b'running egg_info\n'}
[0.811803] (central_pc) StdoutLine: {'line': b'writing ../../build/central_pc/central_pc.egg-info/PKG-INFO\n'}
[0.811959] (central_pc) StdoutLine: {'line': b'writing dependency_links to ../../build/central_pc/central_pc.egg-info/dependency_links.txt\n'}
[0.812165] (central_pc) StdoutLine: {'line': b'writing entry points to ../../build/central_pc/central_pc.egg-info/entry_points.txt\n'}
[0.812232] (central_pc) StdoutLine: {'line': b'writing requirements to ../../build/central_pc/central_pc.egg-info/requires.txt\n'}
[0.812280] (central_pc) StdoutLine: {'line': b'writing top-level names to ../../build/central_pc/central_pc.egg-info/top_level.txt\n'}
[0.816351] (jetbot) StdoutLine: {'line': b'running egg_info\n'}
[0.816708] (jetbot) StdoutLine: {'line': b'writing ../../build/jetbot/jetbot.egg-info/PKG-INFO\n'}
[0.816860] (jetbot) StdoutLine: {'line': b'writing dependency_links to ../../build/jetbot/jetbot.egg-info/dependency_links.txt\n'}
[0.816957] (jetbot) StdoutLine: {'line': b'writing entry points to ../../build/jetbot/jetbot.egg-info/entry_points.txt\n'}
[0.817095] (jetbot) StdoutLine: {'line': b'writing requirements to ../../build/jetbot/jetbot.egg-info/requires.txt\n'}
[0.817164] (jetbot) StdoutLine: {'line': b'writing top-level names to ../../build/jetbot/jetbot.egg-info/top_level.txt\n'}
[0.834940] (central_pc) StdoutLine: {'line': b"reading manifest file '../../build/central_pc/central_pc.egg-info/SOURCES.txt'\n"}
[0.835487] (central_pc) StdoutLine: {'line': b"writing manifest file '../../build/central_pc/central_pc.egg-info/SOURCES.txt'\n"}
[0.835629] (central_pc) StdoutLine: {'line': b'running build\n'}
[0.835697] (central_pc) StdoutLine: {'line': b'running build_py\n'}
[0.835815] (central_pc) StdoutLine: {'line': b'copying central_pc/centralPC.py -> /home/sycamore/Syca_ws/build/central_pc/build/lib/central_pc\n'}
[0.835899] (central_pc) StdoutLine: {'line': b'running install\n'}
[0.836327] (central_pc) StdoutLine: {'line': b'running install_lib\n'}
[0.836928] (central_pc) StdoutLine: {'line': b'copying /home/sycamore/Syca_ws/build/central_pc/build/lib/central_pc/centralPC.py -> /home/sycamore/Syca_ws/install/lib/python3.8/site-packages/central_pc\n'}
[0.837337] (central_pc) StdoutLine: {'line': b'byte-compiling /home/sycamore/Syca_ws/install/lib/python3.8/site-packages/central_pc/centralPC.py to centralPC.cpython-38.pyc\n'}
[0.838688] (central_pc) StdoutLine: {'line': b'running install_data\n'}
[0.839005] (central_pc) StdoutLine: {'line': b'running install_egg_info\n'}
[0.839739] (jetbot) StdoutLine: {'line': b"reading manifest file '../../build/jetbot/jetbot.egg-info/SOURCES.txt'\n"}
[0.840154] (central_pc) StdoutLine: {'line': b"removing '/home/sycamore/Syca_ws/install/lib/python3.8/site-packages/central_pc-0.0.0-py3.8.egg-info' (and everything under it)\n"}
[0.840327] (central_pc) StdoutLine: {'line': b'Copying ../../build/central_pc/central_pc.egg-info to /home/sycamore/Syca_ws/install/lib/python3.8/site-packages/central_pc-0.0.0-py3.8.egg-info\n'}
[0.840396] (jetbot) StdoutLine: {'line': b"writing manifest file '../../build/jetbot/jetbot.egg-info/SOURCES.txt'\n"}
[0.840453] (jetbot) StdoutLine: {'line': b'running build\n'}
[0.840511] (jetbot) StdoutLine: {'line': b'running build_py\n'}
[0.840578] (jetbot) StdoutLine: {'line': b'running install\n'}
[0.840723] (central_pc) StdoutLine: {'line': b'running install_scripts\n'}
[0.840883] (jetbot) StdoutLine: {'line': b'running install_lib\n'}
[0.841821] (jetbot) StdoutLine: {'line': b'running install_data\n'}
[0.842146] (jetbot) StdoutLine: {'line': b'running install_egg_info\n'}
[0.843122] (jetbot) StdoutLine: {'line': b"removing '/home/sycamore/Syca_ws/install/lib/python3.8/site-packages/jetbot-0.0.0-py3.8.egg-info' (and everything under it)\n"}
[0.843279] (jetbot) StdoutLine: {'line': b'Copying ../../build/jetbot/jetbot.egg-info to /home/sycamore/Syca_ws/install/lib/python3.8/site-packages/jetbot-0.0.0-py3.8.egg-info\n'}
[0.843745] (jetbot) StdoutLine: {'line': b'running install_scripts\n'}
[0.851470] (central_pc) StdoutLine: {'line': b'Installing centralPC script to /home/sycamore/Syca_ws/install/lib/central_pc\n'}
[0.851730] (central_pc) StdoutLine: {'line': b"writing list of installed files to '/home/sycamore/Syca_ws/build/central_pc/install.log'\n"}
[0.855086] (jetbot) StdoutLine: {'line': b'Installing start script to /home/sycamore/Syca_ws/install/lib/jetbot\n'}
[0.855329] (jetbot) StdoutLine: {'line': b"writing list of installed files to '/home/sycamore/Syca_ws/build/jetbot/install.log'\n"}
[0.866848] (central_pc) CommandEnded: {'returncode': 0}
[0.874136] (central_pc) JobEnded: {'identifier': 'central_pc', 'rc': 0}
[0.875437] (jetbot) CommandEnded: {'returncode': 0}
[0.882705] (jetbot) JobEnded: {'identifier': 'jetbot', 'rc': 0}
[0.883232] (-) EventReactorShutdown: {}
