[0.031s] Invoking command in '/home/sycamore/Syca_ws/build/jetbot_actions': /usr/bin/cmake /home/sycamore/Syca_ws/src/jetbot_actions -DCMAKE_INSTALL_PREFIX=/home/sycamore/Syca_ws/install
[0.529s] -- The C compiler identification is GNU 9.4.0
[0.530s] -- The CXX compiler identification is GNU 9.4.0
[0.530s] -- Check for working C compiler: /usr/bin/cc
[0.530s] -- Check for working C compiler: /usr/bin/cc -- works
[0.531s] -- Detecting C compiler ABI info
[0.531s] -- Detecting C compiler ABI info - done
[0.531s] -- Detecting C compile features
[0.531s] -- Detecting C compile features - done
[0.531s] -- Check for working CXX compiler: /usr/bin/c++
[0.531s] -- Check for working CXX compiler: /usr/bin/c++ -- works
[0.532s] -- Detecting CXX compiler ABI info
[0.532s] -- Detecting CXX compiler ABI info - done
[0.532s] -- Detecting CXX compile features
[0.533s] -- Detecting CXX compile features - done
[0.533s] -- Found ament_cmake: 1.1.4 (/home/sycamore/ros2_galactic/ros2-linux/share/ament_cmake/cmake)
[0.533s] -- Found PythonInterp: /usr/bin/python3 (found suitable version "3.8.10", minimum required is "3") 
[0.534s] -- Using PYTHON_EXECUTABLE: /usr/bin/python3
[0.534s] -- Found ament_lint_auto: 0.10.6 (/home/sycamore/ros2_galactic/ros2-linux/share/ament_lint_auto/cmake)
[0.534s] -- Found rosidl_default_generators: 1.1.1 (/home/sycamore/ros2_galactic/ros2-linux/share/rosidl_default_generators/cmake)
[0.535s] -- Using all available rosidl_typesupport_c: rosidl_typesupport_fastrtps_c;rosidl_typesupport_introspection_c
[0.536s] -- Found rosidl_adapter: 2.2.1 (/home/sycamore/ros2_galactic/ros2-linux/share/rosidl_adapter/cmake)
[0.546s] -- Found OpenSSL: /usr/lib/x86_64-linux-gnu/libcrypto.so (found version "1.1.1f")  
[0.565s] -- Found FastRTPS: /home/sycamore/ros2_galactic/ros2-linux/include  
[0.631s] -- Using all available rosidl_typesupport_cpp: rosidl_typesupport_fastrtps_cpp;rosidl_typesupport_introspection_cpp
[0.666s] -- Found PythonInterp: /usr/bin/python3 (found version "3.8.10") 
[0.758s] -- Found ament_cmake_ros: 0.9.2 (/home/sycamore/ros2_galactic/ros2-linux/share/ament_cmake_ros/cmake)
[0.846s] -- Using all available rosidl_typesupport_c: rosidl_typesupport_fastrtps_c;rosidl_typesupport_introspection_c
[0.863s] -- Using all available rosidl_typesupport_cpp: rosidl_typesupport_fastrtps_cpp;rosidl_typesupport_introspection_cpp
[0.879s] -- Found PythonInterp: /usr/bin/python3 (found suitable version "3.8.10", minimum required is "3.5") 
[0.880s] -- Found python_cmake_module: 0.8.1 (/home/sycamore/ros2_galactic/ros2-linux/share/python_cmake_module/cmake)
[0.898s] -- Found PythonLibs: /usr/lib/x86_64-linux-gnu/libpython3.8.so (found suitable version "3.8.10", minimum required is "3.5") 
[0.899s] -- Using PYTHON_EXECUTABLE: /usr/bin/python3
[0.899s] -- Using PYTHON_INCLUDE_DIRS: /usr/include/python3.8
[0.899s] -- Using PYTHON_LIBRARIES: /usr/lib/x86_64-linux-gnu/libpython3.8.so
[0.912s] -- Found PythonExtra: .so  
[0.946s] -- Added test 'copyright' to check source files copyright and LICENSE
[0.947s] -- Added test 'lint_cmake' to check CMake code style
[0.948s] -- Added test 'xmllint' to check XML markup files
[0.954s] -- Configuring done
[0.986s] -- Generating done
[0.987s] -- Build files have been written to: /home/sycamore/Syca_ws/build/jetbot_actions
[0.996s] Invoked command in '/home/sycamore/Syca_ws/build/jetbot_actions' returned '0': /usr/bin/cmake /home/sycamore/Syca_ws/src/jetbot_actions -DCMAKE_INSTALL_PREFIX=/home/sycamore/Syca_ws/install
[0.997s] Invoking command in '/home/sycamore/Syca_ws/build/jetbot_actions': /usr/bin/cmake --build /home/sycamore/Syca_ws/build/jetbot_actions -- -j20 -l20
[1.023s] [  3%] [34m[1mGenerating C code for ROS interfaces[0m
[1.024s] [35m[1mScanning dependencies of target jetbot_actions__cpp[0m
[1.030s] [  6%] [34m[1mGenerating C++ code for ROS interfaces[0m
[1.252s] [35m[1mScanning dependencies of target jetbot_actions__rosidl_generator_c[0m
[1.260s] [  9%] [32mBuilding C object CMakeFiles/jetbot_actions__rosidl_generator_c.dir/rosidl_generator_c/jetbot_actions/action/detail/basic_control__functions.c.o[0m
[1.265s] [  9%] Built target jetbot_actions__cpp
[1.271s] [ 19%] [34m[1mGenerating C++ introspection for ROS interfaces[0m
[1.271s] [ 19%] [34m[1mGenerating C++ type support for eProsima Fast-RTPS[0m
[1.271s] [ 16%] [34m[1mGenerating C++ type support dispatch for ROS interfaces[0m
[1.319s] [ 22%] [32m[1mLinking C shared library libjetbot_actions__rosidl_generator_c.so[0m
[1.347s] [ 22%] Built target jetbot_actions__rosidl_generator_c
[1.353s] [ 29%] [34m[1mGenerating C introspection for ROS interfaces[0m
[1.353s] [ 29%] [34m[1mGenerating C type support dispatch for ROS interfaces[0m
[1.429s] [35m[1mScanning dependencies of target jetbot_actions__rosidl_typesupport_cpp[0m
[1.441s] [ 32%] [32mBuilding CXX object CMakeFiles/jetbot_actions__rosidl_typesupport_cpp.dir/rosidl_typesupport_cpp/jetbot_actions/action/basic_control__type_support.cpp.o[0m
[1.452s] [35m[1mScanning dependencies of target jetbot_actions__rosidl_typesupport_introspection_cpp[0m
[1.461s] [ 35%] [32mBuilding CXX object CMakeFiles/jetbot_actions__rosidl_typesupport_introspection_cpp.dir/rosidl_typesupport_introspection_cpp/jetbot_actions/action/detail/basic_control__type_support.cpp.o[0m
[1.490s] [35m[1mScanning dependencies of target jetbot_actions__rosidl_typesupport_fastrtps_cpp[0m
[1.506s] [35m[1mScanning dependencies of target jetbot_actions__rosidl_typesupport_c[0m
[1.507s] [ 38%] [32mBuilding CXX object CMakeFiles/jetbot_actions__rosidl_typesupport_fastrtps_cpp.dir/rosidl_typesupport_fastrtps_cpp/jetbot_actions/action/detail/dds_fastrtps/basic_control__type_support.cpp.o[0m
[1.516s] [ 41%] [32mBuilding CXX object CMakeFiles/jetbot_actions__rosidl_typesupport_c.dir/rosidl_typesupport_c/jetbot_actions/action/basic_control__type_support.cpp.o[0m
[1.546s] [ 45%] [32m[1mLinking CXX shared library libjetbot_actions__rosidl_typesupport_c.so[0m
[1.553s] [35m[1mScanning dependencies of target jetbot_actions__rosidl_typesupport_introspection_c[0m
[1.562s] [ 48%] [32mBuilding C object CMakeFiles/jetbot_actions__rosidl_typesupport_introspection_c.dir/rosidl_typesupport_introspection_c/jetbot_actions/action/detail/basic_control__type_support.c.o[0m
[1.572s] [ 48%] Built target jetbot_actions__rosidl_typesupport_c
[1.591s] [ 51%] [32m[1mLinking C shared library libjetbot_actions__rosidl_typesupport_introspection_c.so[0m
[1.610s] [ 51%] Built target jetbot_actions__rosidl_typesupport_introspection_c
[1.781s] [ 54%] [32m[1mLinking CXX shared library libjetbot_actions__rosidl_typesupport_cpp.so[0m
[1.790s] [ 58%] [32m[1mLinking CXX shared library libjetbot_actions__rosidl_typesupport_introspection_cpp.so[0m
[1.807s] [ 58%] Built target jetbot_actions__rosidl_typesupport_cpp
[1.831s] [ 58%] Built target jetbot_actions__rosidl_typesupport_introspection_cpp
[1.890s] [ 61%] [32m[1mLinking CXX shared library libjetbot_actions__rosidl_typesupport_fastrtps_cpp.so[0m
[1.944s] [ 61%] Built target jetbot_actions__rosidl_typesupport_fastrtps_cpp
[1.950s] [ 64%] [34m[1mGenerating C type support for eProsima Fast-RTPS[0m
[2.160s] [35m[1mScanning dependencies of target jetbot_actions__rosidl_typesupport_fastrtps_c[0m
[2.171s] [ 67%] [32mBuilding CXX object CMakeFiles/jetbot_actions__rosidl_typesupport_fastrtps_c.dir/rosidl_typesupport_fastrtps_c/jetbot_actions/action/detail/basic_control__type_support_c.cpp.o[0m
[2.418s] [ 70%] [32m[1mLinking CXX shared library libjetbot_actions__rosidl_typesupport_fastrtps_c.so[0m
[2.468s] [ 70%] Built target jetbot_actions__rosidl_typesupport_fastrtps_c
[2.474s] [35m[1mScanning dependencies of target jetbot_actions[0m
[2.479s] [ 70%] Built target jetbot_actions
[2.484s] [35m[1mScanning dependencies of target jetbot_actions__py[0m
[2.490s] [ 74%] [34m[1mGenerating Python code for ROS interfaces[0m
[2.973s] [ 74%] Built target jetbot_actions__py
[2.979s] [35m[1mScanning dependencies of target jetbot_actions__python[0m
[3.000s] [ 77%] [32mBuilding C object CMakeFiles/jetbot_actions__python.dir/rosidl_generator_py/jetbot_actions/action/_basic_control_s.c.o[0m
[3.085s] [ 80%] [32m[1mLinking C shared library rosidl_generator_py/jetbot_actions/libjetbot_actions__python.so[0m
[3.110s] [ 80%] Built target jetbot_actions__python
[3.116s] [35m[1mScanning dependencies of target jetbot_actions__rosidl_typesupport_introspection_c__pyext[0m
[3.116s] [35m[1mScanning dependencies of target jetbot_actions__rosidl_typesupport_c__pyext[0m
[3.116s] [35m[1mScanning dependencies of target jetbot_actions__rosidl_typesupport_fastrtps_c__pyext[0m
[3.126s] [ 87%] [32mBuilding C object CMakeFiles/jetbot_actions__rosidl_typesupport_c__pyext.dir/rosidl_generator_py/jetbot_actions/_jetbot_actions_s.ep.rosidl_typesupport_c.c.o[0m
[3.126s] [ 87%] [32mBuilding C object CMakeFiles/jetbot_actions__rosidl_typesupport_introspection_c__pyext.dir/rosidl_generator_py/jetbot_actions/_jetbot_actions_s.ep.rosidl_typesupport_introspection_c.c.o[0m
[3.127s] [ 90%] [32mBuilding C object CMakeFiles/jetbot_actions__rosidl_typesupport_fastrtps_c__pyext.dir/rosidl_generator_py/jetbot_actions/_jetbot_actions_s.ep.rosidl_typesupport_fastrtps_c.c.o[0m
[3.189s] [ 96%] [32m[1mLinking C shared library rosidl_generator_py/jetbot_actions/jetbot_actions_s__rosidl_typesupport_introspection_c.cpython-38-x86_64-linux-gnu.so[0m
[3.189s] [ 96%] [32m[1mLinking C shared library rosidl_generator_py/jetbot_actions/jetbot_actions_s__rosidl_typesupport_c.cpython-38-x86_64-linux-gnu.so[0m
[3.192s] [100%] [32m[1mLinking CXX shared library rosidl_generator_py/jetbot_actions/jetbot_actions_s__rosidl_typesupport_fastrtps_c.cpython-38-x86_64-linux-gnu.so[0m
[3.213s] [100%] Built target jetbot_actions__rosidl_typesupport_c__pyext
[3.213s] [100%] Built target jetbot_actions__rosidl_typesupport_introspection_c__pyext
[3.234s] [100%] Built target jetbot_actions__rosidl_typesupport_fastrtps_c__pyext
[3.241s] Invoked command in '/home/sycamore/Syca_ws/build/jetbot_actions' returned '0': /usr/bin/cmake --build /home/sycamore/Syca_ws/build/jetbot_actions -- -j20 -l20
[3.270s] Invoking command in '/home/sycamore/Syca_ws/build/jetbot_actions': /usr/bin/cmake --install /home/sycamore/Syca_ws/build/jetbot_actions
[3.275s] -- Install configuration: ""
[3.275s] -- Installing: /home/sycamore/Syca_ws/install/share/ament_index/resource_index/rosidl_interfaces/jetbot_actions
[3.275s] -- Installing: /home/sycamore/Syca_ws/install/include/jetbot_actions
[3.275s] -- Installing: /home/sycamore/Syca_ws/install/include/jetbot_actions/action
[3.275s] -- Installing: /home/sycamore/Syca_ws/install/include/jetbot_actions/action/basic_control.h
[3.275s] -- Installing: /home/sycamore/Syca_ws/install/include/jetbot_actions/action/detail
[3.276s] -- Installing: /home/sycamore/Syca_ws/install/include/jetbot_actions/action/detail/basic_control__struct.h
[3.276s] -- Installing: /home/sycamore/Syca_ws/install/include/jetbot_actions/action/detail/basic_control__type_support.h
[3.276s] -- Installing: /home/sycamore/Syca_ws/install/include/jetbot_actions/action/detail/basic_control__functions.c
[3.276s] -- Installing: /home/sycamore/Syca_ws/install/include/jetbot_actions/action/detail/basic_control__functions.h
[3.276s] -- Installing: /home/sycamore/Syca_ws/install/include/jetbot_actions/msg
[3.276s] -- Installing: /home/sycamore/Syca_ws/install/include/jetbot_actions/msg/rosidl_generator_c__visibility_control.h
[3.276s] -- Installing: /home/sycamore/Syca_ws/install/share/jetbot_actions/environment/library_path.sh
[3.276s] -- Installing: /home/sycamore/Syca_ws/install/share/jetbot_actions/environment/library_path.dsv
[3.276s] -- Installing: /home/sycamore/Syca_ws/install/lib/libjetbot_actions__rosidl_generator_c.so
[3.276s] -- Set runtime path of "/home/sycamore/Syca_ws/install/lib/libjetbot_actions__rosidl_generator_c.so" to ""
[3.276s] -- Up-to-date: /home/sycamore/Syca_ws/install/include/jetbot_actions
[3.276s] -- Up-to-date: /home/sycamore/Syca_ws/install/include/jetbot_actions/action
[3.276s] -- Up-to-date: /home/sycamore/Syca_ws/install/include/jetbot_actions/action/detail
[3.276s] -- Installing: /home/sycamore/Syca_ws/install/include/jetbot_actions/action/detail/basic_control__rosidl_typesupport_fastrtps_c.h
[3.276s] -- Up-to-date: /home/sycamore/Syca_ws/install/include/jetbot_actions/msg
[3.276s] -- Installing: /home/sycamore/Syca_ws/install/include/jetbot_actions/msg/rosidl_typesupport_fastrtps_c__visibility_control.h
[3.276s] -- Installing: /home/sycamore/Syca_ws/install/lib/libjetbot_actions__rosidl_typesupport_fastrtps_c.so
[3.276s] -- Set runtime path of "/home/sycamore/Syca_ws/install/lib/libjetbot_actions__rosidl_typesupport_fastrtps_c.so" to ""
[3.277s] -- Up-to-date: /home/sycamore/Syca_ws/install/include/jetbot_actions
[3.277s] -- Up-to-date: /home/sycamore/Syca_ws/install/include/jetbot_actions/action
[3.277s] -- Up-to-date: /home/sycamore/Syca_ws/install/include/jetbot_actions/action/detail
[3.277s] -- Installing: /home/sycamore/Syca_ws/install/include/jetbot_actions/action/detail/dds_fastrtps
[3.277s] -- Installing: /home/sycamore/Syca_ws/install/include/jetbot_actions/action/detail/basic_control__rosidl_typesupport_fastrtps_cpp.hpp
[3.277s] -- Up-to-date: /home/sycamore/Syca_ws/install/include/jetbot_actions/msg
[3.277s] -- Installing: /home/sycamore/Syca_ws/install/include/jetbot_actions/msg/rosidl_typesupport_fastrtps_cpp__visibility_control.h
[3.277s] -- Installing: /home/sycamore/Syca_ws/install/lib/libjetbot_actions__rosidl_typesupport_fastrtps_cpp.so
[3.277s] -- Set runtime path of "/home/sycamore/Syca_ws/install/lib/libjetbot_actions__rosidl_typesupport_fastrtps_cpp.so" to ""
[3.277s] -- Up-to-date: /home/sycamore/Syca_ws/install/include/jetbot_actions
[3.277s] -- Up-to-date: /home/sycamore/Syca_ws/install/include/jetbot_actions/action
[3.277s] -- Up-to-date: /home/sycamore/Syca_ws/install/include/jetbot_actions/action/detail
[3.277s] -- Installing: /home/sycamore/Syca_ws/install/include/jetbot_actions/action/detail/basic_control__rosidl_typesupport_introspection_c.h
[3.277s] -- Installing: /home/sycamore/Syca_ws/install/include/jetbot_actions/action/detail/basic_control__type_support.c
[3.277s] -- Up-to-date: /home/sycamore/Syca_ws/install/include/jetbot_actions/msg
[3.277s] -- Installing: /home/sycamore/Syca_ws/install/include/jetbot_actions/msg/rosidl_typesupport_introspection_c__visibility_control.h
[3.277s] -- Installing: /home/sycamore/Syca_ws/install/lib/libjetbot_actions__rosidl_typesupport_introspection_c.so
[3.278s] -- Set runtime path of "/home/sycamore/Syca_ws/install/lib/libjetbot_actions__rosidl_typesupport_introspection_c.so" to ""
[3.278s] -- Installing: /home/sycamore/Syca_ws/install/lib/libjetbot_actions__rosidl_typesupport_c.so
[3.278s] -- Set runtime path of "/home/sycamore/Syca_ws/install/lib/libjetbot_actions__rosidl_typesupport_c.so" to ""
[3.278s] -- Up-to-date: /home/sycamore/Syca_ws/install/include/jetbot_actions
[3.278s] -- Up-to-date: /home/sycamore/Syca_ws/install/include/jetbot_actions/action
[3.278s] -- Installing: /home/sycamore/Syca_ws/install/include/jetbot_actions/action/basic_control.hpp
[3.278s] -- Up-to-date: /home/sycamore/Syca_ws/install/include/jetbot_actions/action/detail
[3.278s] -- Installing: /home/sycamore/Syca_ws/install/include/jetbot_actions/action/detail/basic_control__traits.hpp
[3.278s] -- Installing: /home/sycamore/Syca_ws/install/include/jetbot_actions/action/detail/basic_control__builder.hpp
[3.278s] -- Installing: /home/sycamore/Syca_ws/install/include/jetbot_actions/action/detail/basic_control__struct.hpp
[3.278s] -- Up-to-date: /home/sycamore/Syca_ws/install/include/jetbot_actions
[3.278s] -- Up-to-date: /home/sycamore/Syca_ws/install/include/jetbot_actions/action
[3.278s] -- Up-to-date: /home/sycamore/Syca_ws/install/include/jetbot_actions/action/detail
[3.278s] -- Installing: /home/sycamore/Syca_ws/install/include/jetbot_actions/action/detail/basic_control__type_support.cpp
[3.278s] -- Installing: /home/sycamore/Syca_ws/install/include/jetbot_actions/action/detail/basic_control__rosidl_typesupport_introspection_cpp.hpp
[3.278s] -- Installing: /home/sycamore/Syca_ws/install/lib/libjetbot_actions__rosidl_typesupport_introspection_cpp.so
[3.278s] -- Set runtime path of "/home/sycamore/Syca_ws/install/lib/libjetbot_actions__rosidl_typesupport_introspection_cpp.so" to ""
[3.279s] -- Installing: /home/sycamore/Syca_ws/install/lib/libjetbot_actions__rosidl_typesupport_cpp.so
[3.279s] -- Set runtime path of "/home/sycamore/Syca_ws/install/lib/libjetbot_actions__rosidl_typesupport_cpp.so" to ""
[3.279s] -- Installing: /home/sycamore/Syca_ws/install/share/jetbot_actions/environment/pythonpath.sh
[3.279s] -- Installing: /home/sycamore/Syca_ws/install/share/jetbot_actions/environment/pythonpath.dsv
[3.279s] -- Installing: /home/sycamore/Syca_ws/install/lib/python3.8/site-packages/jetbot_actions/__init__.py
[3.298s] Compiling '/home/sycamore/Syca_ws/install/lib/python3.8/site-packages/jetbot_actions/__init__.py'...
[3.300s] -- Installing: /home/sycamore/Syca_ws/install/lib/python3.8/site-packages/jetbot_actions/action
[3.300s] -- Installing: /home/sycamore/Syca_ws/install/lib/python3.8/site-packages/jetbot_actions/action/_basic_control.py
[3.300s] -- Installing: /home/sycamore/Syca_ws/install/lib/python3.8/site-packages/jetbot_actions/action/__init__.py
[3.300s] -- Installing: /home/sycamore/Syca_ws/install/lib/python3.8/site-packages/jetbot_actions/action/_basic_control_s.c
[3.300s] -- Installing: /home/sycamore/Syca_ws/install/lib/python3.8/site-packages/jetbot_actions/jetbot_actions_s__rosidl_typesupport_fastrtps_c.cpython-38-x86_64-linux-gnu.so
[3.301s] -- Set runtime path of "/home/sycamore/Syca_ws/install/lib/python3.8/site-packages/jetbot_actions/jetbot_actions_s__rosidl_typesupport_fastrtps_c.cpython-38-x86_64-linux-gnu.so" to ""
[3.301s] -- Installing: /home/sycamore/Syca_ws/install/lib/python3.8/site-packages/jetbot_actions/jetbot_actions_s__rosidl_typesupport_introspection_c.cpython-38-x86_64-linux-gnu.so
[3.301s] -- Set runtime path of "/home/sycamore/Syca_ws/install/lib/python3.8/site-packages/jetbot_actions/jetbot_actions_s__rosidl_typesupport_introspection_c.cpython-38-x86_64-linux-gnu.so" to ""
[3.301s] -- Installing: /home/sycamore/Syca_ws/install/lib/python3.8/site-packages/jetbot_actions/jetbot_actions_s__rosidl_typesupport_c.cpython-38-x86_64-linux-gnu.so
[3.301s] -- Set runtime path of "/home/sycamore/Syca_ws/install/lib/python3.8/site-packages/jetbot_actions/jetbot_actions_s__rosidl_typesupport_c.cpython-38-x86_64-linux-gnu.so" to ""
[3.302s] -- Installing: /home/sycamore/Syca_ws/install/lib/libjetbot_actions__python.so
[3.302s] -- Set runtime path of "/home/sycamore/Syca_ws/install/lib/libjetbot_actions__python.so" to ""
[3.302s] -- Installing: /home/sycamore/Syca_ws/install/share/jetbot_actions/action/BasicControl.idl
[3.302s] -- Installing: /home/sycamore/Syca_ws/install/share/jetbot_actions/action/BasicControl.action
[3.302s] -- Installing: /home/sycamore/Syca_ws/install/share/ament_index/resource_index/package_run_dependencies/jetbot_actions
[3.302s] -- Installing: /home/sycamore/Syca_ws/install/share/ament_index/resource_index/parent_prefix_path/jetbot_actions
[3.302s] -- Installing: /home/sycamore/Syca_ws/install/share/jetbot_actions/environment/ament_prefix_path.sh
[3.302s] -- Installing: /home/sycamore/Syca_ws/install/share/jetbot_actions/environment/ament_prefix_path.dsv
[3.302s] -- Installing: /home/sycamore/Syca_ws/install/share/jetbot_actions/environment/path.sh
[3.302s] -- Installing: /home/sycamore/Syca_ws/install/share/jetbot_actions/environment/path.dsv
[3.302s] -- Installing: /home/sycamore/Syca_ws/install/share/jetbot_actions/local_setup.bash
[3.302s] -- Installing: /home/sycamore/Syca_ws/install/share/jetbot_actions/local_setup.sh
[3.303s] -- Installing: /home/sycamore/Syca_ws/install/share/jetbot_actions/local_setup.zsh
[3.303s] -- Installing: /home/sycamore/Syca_ws/install/share/jetbot_actions/local_setup.dsv
[3.303s] -- Installing: /home/sycamore/Syca_ws/install/share/jetbot_actions/package.dsv
[3.303s] -- Installing: /home/sycamore/Syca_ws/install/share/ament_index/resource_index/packages/jetbot_actions
[3.303s] -- Installing: /home/sycamore/Syca_ws/install/share/jetbot_actions/cmake/jetbot_actions__rosidl_generator_cExport.cmake
[3.303s] -- Installing: /home/sycamore/Syca_ws/install/share/jetbot_actions/cmake/jetbot_actions__rosidl_generator_cExport-noconfig.cmake
[3.303s] -- Installing: /home/sycamore/Syca_ws/install/share/jetbot_actions/cmake/jetbot_actions__rosidl_typesupport_introspection_cExport.cmake
[3.303s] -- Installing: /home/sycamore/Syca_ws/install/share/jetbot_actions/cmake/jetbot_actions__rosidl_typesupport_introspection_cExport-noconfig.cmake
[3.303s] -- Installing: /home/sycamore/Syca_ws/install/share/jetbot_actions/cmake/jetbot_actions__rosidl_typesupport_cExport.cmake
[3.303s] -- Installing: /home/sycamore/Syca_ws/install/share/jetbot_actions/cmake/jetbot_actions__rosidl_typesupport_cExport-noconfig.cmake
[3.303s] -- Installing: /home/sycamore/Syca_ws/install/share/jetbot_actions/cmake/jetbot_actions__rosidl_generator_cppExport.cmake
[3.303s] -- Installing: /home/sycamore/Syca_ws/install/share/jetbot_actions/cmake/jetbot_actions__rosidl_typesupport_introspection_cppExport.cmake
[3.304s] -- Installing: /home/sycamore/Syca_ws/install/share/jetbot_actions/cmake/jetbot_actions__rosidl_typesupport_introspection_cppExport-noconfig.cmake
[3.304s] -- Installing: /home/sycamore/Syca_ws/install/share/jetbot_actions/cmake/jetbot_actions__rosidl_typesupport_cppExport.cmake
[3.304s] -- Installing: /home/sycamore/Syca_ws/install/share/jetbot_actions/cmake/jetbot_actions__rosidl_typesupport_cppExport-noconfig.cmake
[3.304s] -- Installing: /home/sycamore/Syca_ws/install/share/jetbot_actions/cmake/rosidl_cmake-extras.cmake
[3.304s] -- Installing: /home/sycamore/Syca_ws/install/share/jetbot_actions/cmake/ament_cmake_export_dependencies-extras.cmake
[3.304s] -- Installing: /home/sycamore/Syca_ws/install/share/jetbot_actions/cmake/ament_cmake_export_libraries-extras.cmake
[3.304s] -- Installing: /home/sycamore/Syca_ws/install/share/jetbot_actions/cmake/ament_cmake_export_targets-extras.cmake
[3.304s] -- Installing: /home/sycamore/Syca_ws/install/share/jetbot_actions/cmake/ament_cmake_export_include_directories-extras.cmake
[3.304s] -- Installing: /home/sycamore/Syca_ws/install/share/jetbot_actions/cmake/rosidl_cmake_export_typesupport_libraries-extras.cmake
[3.304s] -- Installing: /home/sycamore/Syca_ws/install/share/jetbot_actions/cmake/rosidl_cmake_export_typesupport_targets-extras.cmake
[3.304s] -- Installing: /home/sycamore/Syca_ws/install/share/jetbot_actions/cmake/jetbot_actionsConfig.cmake
[3.304s] -- Installing: /home/sycamore/Syca_ws/install/share/jetbot_actions/cmake/jetbot_actionsConfig-version.cmake
[3.304s] -- Installing: /home/sycamore/Syca_ws/install/share/jetbot_actions/package.xml
[3.307s] Invoked command in '/home/sycamore/Syca_ws/build/jetbot_actions' returned '0': /usr/bin/cmake --install /home/sycamore/Syca_ws/build/jetbot_actions
