running egg_info
creating ../../build/basic_pub/basic_pub.egg-info
writing ../../build/basic_pub/basic_pub.egg-info/PKG-INFO
writing dependency_links to ../../build/basic_pub/basic_pub.egg-info/dependency_links.txt
writing entry points to ../../build/basic_pub/basic_pub.egg-info/entry_points.txt
writing requirements to ../../build/basic_pub/basic_pub.egg-info/requires.txt
writing top-level names to ../../build/basic_pub/basic_pub.egg-info/top_level.txt
writing manifest file '../../build/basic_pub/basic_pub.egg-info/SOURCES.txt'
reading manifest file '../../build/basic_pub/basic_pub.egg-info/SOURCES.txt'
writing manifest file '../../build/basic_pub/basic_pub.egg-info/SOURCES.txt'
running build
running build_py
creating /home/sycamore/Syca_ws/build/basic_pub/build
creating /home/sycamore/Syca_ws/build/basic_pub/build/lib
creating /home/sycamore/Syca_ws/build/basic_pub/build/lib/basic_pub
copying basic_pub/basic_pub.py -> /home/sycamore/Syca_ws/build/basic_pub/build/lib/basic_pub
copying basic_pub/__init__.py -> /home/sycamore/Syca_ws/build/basic_pub/build/lib/basic_pub
running install
running install_lib
creating /home/sycamore/Syca_ws/install/lib/python3.8/site-packages/basic_pub
copying /home/sycamore/Syca_ws/build/basic_pub/build/lib/basic_pub/basic_pub.py -> /home/sycamore/Syca_ws/install/lib/python3.8/site-packages/basic_pub
copying /home/sycamore/Syca_ws/build/basic_pub/build/lib/basic_pub/__init__.py -> /home/sycamore/Syca_ws/install/lib/python3.8/site-packages/basic_pub
byte-compiling /home/sycamore/Syca_ws/install/lib/python3.8/site-packages/basic_pub/basic_pub.py to basic_pub.cpython-38.pyc
byte-compiling /home/sycamore/Syca_ws/install/lib/python3.8/site-packages/basic_pub/__init__.py to __init__.cpython-38.pyc
running install_data
copying resource/basic_pub -> /home/sycamore/Syca_ws/install/share/ament_index/resource_index/packages
copying package.xml -> /home/sycamore/Syca_ws/install/share/basic_pub
running install_egg_info
Copying ../../build/basic_pub/basic_pub.egg-info to /home/sycamore/Syca_ws/install/lib/python3.8/site-packages/basic_pub-0.0.0-py3.8.egg-info
running install_scripts
Installing publisher script to /home/sycamore/Syca_ws/install/lib/basic_pub
writing list of installed files to '/home/sycamore/Syca_ws/build/basic_pub/install.log'
