[0.811s] Invoking command in '/home/sycamore/Syca_ws/src/basic_pub': PYTHONPATH=/home/sycamore/Syca_ws/install/lib/python3.8/site-packages:${PYTHONPATH} /usr/bin/python3 setup.py egg_info --egg-base ../../build/basic_pub build --build-base /home/sycamore/Syca_ws/build/basic_pub/build install --prefix /home/sycamore/Syca_ws/install --record /home/sycamore/Syca_ws/build/basic_pub/install.log --single-version-externally-managed
[0.961s] running egg_info
[0.962s] creating ../../build/basic_pub/basic_pub.egg-info
[0.962s] writing ../../build/basic_pub/basic_pub.egg-info/PKG-INFO
[0.962s] writing dependency_links to ../../build/basic_pub/basic_pub.egg-info/dependency_links.txt
[0.962s] writing entry points to ../../build/basic_pub/basic_pub.egg-info/entry_points.txt
[0.962s] writing requirements to ../../build/basic_pub/basic_pub.egg-info/requires.txt
[0.962s] writing top-level names to ../../build/basic_pub/basic_pub.egg-info/top_level.txt
[0.963s] writing manifest file '../../build/basic_pub/basic_pub.egg-info/SOURCES.txt'
[0.985s] reading manifest file '../../build/basic_pub/basic_pub.egg-info/SOURCES.txt'
[0.986s] writing manifest file '../../build/basic_pub/basic_pub.egg-info/SOURCES.txt'
[0.986s] running build
[0.986s] running build_py
[0.987s] creating /home/sycamore/Syca_ws/build/basic_pub/build
[0.988s] creating /home/sycamore/Syca_ws/build/basic_pub/build/lib
[0.988s] creating /home/sycamore/Syca_ws/build/basic_pub/build/lib/basic_pub
[0.988s] copying basic_pub/basic_pub.py -> /home/sycamore/Syca_ws/build/basic_pub/build/lib/basic_pub
[0.989s] copying basic_pub/__init__.py -> /home/sycamore/Syca_ws/build/basic_pub/build/lib/basic_pub
[0.989s] running install
[0.989s] running install_lib
[0.990s] creating /home/sycamore/Syca_ws/install/lib/python3.8/site-packages/basic_pub
[0.990s] copying /home/sycamore/Syca_ws/build/basic_pub/build/lib/basic_pub/basic_pub.py -> /home/sycamore/Syca_ws/install/lib/python3.8/site-packages/basic_pub
[0.990s] copying /home/sycamore/Syca_ws/build/basic_pub/build/lib/basic_pub/__init__.py -> /home/sycamore/Syca_ws/install/lib/python3.8/site-packages/basic_pub
[0.990s] byte-compiling /home/sycamore/Syca_ws/install/lib/python3.8/site-packages/basic_pub/basic_pub.py to basic_pub.cpython-38.pyc
[0.990s] byte-compiling /home/sycamore/Syca_ws/install/lib/python3.8/site-packages/basic_pub/__init__.py to __init__.cpython-38.pyc
[0.991s] running install_data
[0.991s] copying resource/basic_pub -> /home/sycamore/Syca_ws/install/share/ament_index/resource_index/packages
[0.991s] copying package.xml -> /home/sycamore/Syca_ws/install/share/basic_pub
[0.991s] running install_egg_info
[0.991s] Copying ../../build/basic_pub/basic_pub.egg-info to /home/sycamore/Syca_ws/install/lib/python3.8/site-packages/basic_pub-0.0.0-py3.8.egg-info
[0.991s] running install_scripts
[1.001s] Installing publisher script to /home/sycamore/Syca_ws/install/lib/basic_pub
[1.001s] writing list of installed files to '/home/sycamore/Syca_ws/build/basic_pub/install.log'
[1.030s] Invoked command in '/home/sycamore/Syca_ws/src/basic_pub' returned '0': PYTHONPATH=/home/sycamore/Syca_ws/install/lib/python3.8/site-packages:${PYTHONPATH} /usr/bin/python3 setup.py egg_info --egg-base ../../build/basic_pub build --build-base /home/sycamore/Syca_ws/build/basic_pub/build install --prefix /home/sycamore/Syca_ws/install --record /home/sycamore/Syca_ws/build/basic_pub/install.log --single-version-externally-managed
