-- Found ament_cmake: 1.1.4 (/home/sycamore/ros2_galactic/ros2-linux/share/ament_cmake/cmake)
-- Found PythonInterp: /usr/bin/python3 (found suitable version "3.8.10", minimum required is "3") 
-- Using PYTHON_EXECUTABLE: /usr/bin/python3
-- Found rosidl_default_generators: 1.1.1 (/home/sycamore/ros2_galactic/ros2-linux/share/rosidl_default_generators/cmake)
-- Using all available rosidl_typesupport_c: rosidl_typesupport_fastrtps_c;rosidl_typesupport_introspection_c
-- Found rosidl_adapter: 2.2.1 (/home/sycamore/ros2_galactic/ros2-linux/share/rosidl_adapter/cmake)
-- Using all available rosidl_typesupport_cpp: rosidl_typesupport_fastrtps_cpp;rosidl_typesupport_introspection_cpp
-- Found geometry_msgs: 2.2.3 (/home/sycamore/ros2_galactic/ros2-linux/share/geometry_msgs/cmake)
-- Found PythonInterp: /usr/bin/python3 (found version "3.8.10") 
-- Found ament_cmake_ros: 0.9.2 (/home/sycamore/ros2_galactic/ros2-linux/share/ament_cmake_ros/cmake)
-- Using all available rosidl_typesupport_c: rosidl_typesupport_fastrtps_c;rosidl_typesupport_introspection_c
-- Using all available rosidl_typesupport_cpp: rosidl_typesupport_fastrtps_cpp;rosidl_typesupport_introspection_cpp
-- Found PythonInterp: /usr/bin/python3 (found suitable version "3.8.10", minimum required is "3.5") 
-- Found python_cmake_module: 0.8.1 (/home/sycamore/ros2_galactic/ros2-linux/share/python_cmake_module/cmake)
-- Using PYTHON_EXECUTABLE: /usr/bin/python3
-- Using PYTHON_INCLUDE_DIRS: /usr/include/python3.8
-- Using PYTHON_LIBRARIES: /usr/lib/x86_64-linux-gnu/libpython3.8.so
-- Found ament_lint_auto: 0.10.6 (/home/sycamore/ros2_galactic/ros2-linux/share/ament_lint_auto/cmake)
-- Added test 'copyright' to check source files copyright and LICENSE
-- Added test 'lint_cmake' to check CMake code style
-- Added test 'xmllint' to check XML markup files
-- Configuring done
-- Generating done
-- Build files have been written to: /home/sycamore/Syca_ws/build/interfaces
[  3%] Built target interfaces__cpp
[  6%] [32m[1mLinking C shared library libinterfaces__rosidl_generator_c.so[0m
[ 12%] [32m[1mLinking CXX shared library libinterfaces__rosidl_typesupport_introspection_cpp.so[0m
[ 12%] [32m[1mLinking CXX shared library libinterfaces__rosidl_typesupport_cpp.so[0m
[ 16%] [32m[1mLinking CXX shared library libinterfaces__rosidl_typesupport_fastrtps_cpp.so[0m
[ 22%] Built target interfaces__rosidl_generator_c
[ 29%] Built target interfaces__rosidl_typesupport_cpp
[ 35%] [32m[1mLinking C shared library libinterfaces__rosidl_typesupport_introspection_c.so[0m
[ 35%] [32m[1mLinking CXX shared library libinterfaces__rosidl_typesupport_c.so[0m
[ 41%] Built target interfaces__rosidl_typesupport_introspection_cpp
[ 48%] Built target interfaces__rosidl_typesupport_introspection_c
[ 54%] Built target interfaces__rosidl_typesupport_c
[ 61%] Built target interfaces__rosidl_typesupport_fastrtps_cpp
[35m[1mScanning dependencies of target interfaces__rosidl_typesupport_fastrtps_c[0m
[ 64%] [32mBuilding CXX object CMakeFiles/interfaces__rosidl_typesupport_fastrtps_c.dir/rosidl_typesupport_fastrtps_c/interfaces/srv/detail/task__type_support_c.cpp.o[0m
[ 67%] [32m[1mLinking CXX shared library libinterfaces__rosidl_typesupport_fastrtps_c.so[0m
[ 70%] Built target interfaces__rosidl_typesupport_fastrtps_c
[ 70%] Built target interfaces
[ 74%] Built target interfaces__py
[ 77%] [32m[1mLinking C shared library rosidl_generator_py/interfaces/libinterfaces__python.so[0m
[ 80%] Built target interfaces__python
[35m[1mScanning dependencies of target interfaces__rosidl_typesupport_fastrtps_c__pyext[0m
[ 83%] [32mBuilding C object CMakeFiles/interfaces__rosidl_typesupport_fastrtps_c__pyext.dir/rosidl_generator_py/interfaces/_interfaces_s.ep.rosidl_typesupport_fastrtps_c.c.o[0m
[ 87%] [32m[1mLinking C shared library rosidl_generator_py/interfaces/interfaces_s__rosidl_typesupport_c.cpython-38-x86_64-linux-gnu.so[0m
[ 90%] [32m[1mLinking C shared library rosidl_generator_py/interfaces/interfaces_s__rosidl_typesupport_introspection_c.cpython-38-x86_64-linux-gnu.so[0m
[ 96%] Built target interfaces__rosidl_typesupport_introspection_c__pyext
[ 96%] Built target interfaces__rosidl_typesupport_c__pyext
[100%] [32m[1mLinking CXX shared library rosidl_generator_py/interfaces/interfaces_s__rosidl_typesupport_fastrtps_c.cpython-38-x86_64-linux-gnu.so[0m
[100%] Built target interfaces__rosidl_typesupport_fastrtps_c__pyext
-- Install configuration: ""
-- Up-to-date: /home/sycamore/Syca_ws/install/share/ament_index/resource_index/rosidl_interfaces/interfaces
-- Up-to-date: /home/sycamore/Syca_ws/install/include/interfaces
-- Up-to-date: /home/sycamore/Syca_ws/install/include/interfaces/msg
-- Up-to-date: /home/sycamore/Syca_ws/install/include/interfaces/msg/rosidl_generator_c__visibility_control.h
-- Up-to-date: /home/sycamore/Syca_ws/install/include/interfaces/srv
-- Up-to-date: /home/sycamore/Syca_ws/install/include/interfaces/srv/task.h
-- Up-to-date: /home/sycamore/Syca_ws/install/include/interfaces/srv/detail
-- Up-to-date: /home/sycamore/Syca_ws/install/include/interfaces/srv/detail/task__type_support.h
-- Up-to-date: /home/sycamore/Syca_ws/install/include/interfaces/srv/detail/task__functions.h
-- Up-to-date: /home/sycamore/Syca_ws/install/include/interfaces/srv/detail/task__functions.c
-- Up-to-date: /home/sycamore/Syca_ws/install/include/interfaces/srv/detail/task__struct.h
-- Up-to-date: /home/sycamore/Syca_ws/install/share/interfaces/environment/library_path.sh
-- Installing: /home/sycamore/Syca_ws/install/share/interfaces/environment/library_path.dsv
-- Installing: /home/sycamore/Syca_ws/install/lib/libinterfaces__rosidl_generator_c.so
-- Set runtime path of "/home/sycamore/Syca_ws/install/lib/libinterfaces__rosidl_generator_c.so" to ""
-- Up-to-date: /home/sycamore/Syca_ws/install/include/interfaces
-- Up-to-date: /home/sycamore/Syca_ws/install/include/interfaces/msg
-- Up-to-date: /home/sycamore/Syca_ws/install/include/interfaces/msg/rosidl_typesupport_fastrtps_c__visibility_control.h
-- Up-to-date: /home/sycamore/Syca_ws/install/include/interfaces/srv
-- Up-to-date: /home/sycamore/Syca_ws/install/include/interfaces/srv/detail
-- Up-to-date: /home/sycamore/Syca_ws/install/include/interfaces/srv/detail/task__rosidl_typesupport_fastrtps_c.h
-- Installing: /home/sycamore/Syca_ws/install/lib/libinterfaces__rosidl_typesupport_fastrtps_c.so
-- Set runtime path of "/home/sycamore/Syca_ws/install/lib/libinterfaces__rosidl_typesupport_fastrtps_c.so" to ""
-- Up-to-date: /home/sycamore/Syca_ws/install/include/interfaces
-- Up-to-date: /home/sycamore/Syca_ws/install/include/interfaces/msg
-- Up-to-date: /home/sycamore/Syca_ws/install/include/interfaces/msg/rosidl_typesupport_fastrtps_cpp__visibility_control.h
-- Up-to-date: /home/sycamore/Syca_ws/install/include/interfaces/srv
-- Up-to-date: /home/sycamore/Syca_ws/install/include/interfaces/srv/detail
-- Up-to-date: /home/sycamore/Syca_ws/install/include/interfaces/srv/detail/task__rosidl_typesupport_fastrtps_cpp.hpp
-- Up-to-date: /home/sycamore/Syca_ws/install/include/interfaces/srv/detail/dds_fastrtps
-- Installing: /home/sycamore/Syca_ws/install/lib/libinterfaces__rosidl_typesupport_fastrtps_cpp.so
-- Set runtime path of "/home/sycamore/Syca_ws/install/lib/libinterfaces__rosidl_typesupport_fastrtps_cpp.so" to ""
-- Up-to-date: /home/sycamore/Syca_ws/install/include/interfaces
-- Up-to-date: /home/sycamore/Syca_ws/install/include/interfaces/msg
-- Up-to-date: /home/sycamore/Syca_ws/install/include/interfaces/msg/rosidl_typesupport_introspection_c__visibility_control.h
-- Up-to-date: /home/sycamore/Syca_ws/install/include/interfaces/srv
-- Up-to-date: /home/sycamore/Syca_ws/install/include/interfaces/srv/detail
-- Up-to-date: /home/sycamore/Syca_ws/install/include/interfaces/srv/detail/task__rosidl_typesupport_introspection_c.h
-- Up-to-date: /home/sycamore/Syca_ws/install/include/interfaces/srv/detail/task__type_support.c
-- Installing: /home/sycamore/Syca_ws/install/lib/libinterfaces__rosidl_typesupport_introspection_c.so
-- Set runtime path of "/home/sycamore/Syca_ws/install/lib/libinterfaces__rosidl_typesupport_introspection_c.so" to ""
-- Installing: /home/sycamore/Syca_ws/install/lib/libinterfaces__rosidl_typesupport_c.so
-- Set runtime path of "/home/sycamore/Syca_ws/install/lib/libinterfaces__rosidl_typesupport_c.so" to ""
-- Up-to-date: /home/sycamore/Syca_ws/install/include/interfaces
-- Up-to-date: /home/sycamore/Syca_ws/install/include/interfaces/srv
-- Up-to-date: /home/sycamore/Syca_ws/install/include/interfaces/srv/task.hpp
-- Up-to-date: /home/sycamore/Syca_ws/install/include/interfaces/srv/detail
-- Up-to-date: /home/sycamore/Syca_ws/install/include/interfaces/srv/detail/task__builder.hpp
-- Up-to-date: /home/sycamore/Syca_ws/install/include/interfaces/srv/detail/task__traits.hpp
-- Up-to-date: /home/sycamore/Syca_ws/install/include/interfaces/srv/detail/task__struct.hpp
-- Up-to-date: /home/sycamore/Syca_ws/install/include/interfaces
-- Up-to-date: /home/sycamore/Syca_ws/install/include/interfaces/srv
-- Up-to-date: /home/sycamore/Syca_ws/install/include/interfaces/srv/detail
-- Up-to-date: /home/sycamore/Syca_ws/install/include/interfaces/srv/detail/task__type_support.cpp
-- Up-to-date: /home/sycamore/Syca_ws/install/include/interfaces/srv/detail/task__rosidl_typesupport_introspection_cpp.hpp
-- Installing: /home/sycamore/Syca_ws/install/lib/libinterfaces__rosidl_typesupport_introspection_cpp.so
-- Set runtime path of "/home/sycamore/Syca_ws/install/lib/libinterfaces__rosidl_typesupport_introspection_cpp.so" to ""
-- Installing: /home/sycamore/Syca_ws/install/lib/libinterfaces__rosidl_typesupport_cpp.so
-- Set runtime path of "/home/sycamore/Syca_ws/install/lib/libinterfaces__rosidl_typesupport_cpp.so" to ""
-- Up-to-date: /home/sycamore/Syca_ws/install/share/interfaces/environment/pythonpath.sh
-- Installing: /home/sycamore/Syca_ws/install/share/interfaces/environment/pythonpath.dsv
-- Installing: /home/sycamore/Syca_ws/install/lib/python3.8/site-packages/interfaces/__init__.py
Compiling '/home/sycamore/Syca_ws/install/lib/python3.8/site-packages/interfaces/__init__.py'...
-- Up-to-date: /home/sycamore/Syca_ws/install/lib/python3.8/site-packages/interfaces/srv
-- Up-to-date: /home/sycamore/Syca_ws/install/lib/python3.8/site-packages/interfaces/srv/__init__.py
-- Up-to-date: /home/sycamore/Syca_ws/install/lib/python3.8/site-packages/interfaces/srv/_task.py
-- Up-to-date: /home/sycamore/Syca_ws/install/lib/python3.8/site-packages/interfaces/srv/_task_s.c
-- Installing: /home/sycamore/Syca_ws/install/lib/python3.8/site-packages/interfaces/interfaces_s__rosidl_typesupport_fastrtps_c.cpython-38-x86_64-linux-gnu.so
-- Set runtime path of "/home/sycamore/Syca_ws/install/lib/python3.8/site-packages/interfaces/interfaces_s__rosidl_typesupport_fastrtps_c.cpython-38-x86_64-linux-gnu.so" to ""
-- Installing: /home/sycamore/Syca_ws/install/lib/python3.8/site-packages/interfaces/interfaces_s__rosidl_typesupport_introspection_c.cpython-38-x86_64-linux-gnu.so
-- Set runtime path of "/home/sycamore/Syca_ws/install/lib/python3.8/site-packages/interfaces/interfaces_s__rosidl_typesupport_introspection_c.cpython-38-x86_64-linux-gnu.so" to ""
-- Installing: /home/sycamore/Syca_ws/install/lib/python3.8/site-packages/interfaces/interfaces_s__rosidl_typesupport_c.cpython-38-x86_64-linux-gnu.so
-- Set runtime path of "/home/sycamore/Syca_ws/install/lib/python3.8/site-packages/interfaces/interfaces_s__rosidl_typesupport_c.cpython-38-x86_64-linux-gnu.so" to ""
-- Installing: /home/sycamore/Syca_ws/install/lib/libinterfaces__python.so
-- Set runtime path of "/home/sycamore/Syca_ws/install/lib/libinterfaces__python.so" to ""
-- Up-to-date: /home/sycamore/Syca_ws/install/share/interfaces/srv/Task.idl
-- Up-to-date: /home/sycamore/Syca_ws/install/share/interfaces/srv/Task.srv
-- Up-to-date: /home/sycamore/Syca_ws/install/share/interfaces/srv/Task_Request.msg
-- Up-to-date: /home/sycamore/Syca_ws/install/share/interfaces/srv/Task_Response.msg
-- Up-to-date: /home/sycamore/Syca_ws/install/share/ament_index/resource_index/package_run_dependencies/interfaces
-- Installing: /home/sycamore/Syca_ws/install/share/ament_index/resource_index/parent_prefix_path/interfaces
-- Up-to-date: /home/sycamore/Syca_ws/install/share/interfaces/environment/ament_prefix_path.sh
-- Installing: /home/sycamore/Syca_ws/install/share/interfaces/environment/ament_prefix_path.dsv
-- Up-to-date: /home/sycamore/Syca_ws/install/share/interfaces/environment/path.sh
-- Installing: /home/sycamore/Syca_ws/install/share/interfaces/environment/path.dsv
-- Up-to-date: /home/sycamore/Syca_ws/install/share/interfaces/local_setup.bash
-- Up-to-date: /home/sycamore/Syca_ws/install/share/interfaces/local_setup.sh
-- Up-to-date: /home/sycamore/Syca_ws/install/share/interfaces/local_setup.zsh
-- Installing: /home/sycamore/Syca_ws/install/share/interfaces/local_setup.dsv
-- Installing: /home/sycamore/Syca_ws/install/share/interfaces/package.dsv
-- Up-to-date: /home/sycamore/Syca_ws/install/share/ament_index/resource_index/packages/interfaces
-- Old export file "/home/sycamore/Syca_ws/install/share/interfaces/cmake/interfaces__rosidl_generator_cExport.cmake" will be replaced.  Removing files [/home/sycamore/Syca_ws/install/share/interfaces/cmake/interfaces__rosidl_generator_cExport-noconfig.cmake].
-- Installing: /home/sycamore/Syca_ws/install/share/interfaces/cmake/interfaces__rosidl_generator_cExport.cmake
-- Installing: /home/sycamore/Syca_ws/install/share/interfaces/cmake/interfaces__rosidl_generator_cExport-noconfig.cmake
-- Old export file "/home/sycamore/Syca_ws/install/share/interfaces/cmake/interfaces__rosidl_typesupport_introspection_cExport.cmake" will be replaced.  Removing files [/home/sycamore/Syca_ws/install/share/interfaces/cmake/interfaces__rosidl_typesupport_introspection_cExport-noconfig.cmake].
-- Installing: /home/sycamore/Syca_ws/install/share/interfaces/cmake/interfaces__rosidl_typesupport_introspection_cExport.cmake
-- Installing: /home/sycamore/Syca_ws/install/share/interfaces/cmake/interfaces__rosidl_typesupport_introspection_cExport-noconfig.cmake
-- Old export file "/home/sycamore/Syca_ws/install/share/interfaces/cmake/interfaces__rosidl_typesupport_cExport.cmake" will be replaced.  Removing files [/home/sycamore/Syca_ws/install/share/interfaces/cmake/interfaces__rosidl_typesupport_cExport-noconfig.cmake].
-- Installing: /home/sycamore/Syca_ws/install/share/interfaces/cmake/interfaces__rosidl_typesupport_cExport.cmake
-- Installing: /home/sycamore/Syca_ws/install/share/interfaces/cmake/interfaces__rosidl_typesupport_cExport-noconfig.cmake
-- Installing: /home/sycamore/Syca_ws/install/share/interfaces/cmake/interfaces__rosidl_generator_cppExport.cmake
-- Old export file "/home/sycamore/Syca_ws/install/share/interfaces/cmake/interfaces__rosidl_typesupport_introspection_cppExport.cmake" will be replaced.  Removing files [/home/sycamore/Syca_ws/install/share/interfaces/cmake/interfaces__rosidl_typesupport_introspection_cppExport-noconfig.cmake].
-- Installing: /home/sycamore/Syca_ws/install/share/interfaces/cmake/interfaces__rosidl_typesupport_introspection_cppExport.cmake
-- Installing: /home/sycamore/Syca_ws/install/share/interfaces/cmake/interfaces__rosidl_typesupport_introspection_cppExport-noconfig.cmake
-- Old export file "/home/sycamore/Syca_ws/install/share/interfaces/cmake/interfaces__rosidl_typesupport_cppExport.cmake" will be replaced.  Removing files [/home/sycamore/Syca_ws/install/share/interfaces/cmake/interfaces__rosidl_typesupport_cppExport-noconfig.cmake].
-- Installing: /home/sycamore/Syca_ws/install/share/interfaces/cmake/interfaces__rosidl_typesupport_cppExport.cmake
-- Installing: /home/sycamore/Syca_ws/install/share/interfaces/cmake/interfaces__rosidl_typesupport_cppExport-noconfig.cmake
-- Up-to-date: /home/sycamore/Syca_ws/install/share/interfaces/cmake/rosidl_cmake-extras.cmake
-- Installing: /home/sycamore/Syca_ws/install/share/interfaces/cmake/ament_cmake_export_dependencies-extras.cmake
-- Up-to-date: /home/sycamore/Syca_ws/install/share/interfaces/cmake/ament_cmake_export_libraries-extras.cmake
-- Up-to-date: /home/sycamore/Syca_ws/install/share/interfaces/cmake/ament_cmake_export_targets-extras.cmake
-- Up-to-date: /home/sycamore/Syca_ws/install/share/interfaces/cmake/ament_cmake_export_include_directories-extras.cmake
-- Up-to-date: /home/sycamore/Syca_ws/install/share/interfaces/cmake/rosidl_cmake_export_typesupport_libraries-extras.cmake
-- Up-to-date: /home/sycamore/Syca_ws/install/share/interfaces/cmake/rosidl_cmake_export_typesupport_targets-extras.cmake
-- Up-to-date: /home/sycamore/Syca_ws/install/share/interfaces/cmake/interfacesConfig.cmake
-- Up-to-date: /home/sycamore/Syca_ws/install/share/interfaces/cmake/interfacesConfig-version.cmake
-- Installing: /home/sycamore/Syca_ws/install/share/interfaces/package.xml
