[0.011s] Invoking command in '/home/sycamore/Syca_ws/build/interfaces': /usr/bin/cmake --build /home/sycamore/Syca_ws/build/interfaces -- -j20 -l20
[0.027s] -- Found ament_cmake: 1.1.4 (/home/sycamore/ros2_galactic/ros2-linux/share/ament_cmake/cmake)
[0.040s] -- Found PythonInterp: /usr/bin/python3 (found suitable version "3.8.10", minimum required is "3") 
[0.040s] -- Using PYTHON_EXECUTABLE: /usr/bin/python3
[0.077s] -- Found rosidl_default_generators: 1.1.1 (/home/sycamore/ros2_galactic/ros2-linux/share/rosidl_default_generators/cmake)
[0.079s] -- Using all available rosidl_typesupport_c: rosidl_typesupport_fastrtps_c;rosidl_typesupport_introspection_c
[0.081s] -- Found rosidl_adapter: 2.2.1 (/home/sycamore/ros2_galactic/ros2-linux/share/rosidl_adapter/cmake)
[0.165s] -- Using all available rosidl_typesupport_cpp: rosidl_typesupport_fastrtps_cpp;rosidl_typesupport_introspection_cpp
[0.184s] -- Found geometry_msgs: 2.2.3 (/home/sycamore/ros2_galactic/ros2-linux/share/geometry_msgs/cmake)
[0.253s] -- Found PythonInterp: /usr/bin/python3 (found version "3.8.10") 
[0.357s] -- Found ament_cmake_ros: 0.9.2 (/home/sycamore/ros2_galactic/ros2-linux/share/ament_cmake_ros/cmake)
[0.513s] -- Using all available rosidl_typesupport_c: rosidl_typesupport_fastrtps_c;rosidl_typesupport_introspection_c
[0.588s] -- Using all available rosidl_typesupport_cpp: rosidl_typesupport_fastrtps_cpp;rosidl_typesupport_introspection_cpp
[0.604s] -- Found PythonInterp: /usr/bin/python3 (found suitable version "3.8.10", minimum required is "3.5") 
[0.604s] -- Found python_cmake_module: 0.8.1 (/home/sycamore/ros2_galactic/ros2-linux/share/python_cmake_module/cmake)
[0.618s] -- Using PYTHON_EXECUTABLE: /usr/bin/python3
[0.618s] -- Using PYTHON_INCLUDE_DIRS: /usr/include/python3.8
[0.618s] -- Using PYTHON_LIBRARIES: /usr/lib/x86_64-linux-gnu/libpython3.8.so
[0.653s] -- Found ament_lint_auto: 0.10.6 (/home/sycamore/ros2_galactic/ros2-linux/share/ament_lint_auto/cmake)
[0.660s] -- Added test 'copyright' to check source files copyright and LICENSE
[0.661s] -- Added test 'lint_cmake' to check CMake code style
[0.661s] -- Added test 'xmllint' to check XML markup files
[0.664s] -- Configuring done
[0.696s] -- Generating done
[0.698s] -- Build files have been written to: /home/sycamore/Syca_ws/build/interfaces
[0.719s] [  3%] Built target interfaces__cpp
[0.720s] [  6%] [32m[1mLinking C shared library libinterfaces__rosidl_generator_c.so[0m
[0.733s] [ 12%] [32m[1mLinking CXX shared library libinterfaces__rosidl_typesupport_introspection_cpp.so[0m
[0.733s] [ 12%] [32m[1mLinking CXX shared library libinterfaces__rosidl_typesupport_cpp.so[0m
[0.735s] [ 16%] [32m[1mLinking CXX shared library libinterfaces__rosidl_typesupport_fastrtps_cpp.so[0m
[0.748s] [ 22%] Built target interfaces__rosidl_generator_c
[0.760s] [ 29%] Built target interfaces__rosidl_typesupport_cpp
[0.764s] [ 35%] [32m[1mLinking C shared library libinterfaces__rosidl_typesupport_introspection_c.so[0m
[0.764s] [ 35%] [32m[1mLinking CXX shared library libinterfaces__rosidl_typesupport_c.so[0m
[0.773s] [ 41%] Built target interfaces__rosidl_typesupport_introspection_cpp
[0.785s] [ 48%] Built target interfaces__rosidl_typesupport_introspection_c
[0.791s] [ 54%] Built target interfaces__rosidl_typesupport_c
[0.792s] [ 61%] Built target interfaces__rosidl_typesupport_fastrtps_cpp
[0.798s] [35m[1mScanning dependencies of target interfaces__rosidl_typesupport_fastrtps_c[0m
[0.806s] [ 64%] [32mBuilding CXX object CMakeFiles/interfaces__rosidl_typesupport_fastrtps_c.dir/rosidl_typesupport_fastrtps_c/interfaces/srv/detail/task__type_support_c.cpp.o[0m
[1.030s] [ 67%] [32m[1mLinking CXX shared library libinterfaces__rosidl_typesupport_fastrtps_c.so[0m
[1.082s] [ 70%] Built target interfaces__rosidl_typesupport_fastrtps_c
[1.093s] [ 70%] Built target interfaces
[1.104s] [ 74%] Built target interfaces__py
[1.119s] [ 77%] [32m[1mLinking C shared library rosidl_generator_py/interfaces/libinterfaces__python.so[0m
[1.152s] [ 80%] Built target interfaces__python
[1.159s] [35m[1mScanning dependencies of target interfaces__rosidl_typesupport_fastrtps_c__pyext[0m
[1.167s] [ 83%] [32mBuilding C object CMakeFiles/interfaces__rosidl_typesupport_fastrtps_c__pyext.dir/rosidl_generator_py/interfaces/_interfaces_s.ep.rosidl_typesupport_fastrtps_c.c.o[0m
[1.169s] [ 87%] [32m[1mLinking C shared library rosidl_generator_py/interfaces/interfaces_s__rosidl_typesupport_c.cpython-38-x86_64-linux-gnu.so[0m
[1.169s] [ 90%] [32m[1mLinking C shared library rosidl_generator_py/interfaces/interfaces_s__rosidl_typesupport_introspection_c.cpython-38-x86_64-linux-gnu.so[0m
[1.194s] [ 96%] Built target interfaces__rosidl_typesupport_introspection_c__pyext
[1.194s] [ 96%] Built target interfaces__rosidl_typesupport_c__pyext
[1.221s] [100%] [32m[1mLinking CXX shared library rosidl_generator_py/interfaces/interfaces_s__rosidl_typesupport_fastrtps_c.cpython-38-x86_64-linux-gnu.so[0m
[1.263s] [100%] Built target interfaces__rosidl_typesupport_fastrtps_c__pyext
[1.271s] Invoked command in '/home/sycamore/Syca_ws/build/interfaces' returned '0': /usr/bin/cmake --build /home/sycamore/Syca_ws/build/interfaces -- -j20 -l20
[1.301s] Invoking command in '/home/sycamore/Syca_ws/build/interfaces': /usr/bin/cmake --install /home/sycamore/Syca_ws/build/interfaces
[1.306s] -- Install configuration: ""
[1.306s] -- Up-to-date: /home/sycamore/Syca_ws/install/share/ament_index/resource_index/rosidl_interfaces/interfaces
[1.306s] -- Up-to-date: /home/sycamore/Syca_ws/install/include/interfaces
[1.306s] -- Up-to-date: /home/sycamore/Syca_ws/install/include/interfaces/msg
[1.306s] -- Up-to-date: /home/sycamore/Syca_ws/install/include/interfaces/msg/rosidl_generator_c__visibility_control.h
[1.306s] -- Up-to-date: /home/sycamore/Syca_ws/install/include/interfaces/srv
[1.306s] -- Up-to-date: /home/sycamore/Syca_ws/install/include/interfaces/srv/task.h
[1.306s] -- Up-to-date: /home/sycamore/Syca_ws/install/include/interfaces/srv/detail
[1.307s] -- Up-to-date: /home/sycamore/Syca_ws/install/include/interfaces/srv/detail/task__type_support.h
[1.307s] -- Up-to-date: /home/sycamore/Syca_ws/install/include/interfaces/srv/detail/task__functions.h
[1.307s] -- Up-to-date: /home/sycamore/Syca_ws/install/include/interfaces/srv/detail/task__functions.c
[1.307s] -- Up-to-date: /home/sycamore/Syca_ws/install/include/interfaces/srv/detail/task__struct.h
[1.307s] -- Up-to-date: /home/sycamore/Syca_ws/install/share/interfaces/environment/library_path.sh
[1.307s] -- Installing: /home/sycamore/Syca_ws/install/share/interfaces/environment/library_path.dsv
[1.307s] -- Installing: /home/sycamore/Syca_ws/install/lib/libinterfaces__rosidl_generator_c.so
[1.307s] -- Set runtime path of "/home/sycamore/Syca_ws/install/lib/libinterfaces__rosidl_generator_c.so" to ""
[1.307s] -- Up-to-date: /home/sycamore/Syca_ws/install/include/interfaces
[1.307s] -- Up-to-date: /home/sycamore/Syca_ws/install/include/interfaces/msg
[1.307s] -- Up-to-date: /home/sycamore/Syca_ws/install/include/interfaces/msg/rosidl_typesupport_fastrtps_c__visibility_control.h
[1.307s] -- Up-to-date: /home/sycamore/Syca_ws/install/include/interfaces/srv
[1.307s] -- Up-to-date: /home/sycamore/Syca_ws/install/include/interfaces/srv/detail
[1.307s] -- Up-to-date: /home/sycamore/Syca_ws/install/include/interfaces/srv/detail/task__rosidl_typesupport_fastrtps_c.h
[1.307s] -- Installing: /home/sycamore/Syca_ws/install/lib/libinterfaces__rosidl_typesupport_fastrtps_c.so
[1.307s] -- Set runtime path of "/home/sycamore/Syca_ws/install/lib/libinterfaces__rosidl_typesupport_fastrtps_c.so" to ""
[1.307s] -- Up-to-date: /home/sycamore/Syca_ws/install/include/interfaces
[1.307s] -- Up-to-date: /home/sycamore/Syca_ws/install/include/interfaces/msg
[1.307s] -- Up-to-date: /home/sycamore/Syca_ws/install/include/interfaces/msg/rosidl_typesupport_fastrtps_cpp__visibility_control.h
[1.307s] -- Up-to-date: /home/sycamore/Syca_ws/install/include/interfaces/srv
[1.307s] -- Up-to-date: /home/sycamore/Syca_ws/install/include/interfaces/srv/detail
[1.308s] -- Up-to-date: /home/sycamore/Syca_ws/install/include/interfaces/srv/detail/task__rosidl_typesupport_fastrtps_cpp.hpp
[1.308s] -- Up-to-date: /home/sycamore/Syca_ws/install/include/interfaces/srv/detail/dds_fastrtps
[1.308s] -- Installing: /home/sycamore/Syca_ws/install/lib/libinterfaces__rosidl_typesupport_fastrtps_cpp.so
[1.308s] -- Set runtime path of "/home/sycamore/Syca_ws/install/lib/libinterfaces__rosidl_typesupport_fastrtps_cpp.so" to ""
[1.308s] -- Up-to-date: /home/sycamore/Syca_ws/install/include/interfaces
[1.308s] -- Up-to-date: /home/sycamore/Syca_ws/install/include/interfaces/msg
[1.308s] -- Up-to-date: /home/sycamore/Syca_ws/install/include/interfaces/msg/rosidl_typesupport_introspection_c__visibility_control.h
[1.308s] -- Up-to-date: /home/sycamore/Syca_ws/install/include/interfaces/srv
[1.308s] -- Up-to-date: /home/sycamore/Syca_ws/install/include/interfaces/srv/detail
[1.308s] -- Up-to-date: /home/sycamore/Syca_ws/install/include/interfaces/srv/detail/task__rosidl_typesupport_introspection_c.h
[1.308s] -- Up-to-date: /home/sycamore/Syca_ws/install/include/interfaces/srv/detail/task__type_support.c
[1.308s] -- Installing: /home/sycamore/Syca_ws/install/lib/libinterfaces__rosidl_typesupport_introspection_c.so
[1.308s] -- Set runtime path of "/home/sycamore/Syca_ws/install/lib/libinterfaces__rosidl_typesupport_introspection_c.so" to ""
[1.308s] -- Installing: /home/sycamore/Syca_ws/install/lib/libinterfaces__rosidl_typesupport_c.so
[1.308s] -- Set runtime path of "/home/sycamore/Syca_ws/install/lib/libinterfaces__rosidl_typesupport_c.so" to ""
[1.308s] -- Up-to-date: /home/sycamore/Syca_ws/install/include/interfaces
[1.308s] -- Up-to-date: /home/sycamore/Syca_ws/install/include/interfaces/srv
[1.308s] -- Up-to-date: /home/sycamore/Syca_ws/install/include/interfaces/srv/task.hpp
[1.308s] -- Up-to-date: /home/sycamore/Syca_ws/install/include/interfaces/srv/detail
[1.308s] -- Up-to-date: /home/sycamore/Syca_ws/install/include/interfaces/srv/detail/task__builder.hpp
[1.309s] -- Up-to-date: /home/sycamore/Syca_ws/install/include/interfaces/srv/detail/task__traits.hpp
[1.309s] -- Up-to-date: /home/sycamore/Syca_ws/install/include/interfaces/srv/detail/task__struct.hpp
[1.309s] -- Up-to-date: /home/sycamore/Syca_ws/install/include/interfaces
[1.309s] -- Up-to-date: /home/sycamore/Syca_ws/install/include/interfaces/srv
[1.309s] -- Up-to-date: /home/sycamore/Syca_ws/install/include/interfaces/srv/detail
[1.309s] -- Up-to-date: /home/sycamore/Syca_ws/install/include/interfaces/srv/detail/task__type_support.cpp
[1.309s] -- Up-to-date: /home/sycamore/Syca_ws/install/include/interfaces/srv/detail/task__rosidl_typesupport_introspection_cpp.hpp
[1.309s] -- Installing: /home/sycamore/Syca_ws/install/lib/libinterfaces__rosidl_typesupport_introspection_cpp.so
[1.309s] -- Set runtime path of "/home/sycamore/Syca_ws/install/lib/libinterfaces__rosidl_typesupport_introspection_cpp.so" to ""
[1.309s] -- Installing: /home/sycamore/Syca_ws/install/lib/libinterfaces__rosidl_typesupport_cpp.so
[1.309s] -- Set runtime path of "/home/sycamore/Syca_ws/install/lib/libinterfaces__rosidl_typesupport_cpp.so" to ""
[1.309s] -- Up-to-date: /home/sycamore/Syca_ws/install/share/interfaces/environment/pythonpath.sh
[1.309s] -- Installing: /home/sycamore/Syca_ws/install/share/interfaces/environment/pythonpath.dsv
[1.309s] -- Installing: /home/sycamore/Syca_ws/install/lib/python3.8/site-packages/interfaces/__init__.py
[1.328s] Compiling '/home/sycamore/Syca_ws/install/lib/python3.8/site-packages/interfaces/__init__.py'...
[1.330s] -- Up-to-date: /home/sycamore/Syca_ws/install/lib/python3.8/site-packages/interfaces/srv
[1.330s] -- Up-to-date: /home/sycamore/Syca_ws/install/lib/python3.8/site-packages/interfaces/srv/__init__.py
[1.330s] -- Up-to-date: /home/sycamore/Syca_ws/install/lib/python3.8/site-packages/interfaces/srv/_task.py
[1.330s] -- Up-to-date: /home/sycamore/Syca_ws/install/lib/python3.8/site-packages/interfaces/srv/_task_s.c
[1.330s] -- Installing: /home/sycamore/Syca_ws/install/lib/python3.8/site-packages/interfaces/interfaces_s__rosidl_typesupport_fastrtps_c.cpython-38-x86_64-linux-gnu.so
[1.331s] -- Set runtime path of "/home/sycamore/Syca_ws/install/lib/python3.8/site-packages/interfaces/interfaces_s__rosidl_typesupport_fastrtps_c.cpython-38-x86_64-linux-gnu.so" to ""
[1.331s] -- Installing: /home/sycamore/Syca_ws/install/lib/python3.8/site-packages/interfaces/interfaces_s__rosidl_typesupport_introspection_c.cpython-38-x86_64-linux-gnu.so
[1.331s] -- Set runtime path of "/home/sycamore/Syca_ws/install/lib/python3.8/site-packages/interfaces/interfaces_s__rosidl_typesupport_introspection_c.cpython-38-x86_64-linux-gnu.so" to ""
[1.331s] -- Installing: /home/sycamore/Syca_ws/install/lib/python3.8/site-packages/interfaces/interfaces_s__rosidl_typesupport_c.cpython-38-x86_64-linux-gnu.so
[1.331s] -- Set runtime path of "/home/sycamore/Syca_ws/install/lib/python3.8/site-packages/interfaces/interfaces_s__rosidl_typesupport_c.cpython-38-x86_64-linux-gnu.so" to ""
[1.332s] -- Installing: /home/sycamore/Syca_ws/install/lib/libinterfaces__python.so
[1.332s] -- Set runtime path of "/home/sycamore/Syca_ws/install/lib/libinterfaces__python.so" to ""
[1.332s] -- Up-to-date: /home/sycamore/Syca_ws/install/share/interfaces/srv/Task.idl
[1.332s] -- Up-to-date: /home/sycamore/Syca_ws/install/share/interfaces/srv/Task.srv
[1.332s] -- Up-to-date: /home/sycamore/Syca_ws/install/share/interfaces/srv/Task_Request.msg
[1.332s] -- Up-to-date: /home/sycamore/Syca_ws/install/share/interfaces/srv/Task_Response.msg
[1.332s] -- Up-to-date: /home/sycamore/Syca_ws/install/share/ament_index/resource_index/package_run_dependencies/interfaces
[1.332s] -- Installing: /home/sycamore/Syca_ws/install/share/ament_index/resource_index/parent_prefix_path/interfaces
[1.332s] -- Up-to-date: /home/sycamore/Syca_ws/install/share/interfaces/environment/ament_prefix_path.sh
[1.332s] -- Installing: /home/sycamore/Syca_ws/install/share/interfaces/environment/ament_prefix_path.dsv
[1.332s] -- Up-to-date: /home/sycamore/Syca_ws/install/share/interfaces/environment/path.sh
[1.332s] -- Installing: /home/sycamore/Syca_ws/install/share/interfaces/environment/path.dsv
[1.332s] -- Up-to-date: /home/sycamore/Syca_ws/install/share/interfaces/local_setup.bash
[1.332s] -- Up-to-date: /home/sycamore/Syca_ws/install/share/interfaces/local_setup.sh
[1.332s] -- Up-to-date: /home/sycamore/Syca_ws/install/share/interfaces/local_setup.zsh
[1.333s] -- Installing: /home/sycamore/Syca_ws/install/share/interfaces/local_setup.dsv
[1.333s] -- Installing: /home/sycamore/Syca_ws/install/share/interfaces/package.dsv
[1.333s] -- Up-to-date: /home/sycamore/Syca_ws/install/share/ament_index/resource_index/packages/interfaces
[1.333s] -- Old export file "/home/sycamore/Syca_ws/install/share/interfaces/cmake/interfaces__rosidl_generator_cExport.cmake" will be replaced.  Removing files [/home/sycamore/Syca_ws/install/share/interfaces/cmake/interfaces__rosidl_generator_cExport-noconfig.cmake].
[1.333s] -- Installing: /home/sycamore/Syca_ws/install/share/interfaces/cmake/interfaces__rosidl_generator_cExport.cmake
[1.333s] -- Installing: /home/sycamore/Syca_ws/install/share/interfaces/cmake/interfaces__rosidl_generator_cExport-noconfig.cmake
[1.333s] -- Old export file "/home/sycamore/Syca_ws/install/share/interfaces/cmake/interfaces__rosidl_typesupport_introspection_cExport.cmake" will be replaced.  Removing files [/home/sycamore/Syca_ws/install/share/interfaces/cmake/interfaces__rosidl_typesupport_introspection_cExport-noconfig.cmake].
[1.333s] -- Installing: /home/sycamore/Syca_ws/install/share/interfaces/cmake/interfaces__rosidl_typesupport_introspection_cExport.cmake
[1.333s] -- Installing: /home/sycamore/Syca_ws/install/share/interfaces/cmake/interfaces__rosidl_typesupport_introspection_cExport-noconfig.cmake
[1.333s] -- Old export file "/home/sycamore/Syca_ws/install/share/interfaces/cmake/interfaces__rosidl_typesupport_cExport.cmake" will be replaced.  Removing files [/home/sycamore/Syca_ws/install/share/interfaces/cmake/interfaces__rosidl_typesupport_cExport-noconfig.cmake].
[1.333s] -- Installing: /home/sycamore/Syca_ws/install/share/interfaces/cmake/interfaces__rosidl_typesupport_cExport.cmake
[1.334s] -- Installing: /home/sycamore/Syca_ws/install/share/interfaces/cmake/interfaces__rosidl_typesupport_cExport-noconfig.cmake
[1.334s] -- Installing: /home/sycamore/Syca_ws/install/share/interfaces/cmake/interfaces__rosidl_generator_cppExport.cmake
[1.334s] -- Old export file "/home/sycamore/Syca_ws/install/share/interfaces/cmake/interfaces__rosidl_typesupport_introspection_cppExport.cmake" will be replaced.  Removing files [/home/sycamore/Syca_ws/install/share/interfaces/cmake/interfaces__rosidl_typesupport_introspection_cppExport-noconfig.cmake].
[1.334s] -- Installing: /home/sycamore/Syca_ws/install/share/interfaces/cmake/interfaces__rosidl_typesupport_introspection_cppExport.cmake
[1.334s] -- Installing: /home/sycamore/Syca_ws/install/share/interfaces/cmake/interfaces__rosidl_typesupport_introspection_cppExport-noconfig.cmake
[1.334s] -- Old export file "/home/sycamore/Syca_ws/install/share/interfaces/cmake/interfaces__rosidl_typesupport_cppExport.cmake" will be replaced.  Removing files [/home/sycamore/Syca_ws/install/share/interfaces/cmake/interfaces__rosidl_typesupport_cppExport-noconfig.cmake].
[1.334s] -- Installing: /home/sycamore/Syca_ws/install/share/interfaces/cmake/interfaces__rosidl_typesupport_cppExport.cmake
[1.334s] -- Installing: /home/sycamore/Syca_ws/install/share/interfaces/cmake/interfaces__rosidl_typesupport_cppExport-noconfig.cmake
[1.334s] -- Up-to-date: /home/sycamore/Syca_ws/install/share/interfaces/cmake/rosidl_cmake-extras.cmake
[1.334s] -- Installing: /home/sycamore/Syca_ws/install/share/interfaces/cmake/ament_cmake_export_dependencies-extras.cmake
[1.334s] -- Up-to-date: /home/sycamore/Syca_ws/install/share/interfaces/cmake/ament_cmake_export_libraries-extras.cmake
[1.335s] -- Up-to-date: /home/sycamore/Syca_ws/install/share/interfaces/cmake/ament_cmake_export_targets-extras.cmake
[1.335s] -- Up-to-date: /home/sycamore/Syca_ws/install/share/interfaces/cmake/ament_cmake_export_include_directories-extras.cmake
[1.335s] -- Up-to-date: /home/sycamore/Syca_ws/install/share/interfaces/cmake/rosidl_cmake_export_typesupport_libraries-extras.cmake
[1.335s] -- Up-to-date: /home/sycamore/Syca_ws/install/share/interfaces/cmake/rosidl_cmake_export_typesupport_targets-extras.cmake
[1.335s] -- Up-to-date: /home/sycamore/Syca_ws/install/share/interfaces/cmake/interfacesConfig.cmake
[1.335s] -- Up-to-date: /home/sycamore/Syca_ws/install/share/interfaces/cmake/interfacesConfig-version.cmake
[1.335s] -- Installing: /home/sycamore/Syca_ws/install/share/interfaces/package.xml
[1.336s] Invoked command in '/home/sycamore/Syca_ws/build/interfaces' returned '0': /usr/bin/cmake --install /home/sycamore/Syca_ws/build/interfaces
