[0.442s] Invoking command in '/home/sycamore/Syca_ws/src/jetbot': PYTHONPATH=/home/sycamore/Syca_ws/install/lib/python3.8/site-packages:${PYTHONPATH} /usr/bin/python3 setup.py egg_info --egg-base ../../build/jetbot build --build-base /home/sycamore/Syca_ws/build/jetbot/build install --prefix /home/sycamore/Syca_ws/install --record /home/sycamore/Syca_ws/build/jetbot/install.log --single-version-externally-managed
[0.594s] running egg_info
[0.594s] writing ../../build/jetbot/jetbot.egg-info/PKG-INFO
[0.594s] writing dependency_links to ../../build/jetbot/jetbot.egg-info/dependency_links.txt
[0.594s] writing entry points to ../../build/jetbot/jetbot.egg-info/entry_points.txt
[0.594s] writing requirements to ../../build/jetbot/jetbot.egg-info/requires.txt
[0.594s] writing top-level names to ../../build/jetbot/jetbot.egg-info/top_level.txt
[0.616s] reading manifest file '../../build/jetbot/jetbot.egg-info/SOURCES.txt'
[0.617s] writing manifest file '../../build/jetbot/jetbot.egg-info/SOURCES.txt'
[0.617s] running build
[0.617s] running build_py
[0.617s] copying jetbot/jb_start.py -> /home/sycamore/Syca_ws/build/jetbot/build/lib/jetbot
[0.617s] running install
[0.618s] running install_lib
[0.618s] copying /home/sycamore/Syca_ws/build/jetbot/build/lib/jetbot/jb_start.py -> /home/sycamore/Syca_ws/install/lib/python3.8/site-packages/jetbot
[0.618s] byte-compiling /home/sycamore/Syca_ws/install/lib/python3.8/site-packages/jetbot/jb_start.py to jb_start.cpython-38.pyc
[0.619s] running install_data
[0.619s]   File "/home/sycamore/Syca_ws/install/lib/python3.8/site-packages/jetbot/jb_start.py", line 54
[0.619s]     'State of robot is : (x=%f, y=%f, theta=%f)\n %
[0.619s]                                                   ^
[0.619s] SyntaxError: EOL while scanning string literal
[0.620s] 
[0.620s] running install_egg_info
[0.620s] removing '/home/sycamore/Syca_ws/install/lib/python3.8/site-packages/jetbot-0.0.0-py3.8.egg-info' (and everything under it)
[0.620s] Copying ../../build/jetbot/jetbot.egg-info to /home/sycamore/Syca_ws/install/lib/python3.8/site-packages/jetbot-0.0.0-py3.8.egg-info
[0.621s] running install_scripts
[0.631s] Installing start script to /home/sycamore/Syca_ws/install/lib/jetbot
[0.632s] writing list of installed files to '/home/sycamore/Syca_ws/build/jetbot/install.log'
[0.643s] Invoked command in '/home/sycamore/Syca_ws/src/jetbot' returned '0': PYTHONPATH=/home/sycamore/Syca_ws/install/lib/python3.8/site-packages:${PYTHONPATH} /usr/bin/python3 setup.py egg_info --egg-base ../../build/jetbot build --build-base /home/sycamore/Syca_ws/build/jetbot/build install --prefix /home/sycamore/Syca_ws/install --record /home/sycamore/Syca_ws/build/jetbot/install.log --single-version-externally-managed
