[0.611s] Invoking command in '/home/sycamore/Syca_ws/src/jetbot': PYTHONPATH=/home/sycamore/Syca_ws/install/lib/python3.8/site-packages:${PYTHONPATH} /usr/bin/python3 setup.py egg_info --egg-base ../../build/jetbot build --build-base /home/sycamore/Syca_ws/build/jetbot/build install --prefix /home/sycamore/Syca_ws/install --record /home/sycamore/Syca_ws/build/jetbot/install.log --single-version-externally-managed
[0.759s] running egg_info
[0.760s] writing ../../build/jetbot/jetbot.egg-info/PKG-INFO
[0.760s] writing dependency_links to ../../build/jetbot/jetbot.egg-info/dependency_links.txt
[0.760s] writing entry points to ../../build/jetbot/jetbot.egg-info/entry_points.txt
[0.760s] writing requirements to ../../build/jetbot/jetbot.egg-info/requires.txt
[0.760s] writing top-level names to ../../build/jetbot/jetbot.egg-info/top_level.txt
[0.782s] reading manifest file '../../build/jetbot/jetbot.egg-info/SOURCES.txt'
[0.782s] writing manifest file '../../build/jetbot/jetbot.egg-info/SOURCES.txt'
[0.783s] running build
[0.783s] running build_py
[0.783s] running install
[0.783s] running install_lib
[0.784s] running install_data
[0.784s] running install_egg_info
[0.785s] removing '/home/sycamore/Syca_ws/install/lib/python3.8/site-packages/jetbot-0.0.0-py3.8.egg-info' (and everything under it)
[0.785s] Copying ../../build/jetbot/jetbot.egg-info to /home/sycamore/Syca_ws/install/lib/python3.8/site-packages/jetbot-0.0.0-py3.8.egg-info
[0.786s] running install_scripts
[0.796s] Installing start script to /home/sycamore/Syca_ws/install/lib/jetbot
[0.797s] writing list of installed files to '/home/sycamore/Syca_ws/build/jetbot/install.log'
[0.812s] Invoked command in '/home/sycamore/Syca_ws/src/jetbot' returned '0': PYTHONPATH=/home/sycamore/Syca_ws/install/lib/python3.8/site-packages:${PYTHONPATH} /usr/bin/python3 setup.py egg_info --egg-base ../../build/jetbot build --build-base /home/sycamore/Syca_ws/build/jetbot/build install --prefix /home/sycamore/Syca_ws/install --record /home/sycamore/Syca_ws/build/jetbot/install.log --single-version-externally-managed
