[0.011s] Invoking command in '/home/sycamore/Syca_ws/build/interfaces': /usr/bin/cmake /home/sycamore/Syca_ws/src/interfaces -DCMAKE_INSTALL_PREFIX=/home/sycamore/Syca_ws/install
[0.020s] -- Found ament_cmake: 1.1.4 (/home/sycamore/ros2_galactic/ros2-linux/share/ament_cmake/cmake)
[0.033s] -- Found PythonInterp: /usr/bin/python3 (found suitable version "3.8.10", minimum required is "3") 
[0.034s] -- Using PYTHON_EXECUTABLE: /usr/bin/python3
[0.072s] -- Found rosidl_default_generators: 1.1.1 (/home/sycamore/ros2_galactic/ros2-linux/share/rosidl_default_generators/cmake)
[0.073s] -- Using all available rosidl_typesupport_c: rosidl_typesupport_fastrtps_c;rosidl_typesupport_introspection_c
[0.075s] -- Found rosidl_adapter: 2.2.1 (/home/sycamore/ros2_galactic/ros2-linux/share/rosidl_adapter/cmake)
[0.160s] -- Using all available rosidl_typesupport_cpp: rosidl_typesupport_fastrtps_cpp;rosidl_typesupport_introspection_cpp
[0.188s] -- Found PythonInterp: /usr/bin/python3 (found version "3.8.10") 
[0.253s] CMake Error at /home/sycamore/ros2_galactic/ros2-linux/share/rosidl_cmake/cmake/rosidl_generate_interfaces.cmake:229 (message):
[0.253s]   Packages installing interfaces must include
[0.253s]   '<member_of_group>rosidl_interface_packages</member_of_group>' in their
[0.253s]   package.xml
[0.253s] Call Stack (most recent call first):
[0.253s]   CMakeLists.txt:19 (rosidl_generate_interfaces)
[0.253s] 
[0.253s] 
[0.253s] -- Configuring incomplete, errors occurred!
[0.253s] See also "/home/sycamore/Syca_ws/build/interfaces/CMakeFiles/CMakeOutput.log".
[0.257s] Invoked command in '/home/sycamore/Syca_ws/build/interfaces' returned '1': /usr/bin/cmake /home/sycamore/Syca_ws/src/interfaces -DCMAKE_INSTALL_PREFIX=/home/sycamore/Syca_ws/install
