[0.438s] Invoking command in '/home/sycamore/Syca_ws/src/central_pc': PYTHONPATH=/home/sycamore/Syca_ws/install/lib/python3.8/site-packages:${PYTHONPATH} /usr/bin/python3 setup.py egg_info --egg-base ../../build/central_pc build --build-base /home/sycamore/Syca_ws/build/central_pc/build install --prefix /home/sycamore/Syca_ws/install --record /home/sycamore/Syca_ws/build/central_pc/install.log --single-version-externally-managed
[0.586s] running egg_info
[0.587s] writing ../../build/central_pc/central_pc.egg-info/PKG-INFO
[0.587s] writing dependency_links to ../../build/central_pc/central_pc.egg-info/dependency_links.txt
[0.587s] writing entry points to ../../build/central_pc/central_pc.egg-info/entry_points.txt
[0.587s] writing requirements to ../../build/central_pc/central_pc.egg-info/requires.txt
[0.587s] writing top-level names to ../../build/central_pc/central_pc.egg-info/top_level.txt
[0.609s] reading manifest file '../../build/central_pc/central_pc.egg-info/SOURCES.txt'
[0.610s] writing manifest file '../../build/central_pc/central_pc.egg-info/SOURCES.txt'
[0.610s] running build
[0.610s] running build_py
[0.610s] copying central_pc/utils.py -> /home/sycamore/Syca_ws/build/central_pc/build/lib/central_pc
[0.610s] running install
[0.610s] running install_lib
[0.611s] copying /home/sycamore/Syca_ws/build/central_pc/build/lib/central_pc/utils.py -> /home/sycamore/Syca_ws/install/lib/python3.8/site-packages/central_pc
[0.611s] byte-compiling /home/sycamore/Syca_ws/install/lib/python3.8/site-packages/central_pc/utils.py to utils.cpython-38.pyc
[0.612s] Sorry: IndentationError: unindent does not match any outer indentation level (utils.py, line 15)
[0.612s] running install_data
[0.612s] running install_egg_info
[0.613s] removing '/home/sycamore/Syca_ws/install/lib/python3.8/site-packages/central_pc-0.0.0-py3.8.egg-info' (and everything under it)
[0.613s] Copying ../../build/central_pc/central_pc.egg-info to /home/sycamore/Syca_ws/install/lib/python3.8/site-packages/central_pc-0.0.0-py3.8.egg-info
[0.614s] running install_scripts
[0.624s] Installing centralPC script to /home/sycamore/Syca_ws/install/lib/central_pc
[0.624s] writing list of installed files to '/home/sycamore/Syca_ws/build/central_pc/install.log'
[0.636s] Invoked command in '/home/sycamore/Syca_ws/src/central_pc' returned '0': PYTHONPATH=/home/sycamore/Syca_ws/install/lib/python3.8/site-packages:${PYTHONPATH} /usr/bin/python3 setup.py egg_info --egg-base ../../build/central_pc build --build-base /home/sycamore/Syca_ws/build/central_pc/build install --prefix /home/sycamore/Syca_ws/install --record /home/sycamore/Syca_ws/build/central_pc/install.log --single-version-externally-managed
