running egg_info
writing ../../build/opti_track/opti_track.egg-info/PKG-INFO
writing dependency_links to ../../build/opti_track/opti_track.egg-info/dependency_links.txt
writing entry points to ../../build/opti_track/opti_track.egg-info/entry_points.txt
writing requirements to ../../build/opti_track/opti_track.egg-info/requires.txt
writing top-level names to ../../build/opti_track/opti_track.egg-info/top_level.txt
reading manifest file '../../build/opti_track/opti_track.egg-info/SOURCES.txt'
writing manifest file '../../build/opti_track/opti_track.egg-info/SOURCES.txt'
running build
running build_py
running install
running install_lib
running install_data
copying launch/establish_link.launch.py -> /home/sycamore/Syca_ws/install/share/opti_track
running install_egg_info
removing '/home/sycamore/Syca_ws/install/lib/python3.8/site-packages/opti_track-0.0.0-py3.8.egg-info' (and everything under it)
Copying ../../build/opti_track/opti_track.egg-info to /home/sycamore/Syca_ws/install/lib/python3.8/site-packages/opti_track-0.0.0-py3.8.egg-info
running install_scripts
Installing opti_link script to /home/sycamore/Syca_ws/install/lib/opti_track
writing list of installed files to '/home/sycamore/Syca_ws/build/opti_track/install.log'
