[0.169s] Invoking command in '/home/sycamore/Syca_ws/build/interfaces': /usr/bin/cmake --build /home/sycamore/Syca_ws/build/interfaces -- -j20 -l20
[0.185s] -- Found ament_cmake: 1.1.4 (/home/sycamore/ros2_galactic/ros2-linux/share/ament_cmake/cmake)
[0.198s] -- Found PythonInterp: /usr/bin/python3 (found suitable version "3.8.10", minimum required is "3") 
[0.198s] -- Using PYTHON_EXECUTABLE: /usr/bin/python3
[0.237s] -- Found rosidl_default_generators: 1.1.1 (/home/sycamore/ros2_galactic/ros2-linux/share/rosidl_default_generators/cmake)
[0.238s] -- Using all available rosidl_typesupport_c: rosidl_typesupport_fastrtps_c;rosidl_typesupport_introspection_c
[0.240s] -- Found rosidl_adapter: 2.2.1 (/home/sycamore/ros2_galactic/ros2-linux/share/rosidl_adapter/cmake)
[0.325s] -- Using all available rosidl_typesupport_cpp: rosidl_typesupport_fastrtps_cpp;rosidl_typesupport_introspection_cpp
[0.340s] -- Found geometry_msgs: 2.2.3 (/home/sycamore/ros2_galactic/ros2-linux/share/geometry_msgs/cmake)
[0.402s] -- Found PythonInterp: /usr/bin/python3 (found version "3.8.10") 
[0.506s] -- Found ament_cmake_ros: 0.9.2 (/home/sycamore/ros2_galactic/ros2-linux/share/ament_cmake_ros/cmake)
[0.666s] -- Using all available rosidl_typesupport_c: rosidl_typesupport_fastrtps_c;rosidl_typesupport_introspection_c
[0.742s] -- Using all available rosidl_typesupport_cpp: rosidl_typesupport_fastrtps_cpp;rosidl_typesupport_introspection_cpp
[0.758s] -- Found PythonInterp: /usr/bin/python3 (found suitable version "3.8.10", minimum required is "3.5") 
[0.758s] -- Found python_cmake_module: 0.8.1 (/home/sycamore/ros2_galactic/ros2-linux/share/python_cmake_module/cmake)
[0.772s] -- Using PYTHON_EXECUTABLE: /usr/bin/python3
[0.772s] -- Using PYTHON_INCLUDE_DIRS: /usr/include/python3.8
[0.772s] -- Using PYTHON_LIBRARIES: /usr/lib/x86_64-linux-gnu/libpython3.8.so
[0.809s] -- Found ament_lint_auto: 0.10.6 (/home/sycamore/ros2_galactic/ros2-linux/share/ament_lint_auto/cmake)
[0.815s] -- Added test 'copyright' to check source files copyright and LICENSE
[0.816s] -- Added test 'lint_cmake' to check CMake code style
[0.816s] -- Added test 'xmllint' to check XML markup files
[0.819s] -- Configuring done
[0.848s] -- Generating done
[0.850s] -- Build files have been written to: /home/sycamore/Syca_ws/build/interfaces
[0.865s] [  3%] [34m[1mGenerating C code for ROS interfaces[0m
[0.871s] [  6%] [34m[1mGenerating C++ code for ROS interfaces[0m
[1.013s] [35m[1mScanning dependencies of target interfaces__rosidl_generator_c[0m
[1.016s] [  6%] Built target interfaces__cpp
[1.019s] [  9%] [32mBuilding C object CMakeFiles/interfaces__rosidl_generator_c.dir/rosidl_generator_c/interfaces/srv/detail/task__functions.c.o[0m
[1.023s] [ 16%] [34m[1mGenerating C++ type support dispatch for ROS interfaces[0m
[1.023s] [ 16%] [34m[1mGenerating C++ introspection for ROS interfaces[0m
[1.023s] [ 19%] [34m[1mGenerating C++ type support for eProsima Fast-RTPS[0m
[1.048s] [ 22%] [32m[1mLinking C shared library libinterfaces__rosidl_generator_c.so[0m
[1.071s] [ 22%] Built target interfaces__rosidl_generator_c
[1.077s] [ 29%] [34m[1mGenerating C type support dispatch for ROS interfaces[0m
[1.077s] [ 29%] [34m[1mGenerating C introspection for ROS interfaces[0m
[1.149s] [35m[1mScanning dependencies of target interfaces__rosidl_typesupport_cpp[0m
[1.157s] [ 32%] [32mBuilding CXX object CMakeFiles/interfaces__rosidl_typesupport_cpp.dir/rosidl_typesupport_cpp/interfaces/srv/task__type_support.cpp.o[0m
[1.162s] [35m[1mScanning dependencies of target interfaces__rosidl_typesupport_introspection_cpp[0m
[1.170s] [ 35%] [32mBuilding CXX object CMakeFiles/interfaces__rosidl_typesupport_introspection_cpp.dir/rosidl_typesupport_introspection_cpp/interfaces/srv/detail/task__type_support.cpp.o[0m
[1.171s] [35m[1mScanning dependencies of target interfaces__rosidl_typesupport_fastrtps_cpp[0m
[1.180s] [ 38%] [32mBuilding CXX object CMakeFiles/interfaces__rosidl_typesupport_fastrtps_cpp.dir/rosidl_typesupport_fastrtps_cpp/interfaces/srv/detail/dds_fastrtps/task__type_support.cpp.o[0m
[1.201s] [35m[1mScanning dependencies of target interfaces__rosidl_typesupport_c[0m
[1.209s] [ 41%] [32mBuilding CXX object CMakeFiles/interfaces__rosidl_typesupport_c.dir/rosidl_typesupport_c/interfaces/srv/task__type_support.cpp.o[0m
[1.218s] [35m[1mScanning dependencies of target interfaces__rosidl_typesupport_introspection_c[0m
[1.226s] [ 45%] [32mBuilding C object CMakeFiles/interfaces__rosidl_typesupport_introspection_c.dir/rosidl_typesupport_introspection_c/interfaces/srv/detail/task__type_support.c.o[0m
[1.229s] [ 48%] [32m[1mLinking CXX shared library libinterfaces__rosidl_typesupport_c.so[0m
[1.248s] [ 51%] [32m[1mLinking C shared library libinterfaces__rosidl_typesupport_introspection_c.so[0m
[1.254s] [ 51%] Built target interfaces__rosidl_typesupport_c
[1.268s] [ 51%] Built target interfaces__rosidl_typesupport_introspection_c
[1.340s] [ 54%] [32m[1mLinking CXX shared library libinterfaces__rosidl_typesupport_cpp.so[0m
[1.360s] [ 58%] [32m[1mLinking CXX shared library libinterfaces__rosidl_typesupport_introspection_cpp.so[0m
[1.365s] [ 58%] Built target interfaces__rosidl_typesupport_cpp
[1.396s] [ 58%] Built target interfaces__rosidl_typesupport_introspection_cpp
[1.453s] [ 61%] [32m[1mLinking CXX shared library libinterfaces__rosidl_typesupport_fastrtps_cpp.so[0m
[1.504s] [ 61%] Built target interfaces__rosidl_typesupport_fastrtps_cpp
[1.510s] [ 64%] [34m[1mGenerating C type support for eProsima Fast-RTPS[0m
[1.649s] [35m[1mScanning dependencies of target interfaces__rosidl_typesupport_fastrtps_c[0m
[1.658s] [ 67%] [32mBuilding CXX object CMakeFiles/interfaces__rosidl_typesupport_fastrtps_c.dir/rosidl_typesupport_fastrtps_c/interfaces/srv/detail/task__type_support_c.cpp.o[0m
[1.884s] [ 70%] [32m[1mLinking CXX shared library libinterfaces__rosidl_typesupport_fastrtps_c.so[0m
[1.935s] [ 70%] Built target interfaces__rosidl_typesupport_fastrtps_c
[1.946s] [ 70%] Built target interfaces
[1.957s] [ 74%] [34m[1mGenerating Python code for ROS interfaces[0m
[2.218s] [ 74%] Built target interfaces__py
[2.224s] [35m[1mScanning dependencies of target interfaces__python[0m
[2.232s] [ 77%] [32mBuilding C object CMakeFiles/interfaces__python.dir/rosidl_generator_py/interfaces/srv/_task_s.c.o[0m
[2.287s] [ 80%] [32m[1mLinking C shared library rosidl_generator_py/interfaces/libinterfaces__python.so[0m
[2.313s] [ 80%] Built target interfaces__python
[2.319s] [35m[1mScanning dependencies of target interfaces__rosidl_typesupport_introspection_c__pyext[0m
[2.319s] [35m[1mScanning dependencies of target interfaces__rosidl_typesupport_c__pyext[0m
[2.320s] [35m[1mScanning dependencies of target interfaces__rosidl_typesupport_fastrtps_c__pyext[0m
[2.328s] [ 87%] [32mBuilding C object CMakeFiles/interfaces__rosidl_typesupport_c__pyext.dir/rosidl_generator_py/interfaces/_interfaces_s.ep.rosidl_typesupport_c.c.o[0m
[2.328s] [ 87%] [32mBuilding C object CMakeFiles/interfaces__rosidl_typesupport_introspection_c__pyext.dir/rosidl_generator_py/interfaces/_interfaces_s.ep.rosidl_typesupport_introspection_c.c.o[0m
[2.329s] [ 90%] [32mBuilding C object CMakeFiles/interfaces__rosidl_typesupport_fastrtps_c__pyext.dir/rosidl_generator_py/interfaces/_interfaces_s.ep.rosidl_typesupport_fastrtps_c.c.o[0m
[2.378s] [ 96%] [32m[1mLinking C shared library rosidl_generator_py/interfaces/interfaces_s__rosidl_typesupport_introspection_c.cpython-38-x86_64-linux-gnu.so[0m
[2.378s] [ 96%] [32m[1mLinking C shared library rosidl_generator_py/interfaces/interfaces_s__rosidl_typesupport_c.cpython-38-x86_64-linux-gnu.so[0m
[2.380s] [100%] [32m[1mLinking CXX shared library rosidl_generator_py/interfaces/interfaces_s__rosidl_typesupport_fastrtps_c.cpython-38-x86_64-linux-gnu.so[0m
[2.402s] [100%] Built target interfaces__rosidl_typesupport_introspection_c__pyext
[2.402s] [100%] Built target interfaces__rosidl_typesupport_c__pyext
[2.421s] [100%] Built target interfaces__rosidl_typesupport_fastrtps_c__pyext
[2.429s] Invoked command in '/home/sycamore/Syca_ws/build/interfaces' returned '0': /usr/bin/cmake --build /home/sycamore/Syca_ws/build/interfaces -- -j20 -l20
[2.460s] Invoking command in '/home/sycamore/Syca_ws/build/interfaces': /usr/bin/cmake --install /home/sycamore/Syca_ws/build/interfaces
[2.464s] -- Install configuration: ""
[2.464s] -- Up-to-date: /home/sycamore/Syca_ws/install/share/ament_index/resource_index/rosidl_interfaces/interfaces
[2.464s] -- Up-to-date: /home/sycamore/Syca_ws/install/include/interfaces
[2.464s] -- Up-to-date: /home/sycamore/Syca_ws/install/include/interfaces/msg
[2.465s] -- Up-to-date: /home/sycamore/Syca_ws/install/include/interfaces/msg/rosidl_generator_c__visibility_control.h
[2.465s] -- Up-to-date: /home/sycamore/Syca_ws/install/include/interfaces/srv
[2.465s] -- Installing: /home/sycamore/Syca_ws/install/include/interfaces/srv/task.h
[2.465s] -- Up-to-date: /home/sycamore/Syca_ws/install/include/interfaces/srv/detail
[2.465s] -- Installing: /home/sycamore/Syca_ws/install/include/interfaces/srv/detail/task__type_support.h
[2.465s] -- Installing: /home/sycamore/Syca_ws/install/include/interfaces/srv/detail/task__functions.h
[2.465s] -- Installing: /home/sycamore/Syca_ws/install/include/interfaces/srv/detail/task__functions.c
[2.465s] -- Installing: /home/sycamore/Syca_ws/install/include/interfaces/srv/detail/task__struct.h
[2.465s] -- Up-to-date: /home/sycamore/Syca_ws/install/share/interfaces/environment/library_path.sh
[2.465s] -- Installing: /home/sycamore/Syca_ws/install/share/interfaces/environment/library_path.dsv
[2.465s] -- Installing: /home/sycamore/Syca_ws/install/lib/libinterfaces__rosidl_generator_c.so
[2.465s] -- Set runtime path of "/home/sycamore/Syca_ws/install/lib/libinterfaces__rosidl_generator_c.so" to ""
[2.465s] -- Up-to-date: /home/sycamore/Syca_ws/install/include/interfaces
[2.465s] -- Up-to-date: /home/sycamore/Syca_ws/install/include/interfaces/msg
[2.465s] -- Up-to-date: /home/sycamore/Syca_ws/install/include/interfaces/msg/rosidl_typesupport_fastrtps_c__visibility_control.h
[2.465s] -- Up-to-date: /home/sycamore/Syca_ws/install/include/interfaces/srv
[2.466s] -- Up-to-date: /home/sycamore/Syca_ws/install/include/interfaces/srv/detail
[2.466s] -- Installing: /home/sycamore/Syca_ws/install/include/interfaces/srv/detail/task__rosidl_typesupport_fastrtps_c.h
[2.466s] -- Installing: /home/sycamore/Syca_ws/install/lib/libinterfaces__rosidl_typesupport_fastrtps_c.so
[2.466s] -- Set runtime path of "/home/sycamore/Syca_ws/install/lib/libinterfaces__rosidl_typesupport_fastrtps_c.so" to ""
[2.466s] -- Up-to-date: /home/sycamore/Syca_ws/install/include/interfaces
[2.466s] -- Up-to-date: /home/sycamore/Syca_ws/install/include/interfaces/msg
[2.466s] -- Up-to-date: /home/sycamore/Syca_ws/install/include/interfaces/msg/rosidl_typesupport_fastrtps_cpp__visibility_control.h
[2.466s] -- Up-to-date: /home/sycamore/Syca_ws/install/include/interfaces/srv
[2.466s] -- Up-to-date: /home/sycamore/Syca_ws/install/include/interfaces/srv/detail
[2.466s] -- Installing: /home/sycamore/Syca_ws/install/include/interfaces/srv/detail/task__rosidl_typesupport_fastrtps_cpp.hpp
[2.466s] -- Up-to-date: /home/sycamore/Syca_ws/install/include/interfaces/srv/detail/dds_fastrtps
[2.466s] -- Installing: /home/sycamore/Syca_ws/install/lib/libinterfaces__rosidl_typesupport_fastrtps_cpp.so
[2.466s] -- Set runtime path of "/home/sycamore/Syca_ws/install/lib/libinterfaces__rosidl_typesupport_fastrtps_cpp.so" to ""
[2.466s] -- Up-to-date: /home/sycamore/Syca_ws/install/include/interfaces
[2.466s] -- Up-to-date: /home/sycamore/Syca_ws/install/include/interfaces/msg
[2.466s] -- Up-to-date: /home/sycamore/Syca_ws/install/include/interfaces/msg/rosidl_typesupport_introspection_c__visibility_control.h
[2.466s] -- Up-to-date: /home/sycamore/Syca_ws/install/include/interfaces/srv
[2.466s] -- Up-to-date: /home/sycamore/Syca_ws/install/include/interfaces/srv/detail
[2.466s] -- Installing: /home/sycamore/Syca_ws/install/include/interfaces/srv/detail/task__rosidl_typesupport_introspection_c.h
[2.466s] -- Installing: /home/sycamore/Syca_ws/install/include/interfaces/srv/detail/task__type_support.c
[2.467s] -- Installing: /home/sycamore/Syca_ws/install/lib/libinterfaces__rosidl_typesupport_introspection_c.so
[2.467s] -- Set runtime path of "/home/sycamore/Syca_ws/install/lib/libinterfaces__rosidl_typesupport_introspection_c.so" to ""
[2.467s] -- Installing: /home/sycamore/Syca_ws/install/lib/libinterfaces__rosidl_typesupport_c.so
[2.467s] -- Set runtime path of "/home/sycamore/Syca_ws/install/lib/libinterfaces__rosidl_typesupport_c.so" to ""
[2.467s] -- Up-to-date: /home/sycamore/Syca_ws/install/include/interfaces
[2.467s] -- Up-to-date: /home/sycamore/Syca_ws/install/include/interfaces/srv
[2.467s] -- Installing: /home/sycamore/Syca_ws/install/include/interfaces/srv/task.hpp
[2.467s] -- Up-to-date: /home/sycamore/Syca_ws/install/include/interfaces/srv/detail
[2.467s] -- Installing: /home/sycamore/Syca_ws/install/include/interfaces/srv/detail/task__builder.hpp
[2.467s] -- Installing: /home/sycamore/Syca_ws/install/include/interfaces/srv/detail/task__traits.hpp
[2.467s] -- Installing: /home/sycamore/Syca_ws/install/include/interfaces/srv/detail/task__struct.hpp
[2.467s] -- Up-to-date: /home/sycamore/Syca_ws/install/include/interfaces
[2.467s] -- Up-to-date: /home/sycamore/Syca_ws/install/include/interfaces/srv
[2.467s] -- Up-to-date: /home/sycamore/Syca_ws/install/include/interfaces/srv/detail
[2.467s] -- Installing: /home/sycamore/Syca_ws/install/include/interfaces/srv/detail/task__type_support.cpp
[2.467s] -- Installing: /home/sycamore/Syca_ws/install/include/interfaces/srv/detail/task__rosidl_typesupport_introspection_cpp.hpp
[2.467s] -- Installing: /home/sycamore/Syca_ws/install/lib/libinterfaces__rosidl_typesupport_introspection_cpp.so
[2.467s] -- Set runtime path of "/home/sycamore/Syca_ws/install/lib/libinterfaces__rosidl_typesupport_introspection_cpp.so" to ""
[2.468s] -- Installing: /home/sycamore/Syca_ws/install/lib/libinterfaces__rosidl_typesupport_cpp.so
[2.468s] -- Set runtime path of "/home/sycamore/Syca_ws/install/lib/libinterfaces__rosidl_typesupport_cpp.so" to ""
[2.468s] -- Up-to-date: /home/sycamore/Syca_ws/install/share/interfaces/environment/pythonpath.sh
[2.468s] -- Installing: /home/sycamore/Syca_ws/install/share/interfaces/environment/pythonpath.dsv
[2.468s] -- Installing: /home/sycamore/Syca_ws/install/lib/python3.8/site-packages/interfaces/__init__.py
[2.487s] Compiling '/home/sycamore/Syca_ws/install/lib/python3.8/site-packages/interfaces/__init__.py'...
[2.489s] -- Up-to-date: /home/sycamore/Syca_ws/install/lib/python3.8/site-packages/interfaces/srv
[2.489s] -- Installing: /home/sycamore/Syca_ws/install/lib/python3.8/site-packages/interfaces/srv/__init__.py
[2.489s] -- Installing: /home/sycamore/Syca_ws/install/lib/python3.8/site-packages/interfaces/srv/_task.py
[2.489s] -- Installing: /home/sycamore/Syca_ws/install/lib/python3.8/site-packages/interfaces/srv/_task_s.c
[2.489s] -- Installing: /home/sycamore/Syca_ws/install/lib/python3.8/site-packages/interfaces/interfaces_s__rosidl_typesupport_fastrtps_c.cpython-38-x86_64-linux-gnu.so
[2.489s] -- Set runtime path of "/home/sycamore/Syca_ws/install/lib/python3.8/site-packages/interfaces/interfaces_s__rosidl_typesupport_fastrtps_c.cpython-38-x86_64-linux-gnu.so" to ""
[2.490s] -- Installing: /home/sycamore/Syca_ws/install/lib/python3.8/site-packages/interfaces/interfaces_s__rosidl_typesupport_introspection_c.cpython-38-x86_64-linux-gnu.so
[2.490s] -- Set runtime path of "/home/sycamore/Syca_ws/install/lib/python3.8/site-packages/interfaces/interfaces_s__rosidl_typesupport_introspection_c.cpython-38-x86_64-linux-gnu.so" to ""
[2.490s] -- Installing: /home/sycamore/Syca_ws/install/lib/python3.8/site-packages/interfaces/interfaces_s__rosidl_typesupport_c.cpython-38-x86_64-linux-gnu.so
[2.490s] -- Set runtime path of "/home/sycamore/Syca_ws/install/lib/python3.8/site-packages/interfaces/interfaces_s__rosidl_typesupport_c.cpython-38-x86_64-linux-gnu.so" to ""
[2.490s] -- Installing: /home/sycamore/Syca_ws/install/lib/libinterfaces__python.so
[2.490s] -- Set runtime path of "/home/sycamore/Syca_ws/install/lib/libinterfaces__python.so" to ""
[2.490s] -- Installing: /home/sycamore/Syca_ws/install/share/interfaces/srv/Task.idl
[2.491s] -- Installing: /home/sycamore/Syca_ws/install/share/interfaces/srv/Task.srv
[2.491s] -- Up-to-date: /home/sycamore/Syca_ws/install/share/interfaces/srv/Task_Request.msg
[2.491s] -- Installing: /home/sycamore/Syca_ws/install/share/interfaces/srv/Task_Response.msg
[2.491s] -- Up-to-date: /home/sycamore/Syca_ws/install/share/ament_index/resource_index/package_run_dependencies/interfaces
[2.491s] -- Up-to-date: /home/sycamore/Syca_ws/install/share/ament_index/resource_index/parent_prefix_path/interfaces
[2.491s] -- Up-to-date: /home/sycamore/Syca_ws/install/share/interfaces/environment/ament_prefix_path.sh
[2.491s] -- Installing: /home/sycamore/Syca_ws/install/share/interfaces/environment/ament_prefix_path.dsv
[2.491s] -- Up-to-date: /home/sycamore/Syca_ws/install/share/interfaces/environment/path.sh
[2.491s] -- Installing: /home/sycamore/Syca_ws/install/share/interfaces/environment/path.dsv
[2.491s] -- Up-to-date: /home/sycamore/Syca_ws/install/share/interfaces/local_setup.bash
[2.491s] -- Up-to-date: /home/sycamore/Syca_ws/install/share/interfaces/local_setup.sh
[2.491s] -- Up-to-date: /home/sycamore/Syca_ws/install/share/interfaces/local_setup.zsh
[2.491s] -- Installing: /home/sycamore/Syca_ws/install/share/interfaces/local_setup.dsv
[2.491s] -- Installing: /home/sycamore/Syca_ws/install/share/interfaces/package.dsv
[2.491s] -- Up-to-date: /home/sycamore/Syca_ws/install/share/ament_index/resource_index/packages/interfaces
[2.492s] -- Up-to-date: /home/sycamore/Syca_ws/install/share/interfaces/cmake/interfaces__rosidl_generator_cExport.cmake
[2.492s] -- Installing: /home/sycamore/Syca_ws/install/share/interfaces/cmake/interfaces__rosidl_generator_cExport-noconfig.cmake
[2.492s] -- Up-to-date: /home/sycamore/Syca_ws/install/share/interfaces/cmake/interfaces__rosidl_typesupport_introspection_cExport.cmake
[2.492s] -- Installing: /home/sycamore/Syca_ws/install/share/interfaces/cmake/interfaces__rosidl_typesupport_introspection_cExport-noconfig.cmake
[2.492s] -- Up-to-date: /home/sycamore/Syca_ws/install/share/interfaces/cmake/interfaces__rosidl_typesupport_cExport.cmake
[2.492s] -- Installing: /home/sycamore/Syca_ws/install/share/interfaces/cmake/interfaces__rosidl_typesupport_cExport-noconfig.cmake
[2.492s] -- Up-to-date: /home/sycamore/Syca_ws/install/share/interfaces/cmake/interfaces__rosidl_generator_cppExport.cmake
[2.492s] -- Up-to-date: /home/sycamore/Syca_ws/install/share/interfaces/cmake/interfaces__rosidl_typesupport_introspection_cppExport.cmake
[2.492s] -- Installing: /home/sycamore/Syca_ws/install/share/interfaces/cmake/interfaces__rosidl_typesupport_introspection_cppExport-noconfig.cmake
[2.492s] -- Up-to-date: /home/sycamore/Syca_ws/install/share/interfaces/cmake/interfaces__rosidl_typesupport_cppExport.cmake
[2.492s] -- Installing: /home/sycamore/Syca_ws/install/share/interfaces/cmake/interfaces__rosidl_typesupport_cppExport-noconfig.cmake
[2.492s] -- Up-to-date: /home/sycamore/Syca_ws/install/share/interfaces/cmake/rosidl_cmake-extras.cmake
[2.492s] -- Up-to-date: /home/sycamore/Syca_ws/install/share/interfaces/cmake/ament_cmake_export_dependencies-extras.cmake
[2.493s] -- Up-to-date: /home/sycamore/Syca_ws/install/share/interfaces/cmake/ament_cmake_export_libraries-extras.cmake
[2.493s] -- Up-to-date: /home/sycamore/Syca_ws/install/share/interfaces/cmake/ament_cmake_export_targets-extras.cmake
[2.493s] -- Up-to-date: /home/sycamore/Syca_ws/install/share/interfaces/cmake/ament_cmake_export_include_directories-extras.cmake
[2.493s] -- Up-to-date: /home/sycamore/Syca_ws/install/share/interfaces/cmake/rosidl_cmake_export_typesupport_libraries-extras.cmake
[2.493s] -- Up-to-date: /home/sycamore/Syca_ws/install/share/interfaces/cmake/rosidl_cmake_export_typesupport_targets-extras.cmake
[2.493s] -- Up-to-date: /home/sycamore/Syca_ws/install/share/interfaces/cmake/interfacesConfig.cmake
[2.493s] -- Up-to-date: /home/sycamore/Syca_ws/install/share/interfaces/cmake/interfacesConfig-version.cmake
[2.493s] -- Up-to-date: /home/sycamore/Syca_ws/install/share/interfaces/package.xml
[2.495s] Invoked command in '/home/sycamore/Syca_ws/build/interfaces' returned '0': /usr/bin/cmake --install /home/sycamore/Syca_ws/build/interfaces
