[0.000000] (-) TimerEvent: {}
[0.000074] (-) JobUnselected: {'identifier': 'basic_pub'}
[0.000093] (-) JobUnselected: {'identifier': 'interfaces'}
[0.000108] (-) JobUnselected: {'identifier': 'opti_track'}
[0.000119] (-) JobUnselected: {'identifier': 'py_basicsub'}
[0.000130] (-) JobUnselected: {'identifier': 'teleop'}
[0.000143] (central_pc) JobQueued: {'identifier': 'central_pc', 'dependencies': OrderedDict()}
[0.000157] (jetbot) JobQueued: {'identifier': 'jetbot', 'dependencies': OrderedDict()}
[0.000169] (central_pc) JobStarted: {'identifier': 'central_pc'}
[0.009929] (jetbot) JobStarted: {'identifier': 'jetbot'}
[0.099168] (-) TimerEvent: {}
[0.199468] (-) TimerEvent: {}
[0.299713] (-) TimerEvent: {}
[0.399950] (-) TimerEvent: {}
[0.500221] (-) TimerEvent: {}
[0.600448] (-) TimerEvent: {}
[0.616434] (jetbot) Command: {'cmd': ['/usr/bin/python3', 'setup.py', 'egg_info', '--egg-base', '../../build/jetbot', 'build', '--build-base', '/home/sycamore/Syca_ws/build/jetbot/build', 'install', '--prefix', '/home/sycamore/Syca_ws/install', '--record', '/home/sycamore/Syca_ws/build/jetbot/install.log', '--single-version-externally-managed'], 'cwd': '/home/sycamore/Syca_ws/src/jetbot', 'env': {'GJS_DEBUG_TOPICS': 'JS ERROR;JS LOG', 'LANGUAGE': 'en_GB:en', 'USER': 'sycamore', 'LC_TIME': 'en_GB.UTF-8', 'SSH_AGENT_PID': '1922', 'XDG_SESSION_TYPE': 'x11', 'SHLVL': '1', 'LD_LIBRARY_PATH': '/home/sycamore/Syca_ws/install/lib:/home/sycamore/ros2_galactic/ros2-linux/opt/yaml_cpp_vendor/lib:/home/sycamore/ros2_galactic/ros2-linux/opt/rviz_ogre_vendor/lib:/home/sycamore/ros2_galactic/ros2-linux/lib', 'HOME': '/home/sycamore', 'OLDPWD': '/home/sycamore', 'DESKTOP_SESSION': 'ubuntu', 'ROS_PYTHON_VERSION': '3', 'GNOME_SHELL_SESSION_MODE': 'ubuntu', 'GTK_MODULES': 'gail:atk-bridge', 'LC_MONETARY': 'en_GB.UTF-8', 'MANAGERPID': '1745', 'DBUS_SESSION_BUS_ADDRESS': 'unix:path=/run/user/1000/bus', 'COLORTERM': 'truecolor', 'IM_CONFIG_PHASE': '1', 'COLCON_PREFIX_PATH': '/home/sycamore/Syca_ws/install:/home/sycamore/ros2_galactic/ros2-linux', 'ROS_DISTRO': 'galactic', 'LOGNAME': 'sycamore', 'JOURNAL_STREAM': '8:50103', '_': '/usr/bin/colcon', 'ROS_VERSION': '2', 'PKG_CONFIG_PATH': '/home/sycamore/ros2_galactic/ros2-linux/lib/x86_64-linux-gnu/pkgconfig:/home/sycamore/ros2_galactic/ros2-linux/lib/pkgconfig', 'XDG_SESSION_CLASS': 'user', 'USERNAME': 'sycamore', 'TERM': 'xterm-256color', 'GNOME_DESKTOP_SESSION_ID': 'this-is-deprecated', 'ROS_LOCALHOST_ONLY': '0', 'WINDOWPATH': '2', 'PATH': '/home/sycamore/ros2_galactic/ros2-linux/bin:/home/sycamore/.local/bin:/usr/local/sbin:/usr/local/bin:/usr/sbin:/usr/bin:/sbin:/bin:/usr/games:/usr/local/games:/snap/bin', 'SESSION_MANAGER': 'local/Sycamore-CentralPC:@/tmp/.ICE-unix/1960,unix/Sycamore-CentralPC:/tmp/.ICE-unix/1960', 'INVOCATION_ID': '2a1e31ba07f5401f85243b277c242c83', 'PAPERSIZE': 'a4', 'XDG_MENU_PREFIX': 'gnome-', 'LC_ADDRESS': 'en_GB.UTF-8', 'GNOME_TERMINAL_SCREEN': '/org/gnome/Terminal/screen/abc859f7_9b39_4442_a831_9375ca414ae6', 'XDG_RUNTIME_DIR': '/run/user/1000', 'DISPLAY': ':0', 'LANG': 'en_GB.UTF-8', 'XDG_CURRENT_DESKTOP': 'ubuntu:GNOME', 'LC_TELEPHONE': 'en_GB.UTF-8', 'XMODIFIERS': '@im=ibus', 'XDG_SESSION_DESKTOP': 'ubuntu', 'XAUTHORITY': '/run/user/1000/gdm/Xauthority', 'GNOME_TERMINAL_SERVICE': ':1.4157', 'SSH_AUTH_SOCK': '/run/user/1000/keyring/ssh', 'AMENT_PREFIX_PATH': '/home/sycamore/Syca_ws/install:/home/sycamore/ros2_galactic/ros2-linux', 'SHELL': '/bin/bash', 'LC_NAME': 'en_GB.UTF-8', 'QT_ACCESSIBILITY': '1', 'GDMSESSION': 'ubuntu', 'LC_MEASUREMENT': 'en_GB.UTF-8', 'GPG_AGENT_INFO': '/run/user/1000/gnupg/S.gpg-agent:0:1', 'GJS_DEBUG_OUTPUT': 'stderr', 'LC_IDENTIFICATION': 'en_GB.UTF-8', 'QT_IM_MODULE': 'ibus', 'PWD': '/home/sycamore/Syca_ws/build/jetbot', 'XDG_CONFIG_DIRS': '/etc/xdg/xdg-ubuntu:/etc/xdg', 'XDG_DATA_DIRS': '/usr/share/ubuntu:/usr/local/share/:/usr/share/:/var/lib/snapd/desktop', 'PYTHONPATH': '/home/sycamore/Syca_ws/install/lib/python3.8/site-packages:/home/sycamore/Syca_ws/install/lib/python3.8/site-packages:/home/sycamore/ros2_galactic/ros2-linux/lib/python3.8/site-packages', 'LC_NUMERIC': 'en_GB.UTF-8', 'LC_PAPER': 'en_GB.UTF-8', 'COLCON': '1', 'VTE_VERSION': '6003', 'CMAKE_PREFIX_PATH': '/home/sycamore/Syca_ws/install:/home/sycamore/ros2_galactic/ros2-linux'}, 'shell': False}
[0.620426] (central_pc) Command: {'cmd': ['/usr/bin/python3', 'setup.py', 'egg_info', '--egg-base', '../../build/central_pc', 'build', '--build-base', '/home/sycamore/Syca_ws/build/central_pc/build', 'install', '--prefix', '/home/sycamore/Syca_ws/install', '--record', '/home/sycamore/Syca_ws/build/central_pc/install.log', '--single-version-externally-managed'], 'cwd': '/home/sycamore/Syca_ws/src/central_pc', 'env': {'GJS_DEBUG_TOPICS': 'JS ERROR;JS LOG', 'LANGUAGE': 'en_GB:en', 'USER': 'sycamore', 'LC_TIME': 'en_GB.UTF-8', 'SSH_AGENT_PID': '1922', 'XDG_SESSION_TYPE': 'x11', 'SHLVL': '1', 'LD_LIBRARY_PATH': '/home/sycamore/Syca_ws/install/lib:/home/sycamore/ros2_galactic/ros2-linux/opt/yaml_cpp_vendor/lib:/home/sycamore/ros2_galactic/ros2-linux/opt/rviz_ogre_vendor/lib:/home/sycamore/ros2_galactic/ros2-linux/lib', 'HOME': '/home/sycamore', 'OLDPWD': '/home/sycamore', 'DESKTOP_SESSION': 'ubuntu', 'ROS_PYTHON_VERSION': '3', 'GNOME_SHELL_SESSION_MODE': 'ubuntu', 'GTK_MODULES': 'gail:atk-bridge', 'LC_MONETARY': 'en_GB.UTF-8', 'MANAGERPID': '1745', 'DBUS_SESSION_BUS_ADDRESS': 'unix:path=/run/user/1000/bus', 'COLORTERM': 'truecolor', 'IM_CONFIG_PHASE': '1', 'COLCON_PREFIX_PATH': '/home/sycamore/Syca_ws/install:/home/sycamore/ros2_galactic/ros2-linux', 'ROS_DISTRO': 'galactic', 'LOGNAME': 'sycamore', 'JOURNAL_STREAM': '8:50103', '_': '/usr/bin/colcon', 'ROS_VERSION': '2', 'PKG_CONFIG_PATH': '/home/sycamore/ros2_galactic/ros2-linux/lib/x86_64-linux-gnu/pkgconfig:/home/sycamore/ros2_galactic/ros2-linux/lib/pkgconfig', 'XDG_SESSION_CLASS': 'user', 'USERNAME': 'sycamore', 'TERM': 'xterm-256color', 'GNOME_DESKTOP_SESSION_ID': 'this-is-deprecated', 'ROS_LOCALHOST_ONLY': '0', 'WINDOWPATH': '2', 'PATH': '/home/sycamore/ros2_galactic/ros2-linux/bin:/home/sycamore/.local/bin:/usr/local/sbin:/usr/local/bin:/usr/sbin:/usr/bin:/sbin:/bin:/usr/games:/usr/local/games:/snap/bin', 'SESSION_MANAGER': 'local/Sycamore-CentralPC:@/tmp/.ICE-unix/1960,unix/Sycamore-CentralPC:/tmp/.ICE-unix/1960', 'INVOCATION_ID': '2a1e31ba07f5401f85243b277c242c83', 'PAPERSIZE': 'a4', 'XDG_MENU_PREFIX': 'gnome-', 'LC_ADDRESS': 'en_GB.UTF-8', 'GNOME_TERMINAL_SCREEN': '/org/gnome/Terminal/screen/abc859f7_9b39_4442_a831_9375ca414ae6', 'XDG_RUNTIME_DIR': '/run/user/1000', 'DISPLAY': ':0', 'LANG': 'en_GB.UTF-8', 'XDG_CURRENT_DESKTOP': 'ubuntu:GNOME', 'LC_TELEPHONE': 'en_GB.UTF-8', 'XMODIFIERS': '@im=ibus', 'XDG_SESSION_DESKTOP': 'ubuntu', 'XAUTHORITY': '/run/user/1000/gdm/Xauthority', 'GNOME_TERMINAL_SERVICE': ':1.4157', 'SSH_AUTH_SOCK': '/run/user/1000/keyring/ssh', 'AMENT_PREFIX_PATH': '/home/sycamore/Syca_ws/install:/home/sycamore/ros2_galactic/ros2-linux', 'SHELL': '/bin/bash', 'LC_NAME': 'en_GB.UTF-8', 'QT_ACCESSIBILITY': '1', 'GDMSESSION': 'ubuntu', 'LC_MEASUREMENT': 'en_GB.UTF-8', 'GPG_AGENT_INFO': '/run/user/1000/gnupg/S.gpg-agent:0:1', 'GJS_DEBUG_OUTPUT': 'stderr', 'LC_IDENTIFICATION': 'en_GB.UTF-8', 'QT_IM_MODULE': 'ibus', 'PWD': '/home/sycamore/Syca_ws/build/central_pc', 'XDG_CONFIG_DIRS': '/etc/xdg/xdg-ubuntu:/etc/xdg', 'XDG_DATA_DIRS': '/usr/share/ubuntu:/usr/local/share/:/usr/share/:/var/lib/snapd/desktop', 'PYTHONPATH': '/home/sycamore/Syca_ws/install/lib/python3.8/site-packages:/home/sycamore/Syca_ws/install/lib/python3.8/site-packages:/home/sycamore/ros2_galactic/ros2-linux/lib/python3.8/site-packages', 'LC_NUMERIC': 'en_GB.UTF-8', 'LC_PAPER': 'en_GB.UTF-8', 'COLCON': '1', 'VTE_VERSION': '6003', 'CMAKE_PREFIX_PATH': '/home/sycamore/Syca_ws/install:/home/sycamore/ros2_galactic/ros2-linux'}, 'shell': False}
[0.700575] (-) TimerEvent: {}
[0.768283] (central_pc) StdoutLine: {'line': b'running egg_info\n'}
[0.768716] (central_pc) StdoutLine: {'line': b'writing ../../build/central_pc/central_pc.egg-info/PKG-INFO\n'}
[0.768787] (jetbot) StdoutLine: {'line': b'running egg_info\n'}
[0.768954] (central_pc) StdoutLine: {'line': b'writing dependency_links to ../../build/central_pc/central_pc.egg-info/dependency_links.txt\n'}
[0.769015] (central_pc) StdoutLine: {'line': b'writing entry points to ../../build/central_pc/central_pc.egg-info/entry_points.txt\n'}
[0.769063] (central_pc) StdoutLine: {'line': b'writing requirements to ../../build/central_pc/central_pc.egg-info/requires.txt\n'}
[0.769126] (central_pc) StdoutLine: {'line': b'writing top-level names to ../../build/central_pc/central_pc.egg-info/top_level.txt\n'}
[0.769191] (jetbot) StdoutLine: {'line': b'writing ../../build/jetbot/jetbot.egg-info/PKG-INFO\n'}
[0.769320] (jetbot) StdoutLine: {'line': b'writing dependency_links to ../../build/jetbot/jetbot.egg-info/dependency_links.txt\n'}
[0.769491] (jetbot) StdoutLine: {'line': b'writing entry points to ../../build/jetbot/jetbot.egg-info/entry_points.txt\n'}
[0.769565] (jetbot) StdoutLine: {'line': b'writing requirements to ../../build/jetbot/jetbot.egg-info/requires.txt\n'}
[0.769637] (jetbot) StdoutLine: {'line': b'writing top-level names to ../../build/jetbot/jetbot.egg-info/top_level.txt\n'}
[0.790725] (central_pc) StdoutLine: {'line': b"reading manifest file '../../build/central_pc/central_pc.egg-info/SOURCES.txt'\n"}
[0.791251] (central_pc) StdoutLine: {'line': b"writing manifest file '../../build/central_pc/central_pc.egg-info/SOURCES.txt'\n"}
[0.791393] (central_pc) StdoutLine: {'line': b'running build\n'}
[0.791443] (central_pc) StdoutLine: {'line': b'running build_py\n'}
[0.791570] (central_pc) StdoutLine: {'line': b'running install\n'}
[0.791741] (jetbot) StdoutLine: {'line': b"reading manifest file '../../build/jetbot/jetbot.egg-info/SOURCES.txt'\n"}
[0.791964] (central_pc) StdoutLine: {'line': b'running install_lib\n'}
[0.792225] (jetbot) StdoutLine: {'line': b"writing manifest file '../../build/jetbot/jetbot.egg-info/SOURCES.txt'\n"}
[0.792361] (jetbot) StdoutLine: {'line': b'running build\n'}
[0.792425] (jetbot) StdoutLine: {'line': b'running build_py\n'}
[0.792534] (jetbot) StdoutLine: {'line': b'copying jetbot/utils.py -> /home/sycamore/Syca_ws/build/jetbot/build/lib/jetbot\n'}
[0.792652] (jetbot) StdoutLine: {'line': b'running install\n'}
[0.793004] (central_pc) StdoutLine: {'line': b'running install_data\n'}
[0.793132] (jetbot) StdoutLine: {'line': b'running install_lib\n'}
[0.793289] (central_pc) StdoutLine: {'line': b'running install_egg_info\n'}
[0.793772] (jetbot) StdoutLine: {'line': b'copying /home/sycamore/Syca_ws/build/jetbot/build/lib/jetbot/utils.py -> /home/sycamore/Syca_ws/install/lib/python3.8/site-packages/jetbot\n'}
[0.794128] (jetbot) StdoutLine: {'line': b'byte-compiling /home/sycamore/Syca_ws/install/lib/python3.8/site-packages/jetbot/utils.py to utils.cpython-38.pyc\n'}
[0.794338] (central_pc) StdoutLine: {'line': b"removing '/home/sycamore/Syca_ws/install/lib/python3.8/site-packages/central_pc-0.0.0-py3.8.egg-info' (and everything under it)\n"}
[0.794508] (central_pc) StdoutLine: {'line': b'Copying ../../build/central_pc/central_pc.egg-info to /home/sycamore/Syca_ws/install/lib/python3.8/site-packages/central_pc-0.0.0-py3.8.egg-info\n'}
[0.794880] (jetbot) StdoutLine: {'line': b'running install_data\n'}
[0.795002] (central_pc) StdoutLine: {'line': b'running install_scripts\n'}
[0.795183] (jetbot) StdoutLine: {'line': b'running install_egg_info\n'}
[0.796331] (jetbot) StdoutLine: {'line': b"removing '/home/sycamore/Syca_ws/install/lib/python3.8/site-packages/jetbot-0.0.0-py3.8.egg-info' (and everything under it)\n"}
[0.796515] (jetbot) StdoutLine: {'line': b'Copying ../../build/jetbot/jetbot.egg-info to /home/sycamore/Syca_ws/install/lib/python3.8/site-packages/jetbot-0.0.0-py3.8.egg-info\n'}
[0.796973] (jetbot) StdoutLine: {'line': b'running install_scripts\n'}
[0.800622] (-) TimerEvent: {}
[0.805317] (central_pc) StdoutLine: {'line': b'Installing centralPC script to /home/sycamore/Syca_ws/install/lib/central_pc\n'}
[0.805596] (central_pc) StdoutLine: {'line': b"writing list of installed files to '/home/sycamore/Syca_ws/build/central_pc/install.log'\n"}
[0.807324] (jetbot) StdoutLine: {'line': b"writing list of installed files to '/home/sycamore/Syca_ws/build/jetbot/install.log'\n"}
[0.818150] (central_pc) CommandEnded: {'returncode': 0}
[0.828449] (central_pc) JobEnded: {'identifier': 'central_pc', 'rc': 0}
[0.829820] (jetbot) CommandEnded: {'returncode': 0}
[0.836005] (jetbot) JobEnded: {'identifier': 'jetbot', 'rc': 0}
[0.836560] (-) EventReactorShutdown: {}
