[0.627s] Invoking command in '/home/sycamore/Syca_ws/src/jetbot': PYTHONPATH=/home/sycamore/Syca_ws/install/lib/python3.8/site-packages:${PYTHONPATH} /usr/bin/python3 setup.py egg_info --egg-base ../../build/jetbot build --build-base /home/sycamore/Syca_ws/build/jetbot/build install --prefix /home/sycamore/Syca_ws/install --record /home/sycamore/Syca_ws/build/jetbot/install.log --single-version-externally-managed
[0.779s] running egg_info
[0.779s] writing ../../build/jetbot/jetbot.egg-info/PKG-INFO
[0.779s] writing dependency_links to ../../build/jetbot/jetbot.egg-info/dependency_links.txt
[0.779s] writing entry points to ../../build/jetbot/jetbot.egg-info/entry_points.txt
[0.779s] writing requirements to ../../build/jetbot/jetbot.egg-info/requires.txt
[0.780s] writing top-level names to ../../build/jetbot/jetbot.egg-info/top_level.txt
[0.802s] reading manifest file '../../build/jetbot/jetbot.egg-info/SOURCES.txt'
[0.802s] writing manifest file '../../build/jetbot/jetbot.egg-info/SOURCES.txt'
[0.803s] running build
[0.803s] running build_py
[0.803s] copying jetbot/jb_start.py -> /home/sycamore/Syca_ws/build/jetbot/build/lib/jetbot
[0.803s] running install
[0.803s] running install_lib
[0.804s] copying /home/sycamore/Syca_ws/build/jetbot/build/lib/jetbot/jb_start.py -> /home/sycamore/Syca_ws/install/lib/python3.8/site-packages/jetbot
[0.804s] byte-compiling /home/sycamore/Syca_ws/install/lib/python3.8/site-packages/jetbot/jb_start.py to jb_start.cpython-38.pyc
[0.805s] running install_data
[0.806s] running install_egg_info
[0.807s] removing '/home/sycamore/Syca_ws/install/lib/python3.8/site-packages/jetbot-0.0.0-py3.8.egg-info' (and everything under it)
[0.807s] Copying ../../build/jetbot/jetbot.egg-info to /home/sycamore/Syca_ws/install/lib/python3.8/site-packages/jetbot-0.0.0-py3.8.egg-info
[0.807s] running install_scripts
[0.818s] Installing start script to /home/sycamore/Syca_ws/install/lib/jetbot
[0.818s] writing list of installed files to '/home/sycamore/Syca_ws/build/jetbot/install.log'
[0.838s] Invoked command in '/home/sycamore/Syca_ws/src/jetbot' returned '0': PYTHONPATH=/home/sycamore/Syca_ws/install/lib/python3.8/site-packages:${PYTHONPATH} /usr/bin/python3 setup.py egg_info --egg-base ../../build/jetbot build --build-base /home/sycamore/Syca_ws/build/jetbot/build install --prefix /home/sycamore/Syca_ws/install --record /home/sycamore/Syca_ws/build/jetbot/install.log --single-version-externally-managed
