running egg_info
writing ../../build/OptiTrack/OptiTrack.egg-info/PKG-INFO
writing dependency_links to ../../build/OptiTrack/OptiTrack.egg-info/dependency_links.txt
writing entry points to ../../build/OptiTrack/OptiTrack.egg-info/entry_points.txt
writing requirements to ../../build/OptiTrack/OptiTrack.egg-info/requires.txt
writing top-level names to ../../build/OptiTrack/OptiTrack.egg-info/top_level.txt
reading manifest file '../../build/OptiTrack/OptiTrack.egg-info/SOURCES.txt'
writing manifest file '../../build/OptiTrack/OptiTrack.egg-info/SOURCES.txt'
running build
running build_py
copying OptiTrack/OptiTrack_link.py -> /home/sycamore/Syca_ws/build/OptiTrack/build/lib/OptiTrack
running install
running install_lib
copying /home/sycamore/Syca_ws/build/OptiTrack/build/lib/OptiTrack/OptiTrack_link.py -> /home/sycamore/Syca_ws/install/lib/python3.8/site-packages/OptiTrack
byte-compiling /home/sycamore/Syca_ws/install/lib/python3.8/site-packages/OptiTrack/OptiTrack_link.py to OptiTrack_link.cpython-38.pyc
running install_data
running install_egg_info
removing '/home/sycamore/Syca_ws/install/lib/python3.8/site-packages/OptiTrack-0.0.0-py3.8.egg-info' (and everything under it)
Copying ../../build/OptiTrack/OptiTrack.egg-info to /home/sycamore/Syca_ws/install/lib/python3.8/site-packages/OptiTrack-0.0.0-py3.8.egg-info
running install_scripts
Installing get_optiPos script to /home/sycamore/Syca_ws/install/lib/OptiTrack
writing list of installed files to '/home/sycamore/Syca_ws/build/OptiTrack/install.log'
