[0.425s] Invoking command in '/home/sycamore/Syca_ws/src/OptiTrack': PYTHONPATH=/home/sycamore/Syca_ws/install/lib/python3.8/site-packages:${PYTHONPATH} /usr/bin/python3 setup.py egg_info --egg-base ../../build/OptiTrack build --build-base /home/sycamore/Syca_ws/build/OptiTrack/build install --prefix /home/sycamore/Syca_ws/install --record /home/sycamore/Syca_ws/build/OptiTrack/install.log --single-version-externally-managed
[0.568s] running egg_info
[0.569s] writing ../../build/OptiTrack/OptiTrack.egg-info/PKG-INFO
[0.569s] writing dependency_links to ../../build/OptiTrack/OptiTrack.egg-info/dependency_links.txt
[0.569s] writing entry points to ../../build/OptiTrack/OptiTrack.egg-info/entry_points.txt
[0.569s] writing requirements to ../../build/OptiTrack/OptiTrack.egg-info/requires.txt
[0.569s] writing top-level names to ../../build/OptiTrack/OptiTrack.egg-info/top_level.txt
[0.590s] reading manifest file '../../build/OptiTrack/OptiTrack.egg-info/SOURCES.txt'
[0.591s] writing manifest file '../../build/OptiTrack/OptiTrack.egg-info/SOURCES.txt'
[0.591s] running build
[0.591s] running build_py
[0.591s] copying OptiTrack/OptiTrack_link.py -> /home/sycamore/Syca_ws/build/OptiTrack/build/lib/OptiTrack
[0.591s] running install
[0.591s] running install_lib
[0.592s] copying /home/sycamore/Syca_ws/build/OptiTrack/build/lib/OptiTrack/OptiTrack_link.py -> /home/sycamore/Syca_ws/install/lib/python3.8/site-packages/OptiTrack
[0.592s] byte-compiling /home/sycamore/Syca_ws/install/lib/python3.8/site-packages/OptiTrack/OptiTrack_link.py to OptiTrack_link.cpython-38.pyc
[0.593s] running install_data
[0.593s] running install_egg_info
[0.594s] removing '/home/sycamore/Syca_ws/install/lib/python3.8/site-packages/OptiTrack-0.0.0-py3.8.egg-info' (and everything under it)
[0.595s] Copying ../../build/OptiTrack/OptiTrack.egg-info to /home/sycamore/Syca_ws/install/lib/python3.8/site-packages/OptiTrack-0.0.0-py3.8.egg-info
[0.595s] running install_scripts
[0.605s] Installing get_optiPos script to /home/sycamore/Syca_ws/install/lib/OptiTrack
[0.605s] writing list of installed files to '/home/sycamore/Syca_ws/build/OptiTrack/install.log'
[0.616s] Invoked command in '/home/sycamore/Syca_ws/src/OptiTrack' returned '0': PYTHONPATH=/home/sycamore/Syca_ws/install/lib/python3.8/site-packages:${PYTHONPATH} /usr/bin/python3 setup.py egg_info --egg-base ../../build/OptiTrack build --build-base /home/sycamore/Syca_ws/build/OptiTrack/build install --prefix /home/sycamore/Syca_ws/install --record /home/sycamore/Syca_ws/build/OptiTrack/install.log --single-version-externally-managed
