[0.646s] Invoking command in '/home/sycamore/Syca_ws/src/jetbot': PYTHONPATH=/home/sycamore/Syca_ws/install/lib/python3.8/site-packages:${PYTHONPATH} /usr/bin/python3 setup.py egg_info --egg-base ../../build/jetbot build --build-base /home/sycamore/Syca_ws/build/jetbot/build install --prefix /home/sycamore/Syca_ws/install --record /home/sycamore/Syca_ws/build/jetbot/install.log --single-version-externally-managed
[0.800s] running egg_info
[0.800s] writing ../../build/jetbot/jetbot.egg-info/PKG-INFO
[0.800s] writing dependency_links to ../../build/jetbot/jetbot.egg-info/dependency_links.txt
[0.800s] writing entry points to ../../build/jetbot/jetbot.egg-info/entry_points.txt
[0.800s] writing requirements to ../../build/jetbot/jetbot.egg-info/requires.txt
[0.800s] writing top-level names to ../../build/jetbot/jetbot.egg-info/top_level.txt
[0.823s] reading manifest file '../../build/jetbot/jetbot.egg-info/SOURCES.txt'
[0.824s] writing manifest file '../../build/jetbot/jetbot.egg-info/SOURCES.txt'
[0.824s] running build
[0.824s] running build_py
[0.824s] running install
[0.824s] running install_lib
[0.825s] running install_data
[0.825s] running install_egg_info
[0.826s] removing '/home/sycamore/Syca_ws/install/lib/python3.8/site-packages/jetbot-0.0.0-py3.8.egg-info' (and everything under it)
[0.827s] Copying ../../build/jetbot/jetbot.egg-info to /home/sycamore/Syca_ws/install/lib/python3.8/site-packages/jetbot-0.0.0-py3.8.egg-info
[0.827s] running install_scripts
[0.838s] Installing start script to /home/sycamore/Syca_ws/install/lib/jetbot
[0.839s] writing list of installed files to '/home/sycamore/Syca_ws/build/jetbot/install.log'
[0.859s] Invoked command in '/home/sycamore/Syca_ws/src/jetbot' returned '0': PYTHONPATH=/home/sycamore/Syca_ws/install/lib/python3.8/site-packages:${PYTHONPATH} /usr/bin/python3 setup.py egg_info --egg-base ../../build/jetbot build --build-base /home/sycamore/Syca_ws/build/jetbot/build install --prefix /home/sycamore/Syca_ws/install --record /home/sycamore/Syca_ws/build/jetbot/install.log --single-version-externally-managed
