[0.000000] (-) TimerEvent: {}
[0.000074] (-) JobUnselected: {'identifier': 'basic_pub'}
[0.000098] (-) JobUnselected: {'identifier': 'central_pc'}
[0.000261] (-) JobUnselected: {'identifier': 'jetbot_actions'}
[0.000369] (-) JobUnselected: {'identifier': 'jetbot_ros2'}
[0.000387] (-) JobUnselected: {'identifier': 'py_basicsub'}
[0.000409] (-) JobUnselected: {'identifier': 'teleop'}
[0.000425] (opti_track) JobQueued: {'identifier': 'opti_track', 'dependencies': OrderedDict()}
[0.000470] (opti_track) JobStarted: {'identifier': 'opti_track'}
[0.099248] (-) TimerEvent: {}
[0.199548] (-) TimerEvent: {}
[0.299801] (-) TimerEvent: {}
[0.357382] (opti_track) Command: {'cmd': ['/usr/bin/python3', 'setup.py', 'egg_info', '--egg-base', '../../build/opti_track', 'build', '--build-base', '/home/sycamore/Syca_ws/build/opti_track/build', 'install', '--prefix', '/home/sycamore/Syca_ws/install', '--record', '/home/sycamore/Syca_ws/build/opti_track/install.log', '--single-version-externally-managed'], 'cwd': '/home/sycamore/Syca_ws/src/opti_track', 'env': {'GJS_DEBUG_TOPICS': 'JS ERROR;JS LOG', 'LANGUAGE': 'en_GB:en', 'USER': 'sycamore', 'LC_TIME': 'en_GB.UTF-8', 'SSH_AGENT_PID': '1902', 'XDG_SESSION_TYPE': 'x11', 'SHLVL': '1', 'HOME': '/home/sycamore', 'OLDPWD': '/home/sycamore', 'DESKTOP_SESSION': 'ubuntu', 'GNOME_SHELL_SESSION_MODE': 'ubuntu', 'GTK_MODULES': 'gail:atk-bridge', 'LC_MONETARY': 'en_GB.UTF-8', 'MANAGERPID': '1718', 'DBUS_SESSION_BUS_ADDRESS': 'unix:path=/run/user/1000/bus', 'COLORTERM': 'truecolor', 'IM_CONFIG_PHASE': '1', 'LOGNAME': 'sycamore', 'JOURNAL_STREAM': '8:59420', '_': '/usr/bin/colcon', 'XDG_SESSION_CLASS': 'user', 'USERNAME': 'sycamore', 'TERM': 'xterm-256color', 'GNOME_DESKTOP_SESSION_ID': 'this-is-deprecated', 'WINDOWPATH': '2', 'PATH': '/home/sycamore/.local/bin:/usr/local/sbin:/usr/local/bin:/usr/sbin:/usr/bin:/sbin:/bin:/usr/games:/usr/local/games:/snap/bin', 'SESSION_MANAGER': 'local/Sycamore-CentralPC:@/tmp/.ICE-unix/1940,unix/Sycamore-CentralPC:/tmp/.ICE-unix/1940', 'INVOCATION_ID': '8bf3ef82faee48288e6ec5cc9da8f3b6', 'PAPERSIZE': 'a4', 'XDG_MENU_PREFIX': 'gnome-', 'LC_ADDRESS': 'en_GB.UTF-8', 'GNOME_TERMINAL_SCREEN': '/org/gnome/Terminal/screen/cf822656_79e6_48fa_bffb_d9fbca2d1059', 'XDG_RUNTIME_DIR': '/run/user/1000', 'DISPLAY': ':0', 'LANG': 'en_GB.UTF-8', 'XDG_CURRENT_DESKTOP': 'ubuntu:GNOME', 'LC_TELEPHONE': 'en_GB.UTF-8', 'XMODIFIERS': '@im=ibus', 'XDG_SESSION_DESKTOP': 'ubuntu', 'XAUTHORITY': '/run/user/1000/gdm/Xauthority', 'GNOME_TERMINAL_SERVICE': ':1.478', 'SSH_AUTH_SOCK': '/run/user/1000/keyring/ssh', 'SHELL': '/bin/bash', 'LC_NAME': 'en_GB.UTF-8', 'QT_ACCESSIBILITY': '1', 'GDMSESSION': 'ubuntu', 'LC_MEASUREMENT': 'en_GB.UTF-8', 'GPG_AGENT_INFO': '/run/user/1000/gnupg/S.gpg-agent:0:1', 'GJS_DEBUG_OUTPUT': 'stderr', 'LC_IDENTIFICATION': 'en_GB.UTF-8', 'QT_IM_MODULE': 'ibus', 'PWD': '/home/sycamore/Syca_ws/build/opti_track', 'XDG_CONFIG_DIRS': '/etc/xdg/xdg-ubuntu:/etc/xdg', 'XDG_DATA_DIRS': '/usr/share/ubuntu:/usr/local/share/:/usr/share/:/var/lib/snapd/desktop', 'LC_NUMERIC': 'en_GB.UTF-8', 'LC_PAPER': 'en_GB.UTF-8', 'COLCON': '1', 'VTE_VERSION': '6003', 'PYTHONPATH': '/home/sycamore/Syca_ws/install/lib/python3.8/site-packages:'}, 'shell': False}
[0.399920] (-) TimerEvent: {}
[0.480687] (opti_track) StdoutLine: {'line': b'running egg_info\n'}
[0.481034] (opti_track) StdoutLine: {'line': b'writing ../../build/opti_track/opti_track.egg-info/PKG-INFO\n'}
[0.481233] (opti_track) StdoutLine: {'line': b'writing dependency_links to ../../build/opti_track/opti_track.egg-info/dependency_links.txt\n'}
[0.481499] (opti_track) StdoutLine: {'line': b'writing entry points to ../../build/opti_track/opti_track.egg-info/entry_points.txt\n'}
[0.481568] (opti_track) StdoutLine: {'line': b'writing requirements to ../../build/opti_track/opti_track.egg-info/requires.txt\n'}
[0.481619] (opti_track) StdoutLine: {'line': b'writing top-level names to ../../build/opti_track/opti_track.egg-info/top_level.txt\n'}
[0.500015] (-) TimerEvent: {}
[0.503224] (opti_track) StdoutLine: {'line': b"reading manifest file '../../build/opti_track/opti_track.egg-info/SOURCES.txt'\n"}
[0.503732] (opti_track) StdoutLine: {'line': b"writing manifest file '../../build/opti_track/opti_track.egg-info/SOURCES.txt'\n"}
[0.503932] (opti_track) StdoutLine: {'line': b'running build\n'}
[0.503989] (opti_track) StdoutLine: {'line': b'running build_py\n'}
[0.504073] (opti_track) StdoutLine: {'line': b'copying opti_track/OptiTrack_link.py -> /home/sycamore/Syca_ws/build/opti_track/build/lib/opti_track\n'}
[0.504186] (opti_track) StdoutLine: {'line': b'running install\n'}
[0.504529] (opti_track) StdoutLine: {'line': b'running install_lib\n'}
[0.505005] (opti_track) StdoutLine: {'line': b'copying /home/sycamore/Syca_ws/build/opti_track/build/lib/opti_track/OptiTrack_link.py -> /home/sycamore/Syca_ws/install/lib/python3.8/site-packages/opti_track\n'}
[0.505296] (opti_track) StdoutLine: {'line': b'byte-compiling /home/sycamore/Syca_ws/install/lib/python3.8/site-packages/opti_track/OptiTrack_link.py to OptiTrack_link.cpython-38.pyc\n'}
[0.506093] (opti_track) StdoutLine: {'line': b'running install_data\n'}
[0.506365] (opti_track) StdoutLine: {'line': b'copying launch/establish_link.launch.py -> /home/sycamore/Syca_ws/install/share/opti_track\n'}
[0.506493] (opti_track) StdoutLine: {'line': b'running install_egg_info\n'}
[0.507267] (opti_track) StdoutLine: {'line': b"removing '/home/sycamore/Syca_ws/install/lib/python3.8/site-packages/opti_track-0.0.0-py3.8.egg-info' (and everything under it)\n"}
[0.507431] (opti_track) StdoutLine: {'line': b'Copying ../../build/opti_track/opti_track.egg-info to /home/sycamore/Syca_ws/install/lib/python3.8/site-packages/opti_track-0.0.0-py3.8.egg-info\n'}
[0.507921] (opti_track) StdoutLine: {'line': b'running install_scripts\n'}
[0.517782] (opti_track) StdoutLine: {'line': b'Installing opti_link script to /home/sycamore/Syca_ws/install/lib/opti_track\n'}
[0.517941] (opti_track) StdoutLine: {'line': b"writing list of installed files to '/home/sycamore/Syca_ws/build/opti_track/install.log'\n"}
[0.528510] (opti_track) CommandEnded: {'returncode': 0}
[0.538523] (opti_track) JobEnded: {'identifier': 'opti_track', 'rc': 0}
[0.538965] (-) EventReactorShutdown: {}
