[0.000000] (-) TimerEvent: {}
[0.000533] (-) JobUnselected: {'identifier': 'basic_pub'}
[0.000573] (-) JobUnselected: {'identifier': 'central_pc'}
[0.000592] (-) JobUnselected: {'identifier': 'jetbot'}
[0.000616] (-) JobUnselected: {'identifier': 'opti_track'}
[0.000631] (-) JobUnselected: {'identifier': 'py_basicsub'}
[0.000644] (-) JobUnselected: {'identifier': 'teleop'}
[0.000922] (interfaces) JobQueued: {'identifier': 'interfaces', 'dependencies': OrderedDict()}
[0.000938] (interfaces) JobStarted: {'identifier': 'interfaces'}
[0.009807] (interfaces) JobProgress: {'identifier': 'interfaces', 'progress': 'cmake'}
[0.010279] (interfaces) JobProgress: {'identifier': 'interfaces', 'progress': 'build'}
[0.010751] (interfaces) Command: {'cmd': ['/usr/bin/cmake', '--build', '/home/sycamore/Syca_ws/build/interfaces', '--', '-j20', '-l20'], 'cwd': '/home/sycamore/Syca_ws/build/interfaces', 'env': OrderedDict([('GJS_DEBUG_TOPICS', 'JS ERROR;JS LOG'), ('LANGUAGE', 'en_GB:en'), ('USER', 'sycamore'), ('LC_TIME', 'en_GB.UTF-8'), ('SSH_AGENT_PID', '1922'), ('XDG_SESSION_TYPE', 'x11'), ('SHLVL', '1'), ('LD_LIBRARY_PATH', '/home/sycamore/Syca_ws/install/lib:/home/sycamore/ros2_galactic/ros2-linux/opt/yaml_cpp_vendor/lib:/home/sycamore/ros2_galactic/ros2-linux/opt/rviz_ogre_vendor/lib:/home/sycamore/ros2_galactic/ros2-linux/lib'), ('HOME', '/home/sycamore'), ('OLDPWD', '/home/sycamore'), ('DESKTOP_SESSION', 'ubuntu'), ('ROS_PYTHON_VERSION', '3'), ('GNOME_SHELL_SESSION_MODE', 'ubuntu'), ('GTK_MODULES', 'gail:atk-bridge'), ('LC_MONETARY', 'en_GB.UTF-8'), ('MANAGERPID', '1745'), ('DBUS_SESSION_BUS_ADDRESS', 'unix:path=/run/user/1000/bus'), ('COLORTERM', 'truecolor'), ('IM_CONFIG_PHASE', '1'), ('COLCON_PREFIX_PATH', '/home/sycamore/Syca_ws/install:/home/sycamore/ros2_galactic/ros2-linux'), ('ROS_DISTRO', 'galactic'), ('LOGNAME', 'sycamore'), ('JOURNAL_STREAM', '8:50103'), ('_', '/usr/bin/colcon'), ('ROS_VERSION', '2'), ('PKG_CONFIG_PATH', '/home/sycamore/ros2_galactic/ros2-linux/lib/x86_64-linux-gnu/pkgconfig:/home/sycamore/ros2_galactic/ros2-linux/lib/pkgconfig'), ('XDG_SESSION_CLASS', 'user'), ('USERNAME', 'sycamore'), ('TERM', 'xterm-256color'), ('GNOME_DESKTOP_SESSION_ID', 'this-is-deprecated'), ('ROS_LOCALHOST_ONLY', '0'), ('WINDOWPATH', '2'), ('PATH', '/home/sycamore/ros2_galactic/ros2-linux/bin:/home/sycamore/.local/bin:/usr/local/sbin:/usr/local/bin:/usr/sbin:/usr/bin:/sbin:/bin:/usr/games:/usr/local/games:/snap/bin'), ('SESSION_MANAGER', 'local/Sycamore-CentralPC:@/tmp/.ICE-unix/1960,unix/Sycamore-CentralPC:/tmp/.ICE-unix/1960'), ('INVOCATION_ID', '2a1e31ba07f5401f85243b277c242c83'), ('PAPERSIZE', 'a4'), ('XDG_MENU_PREFIX', 'gnome-'), ('LC_ADDRESS', 'en_GB.UTF-8'), ('GNOME_TERMINAL_SCREEN', '/org/gnome/Terminal/screen/abc859f7_9b39_4442_a831_9375ca414ae6'), ('XDG_RUNTIME_DIR', '/run/user/1000'), ('DISPLAY', ':0'), ('LANG', 'en_GB.UTF-8'), ('XDG_CURRENT_DESKTOP', 'ubuntu:GNOME'), ('LC_TELEPHONE', 'en_GB.UTF-8'), ('XMODIFIERS', '@im=ibus'), ('XDG_SESSION_DESKTOP', 'ubuntu'), ('XAUTHORITY', '/run/user/1000/gdm/Xauthority'), ('GNOME_TERMINAL_SERVICE', ':1.4157'), ('SSH_AUTH_SOCK', '/run/user/1000/keyring/ssh'), ('AMENT_PREFIX_PATH', '/home/sycamore/Syca_ws/install:/home/sycamore/ros2_galactic/ros2-linux'), ('SHELL', '/bin/bash'), ('LC_NAME', 'en_GB.UTF-8'), ('QT_ACCESSIBILITY', '1'), ('GDMSESSION', 'ubuntu'), ('LC_MEASUREMENT', 'en_GB.UTF-8'), ('GPG_AGENT_INFO', '/run/user/1000/gnupg/S.gpg-agent:0:1'), ('GJS_DEBUG_OUTPUT', 'stderr'), ('LC_IDENTIFICATION', 'en_GB.UTF-8'), ('QT_IM_MODULE', 'ibus'), ('PWD', '/home/sycamore/Syca_ws/build/interfaces'), ('XDG_CONFIG_DIRS', '/etc/xdg/xdg-ubuntu:/etc/xdg'), ('XDG_DATA_DIRS', '/usr/share/ubuntu:/usr/local/share/:/usr/share/:/var/lib/snapd/desktop'), ('PYTHONPATH', '/home/sycamore/Syca_ws/install/lib/python3.8/site-packages:/home/sycamore/ros2_galactic/ros2-linux/lib/python3.8/site-packages'), ('LC_NUMERIC', 'en_GB.UTF-8'), ('LC_PAPER', 'en_GB.UTF-8'), ('COLCON', '1'), ('VTE_VERSION', '6003'), ('CMAKE_PREFIX_PATH', '/home/sycamore/Syca_ws/install:/home/sycamore/ros2_galactic/ros2-linux')]), 'shell': False}
[0.042698] (interfaces) StdoutLine: {'line': b'[  3%] Built target interfaces__cpp\n'}
[0.043773] (interfaces) StdoutLine: {'line': b'[ 12%] Built target interfaces__rosidl_generator_c\n'}
[0.056691] (interfaces) StdoutLine: {'line': b'[ 41%] Built target interfaces__rosidl_typesupport_cpp\n'}
[0.056830] (interfaces) StdoutLine: {'line': b'[ 41%] Built target interfaces__rosidl_typesupport_introspection_cpp\n'}
[0.056891] (interfaces) StdoutLine: {'line': b'[ 41%] Built target interfaces__rosidl_typesupport_c\n'}
[0.056977] (interfaces) StdoutLine: {'line': b'[ 51%] Built target interfaces__rosidl_typesupport_introspection_c\n'}
[0.059033] (interfaces) StdoutLine: {'line': b'[ 61%] Built target interfaces__rosidl_typesupport_fastrtps_cpp\n'}
[0.074864] (interfaces) StdoutLine: {'line': b'[ 70%] Built target interfaces__rosidl_typesupport_fastrtps_c\n'}
[0.086253] (interfaces) StdoutLine: {'line': b'[ 70%] Built target interfaces\n'}
[0.098078] (interfaces) StdoutLine: {'line': b'[ 74%] Built target interfaces__py\n'}
[0.099925] (-) TimerEvent: {}
[0.114865] (interfaces) StdoutLine: {'line': b'[ 80%] Built target interfaces__python\n'}
[0.131629] (interfaces) StdoutLine: {'line': b'[ 93%] Built target interfaces__rosidl_typesupport_introspection_c__pyext\n'}
[0.131772] (interfaces) StdoutLine: {'line': b'[ 93%] Built target interfaces__rosidl_typesupport_c__pyext\n'}
[0.132407] (interfaces) StdoutLine: {'line': b'[100%] Built target interfaces__rosidl_typesupport_fastrtps_c__pyext\n'}
[0.139267] (interfaces) CommandEnded: {'returncode': 0}
[0.166555] (interfaces) JobProgress: {'identifier': 'interfaces', 'progress': 'install'}
[0.172963] (interfaces) Command: {'cmd': ['/usr/bin/cmake', '--install', '/home/sycamore/Syca_ws/build/interfaces'], 'cwd': '/home/sycamore/Syca_ws/build/interfaces', 'env': OrderedDict([('GJS_DEBUG_TOPICS', 'JS ERROR;JS LOG'), ('LANGUAGE', 'en_GB:en'), ('USER', 'sycamore'), ('LC_TIME', 'en_GB.UTF-8'), ('SSH_AGENT_PID', '1922'), ('XDG_SESSION_TYPE', 'x11'), ('SHLVL', '1'), ('LD_LIBRARY_PATH', '/home/sycamore/Syca_ws/install/lib:/home/sycamore/ros2_galactic/ros2-linux/opt/yaml_cpp_vendor/lib:/home/sycamore/ros2_galactic/ros2-linux/opt/rviz_ogre_vendor/lib:/home/sycamore/ros2_galactic/ros2-linux/lib'), ('HOME', '/home/sycamore'), ('OLDPWD', '/home/sycamore'), ('DESKTOP_SESSION', 'ubuntu'), ('ROS_PYTHON_VERSION', '3'), ('GNOME_SHELL_SESSION_MODE', 'ubuntu'), ('GTK_MODULES', 'gail:atk-bridge'), ('LC_MONETARY', 'en_GB.UTF-8'), ('MANAGERPID', '1745'), ('DBUS_SESSION_BUS_ADDRESS', 'unix:path=/run/user/1000/bus'), ('COLORTERM', 'truecolor'), ('IM_CONFIG_PHASE', '1'), ('COLCON_PREFIX_PATH', '/home/sycamore/Syca_ws/install:/home/sycamore/ros2_galactic/ros2-linux'), ('ROS_DISTRO', 'galactic'), ('LOGNAME', 'sycamore'), ('JOURNAL_STREAM', '8:50103'), ('_', '/usr/bin/colcon'), ('ROS_VERSION', '2'), ('PKG_CONFIG_PATH', '/home/sycamore/ros2_galactic/ros2-linux/lib/x86_64-linux-gnu/pkgconfig:/home/sycamore/ros2_galactic/ros2-linux/lib/pkgconfig'), ('XDG_SESSION_CLASS', 'user'), ('USERNAME', 'sycamore'), ('TERM', 'xterm-256color'), ('GNOME_DESKTOP_SESSION_ID', 'this-is-deprecated'), ('ROS_LOCALHOST_ONLY', '0'), ('WINDOWPATH', '2'), ('PATH', '/home/sycamore/ros2_galactic/ros2-linux/bin:/home/sycamore/.local/bin:/usr/local/sbin:/usr/local/bin:/usr/sbin:/usr/bin:/sbin:/bin:/usr/games:/usr/local/games:/snap/bin'), ('SESSION_MANAGER', 'local/Sycamore-CentralPC:@/tmp/.ICE-unix/1960,unix/Sycamore-CentralPC:/tmp/.ICE-unix/1960'), ('INVOCATION_ID', '2a1e31ba07f5401f85243b277c242c83'), ('PAPERSIZE', 'a4'), ('XDG_MENU_PREFIX', 'gnome-'), ('LC_ADDRESS', 'en_GB.UTF-8'), ('GNOME_TERMINAL_SCREEN', '/org/gnome/Terminal/screen/abc859f7_9b39_4442_a831_9375ca414ae6'), ('XDG_RUNTIME_DIR', '/run/user/1000'), ('DISPLAY', ':0'), ('LANG', 'en_GB.UTF-8'), ('XDG_CURRENT_DESKTOP', 'ubuntu:GNOME'), ('LC_TELEPHONE', 'en_GB.UTF-8'), ('XMODIFIERS', '@im=ibus'), ('XDG_SESSION_DESKTOP', 'ubuntu'), ('XAUTHORITY', '/run/user/1000/gdm/Xauthority'), ('GNOME_TERMINAL_SERVICE', ':1.4157'), ('SSH_AUTH_SOCK', '/run/user/1000/keyring/ssh'), ('AMENT_PREFIX_PATH', '/home/sycamore/Syca_ws/install:/home/sycamore/ros2_galactic/ros2-linux'), ('SHELL', '/bin/bash'), ('LC_NAME', 'en_GB.UTF-8'), ('QT_ACCESSIBILITY', '1'), ('GDMSESSION', 'ubuntu'), ('LC_MEASUREMENT', 'en_GB.UTF-8'), ('GPG_AGENT_INFO', '/run/user/1000/gnupg/S.gpg-agent:0:1'), ('GJS_DEBUG_OUTPUT', 'stderr'), ('LC_IDENTIFICATION', 'en_GB.UTF-8'), ('QT_IM_MODULE', 'ibus'), ('PWD', '/home/sycamore/Syca_ws/build/interfaces'), ('XDG_CONFIG_DIRS', '/etc/xdg/xdg-ubuntu:/etc/xdg'), ('XDG_DATA_DIRS', '/usr/share/ubuntu:/usr/local/share/:/usr/share/:/var/lib/snapd/desktop'), ('PYTHONPATH', '/home/sycamore/Syca_ws/install/lib/python3.8/site-packages:/home/sycamore/ros2_galactic/ros2-linux/lib/python3.8/site-packages'), ('LC_NUMERIC', 'en_GB.UTF-8'), ('LC_PAPER', 'en_GB.UTF-8'), ('COLCON', '1'), ('VTE_VERSION', '6003'), ('CMAKE_PREFIX_PATH', '/home/sycamore/Syca_ws/install:/home/sycamore/ros2_galactic/ros2-linux')]), 'shell': False}
[0.178062] (interfaces) StdoutLine: {'line': b'-- Install configuration: ""\n'}
[0.178259] (interfaces) StdoutLine: {'line': b'-- Up-to-date: /home/sycamore/Syca_ws/install/share/ament_index/resource_index/rosidl_interfaces/interfaces\n'}
[0.178332] (interfaces) StdoutLine: {'line': b'-- Up-to-date: /home/sycamore/Syca_ws/install/include/interfaces\n'}
[0.178396] (interfaces) StdoutLine: {'line': b'-- Up-to-date: /home/sycamore/Syca_ws/install/include/interfaces/msg\n'}
[0.178446] (interfaces) StdoutLine: {'line': b'-- Up-to-date: /home/sycamore/Syca_ws/install/include/interfaces/msg/rosidl_generator_c__visibility_control.h\n'}
[0.178638] (interfaces) StdoutLine: {'line': b'-- Up-to-date: /home/sycamore/Syca_ws/install/include/interfaces/srv\n'}
[0.178693] (interfaces) StdoutLine: {'line': b'-- Up-to-date: /home/sycamore/Syca_ws/install/include/interfaces/srv/task.h\n'}
[0.178753] (interfaces) StdoutLine: {'line': b'-- Up-to-date: /home/sycamore/Syca_ws/install/include/interfaces/srv/detail\n'}
[0.178798] (interfaces) StdoutLine: {'line': b'-- Up-to-date: /home/sycamore/Syca_ws/install/include/interfaces/srv/detail/task__type_support.h\n'}
[0.178871] (interfaces) StdoutLine: {'line': b'-- Up-to-date: /home/sycamore/Syca_ws/install/include/interfaces/srv/detail/task__functions.h\n'}
[0.178932] (interfaces) StdoutLine: {'line': b'-- Up-to-date: /home/sycamore/Syca_ws/install/include/interfaces/srv/detail/task__functions.c\n'}
[0.178975] (interfaces) StdoutLine: {'line': b'-- Up-to-date: /home/sycamore/Syca_ws/install/include/interfaces/srv/detail/task__struct.h\n'}
[0.179021] (interfaces) StdoutLine: {'line': b'-- Up-to-date: /home/sycamore/Syca_ws/install/share/interfaces/environment/library_path.sh\n'}
[0.179074] (interfaces) StdoutLine: {'line': b'-- Up-to-date: /home/sycamore/Syca_ws/install/share/interfaces/environment/library_path.dsv\n'}
[0.179116] (interfaces) StdoutLine: {'line': b'-- Up-to-date: /home/sycamore/Syca_ws/install/lib/libinterfaces__rosidl_generator_c.so\n'}
[0.179205] (interfaces) StdoutLine: {'line': b'-- Up-to-date: /home/sycamore/Syca_ws/install/include/interfaces\n'}
[0.179260] (interfaces) StdoutLine: {'line': b'-- Up-to-date: /home/sycamore/Syca_ws/install/include/interfaces/msg\n'}
[0.179302] (interfaces) StdoutLine: {'line': b'-- Up-to-date: /home/sycamore/Syca_ws/install/include/interfaces/msg/rosidl_typesupport_fastrtps_c__visibility_control.h\n'}
[0.179348] (interfaces) StdoutLine: {'line': b'-- Up-to-date: /home/sycamore/Syca_ws/install/include/interfaces/srv\n'}
[0.179402] (interfaces) StdoutLine: {'line': b'-- Up-to-date: /home/sycamore/Syca_ws/install/include/interfaces/srv/detail\n'}
[0.179444] (interfaces) StdoutLine: {'line': b'-- Up-to-date: /home/sycamore/Syca_ws/install/include/interfaces/srv/detail/task__rosidl_typesupport_fastrtps_c.h\n'}
[0.179486] (interfaces) StdoutLine: {'line': b'-- Up-to-date: /home/sycamore/Syca_ws/install/lib/libinterfaces__rosidl_typesupport_fastrtps_c.so\n'}
[0.179540] (interfaces) StdoutLine: {'line': b'-- Up-to-date: /home/sycamore/Syca_ws/install/include/interfaces\n'}
[0.179582] (interfaces) StdoutLine: {'line': b'-- Up-to-date: /home/sycamore/Syca_ws/install/include/interfaces/msg\n'}
[0.179646] (interfaces) StdoutLine: {'line': b'-- Up-to-date: /home/sycamore/Syca_ws/install/include/interfaces/msg/rosidl_typesupport_fastrtps_cpp__visibility_control.h\n'}
[0.179723] (interfaces) StdoutLine: {'line': b'-- Up-to-date: /home/sycamore/Syca_ws/install/include/interfaces/srv\n'}
[0.179795] (interfaces) StdoutLine: {'line': b'-- Up-to-date: /home/sycamore/Syca_ws/install/include/interfaces/srv/detail\n'}
[0.179836] (interfaces) StdoutLine: {'line': b'-- Up-to-date: /home/sycamore/Syca_ws/install/include/interfaces/srv/detail/task__rosidl_typesupport_fastrtps_cpp.hpp\n'}
[0.179878] (interfaces) StdoutLine: {'line': b'-- Up-to-date: /home/sycamore/Syca_ws/install/include/interfaces/srv/detail/dds_fastrtps\n'}
[0.179924] (interfaces) StdoutLine: {'line': b'-- Up-to-date: /home/sycamore/Syca_ws/install/lib/libinterfaces__rosidl_typesupport_fastrtps_cpp.so\n'}
[0.179981] (interfaces) StdoutLine: {'line': b'-- Up-to-date: /home/sycamore/Syca_ws/install/include/interfaces\n'}
[0.180024] (interfaces) StdoutLine: {'line': b'-- Up-to-date: /home/sycamore/Syca_ws/install/include/interfaces/msg\n'}
[0.180071] (interfaces) StdoutLine: {'line': b'-- Up-to-date: /home/sycamore/Syca_ws/install/include/interfaces/msg/rosidl_typesupport_introspection_c__visibility_control.h\n'}
[0.180126] (interfaces) StdoutLine: {'line': b'-- Up-to-date: /home/sycamore/Syca_ws/install/include/interfaces/srv\n'}
[0.180170] (interfaces) StdoutLine: {'line': b'-- Up-to-date: /home/sycamore/Syca_ws/install/include/interfaces/srv/detail\n'}
[0.180223] (interfaces) StdoutLine: {'line': b'-- Up-to-date: /home/sycamore/Syca_ws/install/include/interfaces/srv/detail/task__rosidl_typesupport_introspection_c.h\n'}
[0.180285] (interfaces) StdoutLine: {'line': b'-- Up-to-date: /home/sycamore/Syca_ws/install/include/interfaces/srv/detail/task__type_support.c\n'}
[0.180328] (interfaces) StdoutLine: {'line': b'-- Up-to-date: /home/sycamore/Syca_ws/install/lib/libinterfaces__rosidl_typesupport_introspection_c.so\n'}
[0.180369] (interfaces) StdoutLine: {'line': b'-- Up-to-date: /home/sycamore/Syca_ws/install/lib/libinterfaces__rosidl_typesupport_c.so\n'}
[0.180416] (interfaces) StdoutLine: {'line': b'-- Up-to-date: /home/sycamore/Syca_ws/install/include/interfaces\n'}
[0.180458] (interfaces) StdoutLine: {'line': b'-- Up-to-date: /home/sycamore/Syca_ws/install/include/interfaces/srv\n'}
[0.180499] (interfaces) StdoutLine: {'line': b'-- Up-to-date: /home/sycamore/Syca_ws/install/include/interfaces/srv/task.hpp\n'}
[0.180540] (interfaces) StdoutLine: {'line': b'-- Up-to-date: /home/sycamore/Syca_ws/install/include/interfaces/srv/detail\n'}
[0.180581] (interfaces) StdoutLine: {'line': b'-- Up-to-date: /home/sycamore/Syca_ws/install/include/interfaces/srv/detail/task__builder.hpp\n'}
[0.180622] (interfaces) StdoutLine: {'line': b'-- Up-to-date: /home/sycamore/Syca_ws/install/include/interfaces/srv/detail/task__traits.hpp\n'}
[0.180663] (interfaces) StdoutLine: {'line': b'-- Up-to-date: /home/sycamore/Syca_ws/install/include/interfaces/srv/detail/task__struct.hpp\n'}
[0.180704] (interfaces) StdoutLine: {'line': b'-- Up-to-date: /home/sycamore/Syca_ws/install/include/interfaces\n'}
[0.180745] (interfaces) StdoutLine: {'line': b'-- Up-to-date: /home/sycamore/Syca_ws/install/include/interfaces/srv\n'}
[0.180786] (interfaces) StdoutLine: {'line': b'-- Up-to-date: /home/sycamore/Syca_ws/install/include/interfaces/srv/detail\n'}
[0.180828] (interfaces) StdoutLine: {'line': b'-- Up-to-date: /home/sycamore/Syca_ws/install/include/interfaces/srv/detail/task__type_support.cpp\n'}
[0.180869] (interfaces) StdoutLine: {'line': b'-- Up-to-date: /home/sycamore/Syca_ws/install/include/interfaces/srv/detail/task__rosidl_typesupport_introspection_cpp.hpp\n'}
[0.180910] (interfaces) StdoutLine: {'line': b'-- Up-to-date: /home/sycamore/Syca_ws/install/lib/libinterfaces__rosidl_typesupport_introspection_cpp.so\n'}
[0.180951] (interfaces) StdoutLine: {'line': b'-- Up-to-date: /home/sycamore/Syca_ws/install/lib/libinterfaces__rosidl_typesupport_cpp.so\n'}
[0.180996] (interfaces) StdoutLine: {'line': b'-- Up-to-date: /home/sycamore/Syca_ws/install/share/interfaces/environment/pythonpath.sh\n'}
[0.181037] (interfaces) StdoutLine: {'line': b'-- Up-to-date: /home/sycamore/Syca_ws/install/share/interfaces/environment/pythonpath.dsv\n'}
[0.181078] (interfaces) StdoutLine: {'line': b'-- Up-to-date: /home/sycamore/Syca_ws/install/lib/python3.8/site-packages/interfaces/__init__.py\n'}
[0.200024] (-) TimerEvent: {}
[0.200615] (interfaces) StdoutLine: {'line': b'-- Up-to-date: /home/sycamore/Syca_ws/install/lib/python3.8/site-packages/interfaces/srv\n'}
[0.200691] (interfaces) StdoutLine: {'line': b'-- Up-to-date: /home/sycamore/Syca_ws/install/lib/python3.8/site-packages/interfaces/srv/__init__.py\n'}
[0.200739] (interfaces) StdoutLine: {'line': b'-- Up-to-date: /home/sycamore/Syca_ws/install/lib/python3.8/site-packages/interfaces/srv/_task.py\n'}
[0.200784] (interfaces) StdoutLine: {'line': b'-- Up-to-date: /home/sycamore/Syca_ws/install/lib/python3.8/site-packages/interfaces/srv/_task_s.c\n'}
[0.200886] (interfaces) StdoutLine: {'line': b'-- Up-to-date: /home/sycamore/Syca_ws/install/lib/python3.8/site-packages/interfaces/interfaces_s__rosidl_typesupport_fastrtps_c.cpython-38-x86_64-linux-gnu.so\n'}
[0.201213] (interfaces) StdoutLine: {'line': b'-- Up-to-date: /home/sycamore/Syca_ws/install/lib/python3.8/site-packages/interfaces/interfaces_s__rosidl_typesupport_introspection_c.cpython-38-x86_64-linux-gnu.so\n'}
[0.201561] (interfaces) StdoutLine: {'line': b'-- Up-to-date: /home/sycamore/Syca_ws/install/lib/python3.8/site-packages/interfaces/interfaces_s__rosidl_typesupport_c.cpython-38-x86_64-linux-gnu.so\n'}
[0.201806] (interfaces) StdoutLine: {'line': b'-- Up-to-date: /home/sycamore/Syca_ws/install/lib/libinterfaces__python.so\n'}
[0.201959] (interfaces) StdoutLine: {'line': b'-- Up-to-date: /home/sycamore/Syca_ws/install/share/interfaces/srv/Task.idl\n'}
[0.202033] (interfaces) StdoutLine: {'line': b'-- Up-to-date: /home/sycamore/Syca_ws/install/share/interfaces/srv/Task.srv\n'}
[0.202084] (interfaces) StdoutLine: {'line': b'-- Up-to-date: /home/sycamore/Syca_ws/install/share/interfaces/srv/Task_Request.msg\n'}
[0.202157] (interfaces) StdoutLine: {'line': b'-- Up-to-date: /home/sycamore/Syca_ws/install/share/interfaces/srv/Task_Response.msg\n'}
[0.202226] (interfaces) StdoutLine: {'line': b'-- Up-to-date: /home/sycamore/Syca_ws/install/share/ament_index/resource_index/package_run_dependencies/interfaces\n'}
[0.202291] (interfaces) StdoutLine: {'line': b'-- Up-to-date: /home/sycamore/Syca_ws/install/share/ament_index/resource_index/parent_prefix_path/interfaces\n'}
[0.202339] (interfaces) StdoutLine: {'line': b'-- Up-to-date: /home/sycamore/Syca_ws/install/share/interfaces/environment/ament_prefix_path.sh\n'}
[0.202387] (interfaces) StdoutLine: {'line': b'-- Up-to-date: /home/sycamore/Syca_ws/install/share/interfaces/environment/ament_prefix_path.dsv\n'}
[0.202441] (interfaces) StdoutLine: {'line': b'-- Up-to-date: /home/sycamore/Syca_ws/install/share/interfaces/environment/path.sh\n'}
[0.202497] (interfaces) StdoutLine: {'line': b'-- Up-to-date: /home/sycamore/Syca_ws/install/share/interfaces/environment/path.dsv\n'}
[0.202551] (interfaces) StdoutLine: {'line': b'-- Up-to-date: /home/sycamore/Syca_ws/install/share/interfaces/local_setup.bash\n'}
[0.202593] (interfaces) StdoutLine: {'line': b'-- Up-to-date: /home/sycamore/Syca_ws/install/share/interfaces/local_setup.sh\n'}
[0.202639] (interfaces) StdoutLine: {'line': b'-- Up-to-date: /home/sycamore/Syca_ws/install/share/interfaces/local_setup.zsh\n'}
[0.202686] (interfaces) StdoutLine: {'line': b'-- Up-to-date: /home/sycamore/Syca_ws/install/share/interfaces/local_setup.dsv\n'}
[0.202754] (interfaces) StdoutLine: {'line': b'-- Installing: /home/sycamore/Syca_ws/install/share/interfaces/package.dsv\n'}
[0.202810] (interfaces) StdoutLine: {'line': b'-- Up-to-date: /home/sycamore/Syca_ws/install/share/ament_index/resource_index/packages/interfaces\n'}
[0.202864] (interfaces) StdoutLine: {'line': b'-- Up-to-date: /home/sycamore/Syca_ws/install/share/interfaces/cmake/interfaces__rosidl_generator_cExport.cmake\n'}
[0.202910] (interfaces) StdoutLine: {'line': b'-- Up-to-date: /home/sycamore/Syca_ws/install/share/interfaces/cmake/interfaces__rosidl_generator_cExport-noconfig.cmake\n'}
[0.202964] (interfaces) StdoutLine: {'line': b'-- Up-to-date: /home/sycamore/Syca_ws/install/share/interfaces/cmake/interfaces__rosidl_typesupport_introspection_cExport.cmake\n'}
[0.203021] (interfaces) StdoutLine: {'line': b'-- Up-to-date: /home/sycamore/Syca_ws/install/share/interfaces/cmake/interfaces__rosidl_typesupport_introspection_cExport-noconfig.cmake\n'}
[0.203067] (interfaces) StdoutLine: {'line': b'-- Up-to-date: /home/sycamore/Syca_ws/install/share/interfaces/cmake/interfaces__rosidl_typesupport_cExport.cmake\n'}
[0.203114] (interfaces) StdoutLine: {'line': b'-- Up-to-date: /home/sycamore/Syca_ws/install/share/interfaces/cmake/interfaces__rosidl_typesupport_cExport-noconfig.cmake\n'}
[0.203161] (interfaces) StdoutLine: {'line': b'-- Up-to-date: /home/sycamore/Syca_ws/install/share/interfaces/cmake/interfaces__rosidl_generator_cppExport.cmake\n'}
[0.203231] (interfaces) StdoutLine: {'line': b'-- Up-to-date: /home/sycamore/Syca_ws/install/share/interfaces/cmake/interfaces__rosidl_typesupport_introspection_cppExport.cmake\n'}
[0.203279] (interfaces) StdoutLine: {'line': b'-- Up-to-date: /home/sycamore/Syca_ws/install/share/interfaces/cmake/interfaces__rosidl_typesupport_introspection_cppExport-noconfig.cmake\n'}
[0.203349] (interfaces) StdoutLine: {'line': b'-- Up-to-date: /home/sycamore/Syca_ws/install/share/interfaces/cmake/interfaces__rosidl_typesupport_cppExport.cmake\n'}
[0.203397] (interfaces) StdoutLine: {'line': b'-- Up-to-date: /home/sycamore/Syca_ws/install/share/interfaces/cmake/interfaces__rosidl_typesupport_cppExport-noconfig.cmake\n'}
[0.203456] (interfaces) StdoutLine: {'line': b'-- Up-to-date: /home/sycamore/Syca_ws/install/share/interfaces/cmake/rosidl_cmake-extras.cmake\n'}
[0.203499] (interfaces) StdoutLine: {'line': b'-- Up-to-date: /home/sycamore/Syca_ws/install/share/interfaces/cmake/ament_cmake_export_dependencies-extras.cmake\n'}
[0.203541] (interfaces) StdoutLine: {'line': b'-- Up-to-date: /home/sycamore/Syca_ws/install/share/interfaces/cmake/ament_cmake_export_libraries-extras.cmake\n'}
[0.203583] (interfaces) StdoutLine: {'line': b'-- Up-to-date: /home/sycamore/Syca_ws/install/share/interfaces/cmake/ament_cmake_export_targets-extras.cmake\n'}
[0.203625] (interfaces) StdoutLine: {'line': b'-- Up-to-date: /home/sycamore/Syca_ws/install/share/interfaces/cmake/ament_cmake_export_include_directories-extras.cmake\n'}
[0.203668] (interfaces) StdoutLine: {'line': b'-- Up-to-date: /home/sycamore/Syca_ws/install/share/interfaces/cmake/rosidl_cmake_export_typesupport_libraries-extras.cmake\n'}
[0.203710] (interfaces) StdoutLine: {'line': b'-- Up-to-date: /home/sycamore/Syca_ws/install/share/interfaces/cmake/rosidl_cmake_export_typesupport_targets-extras.cmake\n'}
[0.203751] (interfaces) StdoutLine: {'line': b'-- Up-to-date: /home/sycamore/Syca_ws/install/share/interfaces/cmake/interfacesConfig.cmake\n'}
[0.203792] (interfaces) StdoutLine: {'line': b'-- Up-to-date: /home/sycamore/Syca_ws/install/share/interfaces/cmake/interfacesConfig-version.cmake\n'}
[0.203833] (interfaces) StdoutLine: {'line': b'-- Up-to-date: /home/sycamore/Syca_ws/install/share/interfaces/package.xml\n'}
[0.204740] (interfaces) CommandEnded: {'returncode': 0}
[0.250375] (interfaces) JobEnded: {'identifier': 'interfaces', 'rc': 0}
[0.250840] (-) EventReactorShutdown: {}
