/home/sycamore/Syca_ws/install/lib/python3.8/site-packages/central_pc/task_service.py
/home/sycamore/Syca_ws/install/lib/python3.8/site-packages/central_pc/utils.py
/home/sycamore/Syca_ws/install/lib/python3.8/site-packages/central_pc/__init__.py
/home/sycamore/Syca_ws/install/lib/python3.8/site-packages/central_pc/initialise.py
/home/sycamore/Syca_ws/install/lib/python3.8/site-packages/central_pc/centralPC.py
/home/sycamore/Syca_ws/install/lib/python3.8/site-packages/central_pc/__pycache__/task_service.cpython-38.pyc
/home/sycamore/Syca_ws/install/lib/python3.8/site-packages/central_pc/__pycache__/utils.cpython-38.pyc
/home/sycamore/Syca_ws/install/lib/python3.8/site-packages/central_pc/__pycache__/__init__.cpython-38.pyc
/home/sycamore/Syca_ws/install/lib/python3.8/site-packages/central_pc/__pycache__/initialise.cpython-38.pyc
/home/sycamore/Syca_ws/install/lib/python3.8/site-packages/central_pc/__pycache__/centralPC.cpython-38.pyc
/home/sycamore/Syca_ws/install/share/ament_index/resource_index/packages/central_pc
/home/sycamore/Syca_ws/install/share/central_pc/package.xml
/home/sycamore/Syca_ws/install/lib/python3.8/site-packages/central_pc-0.0.0-py3.8.egg-info/top_level.txt
/home/sycamore/Syca_ws/install/lib/python3.8/site-packages/central_pc-0.0.0-py3.8.egg-info/dependency_links.txt
/home/sycamore/Syca_ws/install/lib/python3.8/site-packages/central_pc-0.0.0-py3.8.egg-info/zip-safe
/home/sycamore/Syca_ws/install/lib/python3.8/site-packages/central_pc-0.0.0-py3.8.egg-info/SOURCES.txt
/home/sycamore/Syca_ws/install/lib/python3.8/site-packages/central_pc-0.0.0-py3.8.egg-info/PKG-INFO
/home/sycamore/Syca_ws/install/lib/python3.8/site-packages/central_pc-0.0.0-py3.8.egg-info/entry_points.txt
/home/sycamore/Syca_ws/install/lib/python3.8/site-packages/central_pc-0.0.0-py3.8.egg-info/requires.txt
/home/sycamore/Syca_ws/install/lib/central_pc/centralPC
