[0.000000] (-) TimerEvent: {}
[0.000073] (-) JobUnselected: {'identifier': 'basic_pub'}
[0.000092] (-) JobUnselected: {'identifier': 'opti_track'}
[0.000107] (-) JobUnselected: {'identifier': 'py_basicsub'}
[0.000120] (-) JobUnselected: {'identifier': 'teleop'}
[0.000132] (central_pc) JobQueued: {'identifier': 'central_pc', 'dependencies': OrderedDict()}
[0.000146] (interfaces) JobQueued: {'identifier': 'interfaces', 'dependencies': OrderedDict()}
[0.000158] (jetbot) JobQueued: {'identifier': 'jetbot', 'dependencies': OrderedDict()}
[0.000171] (central_pc) JobStarted: {'identifier': 'central_pc'}
[0.010106] (interfaces) JobStarted: {'identifier': 'interfaces'}
[0.016733] (jetbot) JobStarted: {'identifier': 'jetbot'}
[0.099545] (-) TimerEvent: {}
[0.186712] (interfaces) JobProgress: {'identifier': 'interfaces', 'progress': 'cmake'}
[0.187974] (interfaces) JobProgress: {'identifier': 'interfaces', 'progress': 'build'}
[0.188011] (interfaces) Command: {'cmd': ['/usr/bin/cmake', '--build', '/home/sycamore/Syca_ws/build/interfaces', '--', '-j20', '-l20'], 'cwd': '/home/sycamore/Syca_ws/build/interfaces', 'env': OrderedDict([('GJS_DEBUG_TOPICS', 'JS ERROR;JS LOG'), ('LANGUAGE', 'en_GB:en'), ('USER', 'sycamore'), ('LC_TIME', 'en_GB.UTF-8'), ('SSH_AGENT_PID', '1922'), ('XDG_SESSION_TYPE', 'x11'), ('SHLVL', '1'), ('LD_LIBRARY_PATH', '/home/sycamore/Syca_ws/install/lib:/home/sycamore/ros2_galactic/ros2-linux/opt/yaml_cpp_vendor/lib:/home/sycamore/ros2_galactic/ros2-linux/opt/rviz_ogre_vendor/lib:/home/sycamore/ros2_galactic/ros2-linux/lib'), ('HOME', '/home/sycamore'), ('OLDPWD', '/home/sycamore'), ('DESKTOP_SESSION', 'ubuntu'), ('ROS_PYTHON_VERSION', '3'), ('GNOME_SHELL_SESSION_MODE', 'ubuntu'), ('GTK_MODULES', 'gail:atk-bridge'), ('LC_MONETARY', 'en_GB.UTF-8'), ('MANAGERPID', '1745'), ('DBUS_SESSION_BUS_ADDRESS', 'unix:path=/run/user/1000/bus'), ('COLORTERM', 'truecolor'), ('IM_CONFIG_PHASE', '1'), ('COLCON_PREFIX_PATH', '/home/sycamore/Syca_ws/install:/home/sycamore/ros2_galactic/ros2-linux'), ('ROS_DISTRO', 'galactic'), ('LOGNAME', 'sycamore'), ('JOURNAL_STREAM', '8:50103'), ('_', '/usr/bin/colcon'), ('ROS_VERSION', '2'), ('PKG_CONFIG_PATH', '/home/sycamore/ros2_galactic/ros2-linux/lib/x86_64-linux-gnu/pkgconfig:/home/sycamore/ros2_galactic/ros2-linux/lib/pkgconfig'), ('XDG_SESSION_CLASS', 'user'), ('USERNAME', 'sycamore'), ('TERM', 'xterm-256color'), ('GNOME_DESKTOP_SESSION_ID', 'this-is-deprecated'), ('ROS_LOCALHOST_ONLY', '0'), ('WINDOWPATH', '2'), ('PATH', '/home/sycamore/ros2_galactic/ros2-linux/bin:/home/sycamore/.local/bin:/usr/local/sbin:/usr/local/bin:/usr/sbin:/usr/bin:/sbin:/bin:/usr/games:/usr/local/games:/snap/bin'), ('SESSION_MANAGER', 'local/Sycamore-CentralPC:@/tmp/.ICE-unix/1960,unix/Sycamore-CentralPC:/tmp/.ICE-unix/1960'), ('INVOCATION_ID', '2a1e31ba07f5401f85243b277c242c83'), ('PAPERSIZE', 'a4'), ('XDG_MENU_PREFIX', 'gnome-'), ('LC_ADDRESS', 'en_GB.UTF-8'), ('GNOME_TERMINAL_SCREEN', '/org/gnome/Terminal/screen/abc859f7_9b39_4442_a831_9375ca414ae6'), ('XDG_RUNTIME_DIR', '/run/user/1000'), ('DISPLAY', ':0'), ('LANG', 'en_GB.UTF-8'), ('XDG_CURRENT_DESKTOP', 'ubuntu:GNOME'), ('LC_TELEPHONE', 'en_GB.UTF-8'), ('XMODIFIERS', '@im=ibus'), ('XDG_SESSION_DESKTOP', 'ubuntu'), ('XAUTHORITY', '/run/user/1000/gdm/Xauthority'), ('GNOME_TERMINAL_SERVICE', ':1.4157'), ('SSH_AUTH_SOCK', '/run/user/1000/keyring/ssh'), ('AMENT_PREFIX_PATH', '/home/sycamore/Syca_ws/install:/home/sycamore/ros2_galactic/ros2-linux'), ('SHELL', '/bin/bash'), ('LC_NAME', 'en_GB.UTF-8'), ('QT_ACCESSIBILITY', '1'), ('GDMSESSION', 'ubuntu'), ('LC_MEASUREMENT', 'en_GB.UTF-8'), ('GPG_AGENT_INFO', '/run/user/1000/gnupg/S.gpg-agent:0:1'), ('GJS_DEBUG_OUTPUT', 'stderr'), ('LC_IDENTIFICATION', 'en_GB.UTF-8'), ('QT_IM_MODULE', 'ibus'), ('PWD', '/home/sycamore/Syca_ws/build/interfaces'), ('XDG_CONFIG_DIRS', '/etc/xdg/xdg-ubuntu:/etc/xdg'), ('XDG_DATA_DIRS', '/usr/share/ubuntu:/usr/local/share/:/usr/share/:/var/lib/snapd/desktop'), ('PYTHONPATH', '/home/sycamore/Syca_ws/install/lib/python3.8/site-packages:/home/sycamore/ros2_galactic/ros2-linux/lib/python3.8/site-packages'), ('LC_NUMERIC', 'en_GB.UTF-8'), ('LC_PAPER', 'en_GB.UTF-8'), ('COLCON', '1'), ('VTE_VERSION', '6003'), ('CMAKE_PREFIX_PATH', '/home/sycamore/Syca_ws/install:/home/sycamore/ros2_galactic/ros2-linux')]), 'shell': False}
[0.199662] (-) TimerEvent: {}
[0.219702] (interfaces) StdoutLine: {'line': b'[  3%] Built target interfaces__cpp\n'}
[0.220629] (interfaces) StdoutLine: {'line': b'[ 12%] Built target interfaces__rosidl_generator_c\n'}
[0.234089] (interfaces) StdoutLine: {'line': b'[ 51%] Built target interfaces__rosidl_typesupport_cpp\n'}
[0.234216] (interfaces) StdoutLine: {'line': b'[ 51%] Built target interfaces__rosidl_typesupport_introspection_cpp\n'}
[0.234272] (interfaces) StdoutLine: {'line': b'[ 51%] Built target interfaces__rosidl_typesupport_c\n'}
[0.234320] (interfaces) StdoutLine: {'line': b'[ 51%] Built target interfaces__rosidl_typesupport_introspection_c\n'}
[0.236313] (interfaces) StdoutLine: {'line': b'[ 61%] Built target interfaces__rosidl_typesupport_fastrtps_cpp\n'}
[0.252639] (interfaces) StdoutLine: {'line': b'[ 70%] Built target interfaces__rosidl_typesupport_fastrtps_c\n'}
[0.263921] (interfaces) StdoutLine: {'line': b'[ 70%] Built target interfaces\n'}
[0.275994] (interfaces) StdoutLine: {'line': b'[ 74%] Built target interfaces__py\n'}
[0.290692] (interfaces) StdoutLine: {'line': b'[ 80%] Built target interfaces__python\n'}
[0.299754] (-) TimerEvent: {}
[0.306056] (interfaces) StdoutLine: {'line': b'[100%] Built target interfaces__rosidl_typesupport_introspection_c__pyext\n'}
[0.306177] (interfaces) StdoutLine: {'line': b'[100%] Built target interfaces__rosidl_typesupport_fastrtps_c__pyext\n'}
[0.306232] (interfaces) StdoutLine: {'line': b'[100%] Built target interfaces__rosidl_typesupport_c__pyext\n'}
[0.358040] (interfaces) CommandEnded: {'returncode': 0}
[0.382920] (interfaces) JobProgress: {'identifier': 'interfaces', 'progress': 'install'}
[0.389589] (interfaces) Command: {'cmd': ['/usr/bin/cmake', '--install', '/home/sycamore/Syca_ws/build/interfaces'], 'cwd': '/home/sycamore/Syca_ws/build/interfaces', 'env': OrderedDict([('GJS_DEBUG_TOPICS', 'JS ERROR;JS LOG'), ('LANGUAGE', 'en_GB:en'), ('USER', 'sycamore'), ('LC_TIME', 'en_GB.UTF-8'), ('SSH_AGENT_PID', '1922'), ('XDG_SESSION_TYPE', 'x11'), ('SHLVL', '1'), ('LD_LIBRARY_PATH', '/home/sycamore/Syca_ws/install/lib:/home/sycamore/ros2_galactic/ros2-linux/opt/yaml_cpp_vendor/lib:/home/sycamore/ros2_galactic/ros2-linux/opt/rviz_ogre_vendor/lib:/home/sycamore/ros2_galactic/ros2-linux/lib'), ('HOME', '/home/sycamore'), ('OLDPWD', '/home/sycamore'), ('DESKTOP_SESSION', 'ubuntu'), ('ROS_PYTHON_VERSION', '3'), ('GNOME_SHELL_SESSION_MODE', 'ubuntu'), ('GTK_MODULES', 'gail:atk-bridge'), ('LC_MONETARY', 'en_GB.UTF-8'), ('MANAGERPID', '1745'), ('DBUS_SESSION_BUS_ADDRESS', 'unix:path=/run/user/1000/bus'), ('COLORTERM', 'truecolor'), ('IM_CONFIG_PHASE', '1'), ('COLCON_PREFIX_PATH', '/home/sycamore/Syca_ws/install:/home/sycamore/ros2_galactic/ros2-linux'), ('ROS_DISTRO', 'galactic'), ('LOGNAME', 'sycamore'), ('JOURNAL_STREAM', '8:50103'), ('_', '/usr/bin/colcon'), ('ROS_VERSION', '2'), ('PKG_CONFIG_PATH', '/home/sycamore/ros2_galactic/ros2-linux/lib/x86_64-linux-gnu/pkgconfig:/home/sycamore/ros2_galactic/ros2-linux/lib/pkgconfig'), ('XDG_SESSION_CLASS', 'user'), ('USERNAME', 'sycamore'), ('TERM', 'xterm-256color'), ('GNOME_DESKTOP_SESSION_ID', 'this-is-deprecated'), ('ROS_LOCALHOST_ONLY', '0'), ('WINDOWPATH', '2'), ('PATH', '/home/sycamore/ros2_galactic/ros2-linux/bin:/home/sycamore/.local/bin:/usr/local/sbin:/usr/local/bin:/usr/sbin:/usr/bin:/sbin:/bin:/usr/games:/usr/local/games:/snap/bin'), ('SESSION_MANAGER', 'local/Sycamore-CentralPC:@/tmp/.ICE-unix/1960,unix/Sycamore-CentralPC:/tmp/.ICE-unix/1960'), ('INVOCATION_ID', '2a1e31ba07f5401f85243b277c242c83'), ('PAPERSIZE', 'a4'), ('XDG_MENU_PREFIX', 'gnome-'), ('LC_ADDRESS', 'en_GB.UTF-8'), ('GNOME_TERMINAL_SCREEN', '/org/gnome/Terminal/screen/abc859f7_9b39_4442_a831_9375ca414ae6'), ('XDG_RUNTIME_DIR', '/run/user/1000'), ('DISPLAY', ':0'), ('LANG', 'en_GB.UTF-8'), ('XDG_CURRENT_DESKTOP', 'ubuntu:GNOME'), ('LC_TELEPHONE', 'en_GB.UTF-8'), ('XMODIFIERS', '@im=ibus'), ('XDG_SESSION_DESKTOP', 'ubuntu'), ('XAUTHORITY', '/run/user/1000/gdm/Xauthority'), ('GNOME_TERMINAL_SERVICE', ':1.4157'), ('SSH_AUTH_SOCK', '/run/user/1000/keyring/ssh'), ('AMENT_PREFIX_PATH', '/home/sycamore/Syca_ws/install:/home/sycamore/ros2_galactic/ros2-linux'), ('SHELL', '/bin/bash'), ('LC_NAME', 'en_GB.UTF-8'), ('QT_ACCESSIBILITY', '1'), ('GDMSESSION', 'ubuntu'), ('LC_MEASUREMENT', 'en_GB.UTF-8'), ('GPG_AGENT_INFO', '/run/user/1000/gnupg/S.gpg-agent:0:1'), ('GJS_DEBUG_OUTPUT', 'stderr'), ('LC_IDENTIFICATION', 'en_GB.UTF-8'), ('QT_IM_MODULE', 'ibus'), ('PWD', '/home/sycamore/Syca_ws/build/interfaces'), ('XDG_CONFIG_DIRS', '/etc/xdg/xdg-ubuntu:/etc/xdg'), ('XDG_DATA_DIRS', '/usr/share/ubuntu:/usr/local/share/:/usr/share/:/var/lib/snapd/desktop'), ('PYTHONPATH', '/home/sycamore/Syca_ws/install/lib/python3.8/site-packages:/home/sycamore/ros2_galactic/ros2-linux/lib/python3.8/site-packages'), ('LC_NUMERIC', 'en_GB.UTF-8'), ('LC_PAPER', 'en_GB.UTF-8'), ('COLCON', '1'), ('VTE_VERSION', '6003'), ('CMAKE_PREFIX_PATH', '/home/sycamore/Syca_ws/install:/home/sycamore/ros2_galactic/ros2-linux')]), 'shell': False}
[0.396127] (interfaces) StdoutLine: {'line': b'-- Install configuration: ""\n'}
[0.396238] (interfaces) StdoutLine: {'line': b'-- Up-to-date: /home/sycamore/Syca_ws/install/share/ament_index/resource_index/rosidl_interfaces/interfaces\n'}
[0.396371] (interfaces) StdoutLine: {'line': b'-- Up-to-date: /home/sycamore/Syca_ws/install/include/interfaces\n'}
[0.396436] (interfaces) StdoutLine: {'line': b'-- Up-to-date: /home/sycamore/Syca_ws/install/include/interfaces/msg\n'}
[0.396487] (interfaces) StdoutLine: {'line': b'-- Up-to-date: /home/sycamore/Syca_ws/install/include/interfaces/msg/rosidl_generator_c__visibility_control.h\n'}
[0.396535] (interfaces) StdoutLine: {'line': b'-- Up-to-date: /home/sycamore/Syca_ws/install/include/interfaces/srv\n'}
[0.396579] (interfaces) StdoutLine: {'line': b'-- Up-to-date: /home/sycamore/Syca_ws/install/include/interfaces/srv/task.h\n'}
[0.396627] (interfaces) StdoutLine: {'line': b'-- Up-to-date: /home/sycamore/Syca_ws/install/include/interfaces/srv/detail\n'}
[0.396766] (interfaces) StdoutLine: {'line': b'-- Up-to-date: /home/sycamore/Syca_ws/install/include/interfaces/srv/detail/task__type_support.h\n'}
[0.396818] (interfaces) StdoutLine: {'line': b'-- Up-to-date: /home/sycamore/Syca_ws/install/include/interfaces/srv/detail/task__functions.h\n'}
[0.396904] (interfaces) StdoutLine: {'line': b'-- Up-to-date: /home/sycamore/Syca_ws/install/include/interfaces/srv/detail/task__functions.c\n'}
[0.396953] (interfaces) StdoutLine: {'line': b'-- Up-to-date: /home/sycamore/Syca_ws/install/include/interfaces/srv/detail/task__struct.h\n'}
[0.397014] (interfaces) StdoutLine: {'line': b'-- Up-to-date: /home/sycamore/Syca_ws/install/share/interfaces/environment/library_path.sh\n'}
[0.397068] (interfaces) StdoutLine: {'line': b'-- Up-to-date: /home/sycamore/Syca_ws/install/share/interfaces/environment/library_path.dsv\n'}
[0.397111] (interfaces) StdoutLine: {'line': b'-- Up-to-date: /home/sycamore/Syca_ws/install/lib/libinterfaces__rosidl_generator_c.so\n'}
[0.397153] (interfaces) StdoutLine: {'line': b'-- Up-to-date: /home/sycamore/Syca_ws/install/include/interfaces\n'}
[0.397220] (interfaces) StdoutLine: {'line': b'-- Up-to-date: /home/sycamore/Syca_ws/install/include/interfaces/msg\n'}
[0.397280] (interfaces) StdoutLine: {'line': b'-- Up-to-date: /home/sycamore/Syca_ws/install/include/interfaces/msg/rosidl_typesupport_fastrtps_c__visibility_control.h\n'}
[0.397322] (interfaces) StdoutLine: {'line': b'-- Up-to-date: /home/sycamore/Syca_ws/install/include/interfaces/srv\n'}
[0.397376] (interfaces) StdoutLine: {'line': b'-- Up-to-date: /home/sycamore/Syca_ws/install/include/interfaces/srv/detail\n'}
[0.397418] (interfaces) StdoutLine: {'line': b'-- Up-to-date: /home/sycamore/Syca_ws/install/include/interfaces/srv/detail/task__rosidl_typesupport_fastrtps_c.h\n'}
[0.397460] (interfaces) StdoutLine: {'line': b'-- Up-to-date: /home/sycamore/Syca_ws/install/lib/libinterfaces__rosidl_typesupport_fastrtps_c.so\n'}
[0.397507] (interfaces) StdoutLine: {'line': b'-- Up-to-date: /home/sycamore/Syca_ws/install/include/interfaces\n'}
[0.397564] (interfaces) StdoutLine: {'line': b'-- Up-to-date: /home/sycamore/Syca_ws/install/include/interfaces/msg\n'}
[0.397605] (interfaces) StdoutLine: {'line': b'-- Up-to-date: /home/sycamore/Syca_ws/install/include/interfaces/msg/rosidl_typesupport_fastrtps_cpp__visibility_control.h\n'}
[0.397647] (interfaces) StdoutLine: {'line': b'-- Up-to-date: /home/sycamore/Syca_ws/install/include/interfaces/srv\n'}
[0.397727] (interfaces) StdoutLine: {'line': b'-- Up-to-date: /home/sycamore/Syca_ws/install/include/interfaces/srv/detail\n'}
[0.397804] (interfaces) StdoutLine: {'line': b'-- Up-to-date: /home/sycamore/Syca_ws/install/include/interfaces/srv/detail/task__rosidl_typesupport_fastrtps_cpp.hpp\n'}
[0.397848] (interfaces) StdoutLine: {'line': b'-- Up-to-date: /home/sycamore/Syca_ws/install/include/interfaces/srv/detail/dds_fastrtps\n'}
[0.397889] (interfaces) StdoutLine: {'line': b'-- Up-to-date: /home/sycamore/Syca_ws/install/lib/libinterfaces__rosidl_typesupport_fastrtps_cpp.so\n'}
[0.397947] (interfaces) StdoutLine: {'line': b'-- Up-to-date: /home/sycamore/Syca_ws/install/include/interfaces\n'}
[0.397998] (interfaces) StdoutLine: {'line': b'-- Up-to-date: /home/sycamore/Syca_ws/install/include/interfaces/msg\n'}
[0.398043] (interfaces) StdoutLine: {'line': b'-- Up-to-date: /home/sycamore/Syca_ws/install/include/interfaces/msg/rosidl_typesupport_introspection_c__visibility_control.h\n'}
[0.398086] (interfaces) StdoutLine: {'line': b'-- Up-to-date: /home/sycamore/Syca_ws/install/include/interfaces/srv\n'}
[0.398128] (interfaces) StdoutLine: {'line': b'-- Up-to-date: /home/sycamore/Syca_ws/install/include/interfaces/srv/detail\n'}
[0.398183] (interfaces) StdoutLine: {'line': b'-- Up-to-date: /home/sycamore/Syca_ws/install/include/interfaces/srv/detail/task__rosidl_typesupport_introspection_c.h\n'}
[0.398225] (interfaces) StdoutLine: {'line': b'-- Up-to-date: /home/sycamore/Syca_ws/install/include/interfaces/srv/detail/task__type_support.c\n'}
[0.398267] (interfaces) StdoutLine: {'line': b'-- Up-to-date: /home/sycamore/Syca_ws/install/lib/libinterfaces__rosidl_typesupport_introspection_c.so\n'}
[0.398331] (interfaces) StdoutLine: {'line': b'-- Up-to-date: /home/sycamore/Syca_ws/install/lib/libinterfaces__rosidl_typesupport_c.so\n'}
[0.398392] (interfaces) StdoutLine: {'line': b'-- Up-to-date: /home/sycamore/Syca_ws/install/include/interfaces\n'}
[0.398434] (interfaces) StdoutLine: {'line': b'-- Up-to-date: /home/sycamore/Syca_ws/install/include/interfaces/srv\n'}
[0.398476] (interfaces) StdoutLine: {'line': b'-- Up-to-date: /home/sycamore/Syca_ws/install/include/interfaces/srv/task.hpp\n'}
[0.398519] (interfaces) StdoutLine: {'line': b'-- Up-to-date: /home/sycamore/Syca_ws/install/include/interfaces/srv/detail\n'}
[0.398561] (interfaces) StdoutLine: {'line': b'-- Up-to-date: /home/sycamore/Syca_ws/install/include/interfaces/srv/detail/task__builder.hpp\n'}
[0.398603] (interfaces) StdoutLine: {'line': b'-- Up-to-date: /home/sycamore/Syca_ws/install/include/interfaces/srv/detail/task__traits.hpp\n'}
[0.398644] (interfaces) StdoutLine: {'line': b'-- Up-to-date: /home/sycamore/Syca_ws/install/include/interfaces/srv/detail/task__struct.hpp\n'}
[0.398686] (interfaces) StdoutLine: {'line': b'-- Up-to-date: /home/sycamore/Syca_ws/install/include/interfaces\n'}
[0.398728] (interfaces) StdoutLine: {'line': b'-- Up-to-date: /home/sycamore/Syca_ws/install/include/interfaces/srv\n'}
[0.398769] (interfaces) StdoutLine: {'line': b'-- Up-to-date: /home/sycamore/Syca_ws/install/include/interfaces/srv/detail\n'}
[0.398810] (interfaces) StdoutLine: {'line': b'-- Up-to-date: /home/sycamore/Syca_ws/install/include/interfaces/srv/detail/task__type_support.cpp\n'}
[0.398851] (interfaces) StdoutLine: {'line': b'-- Up-to-date: /home/sycamore/Syca_ws/install/include/interfaces/srv/detail/task__rosidl_typesupport_introspection_cpp.hpp\n'}
[0.398892] (interfaces) StdoutLine: {'line': b'-- Up-to-date: /home/sycamore/Syca_ws/install/lib/libinterfaces__rosidl_typesupport_introspection_cpp.so\n'}
[0.398937] (interfaces) StdoutLine: {'line': b'-- Up-to-date: /home/sycamore/Syca_ws/install/lib/libinterfaces__rosidl_typesupport_cpp.so\n'}
[0.398979] (interfaces) StdoutLine: {'line': b'-- Up-to-date: /home/sycamore/Syca_ws/install/share/interfaces/environment/pythonpath.sh\n'}
[0.399021] (interfaces) StdoutLine: {'line': b'-- Up-to-date: /home/sycamore/Syca_ws/install/share/interfaces/environment/pythonpath.dsv\n'}
[0.399064] (interfaces) StdoutLine: {'line': b'-- Up-to-date: /home/sycamore/Syca_ws/install/lib/python3.8/site-packages/interfaces/__init__.py\n'}
[0.399808] (-) TimerEvent: {}
[0.419308] (interfaces) StdoutLine: {'line': b'-- Up-to-date: /home/sycamore/Syca_ws/install/lib/python3.8/site-packages/interfaces/srv\n'}
[0.419412] (interfaces) StdoutLine: {'line': b'-- Up-to-date: /home/sycamore/Syca_ws/install/lib/python3.8/site-packages/interfaces/srv/__init__.py\n'}
[0.419463] (interfaces) StdoutLine: {'line': b'-- Up-to-date: /home/sycamore/Syca_ws/install/lib/python3.8/site-packages/interfaces/srv/_task.py\n'}
[0.419515] (interfaces) StdoutLine: {'line': b'-- Up-to-date: /home/sycamore/Syca_ws/install/lib/python3.8/site-packages/interfaces/srv/_task_s.c\n'}
[0.419583] (interfaces) StdoutLine: {'line': b'-- Up-to-date: /home/sycamore/Syca_ws/install/lib/python3.8/site-packages/interfaces/interfaces_s__rosidl_typesupport_fastrtps_c.cpython-38-x86_64-linux-gnu.so\n'}
[0.419906] (interfaces) StdoutLine: {'line': b'-- Up-to-date: /home/sycamore/Syca_ws/install/lib/python3.8/site-packages/interfaces/interfaces_s__rosidl_typesupport_introspection_c.cpython-38-x86_64-linux-gnu.so\n'}
[0.420230] (interfaces) StdoutLine: {'line': b'-- Up-to-date: /home/sycamore/Syca_ws/install/lib/python3.8/site-packages/interfaces/interfaces_s__rosidl_typesupport_c.cpython-38-x86_64-linux-gnu.so\n'}
[0.420467] (interfaces) StdoutLine: {'line': b'-- Up-to-date: /home/sycamore/Syca_ws/install/lib/libinterfaces__python.so\n'}
[0.420586] (interfaces) StdoutLine: {'line': b'-- Up-to-date: /home/sycamore/Syca_ws/install/share/interfaces/srv/Task.idl\n'}
[0.420740] (interfaces) StdoutLine: {'line': b'-- Up-to-date: /home/sycamore/Syca_ws/install/share/interfaces/srv/Task.srv\n'}
[0.420823] (interfaces) StdoutLine: {'line': b'-- Up-to-date: /home/sycamore/Syca_ws/install/share/interfaces/srv/Task_Request.msg\n'}
[0.420901] (interfaces) StdoutLine: {'line': b'-- Up-to-date: /home/sycamore/Syca_ws/install/share/interfaces/srv/Task_Response.msg\n'}
[0.420969] (interfaces) StdoutLine: {'line': b'-- Up-to-date: /home/sycamore/Syca_ws/install/share/ament_index/resource_index/package_run_dependencies/interfaces\n'}
[0.421015] (interfaces) StdoutLine: {'line': b'-- Up-to-date: /home/sycamore/Syca_ws/install/share/ament_index/resource_index/parent_prefix_path/interfaces\n'}
[0.421067] (interfaces) StdoutLine: {'line': b'-- Up-to-date: /home/sycamore/Syca_ws/install/share/interfaces/environment/ament_prefix_path.sh\n'}
[0.421111] (interfaces) StdoutLine: {'line': b'-- Up-to-date: /home/sycamore/Syca_ws/install/share/interfaces/environment/ament_prefix_path.dsv\n'}
[0.421156] (interfaces) StdoutLine: {'line': b'-- Up-to-date: /home/sycamore/Syca_ws/install/share/interfaces/environment/path.sh\n'}
[0.421221] (interfaces) StdoutLine: {'line': b'-- Up-to-date: /home/sycamore/Syca_ws/install/share/interfaces/environment/path.dsv\n'}
[0.421265] (interfaces) StdoutLine: {'line': b'-- Up-to-date: /home/sycamore/Syca_ws/install/share/interfaces/local_setup.bash\n'}
[0.421311] (interfaces) StdoutLine: {'line': b'-- Up-to-date: /home/sycamore/Syca_ws/install/share/interfaces/local_setup.sh\n'}
[0.421370] (interfaces) StdoutLine: {'line': b'-- Up-to-date: /home/sycamore/Syca_ws/install/share/interfaces/local_setup.zsh\n'}
[0.421413] (interfaces) StdoutLine: {'line': b'-- Up-to-date: /home/sycamore/Syca_ws/install/share/interfaces/local_setup.dsv\n'}
[0.421476] (interfaces) StdoutLine: {'line': b'-- Installing: /home/sycamore/Syca_ws/install/share/interfaces/package.dsv\n'}
[0.421522] (interfaces) StdoutLine: {'line': b'-- Up-to-date: /home/sycamore/Syca_ws/install/share/ament_index/resource_index/packages/interfaces\n'}
[0.421569] (interfaces) StdoutLine: {'line': b'-- Up-to-date: /home/sycamore/Syca_ws/install/share/interfaces/cmake/interfaces__rosidl_generator_cExport.cmake\n'}
[0.421625] (interfaces) StdoutLine: {'line': b'-- Up-to-date: /home/sycamore/Syca_ws/install/share/interfaces/cmake/interfaces__rosidl_generator_cExport-noconfig.cmake\n'}
[0.421687] (interfaces) StdoutLine: {'line': b'-- Up-to-date: /home/sycamore/Syca_ws/install/share/interfaces/cmake/interfaces__rosidl_typesupport_introspection_cExport.cmake\n'}
[0.421735] (interfaces) StdoutLine: {'line': b'-- Up-to-date: /home/sycamore/Syca_ws/install/share/interfaces/cmake/interfaces__rosidl_typesupport_introspection_cExport-noconfig.cmake\n'}
[0.421783] (interfaces) StdoutLine: {'line': b'-- Up-to-date: /home/sycamore/Syca_ws/install/share/interfaces/cmake/interfaces__rosidl_typesupport_cExport.cmake\n'}
[0.421852] (interfaces) StdoutLine: {'line': b'-- Up-to-date: /home/sycamore/Syca_ws/install/share/interfaces/cmake/interfaces__rosidl_typesupport_cExport-noconfig.cmake\n'}
[0.421924] (interfaces) StdoutLine: {'line': b'-- Up-to-date: /home/sycamore/Syca_ws/install/share/interfaces/cmake/interfaces__rosidl_generator_cppExport.cmake\n'}
[0.421971] (interfaces) StdoutLine: {'line': b'-- Up-to-date: /home/sycamore/Syca_ws/install/share/interfaces/cmake/interfaces__rosidl_typesupport_introspection_cppExport.cmake\n'}
[0.422048] (interfaces) StdoutLine: {'line': b'-- Up-to-date: /home/sycamore/Syca_ws/install/share/interfaces/cmake/interfaces__rosidl_typesupport_introspection_cppExport-noconfig.cmake\n'}
[0.422123] (interfaces) StdoutLine: {'line': b'-- Up-to-date: /home/sycamore/Syca_ws/install/share/interfaces/cmake/interfaces__rosidl_typesupport_cppExport.cmake\n'}
[0.422178] (interfaces) StdoutLine: {'line': b'-- Up-to-date: /home/sycamore/Syca_ws/install/share/interfaces/cmake/interfaces__rosidl_typesupport_cppExport-noconfig.cmake\n'}
[0.422221] (interfaces) StdoutLine: {'line': b'-- Up-to-date: /home/sycamore/Syca_ws/install/share/interfaces/cmake/rosidl_cmake-extras.cmake\n'}
[0.422264] (interfaces) StdoutLine: {'line': b'-- Up-to-date: /home/sycamore/Syca_ws/install/share/interfaces/cmake/ament_cmake_export_dependencies-extras.cmake\n'}
[0.422307] (interfaces) StdoutLine: {'line': b'-- Up-to-date: /home/sycamore/Syca_ws/install/share/interfaces/cmake/ament_cmake_export_libraries-extras.cmake\n'}
[0.422351] (interfaces) StdoutLine: {'line': b'-- Up-to-date: /home/sycamore/Syca_ws/install/share/interfaces/cmake/ament_cmake_export_targets-extras.cmake\n'}
[0.422393] (interfaces) StdoutLine: {'line': b'-- Up-to-date: /home/sycamore/Syca_ws/install/share/interfaces/cmake/ament_cmake_export_include_directories-extras.cmake\n'}
[0.422435] (interfaces) StdoutLine: {'line': b'-- Up-to-date: /home/sycamore/Syca_ws/install/share/interfaces/cmake/rosidl_cmake_export_typesupport_libraries-extras.cmake\n'}
[0.422477] (interfaces) StdoutLine: {'line': b'-- Up-to-date: /home/sycamore/Syca_ws/install/share/interfaces/cmake/rosidl_cmake_export_typesupport_targets-extras.cmake\n'}
[0.422518] (interfaces) StdoutLine: {'line': b'-- Up-to-date: /home/sycamore/Syca_ws/install/share/interfaces/cmake/interfacesConfig.cmake\n'}
[0.422560] (interfaces) StdoutLine: {'line': b'-- Up-to-date: /home/sycamore/Syca_ws/install/share/interfaces/cmake/interfacesConfig-version.cmake\n'}
[0.422602] (interfaces) StdoutLine: {'line': b'-- Up-to-date: /home/sycamore/Syca_ws/install/share/interfaces/package.xml\n'}
[0.423608] (interfaces) CommandEnded: {'returncode': 0}
[0.468267] (interfaces) JobEnded: {'identifier': 'interfaces', 'rc': 0}
[0.499920] (-) TimerEvent: {}
[0.600143] (-) TimerEvent: {}
[0.633810] (jetbot) Command: {'cmd': ['/usr/bin/python3', 'setup.py', 'egg_info', '--egg-base', '../../build/jetbot', 'build', '--build-base', '/home/sycamore/Syca_ws/build/jetbot/build', 'install', '--prefix', '/home/sycamore/Syca_ws/install', '--record', '/home/sycamore/Syca_ws/build/jetbot/install.log', '--single-version-externally-managed'], 'cwd': '/home/sycamore/Syca_ws/src/jetbot', 'env': {'GJS_DEBUG_TOPICS': 'JS ERROR;JS LOG', 'LANGUAGE': 'en_GB:en', 'USER': 'sycamore', 'LC_TIME': 'en_GB.UTF-8', 'SSH_AGENT_PID': '1922', 'XDG_SESSION_TYPE': 'x11', 'SHLVL': '1', 'LD_LIBRARY_PATH': '/home/sycamore/Syca_ws/install/lib:/home/sycamore/ros2_galactic/ros2-linux/opt/yaml_cpp_vendor/lib:/home/sycamore/ros2_galactic/ros2-linux/opt/rviz_ogre_vendor/lib:/home/sycamore/ros2_galactic/ros2-linux/lib', 'HOME': '/home/sycamore', 'OLDPWD': '/home/sycamore', 'DESKTOP_SESSION': 'ubuntu', 'ROS_PYTHON_VERSION': '3', 'GNOME_SHELL_SESSION_MODE': 'ubuntu', 'GTK_MODULES': 'gail:atk-bridge', 'LC_MONETARY': 'en_GB.UTF-8', 'MANAGERPID': '1745', 'DBUS_SESSION_BUS_ADDRESS': 'unix:path=/run/user/1000/bus', 'COLORTERM': 'truecolor', 'IM_CONFIG_PHASE': '1', 'COLCON_PREFIX_PATH': '/home/sycamore/Syca_ws/install:/home/sycamore/ros2_galactic/ros2-linux', 'ROS_DISTRO': 'galactic', 'LOGNAME': 'sycamore', 'JOURNAL_STREAM': '8:50103', '_': '/usr/bin/colcon', 'ROS_VERSION': '2', 'PKG_CONFIG_PATH': '/home/sycamore/ros2_galactic/ros2-linux/lib/x86_64-linux-gnu/pkgconfig:/home/sycamore/ros2_galactic/ros2-linux/lib/pkgconfig', 'XDG_SESSION_CLASS': 'user', 'USERNAME': 'sycamore', 'TERM': 'xterm-256color', 'GNOME_DESKTOP_SESSION_ID': 'this-is-deprecated', 'ROS_LOCALHOST_ONLY': '0', 'WINDOWPATH': '2', 'PATH': '/home/sycamore/ros2_galactic/ros2-linux/bin:/home/sycamore/.local/bin:/usr/local/sbin:/usr/local/bin:/usr/sbin:/usr/bin:/sbin:/bin:/usr/games:/usr/local/games:/snap/bin', 'SESSION_MANAGER': 'local/Sycamore-CentralPC:@/tmp/.ICE-unix/1960,unix/Sycamore-CentralPC:/tmp/.ICE-unix/1960', 'INVOCATION_ID': '2a1e31ba07f5401f85243b277c242c83', 'PAPERSIZE': 'a4', 'XDG_MENU_PREFIX': 'gnome-', 'LC_ADDRESS': 'en_GB.UTF-8', 'GNOME_TERMINAL_SCREEN': '/org/gnome/Terminal/screen/abc859f7_9b39_4442_a831_9375ca414ae6', 'XDG_RUNTIME_DIR': '/run/user/1000', 'DISPLAY': ':0', 'LANG': 'en_GB.UTF-8', 'XDG_CURRENT_DESKTOP': 'ubuntu:GNOME', 'LC_TELEPHONE': 'en_GB.UTF-8', 'XMODIFIERS': '@im=ibus', 'XDG_SESSION_DESKTOP': 'ubuntu', 'XAUTHORITY': '/run/user/1000/gdm/Xauthority', 'GNOME_TERMINAL_SERVICE': ':1.4157', 'SSH_AUTH_SOCK': '/run/user/1000/keyring/ssh', 'AMENT_PREFIX_PATH': '/home/sycamore/Syca_ws/install:/home/sycamore/ros2_galactic/ros2-linux', 'SHELL': '/bin/bash', 'LC_NAME': 'en_GB.UTF-8', 'QT_ACCESSIBILITY': '1', 'GDMSESSION': 'ubuntu', 'LC_MEASUREMENT': 'en_GB.UTF-8', 'GPG_AGENT_INFO': '/run/user/1000/gnupg/S.gpg-agent:0:1', 'GJS_DEBUG_OUTPUT': 'stderr', 'LC_IDENTIFICATION': 'en_GB.UTF-8', 'QT_IM_MODULE': 'ibus', 'PWD': '/home/sycamore/Syca_ws/build/jetbot', 'XDG_CONFIG_DIRS': '/etc/xdg/xdg-ubuntu:/etc/xdg', 'XDG_DATA_DIRS': '/usr/share/ubuntu:/usr/local/share/:/usr/share/:/var/lib/snapd/desktop', 'PYTHONPATH': '/home/sycamore/Syca_ws/install/lib/python3.8/site-packages:/home/sycamore/Syca_ws/install/lib/python3.8/site-packages:/home/sycamore/ros2_galactic/ros2-linux/lib/python3.8/site-packages', 'LC_NUMERIC': 'en_GB.UTF-8', 'LC_PAPER': 'en_GB.UTF-8', 'COLCON': '1', 'VTE_VERSION': '6003', 'CMAKE_PREFIX_PATH': '/home/sycamore/Syca_ws/install:/home/sycamore/ros2_galactic/ros2-linux'}, 'shell': False}
[0.636403] (central_pc) Command: {'cmd': ['/usr/bin/python3', 'setup.py', 'egg_info', '--egg-base', '../../build/central_pc', 'build', '--build-base', '/home/sycamore/Syca_ws/build/central_pc/build', 'install', '--prefix', '/home/sycamore/Syca_ws/install', '--record', '/home/sycamore/Syca_ws/build/central_pc/install.log', '--single-version-externally-managed'], 'cwd': '/home/sycamore/Syca_ws/src/central_pc', 'env': {'GJS_DEBUG_TOPICS': 'JS ERROR;JS LOG', 'LANGUAGE': 'en_GB:en', 'USER': 'sycamore', 'LC_TIME': 'en_GB.UTF-8', 'SSH_AGENT_PID': '1922', 'XDG_SESSION_TYPE': 'x11', 'SHLVL': '1', 'LD_LIBRARY_PATH': '/home/sycamore/Syca_ws/install/lib:/home/sycamore/ros2_galactic/ros2-linux/opt/yaml_cpp_vendor/lib:/home/sycamore/ros2_galactic/ros2-linux/opt/rviz_ogre_vendor/lib:/home/sycamore/ros2_galactic/ros2-linux/lib', 'HOME': '/home/sycamore', 'OLDPWD': '/home/sycamore', 'DESKTOP_SESSION': 'ubuntu', 'ROS_PYTHON_VERSION': '3', 'GNOME_SHELL_SESSION_MODE': 'ubuntu', 'GTK_MODULES': 'gail:atk-bridge', 'LC_MONETARY': 'en_GB.UTF-8', 'MANAGERPID': '1745', 'DBUS_SESSION_BUS_ADDRESS': 'unix:path=/run/user/1000/bus', 'COLORTERM': 'truecolor', 'IM_CONFIG_PHASE': '1', 'COLCON_PREFIX_PATH': '/home/sycamore/Syca_ws/install:/home/sycamore/ros2_galactic/ros2-linux', 'ROS_DISTRO': 'galactic', 'LOGNAME': 'sycamore', 'JOURNAL_STREAM': '8:50103', '_': '/usr/bin/colcon', 'ROS_VERSION': '2', 'PKG_CONFIG_PATH': '/home/sycamore/ros2_galactic/ros2-linux/lib/x86_64-linux-gnu/pkgconfig:/home/sycamore/ros2_galactic/ros2-linux/lib/pkgconfig', 'XDG_SESSION_CLASS': 'user', 'USERNAME': 'sycamore', 'TERM': 'xterm-256color', 'GNOME_DESKTOP_SESSION_ID': 'this-is-deprecated', 'ROS_LOCALHOST_ONLY': '0', 'WINDOWPATH': '2', 'PATH': '/home/sycamore/ros2_galactic/ros2-linux/bin:/home/sycamore/.local/bin:/usr/local/sbin:/usr/local/bin:/usr/sbin:/usr/bin:/sbin:/bin:/usr/games:/usr/local/games:/snap/bin', 'SESSION_MANAGER': 'local/Sycamore-CentralPC:@/tmp/.ICE-unix/1960,unix/Sycamore-CentralPC:/tmp/.ICE-unix/1960', 'INVOCATION_ID': '2a1e31ba07f5401f85243b277c242c83', 'PAPERSIZE': 'a4', 'XDG_MENU_PREFIX': 'gnome-', 'LC_ADDRESS': 'en_GB.UTF-8', 'GNOME_TERMINAL_SCREEN': '/org/gnome/Terminal/screen/abc859f7_9b39_4442_a831_9375ca414ae6', 'XDG_RUNTIME_DIR': '/run/user/1000', 'DISPLAY': ':0', 'LANG': 'en_GB.UTF-8', 'XDG_CURRENT_DESKTOP': 'ubuntu:GNOME', 'LC_TELEPHONE': 'en_GB.UTF-8', 'XMODIFIERS': '@im=ibus', 'XDG_SESSION_DESKTOP': 'ubuntu', 'XAUTHORITY': '/run/user/1000/gdm/Xauthority', 'GNOME_TERMINAL_SERVICE': ':1.4157', 'SSH_AUTH_SOCK': '/run/user/1000/keyring/ssh', 'AMENT_PREFIX_PATH': '/home/sycamore/Syca_ws/install:/home/sycamore/ros2_galactic/ros2-linux', 'SHELL': '/bin/bash', 'LC_NAME': 'en_GB.UTF-8', 'QT_ACCESSIBILITY': '1', 'GDMSESSION': 'ubuntu', 'LC_MEASUREMENT': 'en_GB.UTF-8', 'GPG_AGENT_INFO': '/run/user/1000/gnupg/S.gpg-agent:0:1', 'GJS_DEBUG_OUTPUT': 'stderr', 'LC_IDENTIFICATION': 'en_GB.UTF-8', 'QT_IM_MODULE': 'ibus', 'PWD': '/home/sycamore/Syca_ws/build/central_pc', 'XDG_CONFIG_DIRS': '/etc/xdg/xdg-ubuntu:/etc/xdg', 'XDG_DATA_DIRS': '/usr/share/ubuntu:/usr/local/share/:/usr/share/:/var/lib/snapd/desktop', 'PYTHONPATH': '/home/sycamore/Syca_ws/install/lib/python3.8/site-packages:/home/sycamore/Syca_ws/install/lib/python3.8/site-packages:/home/sycamore/ros2_galactic/ros2-linux/lib/python3.8/site-packages', 'LC_NUMERIC': 'en_GB.UTF-8', 'LC_PAPER': 'en_GB.UTF-8', 'COLCON': '1', 'VTE_VERSION': '6003', 'CMAKE_PREFIX_PATH': '/home/sycamore/Syca_ws/install:/home/sycamore/ros2_galactic/ros2-linux'}, 'shell': False}
[0.700250] (-) TimerEvent: {}
[0.787783] (central_pc) StdoutLine: {'line': b'running egg_info\n'}
[0.788121] (central_pc) StdoutLine: {'line': b'writing ../../build/central_pc/central_pc.egg-info/PKG-INFO\n'}
[0.788253] (central_pc) StdoutLine: {'line': b'writing dependency_links to ../../build/central_pc/central_pc.egg-info/dependency_links.txt\n'}
[0.788410] (central_pc) StdoutLine: {'line': b'writing entry points to ../../build/central_pc/central_pc.egg-info/entry_points.txt\n'}
[0.788482] (central_pc) StdoutLine: {'line': b'writing requirements to ../../build/central_pc/central_pc.egg-info/requires.txt\n'}
[0.788645] (central_pc) StdoutLine: {'line': b'writing top-level names to ../../build/central_pc/central_pc.egg-info/top_level.txt\n'}
[0.788714] (jetbot) StdoutLine: {'line': b'running egg_info\n'}
[0.788899] (jetbot) StdoutLine: {'line': b'writing ../../build/jetbot/jetbot.egg-info/PKG-INFO\n'}
[0.789079] (jetbot) StdoutLine: {'line': b'writing dependency_links to ../../build/jetbot/jetbot.egg-info/dependency_links.txt\n'}
[0.789164] (jetbot) StdoutLine: {'line': b'writing entry points to ../../build/jetbot/jetbot.egg-info/entry_points.txt\n'}
[0.789243] (jetbot) StdoutLine: {'line': b'writing requirements to ../../build/jetbot/jetbot.egg-info/requires.txt\n'}
[0.789319] (jetbot) StdoutLine: {'line': b'writing top-level names to ../../build/jetbot/jetbot.egg-info/top_level.txt\n'}
[0.800339] (-) TimerEvent: {}
[0.810259] (central_pc) StdoutLine: {'line': b"reading manifest file '../../build/central_pc/central_pc.egg-info/SOURCES.txt'\n"}
[0.810825] (central_pc) StdoutLine: {'line': b"writing manifest file '../../build/central_pc/central_pc.egg-info/SOURCES.txt'\n"}
[0.810893] (central_pc) StdoutLine: {'line': b'running build\n'}
[0.810941] (central_pc) StdoutLine: {'line': b'running build_py\n'}
[0.811106] (central_pc) StdoutLine: {'line': b'running install\n'}
[0.811493] (jetbot) StdoutLine: {'line': b"reading manifest file '../../build/jetbot/jetbot.egg-info/SOURCES.txt'\n"}
[0.811629] (central_pc) StdoutLine: {'line': b'running install_lib\n'}
[0.812079] (jetbot) StdoutLine: {'line': b"writing manifest file '../../build/jetbot/jetbot.egg-info/SOURCES.txt'\n"}
[0.812147] (jetbot) StdoutLine: {'line': b'running build\n'}
[0.812203] (jetbot) StdoutLine: {'line': b'running build_py\n'}
[0.812283] (jetbot) StdoutLine: {'line': b'copying jetbot/jb_start.py -> /home/sycamore/Syca_ws/build/jetbot/build/lib/jetbot\n'}
[0.812449] (jetbot) StdoutLine: {'line': b'running install\n'}
[0.812495] (central_pc) StdoutLine: {'line': b'running install_data\n'}
[0.812714] (central_pc) StdoutLine: {'line': b'running install_egg_info\n'}
[0.812838] (jetbot) StdoutLine: {'line': b'running install_lib\n'}
[0.813418] (jetbot) StdoutLine: {'line': b'copying /home/sycamore/Syca_ws/build/jetbot/build/lib/jetbot/jb_start.py -> /home/sycamore/Syca_ws/install/lib/python3.8/site-packages/jetbot\n'}
[0.813648] (central_pc) StdoutLine: {'line': b"removing '/home/sycamore/Syca_ws/install/lib/python3.8/site-packages/central_pc-0.0.0-py3.8.egg-info' (and everything under it)\n"}
[0.813740] (jetbot) StdoutLine: {'line': b'byte-compiling /home/sycamore/Syca_ws/install/lib/python3.8/site-packages/jetbot/jb_start.py to jb_start.cpython-38.pyc\n'}
[0.813786] (central_pc) StdoutLine: {'line': b'Copying ../../build/central_pc/central_pc.egg-info to /home/sycamore/Syca_ws/install/lib/python3.8/site-packages/central_pc-0.0.0-py3.8.egg-info\n'}
[0.814426] (central_pc) StdoutLine: {'line': b'running install_scripts\n'}
[0.814911] (jetbot) StdoutLine: {'line': b'running install_data\n'}
[0.815214] (jetbot) StdoutLine: {'line': b'running install_egg_info\n'}
[0.816134] (jetbot) StdoutLine: {'line': b"removing '/home/sycamore/Syca_ws/install/lib/python3.8/site-packages/jetbot-0.0.0-py3.8.egg-info' (and everything under it)\n"}
[0.816300] (jetbot) StdoutLine: {'line': b'Copying ../../build/jetbot/jetbot.egg-info to /home/sycamore/Syca_ws/install/lib/python3.8/site-packages/jetbot-0.0.0-py3.8.egg-info\n'}
[0.816792] (jetbot) StdoutLine: {'line': b'running install_scripts\n'}
[0.824797] (central_pc) StdoutLine: {'line': b'Installing centralPC script to /home/sycamore/Syca_ws/install/lib/central_pc\n'}
[0.825020] (central_pc) StdoutLine: {'line': b"writing list of installed files to '/home/sycamore/Syca_ws/build/central_pc/install.log'\n"}
[0.827520] (jetbot) StdoutLine: {'line': b'Installing start script to /home/sycamore/Syca_ws/install/lib/jetbot\n'}
[0.827766] (jetbot) StdoutLine: {'line': b"writing list of installed files to '/home/sycamore/Syca_ws/build/jetbot/install.log'\n"}
[0.838715] (central_pc) CommandEnded: {'returncode': 0}
[0.845472] (central_pc) JobEnded: {'identifier': 'central_pc', 'rc': 0}
[0.846623] (jetbot) CommandEnded: {'returncode': 0}
[0.852766] (jetbot) JobEnded: {'identifier': 'jetbot', 'rc': 0}
[0.853195] (-) EventReactorShutdown: {}
