/home/sycamore/Syca_ws/install/lib/python3.8/site-packages/jetbot/jb_main.py
/home/sycamore/Syca_ws/install/lib/python3.8/site-packages/jetbot/jb_utils.py
/home/sycamore/Syca_ws/install/lib/python3.8/site-packages/jetbot/jb_control.py
/home/sycamore/Syca_ws/install/lib/python3.8/site-packages/jetbot/__init__.py
/home/sycamore/Syca_ws/install/lib/python3.8/site-packages/jetbot/motors_waveshare.py
/home/sycamore/Syca_ws/install/lib/python3.8/site-packages/jetbot/motors.py
/home/sycamore/Syca_ws/install/lib/python3.8/site-packages/jetbot/__pycache__/jb_main.cpython-38.pyc
/home/sycamore/Syca_ws/install/lib/python3.8/site-packages/jetbot/__pycache__/jb_utils.cpython-38.pyc
/home/sycamore/Syca_ws/install/lib/python3.8/site-packages/jetbot/__pycache__/jb_control.cpython-38.pyc
/home/sycamore/Syca_ws/install/lib/python3.8/site-packages/jetbot/__pycache__/__init__.cpython-38.pyc
/home/sycamore/Syca_ws/install/lib/python3.8/site-packages/jetbot/__pycache__/motors_waveshare.cpython-38.pyc
/home/sycamore/Syca_ws/install/lib/python3.8/site-packages/jetbot/__pycache__/motors.cpython-38.pyc
/home/sycamore/Syca_ws/install/share/ament_index/resource_index/packages/jetbot
/home/sycamore/Syca_ws/install/share/jetbot/package.xml
/home/sycamore/Syca_ws/install/share/jetbot/init.launch.py
/home/sycamore/Syca_ws/install/lib/python3.8/site-packages/jetbot-0.0.0-py3.8.egg-info/top_level.txt
/home/sycamore/Syca_ws/install/lib/python3.8/site-packages/jetbot-0.0.0-py3.8.egg-info/dependency_links.txt
/home/sycamore/Syca_ws/install/lib/python3.8/site-packages/jetbot-0.0.0-py3.8.egg-info/zip-safe
/home/sycamore/Syca_ws/install/lib/python3.8/site-packages/jetbot-0.0.0-py3.8.egg-info/SOURCES.txt
/home/sycamore/Syca_ws/install/lib/python3.8/site-packages/jetbot-0.0.0-py3.8.egg-info/PKG-INFO
/home/sycamore/Syca_ws/install/lib/python3.8/site-packages/jetbot-0.0.0-py3.8.egg-info/entry_points.txt
/home/sycamore/Syca_ws/install/lib/python3.8/site-packages/jetbot-0.0.0-py3.8.egg-info/requires.txt
/home/sycamore/Syca_ws/install/lib/jetbot/motors
/home/sycamore/Syca_ws/install/lib/jetbot/start
