[0.000000] (-) TimerEvent: {}
[0.000075] (-) JobUnselected: {'identifier': 'basic_pub'}
[0.000095] (-) JobUnselected: {'identifier': 'central_pc'}
[0.000111] (-) JobUnselected: {'identifier': 'jetbot_actions'}
[0.000128] (-) JobUnselected: {'identifier': 'jetbot_ros2'}
[0.000145] (-) JobUnselected: {'identifier': 'opti_track'}
[0.000164] (-) JobUnselected: {'identifier': 'py_basicsub'}
[0.000180] (-) JobUnselected: {'identifier': 'teleop'}
[0.000195] (interfaces) JobQueued: {'identifier': 'interfaces', 'dependencies': OrderedDict()}
[0.000210] (interfaces) JobStarted: {'identifier': 'interfaces'}
[0.008581] (interfaces) JobProgress: {'identifier': 'interfaces', 'progress': 'cmake'}
[0.009188] (interfaces) Command: {'cmd': ['/usr/bin/cmake', '/home/sycamore/Syca_ws/src/interfaces', '-DCMAKE_INSTALL_PREFIX=/home/sycamore/Syca_ws/install'], 'cwd': '/home/sycamore/Syca_ws/build/interfaces', 'env': OrderedDict([('GJS_DEBUG_TOPICS', 'JS ERROR;JS LOG'), ('LANGUAGE', 'en_GB:en'), ('USER', 'sycamore'), ('LC_TIME', 'en_GB.UTF-8'), ('SSH_AGENT_PID', '1922'), ('XDG_SESSION_TYPE', 'x11'), ('SHLVL', '1'), ('LD_LIBRARY_PATH', '/home/sycamore/ros2_galactic/ros2-linux/opt/yaml_cpp_vendor/lib:/home/sycamore/ros2_galactic/ros2-linux/opt/rviz_ogre_vendor/lib:/home/sycamore/ros2_galactic/ros2-linux/lib'), ('HOME', '/home/sycamore'), ('OLDPWD', '/home/sycamore'), ('DESKTOP_SESSION', 'ubuntu'), ('ROS_PYTHON_VERSION', '3'), ('GNOME_SHELL_SESSION_MODE', 'ubuntu'), ('GTK_MODULES', 'gail:atk-bridge'), ('LC_MONETARY', 'en_GB.UTF-8'), ('MANAGERPID', '1745'), ('DBUS_SESSION_BUS_ADDRESS', 'unix:path=/run/user/1000/bus'), ('COLORTERM', 'truecolor'), ('IM_CONFIG_PHASE', '1'), ('COLCON_PREFIX_PATH', '/home/sycamore/ros2_galactic/ros2-linux'), ('ROS_DISTRO', 'galactic'), ('LOGNAME', 'sycamore'), ('JOURNAL_STREAM', '8:50103'), ('_', '/usr/bin/colcon'), ('ROS_VERSION', '2'), ('PKG_CONFIG_PATH', '/home/sycamore/ros2_galactic/ros2-linux/lib/x86_64-linux-gnu/pkgconfig:/home/sycamore/ros2_galactic/ros2-linux/lib/pkgconfig'), ('XDG_SESSION_CLASS', 'user'), ('USERNAME', 'sycamore'), ('TERM', 'xterm-256color'), ('GNOME_DESKTOP_SESSION_ID', 'this-is-deprecated'), ('ROS_LOCALHOST_ONLY', '0'), ('WINDOWPATH', '2'), ('PATH', '/home/sycamore/ros2_galactic/ros2-linux/bin:/home/sycamore/.local/bin:/usr/local/sbin:/usr/local/bin:/usr/sbin:/usr/bin:/sbin:/bin:/usr/games:/usr/local/games:/snap/bin'), ('SESSION_MANAGER', 'local/Sycamore-CentralPC:@/tmp/.ICE-unix/1960,unix/Sycamore-CentralPC:/tmp/.ICE-unix/1960'), ('INVOCATION_ID', '2a1e31ba07f5401f85243b277c242c83'), ('PAPERSIZE', 'a4'), ('XDG_MENU_PREFIX', 'gnome-'), ('LC_ADDRESS', 'en_GB.UTF-8'), ('GNOME_TERMINAL_SCREEN', '/org/gnome/Terminal/screen/ad1d4262_6e0c_41e9_9108_683733cd4987'), ('XDG_RUNTIME_DIR', '/run/user/1000'), ('DISPLAY', ':0'), ('LANG', 'en_GB.UTF-8'), ('XDG_CURRENT_DESKTOP', 'ubuntu:GNOME'), ('LC_TELEPHONE', 'en_GB.UTF-8'), ('XMODIFIERS', '@im=ibus'), ('XDG_SESSION_DESKTOP', 'ubuntu'), ('XAUTHORITY', '/run/user/1000/gdm/Xauthority'), ('GNOME_TERMINAL_SERVICE', ':1.2499'), ('SSH_AUTH_SOCK', '/run/user/1000/keyring/ssh'), ('AMENT_PREFIX_PATH', '/home/sycamore/ros2_galactic/ros2-linux'), ('SHELL', '/bin/bash'), ('LC_NAME', 'en_GB.UTF-8'), ('QT_ACCESSIBILITY', '1'), ('GDMSESSION', 'ubuntu'), ('LC_MEASUREMENT', 'en_GB.UTF-8'), ('GPG_AGENT_INFO', '/run/user/1000/gnupg/S.gpg-agent:0:1'), ('GJS_DEBUG_OUTPUT', 'stderr'), ('LC_IDENTIFICATION', 'en_GB.UTF-8'), ('QT_IM_MODULE', 'ibus'), ('PWD', '/home/sycamore/Syca_ws/build/interfaces'), ('XDG_CONFIG_DIRS', '/etc/xdg/xdg-ubuntu:/etc/xdg'), ('XDG_DATA_DIRS', '/usr/share/ubuntu:/usr/local/share/:/usr/share/:/var/lib/snapd/desktop'), ('PYTHONPATH', '/home/sycamore/ros2_galactic/ros2-linux/lib/python3.8/site-packages'), ('LC_NUMERIC', 'en_GB.UTF-8'), ('LC_PAPER', 'en_GB.UTF-8'), ('COLCON', '1'), ('VTE_VERSION', '6003'), ('CMAKE_PREFIX_PATH', '/home/sycamore/ros2_galactic/ros2-linux')]), 'shell': False}
[0.019810] (interfaces) StdoutLine: {'line': b'-- Found ament_cmake: 1.1.4 (/home/sycamore/ros2_galactic/ros2-linux/share/ament_cmake/cmake)\n'}
[0.033608] (interfaces) StdoutLine: {'line': b'-- Found PythonInterp: /usr/bin/python3 (found suitable version "3.8.10", minimum required is "3") \n'}
[0.033740] (interfaces) StdoutLine: {'line': b'-- Using PYTHON_EXECUTABLE: /usr/bin/python3\n'}
[0.071754] (interfaces) StdoutLine: {'line': b'-- Found rosidl_default_generators: 1.1.1 (/home/sycamore/ros2_galactic/ros2-linux/share/rosidl_default_generators/cmake)\n'}
[0.072980] (interfaces) StdoutLine: {'line': b'-- Using all available rosidl_typesupport_c: rosidl_typesupport_fastrtps_c;rosidl_typesupport_introspection_c\n'}
[0.075297] (interfaces) StdoutLine: {'line': b'-- Found rosidl_adapter: 2.2.1 (/home/sycamore/ros2_galactic/ros2-linux/share/rosidl_adapter/cmake)\n'}
[0.099492] (-) TimerEvent: {}
[0.159691] (interfaces) StdoutLine: {'line': b'-- Using all available rosidl_typesupport_cpp: rosidl_typesupport_fastrtps_cpp;rosidl_typesupport_introspection_cpp\n'}
[0.188132] (interfaces) StdoutLine: {'line': b'-- Found PythonInterp: /usr/bin/python3 (found version "3.8.10") \n'}
[0.199588] (-) TimerEvent: {}
[0.252857] (interfaces) StderrLine: {'line': b'CMake Error at /home/sycamore/ros2_galactic/ros2-linux/share/rosidl_cmake/cmake/rosidl_generate_interfaces.cmake:229 (message):\n'}
[0.252982] (interfaces) StderrLine: {'line': b'  Packages installing interfaces must include\n'}
[0.253034] (interfaces) StderrLine: {'line': b"  '<member_of_group>rosidl_interface_packages</member_of_group>' in their\n"}
[0.253081] (interfaces) StderrLine: {'line': b'  package.xml\n'}
[0.253125] (interfaces) StderrLine: {'line': b'Call Stack (most recent call first):\n'}
[0.253168] (interfaces) StderrLine: {'line': b'  CMakeLists.txt:19 (rosidl_generate_interfaces)\n'}
[0.253211] (interfaces) StderrLine: {'line': b'\n'}
[0.253254] (interfaces) StderrLine: {'line': b'\n'}
[0.253536] (interfaces) StdoutLine: {'line': b'-- Configuring incomplete, errors occurred!\n'}
[0.253608] (interfaces) StdoutLine: {'line': b'See also "/home/sycamore/Syca_ws/build/interfaces/CMakeFiles/CMakeOutput.log".\n'}
[0.257154] (interfaces) CommandEnded: {'returncode': 1}
[0.276333] (interfaces) JobEnded: {'identifier': 'interfaces', 'rc': 1}
[0.286913] (-) EventReactorShutdown: {}
