running egg_info
creating ../../build/central_pc/central_pc.egg-info
writing ../../build/central_pc/central_pc.egg-info/PKG-INFO
writing dependency_links to ../../build/central_pc/central_pc.egg-info/dependency_links.txt
writing entry points to ../../build/central_pc/central_pc.egg-info/entry_points.txt
writing requirements to ../../build/central_pc/central_pc.egg-info/requires.txt
writing top-level names to ../../build/central_pc/central_pc.egg-info/top_level.txt
writing manifest file '../../build/central_pc/central_pc.egg-info/SOURCES.txt'
reading manifest file '../../build/central_pc/central_pc.egg-info/SOURCES.txt'
writing manifest file '../../build/central_pc/central_pc.egg-info/SOURCES.txt'
running build
running build_py
creating /home/sycamore/Syca_ws/build/central_pc/build
creating /home/sycamore/Syca_ws/build/central_pc/build/lib
creating /home/sycamore/Syca_ws/build/central_pc/build/lib/central_pc
copying central_pc/task_service.py -> /home/sycamore/Syca_ws/build/central_pc/build/lib/central_pc
copying central_pc/__init__.py -> /home/sycamore/Syca_ws/build/central_pc/build/lib/central_pc
copying central_pc/initialise.py -> /home/sycamore/Syca_ws/build/central_pc/build/lib/central_pc
copying central_pc/util.py -> /home/sycamore/Syca_ws/build/central_pc/build/lib/central_pc
copying central_pc/centralPC.py -> /home/sycamore/Syca_ws/build/central_pc/build/lib/central_pc
copying central_pc/OptiTrack_sub.py -> /home/sycamore/Syca_ws/build/central_pc/build/lib/central_pc
running install
running install_lib
creating /home/sycamore/Syca_ws/install/lib/python3.8/site-packages/central_pc
copying /home/sycamore/Syca_ws/build/central_pc/build/lib/central_pc/task_service.py -> /home/sycamore/Syca_ws/install/lib/python3.8/site-packages/central_pc
copying /home/sycamore/Syca_ws/build/central_pc/build/lib/central_pc/__init__.py -> /home/sycamore/Syca_ws/install/lib/python3.8/site-packages/central_pc
copying /home/sycamore/Syca_ws/build/central_pc/build/lib/central_pc/initialise.py -> /home/sycamore/Syca_ws/install/lib/python3.8/site-packages/central_pc
copying /home/sycamore/Syca_ws/build/central_pc/build/lib/central_pc/util.py -> /home/sycamore/Syca_ws/install/lib/python3.8/site-packages/central_pc
copying /home/sycamore/Syca_ws/build/central_pc/build/lib/central_pc/centralPC.py -> /home/sycamore/Syca_ws/install/lib/python3.8/site-packages/central_pc
copying /home/sycamore/Syca_ws/build/central_pc/build/lib/central_pc/OptiTrack_sub.py -> /home/sycamore/Syca_ws/install/lib/python3.8/site-packages/central_pc
byte-compiling /home/sycamore/Syca_ws/install/lib/python3.8/site-packages/central_pc/task_service.py to task_service.cpython-38.pyc
byte-compiling /home/sycamore/Syca_ws/install/lib/python3.8/site-packages/central_pc/__init__.py to __init__.cpython-38.pyc
byte-compiling /home/sycamore/Syca_ws/install/lib/python3.8/site-packages/central_pc/initialise.py to initialise.cpython-38.pyc
byte-compiling /home/sycamore/Syca_ws/install/lib/python3.8/site-packages/central_pc/util.py to util.cpython-38.pyc
byte-compiling /home/sycamore/Syca_ws/install/lib/python3.8/site-packages/central_pc/centralPC.py to centralPC.cpython-38.pyc
byte-compiling /home/sycamore/Syca_ws/install/lib/python3.8/site-packages/central_pc/OptiTrack_sub.py to OptiTrack_sub.cpython-38.pyc
running install_data
copying resource/central_pc -> /home/sycamore/Syca_ws/install/share/ament_index/resource_index/packages
copying package.xml -> /home/sycamore/Syca_ws/install/share/central_pc
running install_egg_info
Copying ../../build/central_pc/central_pc.egg-info to /home/sycamore/Syca_ws/install/lib/python3.8/site-packages/central_pc-0.0.0-py3.8.egg-info
running install_scripts
Installing centralPC script to /home/sycamore/Syca_ws/install/lib/central_pc
Installing get_optiPos script to /home/sycamore/Syca_ws/install/lib/central_pc
writing list of installed files to '/home/sycamore/Syca_ws/build/central_pc/install.log'
