[0.491s] Invoking command in '/home/sycamore/Syca_ws/src/central_pc': PYTHONPATH=/home/sycamore/Syca_ws/install/lib/python3.8/site-packages:${PYTHONPATH} /usr/bin/python3 setup.py egg_info --egg-base ../../build/central_pc build --build-base /home/sycamore/Syca_ws/build/central_pc/build install --prefix /home/sycamore/Syca_ws/install --record /home/sycamore/Syca_ws/build/central_pc/install.log --single-version-externally-managed
[0.636s] running egg_info
[0.636s] creating ../../build/central_pc/central_pc.egg-info
[0.636s] writing ../../build/central_pc/central_pc.egg-info/PKG-INFO
[0.636s] writing dependency_links to ../../build/central_pc/central_pc.egg-info/dependency_links.txt
[0.636s] writing entry points to ../../build/central_pc/central_pc.egg-info/entry_points.txt
[0.637s] writing requirements to ../../build/central_pc/central_pc.egg-info/requires.txt
[0.637s] writing top-level names to ../../build/central_pc/central_pc.egg-info/top_level.txt
[0.643s] writing manifest file '../../build/central_pc/central_pc.egg-info/SOURCES.txt'
[0.679s] reading manifest file '../../build/central_pc/central_pc.egg-info/SOURCES.txt'
[0.680s] writing manifest file '../../build/central_pc/central_pc.egg-info/SOURCES.txt'
[0.680s] running build
[0.680s] running build_py
[0.680s] creating /home/sycamore/Syca_ws/build/central_pc/build
[0.680s] creating /home/sycamore/Syca_ws/build/central_pc/build/lib
[0.681s] creating /home/sycamore/Syca_ws/build/central_pc/build/lib/central_pc
[0.681s] copying central_pc/task_service.py -> /home/sycamore/Syca_ws/build/central_pc/build/lib/central_pc
[0.681s] copying central_pc/__init__.py -> /home/sycamore/Syca_ws/build/central_pc/build/lib/central_pc
[0.681s] copying central_pc/initialise.py -> /home/sycamore/Syca_ws/build/central_pc/build/lib/central_pc
[0.681s] copying central_pc/util.py -> /home/sycamore/Syca_ws/build/central_pc/build/lib/central_pc
[0.681s] copying central_pc/centralPC.py -> /home/sycamore/Syca_ws/build/central_pc/build/lib/central_pc
[0.681s] copying central_pc/OptiTrack_sub.py -> /home/sycamore/Syca_ws/build/central_pc/build/lib/central_pc
[0.681s] running install
[0.681s] running install_lib
[0.682s] creating /home/sycamore/Syca_ws/install/lib/python3.8/site-packages/central_pc
[0.682s] copying /home/sycamore/Syca_ws/build/central_pc/build/lib/central_pc/task_service.py -> /home/sycamore/Syca_ws/install/lib/python3.8/site-packages/central_pc
[0.682s] copying /home/sycamore/Syca_ws/build/central_pc/build/lib/central_pc/__init__.py -> /home/sycamore/Syca_ws/install/lib/python3.8/site-packages/central_pc
[0.682s] copying /home/sycamore/Syca_ws/build/central_pc/build/lib/central_pc/initialise.py -> /home/sycamore/Syca_ws/install/lib/python3.8/site-packages/central_pc
[0.682s] copying /home/sycamore/Syca_ws/build/central_pc/build/lib/central_pc/util.py -> /home/sycamore/Syca_ws/install/lib/python3.8/site-packages/central_pc
[0.682s] copying /home/sycamore/Syca_ws/build/central_pc/build/lib/central_pc/centralPC.py -> /home/sycamore/Syca_ws/install/lib/python3.8/site-packages/central_pc
[0.682s] copying /home/sycamore/Syca_ws/build/central_pc/build/lib/central_pc/OptiTrack_sub.py -> /home/sycamore/Syca_ws/install/lib/python3.8/site-packages/central_pc
[0.682s] byte-compiling /home/sycamore/Syca_ws/install/lib/python3.8/site-packages/central_pc/task_service.py to task_service.cpython-38.pyc
[0.683s] byte-compiling /home/sycamore/Syca_ws/install/lib/python3.8/site-packages/central_pc/__init__.py to __init__.cpython-38.pyc
[0.683s] byte-compiling /home/sycamore/Syca_ws/install/lib/python3.8/site-packages/central_pc/initialise.py to initialise.cpython-38.pyc
[0.683s] byte-compiling /home/sycamore/Syca_ws/install/lib/python3.8/site-packages/central_pc/util.py to util.cpython-38.pyc
[0.683s] byte-compiling /home/sycamore/Syca_ws/install/lib/python3.8/site-packages/central_pc/centralPC.py to centralPC.cpython-38.pyc
[0.684s] byte-compiling /home/sycamore/Syca_ws/install/lib/python3.8/site-packages/central_pc/OptiTrack_sub.py to OptiTrack_sub.cpython-38.pyc
[0.684s] running install_data
[0.684s]   File "/home/sycamore/Syca_ws/install/lib/python3.8/site-packages/central_pc/OptiTrack_sub.py", line 12
[0.684s]     if jbType == 'waveshare'
[0.684s]                            ^
[0.684s] SyntaxError: invalid syntax
[0.684s] 
[0.684s] copying resource/central_pc -> /home/sycamore/Syca_ws/install/share/ament_index/resource_index/packages
[0.684s] copying package.xml -> /home/sycamore/Syca_ws/install/share/central_pc
[0.684s] running install_egg_info
[0.685s] Copying ../../build/central_pc/central_pc.egg-info to /home/sycamore/Syca_ws/install/lib/python3.8/site-packages/central_pc-0.0.0-py3.8.egg-info
[0.686s] running install_scripts
[0.696s] Installing centralPC script to /home/sycamore/Syca_ws/install/lib/central_pc
[0.696s] Installing get_optiPos script to /home/sycamore/Syca_ws/install/lib/central_pc
[0.696s] writing list of installed files to '/home/sycamore/Syca_ws/build/central_pc/install.log'
[0.706s] Invoked command in '/home/sycamore/Syca_ws/src/central_pc' returned '0': PYTHONPATH=/home/sycamore/Syca_ws/install/lib/python3.8/site-packages:${PYTHONPATH} /usr/bin/python3 setup.py egg_info --egg-base ../../build/central_pc build --build-base /home/sycamore/Syca_ws/build/central_pc/build install --prefix /home/sycamore/Syca_ws/install --record /home/sycamore/Syca_ws/build/central_pc/install.log --single-version-externally-managed
