running egg_info
creating ../../build/teleop/teleop.egg-info
writing ../../build/teleop/teleop.egg-info/PKG-INFO
writing dependency_links to ../../build/teleop/teleop.egg-info/dependency_links.txt
writing entry points to ../../build/teleop/teleop.egg-info/entry_points.txt
writing requirements to ../../build/teleop/teleop.egg-info/requires.txt
writing top-level names to ../../build/teleop/teleop.egg-info/top_level.txt
writing manifest file '../../build/teleop/teleop.egg-info/SOURCES.txt'
reading manifest file '../../build/teleop/teleop.egg-info/SOURCES.txt'
writing manifest file '../../build/teleop/teleop.egg-info/SOURCES.txt'
running build
running build_py
creating /home/sycamore/Syca_ws/build/teleop/build
creating /home/sycamore/Syca_ws/build/teleop/build/lib
creating /home/sycamore/Syca_ws/build/teleop/build/lib/teleop
copying teleop/teleop_keyboard.py -> /home/sycamore/Syca_ws/build/teleop/build/lib/teleop
copying teleop/__init__.py -> /home/sycamore/Syca_ws/build/teleop/build/lib/teleop
running install
running install_lib
creating /home/sycamore/Syca_ws/install/lib/python3.8/site-packages/teleop
copying /home/sycamore/Syca_ws/build/teleop/build/lib/teleop/teleop_keyboard.py -> /home/sycamore/Syca_ws/install/lib/python3.8/site-packages/teleop
copying /home/sycamore/Syca_ws/build/teleop/build/lib/teleop/__init__.py -> /home/sycamore/Syca_ws/install/lib/python3.8/site-packages/teleop
byte-compiling /home/sycamore/Syca_ws/install/lib/python3.8/site-packages/teleop/teleop_keyboard.py to teleop_keyboard.cpython-38.pyc
byte-compiling /home/sycamore/Syca_ws/install/lib/python3.8/site-packages/teleop/__init__.py to __init__.cpython-38.pyc
running install_data
copying resource/teleop -> /home/sycamore/Syca_ws/install/share/ament_index/resource_index/packages
copying package.xml -> /home/sycamore/Syca_ws/install/share/teleop
running install_egg_info
Copying ../../build/teleop/teleop.egg-info to /home/sycamore/Syca_ws/install/lib/python3.8/site-packages/teleop-0.0.0-py3.8.egg-info
running install_scripts
Installing teleop script to /home/sycamore/Syca_ws/install/lib/teleop
writing list of installed files to '/home/sycamore/Syca_ws/build/teleop/install.log'
