[0.794s] Invoking command in '/home/sycamore/Syca_ws/src/teleop': PYTHONPATH=/home/sycamore/Syca_ws/install/lib/python3.8/site-packages:${PYTHONPATH} /usr/bin/python3 setup.py egg_info --egg-base ../../build/teleop build --build-base /home/sycamore/Syca_ws/build/teleop/build install --prefix /home/sycamore/Syca_ws/install --record /home/sycamore/Syca_ws/build/teleop/install.log --single-version-externally-managed
[0.945s] running egg_info
[0.945s] creating ../../build/teleop/teleop.egg-info
[0.946s] writing ../../build/teleop/teleop.egg-info/PKG-INFO
[0.946s] writing dependency_links to ../../build/teleop/teleop.egg-info/dependency_links.txt
[0.946s] writing entry points to ../../build/teleop/teleop.egg-info/entry_points.txt
[0.946s] writing requirements to ../../build/teleop/teleop.egg-info/requires.txt
[0.946s] writing top-level names to ../../build/teleop/teleop.egg-info/top_level.txt
[0.947s] writing manifest file '../../build/teleop/teleop.egg-info/SOURCES.txt'
[0.968s] reading manifest file '../../build/teleop/teleop.egg-info/SOURCES.txt'
[0.969s] writing manifest file '../../build/teleop/teleop.egg-info/SOURCES.txt'
[0.969s] running build
[0.969s] running build_py
[0.970s] creating /home/sycamore/Syca_ws/build/teleop/build
[0.970s] creating /home/sycamore/Syca_ws/build/teleop/build/lib
[0.970s] creating /home/sycamore/Syca_ws/build/teleop/build/lib/teleop
[0.970s] copying teleop/teleop_keyboard.py -> /home/sycamore/Syca_ws/build/teleop/build/lib/teleop
[0.970s] copying teleop/__init__.py -> /home/sycamore/Syca_ws/build/teleop/build/lib/teleop
[0.970s] running install
[0.970s] running install_lib
[0.971s] creating /home/sycamore/Syca_ws/install/lib/python3.8/site-packages/teleop
[0.971s] copying /home/sycamore/Syca_ws/build/teleop/build/lib/teleop/teleop_keyboard.py -> /home/sycamore/Syca_ws/install/lib/python3.8/site-packages/teleop
[0.971s] copying /home/sycamore/Syca_ws/build/teleop/build/lib/teleop/__init__.py -> /home/sycamore/Syca_ws/install/lib/python3.8/site-packages/teleop
[0.971s] byte-compiling /home/sycamore/Syca_ws/install/lib/python3.8/site-packages/teleop/teleop_keyboard.py to teleop_keyboard.cpython-38.pyc
[0.976s] byte-compiling /home/sycamore/Syca_ws/install/lib/python3.8/site-packages/teleop/__init__.py to __init__.cpython-38.pyc
[0.976s] running install_data
[0.976s] copying resource/teleop -> /home/sycamore/Syca_ws/install/share/ament_index/resource_index/packages
[0.977s] copying package.xml -> /home/sycamore/Syca_ws/install/share/teleop
[0.977s] running install_egg_info
[0.977s] Copying ../../build/teleop/teleop.egg-info to /home/sycamore/Syca_ws/install/lib/python3.8/site-packages/teleop-0.0.0-py3.8.egg-info
[0.977s] running install_scripts
[0.985s] Installing teleop script to /home/sycamore/Syca_ws/install/lib/teleop
[0.986s] writing list of installed files to '/home/sycamore/Syca_ws/build/teleop/install.log'
[1.003s] Invoked command in '/home/sycamore/Syca_ws/src/teleop' returned '0': PYTHONPATH=/home/sycamore/Syca_ws/install/lib/python3.8/site-packages:${PYTHONPATH} /usr/bin/python3 setup.py egg_info --egg-base ../../build/teleop build --build-base /home/sycamore/Syca_ws/build/teleop/build install --prefix /home/sycamore/Syca_ws/install --record /home/sycamore/Syca_ws/build/teleop/install.log --single-version-externally-managed
