running egg_info
creating ../../build/opti_track/opti_track.egg-info
writing ../../build/opti_track/opti_track.egg-info/PKG-INFO
writing dependency_links to ../../build/opti_track/opti_track.egg-info/dependency_links.txt
writing entry points to ../../build/opti_track/opti_track.egg-info/entry_points.txt
writing requirements to ../../build/opti_track/opti_track.egg-info/requires.txt
writing top-level names to ../../build/opti_track/opti_track.egg-info/top_level.txt
writing manifest file '../../build/opti_track/opti_track.egg-info/SOURCES.txt'
reading manifest file '../../build/opti_track/opti_track.egg-info/SOURCES.txt'
writing manifest file '../../build/opti_track/opti_track.egg-info/SOURCES.txt'
running build
running build_py
creating /home/sycamore/Syca_ws/build/opti_track/build
creating /home/sycamore/Syca_ws/build/opti_track/build/lib
creating /home/sycamore/Syca_ws/build/opti_track/build/lib/opti_track
copying opti_track/OptiTrack_link.py -> /home/sycamore/Syca_ws/build/opti_track/build/lib/opti_track
copying opti_track/__init__.py -> /home/sycamore/Syca_ws/build/opti_track/build/lib/opti_track
running install
running install_lib
creating /home/sycamore/Syca_ws/install/lib/python3.8/site-packages/opti_track
copying /home/sycamore/Syca_ws/build/opti_track/build/lib/opti_track/OptiTrack_link.py -> /home/sycamore/Syca_ws/install/lib/python3.8/site-packages/opti_track
copying /home/sycamore/Syca_ws/build/opti_track/build/lib/opti_track/__init__.py -> /home/sycamore/Syca_ws/install/lib/python3.8/site-packages/opti_track
byte-compiling /home/sycamore/Syca_ws/install/lib/python3.8/site-packages/opti_track/OptiTrack_link.py to OptiTrack_link.cpython-38.pyc
byte-compiling /home/sycamore/Syca_ws/install/lib/python3.8/site-packages/opti_track/__init__.py to __init__.cpython-38.pyc
running install_data
copying resource/opti_track -> /home/sycamore/Syca_ws/install/share/ament_index/resource_index/packages
copying package.xml -> /home/sycamore/Syca_ws/install/share/opti_track
running install_egg_info
Copying ../../build/opti_track/opti_track.egg-info to /home/sycamore/Syca_ws/install/lib/python3.8/site-packages/opti_track-0.0.0-py3.8.egg-info
running install_scripts
Installing opti_link script to /home/sycamore/Syca_ws/install/lib/opti_track
writing list of installed files to '/home/sycamore/Syca_ws/build/opti_track/install.log'
