[0.083s] DEBUG:colcon:Command line arguments: ['/usr/bin/colcon', 'build', '--merge-install']
[0.083s] DEBUG:colcon:Parsed command line arguments: Namespace(allow_overriding=[], ament_cmake_args=None, base_paths=['.'], build_base='build', catkin_cmake_args=None, catkin_skip_building_tests=False, cmake_args=None, cmake_clean_cache=False, cmake_clean_first=False, cmake_force_configure=False, cmake_target=None, cmake_target_skip_unavailable=False, continue_on_error=False, event_handlers=None, executor='parallel', ignore_user_meta=False, install_base='install', log_base=None, log_level=None, main=<bound method BuildVerb.main of <colcon_core.verb.build.BuildVerb object at 0x7ff96bbb4940>>, merge_install=True, metas=['./colcon.meta'], packages_above=None, packages_above_and_dependencies=None, packages_above_depth=None, packages_end=None, packages_ignore=None, packages_ignore_regex=None, packages_select=None, packages_select_build_failed=False, packages_select_by_dep=None, packages_select_regex=None, packages_select_test_failures=False, packages_skip=None, packages_skip_build_finished=False, packages_skip_by_dep=None, packages_skip_regex=None, packages_skip_test_passed=False, packages_skip_up_to=None, packages_start=None, packages_up_to=None, packages_up_to_regex=None, parallel_workers=20, paths=None, symlink_install=False, test_result_base=None, verb_extension=<colcon_core.verb.build.BuildVerb object at 0x7ff96bbb4940>, verb_name='build', verb_parser=<colcon_defaults.argument_parser.defaults.DefaultArgumentsDecorator object at 0x7ff96bbb4eb0>)
[0.098s] Level 1:colcon.colcon_core.package_discovery:discover_packages(colcon_meta) check parameters
[0.098s] Level 1:colcon.colcon_core.package_discovery:discover_packages(recursive) check parameters
[0.099s] Level 1:colcon.colcon_core.package_discovery:discover_packages(ignore) check parameters
[0.099s] Level 1:colcon.colcon_core.package_discovery:discover_packages(path) check parameters
[0.099s] Level 1:colcon.colcon_core.package_discovery:discover_packages(colcon_meta) discover
[0.099s] Level 1:colcon.colcon_core.package_discovery:discover_packages(recursive) discover
[0.099s] INFO:colcon.colcon_core.package_discovery:Crawling recursively for packages in '/home/sycamore/Syca_ws'
[0.099s] Level 1:colcon.colcon_core.package_identification:_identify(.) by extensions ['ignore', 'ignore_ament_install']
[0.099s] Level 1:colcon.colcon_core.package_identification:_identify(.) by extension 'ignore'
[0.099s] Level 1:colcon.colcon_core.package_identification:_identify(.) by extension 'ignore_ament_install'
[0.099s] Level 1:colcon.colcon_core.package_identification:_identify(.) by extensions ['colcon_pkg']
[0.099s] Level 1:colcon.colcon_core.package_identification:_identify(.) by extension 'colcon_pkg'
[0.099s] Level 1:colcon.colcon_core.package_identification:_identify(.) by extensions ['colcon_meta']
[0.099s] Level 1:colcon.colcon_core.package_identification:_identify(.) by extension 'colcon_meta'
[0.099s] Level 1:colcon.colcon_core.package_identification:_identify(.) by extensions ['ros']
[0.099s] Level 1:colcon.colcon_core.package_identification:_identify(.) by extension 'ros'
[0.106s] Level 1:colcon.colcon_core.package_identification:_identify(.) by extensions ['cmake', 'python']
[0.106s] Level 1:colcon.colcon_core.package_identification:_identify(.) by extension 'cmake'
[0.106s] Level 1:colcon.colcon_core.package_identification:_identify(.) by extension 'python'
[0.106s] Level 1:colcon.colcon_core.package_identification:_identify(.) by extensions ['python_setup_py']
[0.106s] Level 1:colcon.colcon_core.package_identification:_identify(.) by extension 'python_setup_py'
[0.106s] Level 1:colcon.colcon_core.package_identification:_identify(build) by extensions ['ignore', 'ignore_ament_install']
[0.106s] Level 1:colcon.colcon_core.package_identification:_identify(build) by extension 'ignore'
[0.106s] Level 1:colcon.colcon_core.package_identification:_identify(build) ignored
[0.106s] Level 1:colcon.colcon_core.package_identification:_identify(install) by extensions ['ignore', 'ignore_ament_install']
[0.106s] Level 1:colcon.colcon_core.package_identification:_identify(install) by extension 'ignore'
[0.106s] Level 1:colcon.colcon_core.package_identification:_identify(install) ignored
[0.107s] Level 1:colcon.colcon_core.package_identification:_identify(log) by extensions ['ignore', 'ignore_ament_install']
[0.107s] Level 1:colcon.colcon_core.package_identification:_identify(log) by extension 'ignore'
[0.107s] Level 1:colcon.colcon_core.package_identification:_identify(log) ignored
[0.107s] Level 1:colcon.colcon_core.package_identification:_identify(src) by extensions ['ignore', 'ignore_ament_install']
[0.107s] Level 1:colcon.colcon_core.package_identification:_identify(src) by extension 'ignore'
[0.107s] Level 1:colcon.colcon_core.package_identification:_identify(src) by extension 'ignore_ament_install'
[0.107s] Level 1:colcon.colcon_core.package_identification:_identify(src) by extensions ['colcon_pkg']
[0.107s] Level 1:colcon.colcon_core.package_identification:_identify(src) by extension 'colcon_pkg'
[0.107s] Level 1:colcon.colcon_core.package_identification:_identify(src) by extensions ['colcon_meta']
[0.107s] Level 1:colcon.colcon_core.package_identification:_identify(src) by extension 'colcon_meta'
[0.107s] Level 1:colcon.colcon_core.package_identification:_identify(src) by extensions ['ros']
[0.107s] Level 1:colcon.colcon_core.package_identification:_identify(src) by extension 'ros'
[0.107s] Level 1:colcon.colcon_core.package_identification:_identify(src) by extensions ['cmake', 'python']
[0.107s] Level 1:colcon.colcon_core.package_identification:_identify(src) by extension 'cmake'
[0.107s] Level 1:colcon.colcon_core.package_identification:_identify(src) by extension 'python'
[0.107s] Level 1:colcon.colcon_core.package_identification:_identify(src) by extensions ['python_setup_py']
[0.107s] Level 1:colcon.colcon_core.package_identification:_identify(src) by extension 'python_setup_py'
[0.107s] Level 1:colcon.colcon_core.package_identification:_identify(src/basic_pub) by extensions ['ignore', 'ignore_ament_install']
[0.107s] Level 1:colcon.colcon_core.package_identification:_identify(src/basic_pub) by extension 'ignore'
[0.107s] Level 1:colcon.colcon_core.package_identification:_identify(src/basic_pub) by extension 'ignore_ament_install'
[0.107s] Level 1:colcon.colcon_core.package_identification:_identify(src/basic_pub) by extensions ['colcon_pkg']
[0.107s] Level 1:colcon.colcon_core.package_identification:_identify(src/basic_pub) by extension 'colcon_pkg'
[0.107s] Level 1:colcon.colcon_core.package_identification:_identify(src/basic_pub) by extensions ['colcon_meta']
[0.107s] Level 1:colcon.colcon_core.package_identification:_identify(src/basic_pub) by extension 'colcon_meta'
[0.107s] Level 1:colcon.colcon_core.package_identification:_identify(src/basic_pub) by extensions ['ros']
[0.107s] Level 1:colcon.colcon_core.package_identification:_identify(src/basic_pub) by extension 'ros'
[0.109s] DEBUG:colcon.colcon_core.package_identification:Package 'src/basic_pub' with type 'ros.ament_python' and name 'basic_pub'
[0.109s] Level 1:colcon.colcon_core.package_identification:_identify(src/jetbot_actions) by extensions ['ignore', 'ignore_ament_install']
[0.109s] Level 1:colcon.colcon_core.package_identification:_identify(src/jetbot_actions) by extension 'ignore'
[0.109s] Level 1:colcon.colcon_core.package_identification:_identify(src/jetbot_actions) by extension 'ignore_ament_install'
[0.109s] Level 1:colcon.colcon_core.package_identification:_identify(src/jetbot_actions) by extensions ['colcon_pkg']
[0.109s] Level 1:colcon.colcon_core.package_identification:_identify(src/jetbot_actions) by extension 'colcon_pkg'
[0.109s] Level 1:colcon.colcon_core.package_identification:_identify(src/jetbot_actions) by extensions ['colcon_meta']
[0.109s] Level 1:colcon.colcon_core.package_identification:_identify(src/jetbot_actions) by extension 'colcon_meta'
[0.109s] Level 1:colcon.colcon_core.package_identification:_identify(src/jetbot_actions) by extensions ['ros']
[0.109s] Level 1:colcon.colcon_core.package_identification:_identify(src/jetbot_actions) by extension 'ros'
[0.110s] DEBUG:colcon.colcon_core.package_identification:Package 'src/jetbot_actions' with type 'ros.ament_cmake' and name 'jetbot_actions'
[0.110s] Level 1:colcon.colcon_core.package_identification:_identify(src/jetbot_ros2) by extensions ['ignore', 'ignore_ament_install']
[0.110s] Level 1:colcon.colcon_core.package_identification:_identify(src/jetbot_ros2) by extension 'ignore'
[0.110s] Level 1:colcon.colcon_core.package_identification:_identify(src/jetbot_ros2) by extension 'ignore_ament_install'
[0.110s] Level 1:colcon.colcon_core.package_identification:_identify(src/jetbot_ros2) by extensions ['colcon_pkg']
[0.110s] Level 1:colcon.colcon_core.package_identification:_identify(src/jetbot_ros2) by extension 'colcon_pkg'
[0.110s] Level 1:colcon.colcon_core.package_identification:_identify(src/jetbot_ros2) by extensions ['colcon_meta']
[0.110s] Level 1:colcon.colcon_core.package_identification:_identify(src/jetbot_ros2) by extension 'colcon_meta'
[0.110s] Level 1:colcon.colcon_core.package_identification:_identify(src/jetbot_ros2) by extensions ['ros']
[0.110s] Level 1:colcon.colcon_core.package_identification:_identify(src/jetbot_ros2) by extension 'ros'
[0.110s] DEBUG:colcon.colcon_core.package_identification:Package 'src/jetbot_ros2' with type 'ros.ament_python' and name 'jetbot_ros2'
[0.110s] Level 1:colcon.colcon_core.package_identification:_identify(src/py_basicsub) by extensions ['ignore', 'ignore_ament_install']
[0.110s] Level 1:colcon.colcon_core.package_identification:_identify(src/py_basicsub) by extension 'ignore'
[0.110s] Level 1:colcon.colcon_core.package_identification:_identify(src/py_basicsub) by extension 'ignore_ament_install'
[0.110s] Level 1:colcon.colcon_core.package_identification:_identify(src/py_basicsub) by extensions ['colcon_pkg']
[0.110s] Level 1:colcon.colcon_core.package_identification:_identify(src/py_basicsub) by extension 'colcon_pkg'
[0.111s] Level 1:colcon.colcon_core.package_identification:_identify(src/py_basicsub) by extensions ['colcon_meta']
[0.111s] Level 1:colcon.colcon_core.package_identification:_identify(src/py_basicsub) by extension 'colcon_meta'
[0.111s] Level 1:colcon.colcon_core.package_identification:_identify(src/py_basicsub) by extensions ['ros']
[0.111s] Level 1:colcon.colcon_core.package_identification:_identify(src/py_basicsub) by extension 'ros'
[0.111s] DEBUG:colcon.colcon_core.package_identification:Package 'src/py_basicsub' with type 'ros.ament_python' and name 'py_basicsub'
[0.111s] Level 1:colcon.colcon_core.package_identification:_identify(src/teleop) by extensions ['ignore', 'ignore_ament_install']
[0.111s] Level 1:colcon.colcon_core.package_identification:_identify(src/teleop) by extension 'ignore'
[0.111s] Level 1:colcon.colcon_core.package_identification:_identify(src/teleop) by extension 'ignore_ament_install'
[0.111s] Level 1:colcon.colcon_core.package_identification:_identify(src/teleop) by extensions ['colcon_pkg']
[0.111s] Level 1:colcon.colcon_core.package_identification:_identify(src/teleop) by extension 'colcon_pkg'
[0.111s] Level 1:colcon.colcon_core.package_identification:_identify(src/teleop) by extensions ['colcon_meta']
[0.111s] Level 1:colcon.colcon_core.package_identification:_identify(src/teleop) by extension 'colcon_meta'
[0.111s] Level 1:colcon.colcon_core.package_identification:_identify(src/teleop) by extensions ['ros']
[0.111s] Level 1:colcon.colcon_core.package_identification:_identify(src/teleop) by extension 'ros'
[0.112s] DEBUG:colcon.colcon_core.package_identification:Package 'src/teleop' with type 'ros.ament_python' and name 'teleop'
[0.112s] Level 1:colcon.colcon_core.package_discovery:discover_packages(recursive) using defaults
[0.112s] Level 1:colcon.colcon_core.package_discovery:discover_packages(ignore) discover
[0.112s] Level 1:colcon.colcon_core.package_discovery:discover_packages(ignore) using defaults
[0.112s] Level 1:colcon.colcon_core.package_discovery:discover_packages(path) discover
[0.112s] Level 1:colcon.colcon_core.package_discovery:discover_packages(path) using defaults
[0.123s] Level 1:colcon.colcon_core.package_discovery:discover_packages(prefix_path) check parameters
[0.123s] Level 1:colcon.colcon_core.package_discovery:discover_packages(prefix_path) discover
[0.127s] DEBUG:colcon.colcon_installed_package_information.package_discovery:Found 330 installed packages in /home/sycamore/ros2_galactic/ros2-linux
[0.133s] Level 1:colcon.colcon_core.package_discovery:discover_packages(prefix_path) using defaults
[0.148s] Level 5:colcon.colcon_core.verb:set package 'basic_pub' build argument 'cmake_args' from command line to 'None'
[0.148s] Level 5:colcon.colcon_core.verb:set package 'basic_pub' build argument 'cmake_target' from command line to 'None'
[0.148s] Level 5:colcon.colcon_core.verb:set package 'basic_pub' build argument 'cmake_target_skip_unavailable' from command line to 'False'
[0.148s] Level 5:colcon.colcon_core.verb:set package 'basic_pub' build argument 'cmake_clean_cache' from command line to 'False'
[0.148s] Level 5:colcon.colcon_core.verb:set package 'basic_pub' build argument 'cmake_clean_first' from command line to 'False'
[0.148s] Level 5:colcon.colcon_core.verb:set package 'basic_pub' build argument 'cmake_force_configure' from command line to 'False'
[0.148s] Level 5:colcon.colcon_core.verb:set package 'basic_pub' build argument 'ament_cmake_args' from command line to 'None'
[0.148s] Level 5:colcon.colcon_core.verb:set package 'basic_pub' build argument 'catkin_cmake_args' from command line to 'None'
[0.148s] Level 5:colcon.colcon_core.verb:set package 'basic_pub' build argument 'catkin_skip_building_tests' from command line to 'False'
[0.148s] DEBUG:colcon.colcon_core.verb:Building package 'basic_pub' with the following arguments: {'ament_cmake_args': None, 'build_base': '/home/sycamore/Syca_ws/build/basic_pub', 'catkin_cmake_args': None, 'catkin_skip_building_tests': False, 'cmake_args': None, 'cmake_clean_cache': False, 'cmake_clean_first': False, 'cmake_force_configure': False, 'cmake_target': None, 'cmake_target_skip_unavailable': False, 'install_base': '/home/sycamore/Syca_ws/install', 'merge_install': True, 'path': '/home/sycamore/Syca_ws/src/basic_pub', 'symlink_install': False, 'test_result_base': None}
[0.148s] Level 5:colcon.colcon_core.verb:set package 'jetbot_actions' build argument 'cmake_args' from command line to 'None'
[0.148s] Level 5:colcon.colcon_core.verb:set package 'jetbot_actions' build argument 'cmake_target' from command line to 'None'
[0.148s] Level 5:colcon.colcon_core.verb:set package 'jetbot_actions' build argument 'cmake_target_skip_unavailable' from command line to 'False'
[0.148s] Level 5:colcon.colcon_core.verb:set package 'jetbot_actions' build argument 'cmake_clean_cache' from command line to 'False'
[0.148s] Level 5:colcon.colcon_core.verb:set package 'jetbot_actions' build argument 'cmake_clean_first' from command line to 'False'
[0.148s] Level 5:colcon.colcon_core.verb:set package 'jetbot_actions' build argument 'cmake_force_configure' from command line to 'False'
[0.148s] Level 5:colcon.colcon_core.verb:set package 'jetbot_actions' build argument 'ament_cmake_args' from command line to 'None'
[0.148s] Level 5:colcon.colcon_core.verb:set package 'jetbot_actions' build argument 'catkin_cmake_args' from command line to 'None'
[0.148s] Level 5:colcon.colcon_core.verb:set package 'jetbot_actions' build argument 'catkin_skip_building_tests' from command line to 'False'
[0.148s] DEBUG:colcon.colcon_core.verb:Building package 'jetbot_actions' with the following arguments: {'ament_cmake_args': None, 'build_base': '/home/sycamore/Syca_ws/build/jetbot_actions', 'catkin_cmake_args': None, 'catkin_skip_building_tests': False, 'cmake_args': None, 'cmake_clean_cache': False, 'cmake_clean_first': False, 'cmake_force_configure': False, 'cmake_target': None, 'cmake_target_skip_unavailable': False, 'install_base': '/home/sycamore/Syca_ws/install', 'merge_install': True, 'path': '/home/sycamore/Syca_ws/src/jetbot_actions', 'symlink_install': False, 'test_result_base': None}
[0.149s] Level 5:colcon.colcon_core.verb:set package 'py_basicsub' build argument 'cmake_args' from command line to 'None'
[0.149s] Level 5:colcon.colcon_core.verb:set package 'py_basicsub' build argument 'cmake_target' from command line to 'None'
[0.149s] Level 5:colcon.colcon_core.verb:set package 'py_basicsub' build argument 'cmake_target_skip_unavailable' from command line to 'False'
[0.149s] Level 5:colcon.colcon_core.verb:set package 'py_basicsub' build argument 'cmake_clean_cache' from command line to 'False'
[0.149s] Level 5:colcon.colcon_core.verb:set package 'py_basicsub' build argument 'cmake_clean_first' from command line to 'False'
[0.149s] Level 5:colcon.colcon_core.verb:set package 'py_basicsub' build argument 'cmake_force_configure' from command line to 'False'
[0.149s] Level 5:colcon.colcon_core.verb:set package 'py_basicsub' build argument 'ament_cmake_args' from command line to 'None'
[0.149s] Level 5:colcon.colcon_core.verb:set package 'py_basicsub' build argument 'catkin_cmake_args' from command line to 'None'
[0.149s] Level 5:colcon.colcon_core.verb:set package 'py_basicsub' build argument 'catkin_skip_building_tests' from command line to 'False'
[0.149s] DEBUG:colcon.colcon_core.verb:Building package 'py_basicsub' with the following arguments: {'ament_cmake_args': None, 'build_base': '/home/sycamore/Syca_ws/build/py_basicsub', 'catkin_cmake_args': None, 'catkin_skip_building_tests': False, 'cmake_args': None, 'cmake_clean_cache': False, 'cmake_clean_first': False, 'cmake_force_configure': False, 'cmake_target': None, 'cmake_target_skip_unavailable': False, 'install_base': '/home/sycamore/Syca_ws/install', 'merge_install': True, 'path': '/home/sycamore/Syca_ws/src/py_basicsub', 'symlink_install': False, 'test_result_base': None}
[0.149s] Level 5:colcon.colcon_core.verb:set package 'teleop' build argument 'cmake_args' from command line to 'None'
[0.149s] Level 5:colcon.colcon_core.verb:set package 'teleop' build argument 'cmake_target' from command line to 'None'
[0.149s] Level 5:colcon.colcon_core.verb:set package 'teleop' build argument 'cmake_target_skip_unavailable' from command line to 'False'
[0.149s] Level 5:colcon.colcon_core.verb:set package 'teleop' build argument 'cmake_clean_cache' from command line to 'False'
[0.149s] Level 5:colcon.colcon_core.verb:set package 'teleop' build argument 'cmake_clean_first' from command line to 'False'
[0.150s] Level 5:colcon.colcon_core.verb:set package 'teleop' build argument 'cmake_force_configure' from command line to 'False'
[0.150s] Level 5:colcon.colcon_core.verb:set package 'teleop' build argument 'ament_cmake_args' from command line to 'None'
[0.150s] Level 5:colcon.colcon_core.verb:set package 'teleop' build argument 'catkin_cmake_args' from command line to 'None'
[0.150s] Level 5:colcon.colcon_core.verb:set package 'teleop' build argument 'catkin_skip_building_tests' from command line to 'False'
[0.150s] DEBUG:colcon.colcon_core.verb:Building package 'teleop' with the following arguments: {'ament_cmake_args': None, 'build_base': '/home/sycamore/Syca_ws/build/teleop', 'catkin_cmake_args': None, 'catkin_skip_building_tests': False, 'cmake_args': None, 'cmake_clean_cache': False, 'cmake_clean_first': False, 'cmake_force_configure': False, 'cmake_target': None, 'cmake_target_skip_unavailable': False, 'install_base': '/home/sycamore/Syca_ws/install', 'merge_install': True, 'path': '/home/sycamore/Syca_ws/src/teleop', 'symlink_install': False, 'test_result_base': None}
[0.150s] Level 5:colcon.colcon_core.verb:set package 'jetbot_ros2' build argument 'cmake_args' from command line to 'None'
[0.150s] Level 5:colcon.colcon_core.verb:set package 'jetbot_ros2' build argument 'cmake_target' from command line to 'None'
[0.150s] Level 5:colcon.colcon_core.verb:set package 'jetbot_ros2' build argument 'cmake_target_skip_unavailable' from command line to 'False'
[0.150s] Level 5:colcon.colcon_core.verb:set package 'jetbot_ros2' build argument 'cmake_clean_cache' from command line to 'False'
[0.150s] Level 5:colcon.colcon_core.verb:set package 'jetbot_ros2' build argument 'cmake_clean_first' from command line to 'False'
[0.150s] Level 5:colcon.colcon_core.verb:set package 'jetbot_ros2' build argument 'cmake_force_configure' from command line to 'False'
[0.150s] Level 5:colcon.colcon_core.verb:set package 'jetbot_ros2' build argument 'ament_cmake_args' from command line to 'None'
[0.150s] Level 5:colcon.colcon_core.verb:set package 'jetbot_ros2' build argument 'catkin_cmake_args' from command line to 'None'
[0.150s] Level 5:colcon.colcon_core.verb:set package 'jetbot_ros2' build argument 'catkin_skip_building_tests' from command line to 'False'
[0.150s] DEBUG:colcon.colcon_core.verb:Building package 'jetbot_ros2' with the following arguments: {'ament_cmake_args': None, 'build_base': '/home/sycamore/Syca_ws/build/jetbot_ros2', 'catkin_cmake_args': None, 'catkin_skip_building_tests': False, 'cmake_args': None, 'cmake_clean_cache': False, 'cmake_clean_first': False, 'cmake_force_configure': False, 'cmake_target': None, 'cmake_target_skip_unavailable': False, 'install_base': '/home/sycamore/Syca_ws/install', 'merge_install': True, 'path': '/home/sycamore/Syca_ws/src/jetbot_ros2', 'symlink_install': False, 'test_result_base': None}
[0.150s] INFO:colcon.colcon_core.executor:Executing jobs using 'parallel' executor
[0.152s] DEBUG:colcon.colcon_parallel_executor.executor.parallel:run_until_complete
[0.152s] INFO:colcon.colcon_ros.task.ament_cmake.build:Building ROS package in '/home/sycamore/Syca_ws/src/jetbot_actions' with build type 'ament_cmake'
[0.152s] INFO:colcon.colcon_cmake.task.cmake.build:Building CMake package in '/home/sycamore/Syca_ws/src/jetbot_actions'
[0.154s] INFO:colcon.colcon_core.plugin_system:Skipping extension 'colcon_core.shell.bat': Not used on non-Windows systems
[0.154s] INFO:colcon.colcon_core.shell:Skip shell extension 'powershell' for command environment: Not usable outside of PowerShell
[0.154s] DEBUG:colcon.colcon_core.shell:Skip shell extension 'dsv' for command environment
[0.159s] INFO:colcon.colcon_ros.task.ament_python.build:Building ROS package in '/home/sycamore/Syca_ws/src/basic_pub' with build type 'ament_python'
[0.159s] Level 1:colcon.colcon_core.shell:create_environment_hook('basic_pub', 'ament_prefix_path')
[0.160s] INFO:colcon.colcon_core.shell:Creating environment hook '/home/sycamore/Syca_ws/install/share/basic_pub/hook/ament_prefix_path.ps1'
[0.161s] INFO:colcon.colcon_core.shell:Creating environment descriptor '/home/sycamore/Syca_ws/install/share/basic_pub/hook/ament_prefix_path.dsv'
[0.161s] INFO:colcon.colcon_core.shell:Creating environment hook '/home/sycamore/Syca_ws/install/share/basic_pub/hook/ament_prefix_path.sh'
[0.161s] INFO:colcon.colcon_core.shell:Skip shell extension 'powershell' for command environment: Not usable outside of PowerShell
[0.162s] DEBUG:colcon.colcon_core.shell:Skip shell extension 'dsv' for command environment
[0.167s] INFO:colcon.colcon_ros.task.ament_python.build:Building ROS package in '/home/sycamore/Syca_ws/src/py_basicsub' with build type 'ament_python'
[0.167s] Level 1:colcon.colcon_core.shell:create_environment_hook('py_basicsub', 'ament_prefix_path')
[0.167s] INFO:colcon.colcon_core.shell:Creating environment hook '/home/sycamore/Syca_ws/install/share/py_basicsub/hook/ament_prefix_path.ps1'
[0.168s] INFO:colcon.colcon_core.shell:Creating environment descriptor '/home/sycamore/Syca_ws/install/share/py_basicsub/hook/ament_prefix_path.dsv'
[0.168s] INFO:colcon.colcon_core.shell:Creating environment hook '/home/sycamore/Syca_ws/install/share/py_basicsub/hook/ament_prefix_path.sh'
[0.169s] INFO:colcon.colcon_core.shell:Skip shell extension 'powershell' for command environment: Not usable outside of PowerShell
[0.169s] DEBUG:colcon.colcon_core.shell:Skip shell extension 'dsv' for command environment
[0.173s] INFO:colcon.colcon_ros.task.ament_python.build:Building ROS package in '/home/sycamore/Syca_ws/src/teleop' with build type 'ament_python'
[0.174s] Level 1:colcon.colcon_core.shell:create_environment_hook('teleop', 'ament_prefix_path')
[0.174s] INFO:colcon.colcon_core.shell:Creating environment hook '/home/sycamore/Syca_ws/install/share/teleop/hook/ament_prefix_path.ps1'
[0.175s] INFO:colcon.colcon_core.shell:Creating environment descriptor '/home/sycamore/Syca_ws/install/share/teleop/hook/ament_prefix_path.dsv'
[0.175s] INFO:colcon.colcon_core.shell:Creating environment hook '/home/sycamore/Syca_ws/install/share/teleop/hook/ament_prefix_path.sh'
[0.175s] INFO:colcon.colcon_core.shell:Skip shell extension 'powershell' for command environment: Not usable outside of PowerShell
[0.175s] DEBUG:colcon.colcon_core.shell:Skip shell extension 'dsv' for command environment
[0.184s] DEBUG:colcon.colcon_core.event_handler.log_command:Invoking command in '/home/sycamore/Syca_ws/build/jetbot_actions': /usr/bin/cmake /home/sycamore/Syca_ws/src/jetbot_actions -DCMAKE_INSTALL_PREFIX=/home/sycamore/Syca_ws/install
[0.350s] INFO:colcon.colcon_core.task.python.build:Building Python package in '/home/sycamore/Syca_ws/src/basic_pub'
[0.351s] INFO:colcon.colcon_core.shell:Skip shell extension 'powershell' for command environment: Not usable outside of PowerShell
[0.351s] DEBUG:colcon.colcon_core.shell:Skip shell extension 'dsv' for command environment
[0.513s] INFO:colcon.colcon_core.task.python.build:Building Python package in '/home/sycamore/Syca_ws/src/py_basicsub'
[0.513s] INFO:colcon.colcon_core.shell:Skip shell extension 'powershell' for command environment: Not usable outside of PowerShell
[0.513s] DEBUG:colcon.colcon_core.shell:Skip shell extension 'dsv' for command environment
[0.675s] INFO:colcon.colcon_core.task.python.build:Building Python package in '/home/sycamore/Syca_ws/src/teleop'
[0.675s] INFO:colcon.colcon_core.shell:Skip shell extension 'powershell' for command environment: Not usable outside of PowerShell
[0.676s] DEBUG:colcon.colcon_core.shell:Skip shell extension 'dsv' for command environment
[0.965s] DEBUG:colcon.colcon_core.event_handler.log_command:Invoking command in '/home/sycamore/Syca_ws/src/py_basicsub': PYTHONPATH=/home/sycamore/Syca_ws/install/lib/python3.8/site-packages:${PYTHONPATH} /usr/bin/python3 setup.py egg_info --egg-base ../../build/py_basicsub build --build-base /home/sycamore/Syca_ws/build/py_basicsub/build install --prefix /home/sycamore/Syca_ws/install --record /home/sycamore/Syca_ws/build/py_basicsub/install.log --single-version-externally-managed
[0.968s] DEBUG:colcon.colcon_core.event_handler.log_command:Invoking command in '/home/sycamore/Syca_ws/src/teleop': PYTHONPATH=/home/sycamore/Syca_ws/install/lib/python3.8/site-packages:${PYTHONPATH} /usr/bin/python3 setup.py egg_info --egg-base ../../build/teleop build --build-base /home/sycamore/Syca_ws/build/teleop/build install --prefix /home/sycamore/Syca_ws/install --record /home/sycamore/Syca_ws/build/teleop/install.log --single-version-externally-managed
[0.971s] DEBUG:colcon.colcon_core.event_handler.log_command:Invoking command in '/home/sycamore/Syca_ws/src/basic_pub': PYTHONPATH=/home/sycamore/Syca_ws/install/lib/python3.8/site-packages:${PYTHONPATH} /usr/bin/python3 setup.py egg_info --egg-base ../../build/basic_pub build --build-base /home/sycamore/Syca_ws/build/basic_pub/build install --prefix /home/sycamore/Syca_ws/install --record /home/sycamore/Syca_ws/build/basic_pub/install.log --single-version-externally-managed
[1.149s] DEBUG:colcon.colcon_core.event_handler.log_command:Invoked command in '/home/sycamore/Syca_ws/build/jetbot_actions' returned '0': /usr/bin/cmake /home/sycamore/Syca_ws/src/jetbot_actions -DCMAKE_INSTALL_PREFIX=/home/sycamore/Syca_ws/install
[1.150s] DEBUG:colcon.colcon_core.event_handler.log_command:Invoking command in '/home/sycamore/Syca_ws/build/jetbot_actions': /usr/bin/cmake --build /home/sycamore/Syca_ws/build/jetbot_actions -- -j20 -l20
[1.177s] DEBUG:colcon.colcon_core.event_handler.log_command:Invoked command in '/home/sycamore/Syca_ws/src/teleop' returned '0': PYTHONPATH=/home/sycamore/Syca_ws/install/lib/python3.8/site-packages:${PYTHONPATH} /usr/bin/python3 setup.py egg_info --egg-base ../../build/teleop build --build-base /home/sycamore/Syca_ws/build/teleop/build install --prefix /home/sycamore/Syca_ws/install --record /home/sycamore/Syca_ws/build/teleop/install.log --single-version-externally-managed
[1.179s] Level 1:colcon.colcon_core.environment:checking '/home/sycamore/Syca_ws/install' for CMake module files
[1.180s] Level 1:colcon.colcon_core.environment:checking '/home/sycamore/Syca_ws/install' for CMake config files
[1.180s] Level 1:colcon.colcon_core.environment:checking '/home/sycamore/Syca_ws/install/lib'
[1.180s] Level 1:colcon.colcon_core.environment:checking '/home/sycamore/Syca_ws/install/bin'
[1.180s] Level 1:colcon.colcon_core.environment:checking '/home/sycamore/Syca_ws/install/lib/pkgconfig/teleop.pc'
[1.180s] Level 1:colcon.colcon_core.environment:checking '/home/sycamore/Syca_ws/install/lib/python3.8/site-packages'
[1.180s] Level 1:colcon.colcon_core.shell:create_environment_hook('teleop', 'pythonpath')
[1.181s] INFO:colcon.colcon_core.shell:Creating environment hook '/home/sycamore/Syca_ws/install/share/teleop/hook/pythonpath.ps1'
[1.181s] INFO:colcon.colcon_core.shell:Creating environment descriptor '/home/sycamore/Syca_ws/install/share/teleop/hook/pythonpath.dsv'
[1.181s] INFO:colcon.colcon_core.shell:Creating environment hook '/home/sycamore/Syca_ws/install/share/teleop/hook/pythonpath.sh'
[1.181s] Level 1:colcon.colcon_core.environment:create_environment_scripts_only(teleop)
[1.182s] INFO:colcon.colcon_core.shell:Creating package script '/home/sycamore/Syca_ws/install/share/teleop/package.ps1'
[1.183s] INFO:colcon.colcon_core.shell:Creating package descriptor '/home/sycamore/Syca_ws/install/share/teleop/package.dsv'
[1.183s] INFO:colcon.colcon_core.shell:Creating package script '/home/sycamore/Syca_ws/install/share/teleop/package.sh'
[1.183s] INFO:colcon.colcon_core.shell:Creating package script '/home/sycamore/Syca_ws/install/share/teleop/package.bash'
[1.184s] INFO:colcon.colcon_core.shell:Creating package script '/home/sycamore/Syca_ws/install/share/teleop/package.zsh'
[1.184s] Level 1:colcon.colcon_core.environment:create_file_with_runtime_dependencies(/home/sycamore/Syca_ws/install/share/colcon-core/packages/teleop)
[1.185s] Level 1:colcon.colcon_core.environment:checking '/home/sycamore/Syca_ws/install' for CMake module files
[1.185s] Level 1:colcon.colcon_core.environment:checking '/home/sycamore/Syca_ws/install' for CMake config files
[1.186s] DEBUG:colcon.colcon_core.event_handler.log_command:Invoked command in '/home/sycamore/Syca_ws/src/py_basicsub' returned '0': PYTHONPATH=/home/sycamore/Syca_ws/install/lib/python3.8/site-packages:${PYTHONPATH} /usr/bin/python3 setup.py egg_info --egg-base ../../build/py_basicsub build --build-base /home/sycamore/Syca_ws/build/py_basicsub/build install --prefix /home/sycamore/Syca_ws/install --record /home/sycamore/Syca_ws/build/py_basicsub/install.log --single-version-externally-managed
[1.186s] Level 1:colcon.colcon_core.environment:checking '/home/sycamore/Syca_ws/install/lib'
[1.186s] Level 1:colcon.colcon_core.environment:checking '/home/sycamore/Syca_ws/install/bin'
[1.186s] Level 1:colcon.colcon_core.environment:checking '/home/sycamore/Syca_ws/install/lib/pkgconfig/py_basicsub.pc'
[1.186s] Level 1:colcon.colcon_core.environment:checking '/home/sycamore/Syca_ws/install/lib/python3.8/site-packages'
[1.186s] Level 1:colcon.colcon_core.shell:create_environment_hook('py_basicsub', 'pythonpath')
[1.187s] INFO:colcon.colcon_core.shell:Creating environment hook '/home/sycamore/Syca_ws/install/share/py_basicsub/hook/pythonpath.ps1'
[1.187s] INFO:colcon.colcon_core.shell:Creating environment descriptor '/home/sycamore/Syca_ws/install/share/py_basicsub/hook/pythonpath.dsv'
[1.187s] INFO:colcon.colcon_core.shell:Creating environment hook '/home/sycamore/Syca_ws/install/share/py_basicsub/hook/pythonpath.sh'
[1.187s] Level 1:colcon.colcon_core.environment:create_environment_scripts_only(py_basicsub)
[1.188s] INFO:colcon.colcon_core.shell:Creating package script '/home/sycamore/Syca_ws/install/share/py_basicsub/package.ps1'
[1.188s] INFO:colcon.colcon_core.shell:Creating package descriptor '/home/sycamore/Syca_ws/install/share/py_basicsub/package.dsv'
[1.188s] INFO:colcon.colcon_core.shell:Creating package script '/home/sycamore/Syca_ws/install/share/py_basicsub/package.sh'
[1.188s] INFO:colcon.colcon_core.shell:Creating package script '/home/sycamore/Syca_ws/install/share/py_basicsub/package.bash'
[1.188s] INFO:colcon.colcon_core.shell:Creating package script '/home/sycamore/Syca_ws/install/share/py_basicsub/package.zsh'
[1.189s] Level 1:colcon.colcon_core.environment:create_file_with_runtime_dependencies(/home/sycamore/Syca_ws/install/share/colcon-core/packages/py_basicsub)
[1.190s] Level 1:colcon.colcon_core.environment:checking '/home/sycamore/Syca_ws/install' for CMake module files
[1.190s] DEBUG:colcon.colcon_core.event_handler.log_command:Invoked command in '/home/sycamore/Syca_ws/src/basic_pub' returned '0': PYTHONPATH=/home/sycamore/Syca_ws/install/lib/python3.8/site-packages:${PYTHONPATH} /usr/bin/python3 setup.py egg_info --egg-base ../../build/basic_pub build --build-base /home/sycamore/Syca_ws/build/basic_pub/build install --prefix /home/sycamore/Syca_ws/install --record /home/sycamore/Syca_ws/build/basic_pub/install.log --single-version-externally-managed
[1.190s] Level 1:colcon.colcon_core.environment:checking '/home/sycamore/Syca_ws/install' for CMake config files
[1.191s] Level 1:colcon.colcon_core.environment:checking '/home/sycamore/Syca_ws/install/lib'
[1.191s] Level 1:colcon.colcon_core.environment:checking '/home/sycamore/Syca_ws/install/bin'
[1.191s] Level 1:colcon.colcon_core.environment:checking '/home/sycamore/Syca_ws/install/lib/pkgconfig/basic_pub.pc'
[1.191s] Level 1:colcon.colcon_core.environment:checking '/home/sycamore/Syca_ws/install/lib/python3.8/site-packages'
[1.191s] Level 1:colcon.colcon_core.shell:create_environment_hook('basic_pub', 'pythonpath')
[1.191s] INFO:colcon.colcon_core.shell:Creating environment hook '/home/sycamore/Syca_ws/install/share/basic_pub/hook/pythonpath.ps1'
[1.192s] INFO:colcon.colcon_core.shell:Creating environment descriptor '/home/sycamore/Syca_ws/install/share/basic_pub/hook/pythonpath.dsv'
[1.192s] INFO:colcon.colcon_core.shell:Creating environment hook '/home/sycamore/Syca_ws/install/share/basic_pub/hook/pythonpath.sh'
[1.192s] Level 1:colcon.colcon_core.environment:create_environment_scripts_only(basic_pub)
[1.192s] INFO:colcon.colcon_core.shell:Creating package script '/home/sycamore/Syca_ws/install/share/basic_pub/package.ps1'
[1.193s] INFO:colcon.colcon_core.shell:Creating package descriptor '/home/sycamore/Syca_ws/install/share/basic_pub/package.dsv'
[1.193s] INFO:colcon.colcon_core.shell:Creating package script '/home/sycamore/Syca_ws/install/share/basic_pub/package.sh'
[1.193s] INFO:colcon.colcon_core.shell:Creating package script '/home/sycamore/Syca_ws/install/share/basic_pub/package.bash'
[1.193s] INFO:colcon.colcon_core.shell:Creating package script '/home/sycamore/Syca_ws/install/share/basic_pub/package.zsh'
[1.194s] Level 1:colcon.colcon_core.environment:create_file_with_runtime_dependencies(/home/sycamore/Syca_ws/install/share/colcon-core/packages/basic_pub)
[3.394s] DEBUG:colcon.colcon_core.event_handler.log_command:Invoked command in '/home/sycamore/Syca_ws/build/jetbot_actions' returned '0': /usr/bin/cmake --build /home/sycamore/Syca_ws/build/jetbot_actions -- -j20 -l20
[3.423s] DEBUG:colcon.colcon_core.event_handler.log_command:Invoking command in '/home/sycamore/Syca_ws/build/jetbot_actions': /usr/bin/cmake --install /home/sycamore/Syca_ws/build/jetbot_actions
[3.458s] Level 1:colcon.colcon_core.environment:create_environment_scripts_only(jetbot_actions)
[3.459s] Level 1:colcon.colcon_core.environment:checking '/home/sycamore/Syca_ws/install' for CMake module files
[3.459s] DEBUG:colcon.colcon_core.event_handler.log_command:Invoked command in '/home/sycamore/Syca_ws/build/jetbot_actions' returned '0': /usr/bin/cmake --install /home/sycamore/Syca_ws/build/jetbot_actions
[3.460s] Level 1:colcon.colcon_core.environment:checking '/home/sycamore/Syca_ws/install' for CMake config files
[3.460s] Level 1:colcon.colcon_core.shell:create_environment_hook('jetbot_actions', 'cmake_prefix_path')
[3.460s] INFO:colcon.colcon_core.shell:Creating environment hook '/home/sycamore/Syca_ws/install/share/jetbot_actions/hook/cmake_prefix_path.ps1'
[3.461s] INFO:colcon.colcon_core.shell:Creating environment descriptor '/home/sycamore/Syca_ws/install/share/jetbot_actions/hook/cmake_prefix_path.dsv'
[3.461s] INFO:colcon.colcon_core.shell:Creating environment hook '/home/sycamore/Syca_ws/install/share/jetbot_actions/hook/cmake_prefix_path.sh'
[3.461s] Level 1:colcon.colcon_core.environment:checking '/home/sycamore/Syca_ws/install/lib'
[3.461s] Level 1:colcon.colcon_core.shell:create_environment_hook('jetbot_actions', 'ld_library_path_lib')
[3.462s] INFO:colcon.colcon_core.shell:Creating environment hook '/home/sycamore/Syca_ws/install/share/jetbot_actions/hook/ld_library_path_lib.ps1'
[3.462s] INFO:colcon.colcon_core.shell:Creating environment descriptor '/home/sycamore/Syca_ws/install/share/jetbot_actions/hook/ld_library_path_lib.dsv'
[3.462s] INFO:colcon.colcon_core.shell:Creating environment hook '/home/sycamore/Syca_ws/install/share/jetbot_actions/hook/ld_library_path_lib.sh'
[3.462s] Level 1:colcon.colcon_core.environment:checking '/home/sycamore/Syca_ws/install/bin'
[3.462s] Level 1:colcon.colcon_core.environment:checking '/home/sycamore/Syca_ws/install/lib/pkgconfig/jetbot_actions.pc'
[3.462s] Level 1:colcon.colcon_core.environment:checking '/home/sycamore/Syca_ws/install/lib/python3.8/site-packages'
[3.462s] Level 1:colcon.colcon_core.shell:create_environment_hook('jetbot_actions', 'pythonpath')
[3.463s] INFO:colcon.colcon_core.shell:Creating environment hook '/home/sycamore/Syca_ws/install/share/jetbot_actions/hook/pythonpath.ps1'
[3.463s] INFO:colcon.colcon_core.shell:Creating environment descriptor '/home/sycamore/Syca_ws/install/share/jetbot_actions/hook/pythonpath.dsv'
[3.463s] INFO:colcon.colcon_core.shell:Creating environment hook '/home/sycamore/Syca_ws/install/share/jetbot_actions/hook/pythonpath.sh'
[3.464s] INFO:colcon.colcon_core.shell:Creating package script '/home/sycamore/Syca_ws/install/share/jetbot_actions/package.ps1'
[3.464s] INFO:colcon.colcon_core.shell:Creating package descriptor '/home/sycamore/Syca_ws/install/share/jetbot_actions/package.dsv'
[3.464s] INFO:colcon.colcon_core.shell:Creating package script '/home/sycamore/Syca_ws/install/share/jetbot_actions/package.sh'
[3.465s] INFO:colcon.colcon_core.shell:Creating package script '/home/sycamore/Syca_ws/install/share/jetbot_actions/package.bash'
[3.465s] INFO:colcon.colcon_core.shell:Creating package script '/home/sycamore/Syca_ws/install/share/jetbot_actions/package.zsh'
[3.465s] Level 1:colcon.colcon_core.environment:create_file_with_runtime_dependencies(/home/sycamore/Syca_ws/install/share/colcon-core/packages/jetbot_actions)
[3.490s] Level 1:colcon.colcon_core.environment:create_environment_scripts_only(jetbot_actions)
[3.490s] Level 1:colcon.colcon_core.environment:checking '/home/sycamore/Syca_ws/install' for CMake module files
[3.491s] Level 1:colcon.colcon_core.environment:checking '/home/sycamore/Syca_ws/install' for CMake config files
[3.491s] Level 1:colcon.colcon_core.shell:create_environment_hook('jetbot_actions', 'cmake_prefix_path')
[3.491s] INFO:colcon.colcon_core.shell:Creating environment hook '/home/sycamore/Syca_ws/install/share/jetbot_actions/hook/cmake_prefix_path.ps1'
[3.492s] INFO:colcon.colcon_core.shell:Creating environment descriptor '/home/sycamore/Syca_ws/install/share/jetbot_actions/hook/cmake_prefix_path.dsv'
[3.492s] INFO:colcon.colcon_core.shell:Creating environment hook '/home/sycamore/Syca_ws/install/share/jetbot_actions/hook/cmake_prefix_path.sh'
[3.492s] Level 1:colcon.colcon_core.environment:checking '/home/sycamore/Syca_ws/install/lib'
[3.492s] Level 1:colcon.colcon_core.shell:create_environment_hook('jetbot_actions', 'ld_library_path_lib')
[3.493s] INFO:colcon.colcon_core.shell:Creating environment hook '/home/sycamore/Syca_ws/install/share/jetbot_actions/hook/ld_library_path_lib.ps1'
[3.493s] INFO:colcon.colcon_core.shell:Creating environment descriptor '/home/sycamore/Syca_ws/install/share/jetbot_actions/hook/ld_library_path_lib.dsv'
[3.493s] INFO:colcon.colcon_core.shell:Creating environment hook '/home/sycamore/Syca_ws/install/share/jetbot_actions/hook/ld_library_path_lib.sh'
[3.493s] Level 1:colcon.colcon_core.environment:checking '/home/sycamore/Syca_ws/install/bin'
[3.493s] Level 1:colcon.colcon_core.environment:checking '/home/sycamore/Syca_ws/install/lib/pkgconfig/jetbot_actions.pc'
[3.493s] Level 1:colcon.colcon_core.environment:checking '/home/sycamore/Syca_ws/install/lib/python3.8/site-packages'
[3.493s] Level 1:colcon.colcon_core.shell:create_environment_hook('jetbot_actions', 'pythonpath')
[3.494s] INFO:colcon.colcon_core.shell:Creating environment hook '/home/sycamore/Syca_ws/install/share/jetbot_actions/hook/pythonpath.ps1'
[3.494s] INFO:colcon.colcon_core.shell:Creating environment descriptor '/home/sycamore/Syca_ws/install/share/jetbot_actions/hook/pythonpath.dsv'
[3.494s] INFO:colcon.colcon_core.shell:Creating environment hook '/home/sycamore/Syca_ws/install/share/jetbot_actions/hook/pythonpath.sh'
[3.495s] INFO:colcon.colcon_core.shell:Creating package script '/home/sycamore/Syca_ws/install/share/jetbot_actions/package.ps1'
[3.495s] INFO:colcon.colcon_core.shell:Creating package descriptor '/home/sycamore/Syca_ws/install/share/jetbot_actions/package.dsv'
[3.495s] INFO:colcon.colcon_core.shell:Creating package script '/home/sycamore/Syca_ws/install/share/jetbot_actions/package.sh'
[3.496s] INFO:colcon.colcon_core.shell:Creating package script '/home/sycamore/Syca_ws/install/share/jetbot_actions/package.bash'
[3.496s] INFO:colcon.colcon_core.shell:Creating package script '/home/sycamore/Syca_ws/install/share/jetbot_actions/package.zsh'
[3.496s] Level 1:colcon.colcon_core.environment:create_file_with_runtime_dependencies(/home/sycamore/Syca_ws/install/share/colcon-core/packages/jetbot_actions)
[3.496s] INFO:colcon.colcon_ros.task.ament_python.build:Building ROS package in '/home/sycamore/Syca_ws/src/jetbot_ros2' with build type 'ament_python'
[3.497s] Level 1:colcon.colcon_core.shell:create_environment_hook('jetbot_ros2', 'ament_prefix_path')
[3.497s] INFO:colcon.colcon_core.shell:Creating environment hook '/home/sycamore/Syca_ws/install/share/jetbot_ros2/hook/ament_prefix_path.ps1'
[3.497s] INFO:colcon.colcon_core.shell:Creating environment descriptor '/home/sycamore/Syca_ws/install/share/jetbot_ros2/hook/ament_prefix_path.dsv'
[3.498s] INFO:colcon.colcon_core.shell:Creating environment hook '/home/sycamore/Syca_ws/install/share/jetbot_ros2/hook/ament_prefix_path.sh'
[3.498s] INFO:colcon.colcon_core.shell:Skip shell extension 'powershell' for command environment: Not usable outside of PowerShell
[3.498s] DEBUG:colcon.colcon_core.shell:Skip shell extension 'dsv' for command environment
[3.670s] INFO:colcon.colcon_core.task.python.build:Building Python package in '/home/sycamore/Syca_ws/src/jetbot_ros2'
[3.671s] INFO:colcon.colcon_core.shell:Skip shell extension 'powershell' for command environment: Not usable outside of PowerShell
[3.672s] DEBUG:colcon.colcon_core.shell:Skip shell extension 'dsv' for command environment
[3.950s] DEBUG:colcon.colcon_core.event_handler.log_command:Invoking command in '/home/sycamore/Syca_ws/src/jetbot_ros2': AMENT_PREFIX_PATH=/home/sycamore/Syca_ws/install:${AMENT_PREFIX_PATH} CMAKE_PREFIX_PATH=/home/sycamore/Syca_ws/install:${CMAKE_PREFIX_PATH} LD_LIBRARY_PATH=/home/sycamore/Syca_ws/install/lib:${LD_LIBRARY_PATH} PYTHONPATH=/home/sycamore/Syca_ws/install/lib/python3.8/site-packages:/home/sycamore/Syca_ws/install/lib/python3.8/site-packages:${PYTHONPATH} /usr/bin/python3 setup.py egg_info --egg-base ../../build/jetbot_ros2 build --build-base /home/sycamore/Syca_ws/build/jetbot_ros2/build install --prefix /home/sycamore/Syca_ws/install --record /home/sycamore/Syca_ws/build/jetbot_ros2/install.log --single-version-externally-managed
[4.145s] Level 1:colcon.colcon_core.environment:checking '/home/sycamore/Syca_ws/install' for CMake module files
[4.145s] DEBUG:colcon.colcon_core.event_handler.log_command:Invoked command in '/home/sycamore/Syca_ws/src/jetbot_ros2' returned '0': AMENT_PREFIX_PATH=/home/sycamore/Syca_ws/install:${AMENT_PREFIX_PATH} CMAKE_PREFIX_PATH=/home/sycamore/Syca_ws/install:${CMAKE_PREFIX_PATH} LD_LIBRARY_PATH=/home/sycamore/Syca_ws/install/lib:${LD_LIBRARY_PATH} PYTHONPATH=/home/sycamore/Syca_ws/install/lib/python3.8/site-packages:/home/sycamore/Syca_ws/install/lib/python3.8/site-packages:${PYTHONPATH} /usr/bin/python3 setup.py egg_info --egg-base ../../build/jetbot_ros2 build --build-base /home/sycamore/Syca_ws/build/jetbot_ros2/build install --prefix /home/sycamore/Syca_ws/install --record /home/sycamore/Syca_ws/build/jetbot_ros2/install.log --single-version-externally-managed
[4.145s] Level 1:colcon.colcon_core.environment:checking '/home/sycamore/Syca_ws/install' for CMake config files
[4.146s] Level 1:colcon.colcon_core.shell:create_environment_hook('jetbot_ros2', 'cmake_prefix_path')
[4.146s] INFO:colcon.colcon_core.shell:Creating environment hook '/home/sycamore/Syca_ws/install/share/jetbot_ros2/hook/cmake_prefix_path.ps1'
[4.147s] INFO:colcon.colcon_core.shell:Creating environment descriptor '/home/sycamore/Syca_ws/install/share/jetbot_ros2/hook/cmake_prefix_path.dsv'
[4.147s] INFO:colcon.colcon_core.shell:Creating environment hook '/home/sycamore/Syca_ws/install/share/jetbot_ros2/hook/cmake_prefix_path.sh'
[4.147s] Level 1:colcon.colcon_core.environment:checking '/home/sycamore/Syca_ws/install/lib'
[4.147s] Level 1:colcon.colcon_core.shell:create_environment_hook('jetbot_ros2', 'ld_library_path_lib')
[4.147s] INFO:colcon.colcon_core.shell:Creating environment hook '/home/sycamore/Syca_ws/install/share/jetbot_ros2/hook/ld_library_path_lib.ps1'
[4.148s] INFO:colcon.colcon_core.shell:Creating environment descriptor '/home/sycamore/Syca_ws/install/share/jetbot_ros2/hook/ld_library_path_lib.dsv'
[4.148s] INFO:colcon.colcon_core.shell:Creating environment hook '/home/sycamore/Syca_ws/install/share/jetbot_ros2/hook/ld_library_path_lib.sh'
[4.148s] Level 1:colcon.colcon_core.environment:checking '/home/sycamore/Syca_ws/install/bin'
[4.148s] Level 1:colcon.colcon_core.environment:checking '/home/sycamore/Syca_ws/install/lib/pkgconfig/jetbot_ros2.pc'
[4.148s] Level 1:colcon.colcon_core.environment:checking '/home/sycamore/Syca_ws/install/lib/python3.8/site-packages'
[4.148s] Level 1:colcon.colcon_core.shell:create_environment_hook('jetbot_ros2', 'pythonpath')
[4.149s] INFO:colcon.colcon_core.shell:Creating environment hook '/home/sycamore/Syca_ws/install/share/jetbot_ros2/hook/pythonpath.ps1'
[4.149s] INFO:colcon.colcon_core.shell:Creating environment descriptor '/home/sycamore/Syca_ws/install/share/jetbot_ros2/hook/pythonpath.dsv'
[4.149s] INFO:colcon.colcon_core.shell:Creating environment hook '/home/sycamore/Syca_ws/install/share/jetbot_ros2/hook/pythonpath.sh'
[4.149s] Level 1:colcon.colcon_core.environment:create_environment_scripts_only(jetbot_ros2)
[4.150s] INFO:colcon.colcon_core.shell:Creating package script '/home/sycamore/Syca_ws/install/share/jetbot_ros2/package.ps1'
[4.150s] INFO:colcon.colcon_core.shell:Creating package descriptor '/home/sycamore/Syca_ws/install/share/jetbot_ros2/package.dsv'
[4.150s] INFO:colcon.colcon_core.shell:Creating package script '/home/sycamore/Syca_ws/install/share/jetbot_ros2/package.sh'
[4.151s] INFO:colcon.colcon_core.shell:Creating package script '/home/sycamore/Syca_ws/install/share/jetbot_ros2/package.bash'
[4.151s] INFO:colcon.colcon_core.shell:Creating package script '/home/sycamore/Syca_ws/install/share/jetbot_ros2/package.zsh'
[4.151s] Level 1:colcon.colcon_core.environment:create_file_with_runtime_dependencies(/home/sycamore/Syca_ws/install/share/colcon-core/packages/jetbot_ros2)
[4.151s] DEBUG:colcon.colcon_parallel_executor.executor.parallel:closing loop
[4.151s] DEBUG:colcon.colcon_parallel_executor.executor.parallel:loop closed
[4.151s] DEBUG:colcon.colcon_parallel_executor.executor.parallel:run_until_complete finished with '0'
[4.151s] DEBUG:colcon.colcon_core.event_reactor:joining thread
[4.156s] INFO:colcon.colcon_core.plugin_system:Skipping extension 'colcon_notification.desktop_notification.terminal_notifier': Not used on non-Darwin systems
[4.156s] INFO:colcon.colcon_core.plugin_system:Skipping extension 'colcon_notification.desktop_notification.win32': Not used on non-Windows systems
[4.156s] INFO:colcon.colcon_notification.desktop_notification:Sending desktop notification using 'notify2'
[4.166s] DEBUG:colcon.colcon_core.event_reactor:joined thread
[4.166s] INFO:colcon.colcon_core.shell:Creating prefix script '/home/sycamore/Syca_ws/install/local_setup.ps1'
[4.167s] INFO:colcon.colcon_core.shell:Creating prefix util module '/home/sycamore/Syca_ws/install/_local_setup_util_ps1.py'
[4.167s] INFO:colcon.colcon_core.shell:Creating prefix chain script '/home/sycamore/Syca_ws/install/setup.ps1'
[4.168s] INFO:colcon.colcon_core.shell:Creating prefix script '/home/sycamore/Syca_ws/install/local_setup.sh'
[4.168s] INFO:colcon.colcon_core.shell:Creating prefix util module '/home/sycamore/Syca_ws/install/_local_setup_util_sh.py'
[4.169s] INFO:colcon.colcon_core.shell:Creating prefix chain script '/home/sycamore/Syca_ws/install/setup.sh'
[4.169s] INFO:colcon.colcon_core.shell:Creating prefix script '/home/sycamore/Syca_ws/install/local_setup.bash'
[4.170s] INFO:colcon.colcon_core.shell:Creating prefix chain script '/home/sycamore/Syca_ws/install/setup.bash'
[4.170s] INFO:colcon.colcon_core.shell:Creating prefix script '/home/sycamore/Syca_ws/install/local_setup.zsh'
[4.170s] INFO:colcon.colcon_core.shell:Creating prefix chain script '/home/sycamore/Syca_ws/install/setup.zsh'
