[0.000000] (-) TimerEvent: {}
[0.000079] (-) JobUnselected: {'identifier': 'basic_pub'}
[0.000099] (-) JobUnselected: {'identifier': 'central_pc'}
[0.000114] (-) JobUnselected: {'identifier': 'interfaces'}
[0.000127] (-) JobUnselected: {'identifier': 'opti_track'}
[0.000138] (-) JobUnselected: {'identifier': 'py_basicsub'}
[0.000149] (-) JobUnselected: {'identifier': 'teleop'}
[0.000163] (jetbot) JobQueued: {'identifier': 'jetbot', 'dependencies': OrderedDict()}
[0.000296] (jetbot) JobStarted: {'identifier': 'jetbot'}
[0.099830] (-) TimerEvent: {}
[0.200112] (-) TimerEvent: {}
[0.300356] (-) TimerEvent: {}
[0.400539] (-) TimerEvent: {}
[0.457687] (jetbot) Command: {'cmd': ['/usr/bin/python3', 'setup.py', 'egg_info', '--egg-base', '../../build/jetbot', 'build', '--build-base', '/home/sycamore/Syca_ws/build/jetbot/build', 'install', '--prefix', '/home/sycamore/Syca_ws/install', '--record', '/home/sycamore/Syca_ws/build/jetbot/install.log', '--single-version-externally-managed'], 'cwd': '/home/sycamore/Syca_ws/src/jetbot', 'env': {'GJS_DEBUG_TOPICS': 'JS ERROR;JS LOG', 'LANGUAGE': 'en_GB:en', 'USER': 'sycamore', 'LC_TIME': 'en_GB.UTF-8', 'SSH_AGENT_PID': '1922', 'XDG_SESSION_TYPE': 'x11', 'SHLVL': '1', 'LD_LIBRARY_PATH': '/home/sycamore/Syca_ws/install/lib:/home/sycamore/ros2_galactic/ros2-linux/opt/yaml_cpp_vendor/lib:/home/sycamore/ros2_galactic/ros2-linux/opt/rviz_ogre_vendor/lib:/home/sycamore/ros2_galactic/ros2-linux/lib', 'HOME': '/home/sycamore', 'OLDPWD': '/home/sycamore', 'DESKTOP_SESSION': 'ubuntu', 'ROS_PYTHON_VERSION': '3', 'GNOME_SHELL_SESSION_MODE': 'ubuntu', 'GTK_MODULES': 'gail:atk-bridge', 'LC_MONETARY': 'en_GB.UTF-8', 'MANAGERPID': '1745', 'DBUS_SESSION_BUS_ADDRESS': 'unix:path=/run/user/1000/bus', 'COLORTERM': 'truecolor', 'IM_CONFIG_PHASE': '1', 'COLCON_PREFIX_PATH': '/home/sycamore/Syca_ws/install:/home/sycamore/ros2_galactic/ros2-linux', 'ROS_DISTRO': 'galactic', 'LOGNAME': 'sycamore', 'JOURNAL_STREAM': '8:50103', '_': '/usr/bin/colcon', 'ROS_VERSION': '2', 'PKG_CONFIG_PATH': '/home/sycamore/ros2_galactic/ros2-linux/lib/x86_64-linux-gnu/pkgconfig:/home/sycamore/ros2_galactic/ros2-linux/lib/pkgconfig', 'XDG_SESSION_CLASS': 'user', 'USERNAME': 'sycamore', 'TERM': 'xterm-256color', 'GNOME_DESKTOP_SESSION_ID': 'this-is-deprecated', 'ROS_LOCALHOST_ONLY': '0', 'WINDOWPATH': '2', 'PATH': '/home/sycamore/ros2_galactic/ros2-linux/bin:/home/sycamore/.local/bin:/usr/local/sbin:/usr/local/bin:/usr/sbin:/usr/bin:/sbin:/bin:/usr/games:/usr/local/games:/snap/bin', 'SESSION_MANAGER': 'local/Sycamore-CentralPC:@/tmp/.ICE-unix/1960,unix/Sycamore-CentralPC:/tmp/.ICE-unix/1960', 'INVOCATION_ID': '2a1e31ba07f5401f85243b277c242c83', 'PAPERSIZE': 'a4', 'XDG_MENU_PREFIX': 'gnome-', 'LC_ADDRESS': 'en_GB.UTF-8', 'GNOME_TERMINAL_SCREEN': '/org/gnome/Terminal/screen/abc859f7_9b39_4442_a831_9375ca414ae6', 'XDG_RUNTIME_DIR': '/run/user/1000', 'DISPLAY': ':0', 'LANG': 'en_GB.UTF-8', 'XDG_CURRENT_DESKTOP': 'ubuntu:GNOME', 'LC_TELEPHONE': 'en_GB.UTF-8', 'XMODIFIERS': '@im=ibus', 'XDG_SESSION_DESKTOP': 'ubuntu', 'XAUTHORITY': '/run/user/1000/gdm/Xauthority', 'GNOME_TERMINAL_SERVICE': ':1.4157', 'SSH_AUTH_SOCK': '/run/user/1000/keyring/ssh', 'AMENT_PREFIX_PATH': '/home/sycamore/Syca_ws/install:/home/sycamore/ros2_galactic/ros2-linux', 'SHELL': '/bin/bash', 'LC_NAME': 'en_GB.UTF-8', 'QT_ACCESSIBILITY': '1', 'GDMSESSION': 'ubuntu', 'LC_MEASUREMENT': 'en_GB.UTF-8', 'GPG_AGENT_INFO': '/run/user/1000/gnupg/S.gpg-agent:0:1', 'GJS_DEBUG_OUTPUT': 'stderr', 'LC_IDENTIFICATION': 'en_GB.UTF-8', 'QT_IM_MODULE': 'ibus', 'PWD': '/home/sycamore/Syca_ws/build/jetbot', 'XDG_CONFIG_DIRS': '/etc/xdg/xdg-ubuntu:/etc/xdg', 'XDG_DATA_DIRS': '/usr/share/ubuntu:/usr/local/share/:/usr/share/:/var/lib/snapd/desktop', 'PYTHONPATH': '/home/sycamore/Syca_ws/install/lib/python3.8/site-packages:/home/sycamore/Syca_ws/install/lib/python3.8/site-packages:/home/sycamore/ros2_galactic/ros2-linux/lib/python3.8/site-packages', 'LC_NUMERIC': 'en_GB.UTF-8', 'LC_PAPER': 'en_GB.UTF-8', 'COLCON': '1', 'VTE_VERSION': '6003', 'CMAKE_PREFIX_PATH': '/home/sycamore/Syca_ws/install:/home/sycamore/ros2_galactic/ros2-linux'}, 'shell': False}
[0.500668] (-) TimerEvent: {}
[0.600932] (-) TimerEvent: {}
[0.613125] (jetbot) StdoutLine: {'line': b'running egg_info\n'}
[0.613417] (jetbot) StdoutLine: {'line': b'writing ../../build/jetbot/jetbot.egg-info/PKG-INFO\n'}
[0.613585] (jetbot) StdoutLine: {'line': b'writing dependency_links to ../../build/jetbot/jetbot.egg-info/dependency_links.txt\n'}
[0.613738] (jetbot) StdoutLine: {'line': b'writing entry points to ../../build/jetbot/jetbot.egg-info/entry_points.txt\n'}
[0.613830] (jetbot) StdoutLine: {'line': b'writing requirements to ../../build/jetbot/jetbot.egg-info/requires.txt\n'}
[0.613884] (jetbot) StdoutLine: {'line': b'writing top-level names to ../../build/jetbot/jetbot.egg-info/top_level.txt\n'}
[0.636328] (jetbot) StdoutLine: {'line': b"reading manifest file '../../build/jetbot/jetbot.egg-info/SOURCES.txt'\n"}
[0.636785] (jetbot) StdoutLine: {'line': b"writing manifest file '../../build/jetbot/jetbot.egg-info/SOURCES.txt'\n"}
[0.636869] (jetbot) StdoutLine: {'line': b'running build\n'}
[0.636919] (jetbot) StdoutLine: {'line': b'running build_py\n'}
[0.637030] (jetbot) StdoutLine: {'line': b'copying jetbot/jb_start.py -> /home/sycamore/Syca_ws/build/jetbot/build/lib/jetbot\n'}
[0.637163] (jetbot) StdoutLine: {'line': b'running install\n'}
[0.637624] (jetbot) StdoutLine: {'line': b'running install_lib\n'}
[0.638212] (jetbot) StdoutLine: {'line': b'copying /home/sycamore/Syca_ws/build/jetbot/build/lib/jetbot/jb_start.py -> /home/sycamore/Syca_ws/install/lib/python3.8/site-packages/jetbot\n'}
[0.638552] (jetbot) StdoutLine: {'line': b'byte-compiling /home/sycamore/Syca_ws/install/lib/python3.8/site-packages/jetbot/jb_start.py to jb_start.cpython-38.pyc\n'}
[0.639505] (jetbot) StdoutLine: {'line': b'running install_data\n'}
[0.639796] (jetbot) StdoutLine: {'line': b'running install_egg_info\n'}
[0.640696] (jetbot) StdoutLine: {'line': b"removing '/home/sycamore/Syca_ws/install/lib/python3.8/site-packages/jetbot-0.0.0-py3.8.egg-info' (and everything under it)\n"}
[0.640787] (jetbot) StdoutLine: {'line': b'Copying ../../build/jetbot/jetbot.egg-info to /home/sycamore/Syca_ws/install/lib/python3.8/site-packages/jetbot-0.0.0-py3.8.egg-info\n'}
[0.641370] (jetbot) StdoutLine: {'line': b'running install_scripts\n'}
[0.652123] (jetbot) StdoutLine: {'line': b'Installing start script to /home/sycamore/Syca_ws/install/lib/jetbot\n'}
[0.652316] (jetbot) StdoutLine: {'line': b"writing list of installed files to '/home/sycamore/Syca_ws/build/jetbot/install.log'\n"}
[0.663908] (jetbot) CommandEnded: {'returncode': 0}
[0.674533] (jetbot) JobEnded: {'identifier': 'jetbot', 'rc': 0}
[0.675029] (-) EventReactorShutdown: {}
