[0.704s] Invoking command in '/home/sycamore/Syca_ws/src/jetbot': PYTHONPATH=/home/sycamore/Syca_ws/install/lib/python3.8/site-packages:${PYTHONPATH} /usr/bin/python3 setup.py egg_info --egg-base ../../build/jetbot build --build-base /home/sycamore/Syca_ws/build/jetbot/build install --prefix /home/sycamore/Syca_ws/install --record /home/sycamore/Syca_ws/build/jetbot/install.log --single-version-externally-managed
[0.853s] running egg_info
[0.853s] writing ../../build/jetbot/jetbot.egg-info/PKG-INFO
[0.853s] writing dependency_links to ../../build/jetbot/jetbot.egg-info/dependency_links.txt
[0.853s] writing entry points to ../../build/jetbot/jetbot.egg-info/entry_points.txt
[0.853s] writing requirements to ../../build/jetbot/jetbot.egg-info/requires.txt
[0.853s] writing top-level names to ../../build/jetbot/jetbot.egg-info/top_level.txt
[0.876s] reading manifest file '../../build/jetbot/jetbot.egg-info/SOURCES.txt'
[0.876s] writing manifest file '../../build/jetbot/jetbot.egg-info/SOURCES.txt'
[0.876s] running build
[0.876s] running build_py
[0.876s] running install
[0.877s] running install_lib
[0.877s] running install_data
[0.878s] running install_egg_info
[0.879s] removing '/home/sycamore/Syca_ws/install/lib/python3.8/site-packages/jetbot-0.0.0-py3.8.egg-info' (and everything under it)
[0.879s] Copying ../../build/jetbot/jetbot.egg-info to /home/sycamore/Syca_ws/install/lib/python3.8/site-packages/jetbot-0.0.0-py3.8.egg-info
[0.879s] running install_scripts
[0.890s] Installing start script to /home/sycamore/Syca_ws/install/lib/jetbot
[0.890s] writing list of installed files to '/home/sycamore/Syca_ws/build/jetbot/install.log'
[0.904s] Invoked command in '/home/sycamore/Syca_ws/src/jetbot' returned '0': PYTHONPATH=/home/sycamore/Syca_ws/install/lib/python3.8/site-packages:${PYTHONPATH} /usr/bin/python3 setup.py egg_info --egg-base ../../build/jetbot build --build-base /home/sycamore/Syca_ws/build/jetbot/build install --prefix /home/sycamore/Syca_ws/install --record /home/sycamore/Syca_ws/build/jetbot/install.log --single-version-externally-managed
