[0.438s] Invoking command in '/home/sycamore/Syca_ws/src/jetbot': PYTHONPATH=/home/sycamore/Syca_ws/install/lib/python3.8/site-packages:${PYTHONPATH} /usr/bin/python3 setup.py egg_info --egg-base ../../build/jetbot build --build-base /home/sycamore/Syca_ws/build/jetbot/build install --prefix /home/sycamore/Syca_ws/install --record /home/sycamore/Syca_ws/build/jetbot/install.log --single-version-externally-managed
[0.588s] running egg_info
[0.588s] writing ../../build/jetbot/jetbot.egg-info/PKG-INFO
[0.588s] writing dependency_links to ../../build/jetbot/jetbot.egg-info/dependency_links.txt
[0.588s] writing entry points to ../../build/jetbot/jetbot.egg-info/entry_points.txt
[0.589s] writing requirements to ../../build/jetbot/jetbot.egg-info/requires.txt
[0.589s] writing top-level names to ../../build/jetbot/jetbot.egg-info/top_level.txt
[0.611s] reading manifest file '../../build/jetbot/jetbot.egg-info/SOURCES.txt'
[0.611s] writing manifest file '../../build/jetbot/jetbot.egg-info/SOURCES.txt'
[0.611s] running build
[0.611s] running build_py
[0.611s] copying jetbot/jb_start.py -> /home/sycamore/Syca_ws/build/jetbot/build/lib/jetbot
[0.611s] running install
[0.612s] running install_lib
[0.612s] copying /home/sycamore/Syca_ws/build/jetbot/build/lib/jetbot/jb_start.py -> /home/sycamore/Syca_ws/install/lib/python3.8/site-packages/jetbot
[0.613s] byte-compiling /home/sycamore/Syca_ws/install/lib/python3.8/site-packages/jetbot/jb_start.py to jb_start.cpython-38.pyc
[0.614s] running install_data
[0.614s] running install_egg_info
[0.615s] removing '/home/sycamore/Syca_ws/install/lib/python3.8/site-packages/jetbot-0.0.0-py3.8.egg-info' (and everything under it)
[0.615s] Copying ../../build/jetbot/jetbot.egg-info to /home/sycamore/Syca_ws/install/lib/python3.8/site-packages/jetbot-0.0.0-py3.8.egg-info
[0.616s] running install_scripts
[0.626s] Installing start script to /home/sycamore/Syca_ws/install/lib/jetbot
[0.626s] writing list of installed files to '/home/sycamore/Syca_ws/build/jetbot/install.log'
[0.638s] Invoked command in '/home/sycamore/Syca_ws/src/jetbot' returned '0': PYTHONPATH=/home/sycamore/Syca_ws/install/lib/python3.8/site-packages:${PYTHONPATH} /usr/bin/python3 setup.py egg_info --egg-base ../../build/jetbot build --build-base /home/sycamore/Syca_ws/build/jetbot/build install --prefix /home/sycamore/Syca_ws/install --record /home/sycamore/Syca_ws/build/jetbot/install.log --single-version-externally-managed
